Running Task 1
bionode45
/mnt/archgen/users/hringbauer/git/IBD-Analysis/ibd_analysis/blocksim
CPU Count: 32
Doing Complete Simulation run...
Loaded migration Matrix type: isotropic
Runtime Migration Matrix: 2.3405 
Size of Migration Matrix: 246016
Doing Pre-Calculations for cumulative Sums
Nr of total entries in precalculated cum-sums:
1228096
Runtime Pre-Calculations: 45.8827
Gridsize: 200
Loaded migration Matrix type: isotropic
Runtime Migration Matrix: 0.3575 
Size of Migration Matrix: 40000
Doing Pre-Calculations for cumulative Sums
Nr of total entries in precalculated cum-sums:
199200
Runtime Pre-Calculations: 7.3915
Simulated Sigmas: 
[0.5 0.5]
Simulated Initial Deme Ne: 
[40 40]
Simulated Beta:
0.0
Simulated Barrier Position: 100
Nr. Samples set: 240
Doing step: 0/500
IIDs left: 40
IIDs right: 40
Doing step: 1/500
IIDs left: 40
IIDs right: 40
Doing step: 2/500
IIDs left: 40
IIDs right: 40
Doing step: 3/500
IIDs left: 40
IIDs right: 40
Doing step: 4/500
IIDs left: 40
IIDs right: 40
Doing step: 5/500
IIDs left: 40
IIDs right: 40
Doing step: 6/500
IIDs left: 40
IIDs right: 40
Doing step: 7/500
IIDs left: 40
IIDs right: 40
Doing step: 8/500
IIDs left: 40
IIDs right: 40
Doing step: 9/500
IIDs left: 40
IIDs right: 40
Doing step: 10/500
IIDs left: 40
IIDs right: 40
Doing step: 11/500
IIDs left: 40
IIDs right: 40
Doing step: 12/500
IIDs left: 40
IIDs right: 40
Doing step: 13/500
IIDs left: 40
IIDs right: 40
Doing step: 14/500
IIDs left: 40
IIDs right: 40
Doing step: 15/500
IIDs left: 40
IIDs right: 40
Doing step: 16/500
IIDs left: 40
IIDs right: 40
Doing step: 17/500
IIDs left: 40
IIDs right: 40
Doing step: 18/500
IIDs left: 40
IIDs right: 40
Doing step: 19/500
IIDs left: 40
IIDs right: 40
Doing step: 20/500
IIDs left: 40
IIDs right: 40
Doing step: 21/500
IIDs left: 40
IIDs right: 40
Doing step: 22/500
IIDs left: 40
IIDs right: 40
Doing step: 23/500
IIDs left: 40
IIDs right: 40
Doing step: 24/500
IIDs left: 40
IIDs right: 40
Doing step: 25/500
IIDs left: 40
IIDs right: 40
Doing step: 26/500
IIDs left: 40
IIDs right: 40
Doing step: 27/500
IIDs left: 40
IIDs right: 40
Doing step: 28/500
IIDs left: 40
IIDs right: 40
Doing step: 29/500
IIDs left: 40
IIDs right: 40
Doing step: 30/500
IIDs left: 40
IIDs right: 40
Doing step: 31/500
IIDs left: 40
IIDs right: 40
Doing step: 32/500
IIDs left: 40
IIDs right: 40
Doing step: 33/500
IIDs left: 40
IIDs right: 40
Doing step: 34/500
IIDs left: 40
IIDs right: 40
Doing step: 35/500
IIDs left: 40
IIDs right: 40
Doing step: 36/500
IIDs left: 40
IIDs right: 40
Doing step: 37/500
IIDs left: 40
IIDs right: 40
Doing step: 38/500
IIDs left: 40
IIDs right: 40
Doing step: 39/500
IIDs left: 40
IIDs right: 40
Doing step: 40/500
IIDs left: 40
IIDs right: 40
Doing step: 41/500
IIDs left: 40
IIDs right: 40
Doing step: 42/500
IIDs left: 40
IIDs right: 40
Doing step: 43/500
IIDs left: 40
IIDs right: 40
Doing step: 44/500
IIDs left: 40
IIDs right: 40
Doing step: 45/500
IIDs left: 40
IIDs right: 40
Doing step: 46/500
IIDs left: 40
IIDs right: 40
Doing step: 47/500
IIDs left: 40
IIDs right: 40
Doing step: 48/500
IIDs left: 40
IIDs right: 40
Doing step: 49/500
IIDs left: 40
IIDs right: 40
Doing step: 50/500
IIDs left: 40
IIDs right: 40
Doing step: 51/500
IIDs left: 40
IIDs right: 40
Doing step: 52/500
IIDs left: 40
IIDs right: 40
Doing step: 53/500
IIDs left: 40
IIDs right: 40
Doing step: 54/500
IIDs left: 40
IIDs right: 40
Doing step: 55/500
IIDs left: 40
IIDs right: 40
Doing step: 56/500
IIDs left: 40
IIDs right: 40
Doing step: 57/500
IIDs left: 40
IIDs right: 40
Doing step: 58/500
IIDs left: 40
IIDs right: 40
Doing step: 59/500
IIDs left: 40
IIDs right: 40
Doing step: 60/500
IIDs left: 40
IIDs right: 40
Doing step: 61/500
IIDs left: 40
IIDs right: 40
Doing step: 62/500
IIDs left: 40
IIDs right: 40
Doing step: 63/500
IIDs left: 40
IIDs right: 40
Doing step: 64/500
IIDs left: 40
IIDs right: 40
Doing step: 65/500
IIDs left: 40
IIDs right: 40
Doing step: 66/500
IIDs left: 40
IIDs right: 40
Doing step: 67/500
IIDs left: 40
IIDs right: 40
Doing step: 68/500
IIDs left: 40
IIDs right: 40
Doing step: 69/500
IIDs left: 40
IIDs right: 40
Doing step: 70/500
IIDs left: 40
IIDs right: 40
Doing step: 71/500
IIDs left: 40
IIDs right: 40
Doing step: 72/500
IIDs left: 40
IIDs right: 40
Doing step: 73/500
IIDs left: 40
IIDs right: 40
Doing step: 74/500
IIDs left: 40
IIDs right: 40
Doing step: 75/500
IIDs left: 40
IIDs right: 40
Doing step: 76/500
IIDs left: 40
IIDs right: 40
Doing step: 77/500
IIDs left: 40
IIDs right: 40
Doing step: 78/500
IIDs left: 40
IIDs right: 40
Doing step: 79/500
IIDs left: 40
IIDs right: 40
Doing step: 80/500
IIDs left: 40
IIDs right: 40
Doing step: 81/500
IIDs left: 40
IIDs right: 40
Doing step: 82/500
IIDs left: 40
IIDs right: 40
Doing step: 83/500
IIDs left: 40
IIDs right: 40
Doing step: 84/500
IIDs left: 40
IIDs right: 40
Doing step: 85/500
IIDs left: 40
IIDs right: 40
Doing step: 86/500
IIDs left: 40
IIDs right: 40
Doing step: 87/500
IIDs left: 40
IIDs right: 40
Doing step: 88/500
IIDs left: 40
IIDs right: 40
Doing step: 89/500
IIDs left: 40
IIDs right: 40
Doing step: 90/500
IIDs left: 40
IIDs right: 40
Doing step: 91/500
IIDs left: 40
IIDs right: 40
Doing step: 92/500
IIDs left: 40
IIDs right: 40
Doing step: 93/500
IIDs left: 40
IIDs right: 40
Doing step: 94/500
IIDs left: 40
IIDs right: 40
Doing step: 95/500
IIDs left: 40
IIDs right: 40
Doing step: 96/500
IIDs left: 40
IIDs right: 40
Doing step: 97/500
IIDs left: 40
IIDs right: 40
Doing step: 98/500
IIDs left: 40
IIDs right: 40
Doing step: 99/500
IIDs left: 40
IIDs right: 40
Doing step: 100/500
IIDs left: 40
IIDs right: 40
Doing step: 101/500
IIDs left: 40
IIDs right: 40
Doing step: 102/500
IIDs left: 40
IIDs right: 40
Doing step: 103/500
IIDs left: 40
IIDs right: 40
Doing step: 104/500
IIDs left: 40
IIDs right: 40
Doing step: 105/500
IIDs left: 40
IIDs right: 40
Doing step: 106/500
IIDs left: 40
IIDs right: 40
Doing step: 107/500
IIDs left: 40
IIDs right: 40
Doing step: 108/500
IIDs left: 40
IIDs right: 40
Doing step: 109/500
IIDs left: 40
IIDs right: 40
Doing step: 110/500
IIDs left: 40
IIDs right: 40
Doing step: 111/500
IIDs left: 40
IIDs right: 40
Doing step: 112/500
IIDs left: 40
IIDs right: 40
Doing step: 113/500
IIDs left: 40
IIDs right: 40
Doing step: 114/500
IIDs left: 40
IIDs right: 40
Doing step: 115/500
IIDs left: 40
IIDs right: 40
Doing step: 116/500
IIDs left: 40
IIDs right: 40
Doing step: 117/500
IIDs left: 40
IIDs right: 40
Doing step: 118/500
IIDs left: 40
IIDs right: 40
Doing step: 119/500
IIDs left: 40
IIDs right: 40
Doing step: 120/500
IIDs left: 40
IIDs right: 40
Doing step: 121/500
IIDs left: 40
IIDs right: 40
Doing step: 122/500
IIDs left: 40
IIDs right: 40
Doing step: 123/500
IIDs left: 40
IIDs right: 40
Doing step: 124/500
IIDs left: 40
IIDs right: 40
Doing step: 125/500
IIDs left: 40
IIDs right: 40
Doing step: 126/500
IIDs left: 40
IIDs right: 40
Doing step: 127/500
IIDs left: 40
IIDs right: 40
Doing step: 128/500
IIDs left: 40
IIDs right: 40
Doing step: 129/500
IIDs left: 40
IIDs right: 40
Doing step: 130/500
IIDs left: 40
IIDs right: 40
Doing step: 131/500
IIDs left: 40
IIDs right: 40
Doing step: 132/500
IIDs left: 40
IIDs right: 40
Doing step: 133/500
IIDs left: 40
IIDs right: 40
Doing step: 134/500
IIDs left: 40
IIDs right: 40
Doing step: 135/500
IIDs left: 40
IIDs right: 40
Doing step: 136/500
IIDs left: 40
IIDs right: 40
Doing step: 137/500
IIDs left: 40
IIDs right: 40
Doing step: 138/500
IIDs left: 40
IIDs right: 40
Doing step: 139/500
IIDs left: 40
IIDs right: 40
Doing step: 140/500
IIDs left: 40
IIDs right: 40
Doing step: 141/500
IIDs left: 40
IIDs right: 40
Doing step: 142/500
IIDs left: 40
IIDs right: 40
Doing step: 143/500
IIDs left: 40
IIDs right: 40
Doing step: 144/500
IIDs left: 40
IIDs right: 40
Doing step: 145/500
IIDs left: 40
IIDs right: 40
Doing step: 146/500
IIDs left: 40
IIDs right: 40
Doing step: 147/500
IIDs left: 40
IIDs right: 40
Doing step: 148/500
IIDs left: 40
IIDs right: 40
Doing step: 149/500
IIDs left: 40
IIDs right: 40
Doing step: 150/500
IIDs left: 40
IIDs right: 40
Doing step: 151/500
IIDs left: 40
IIDs right: 40
Doing step: 152/500
IIDs left: 40
IIDs right: 40
Doing step: 153/500
IIDs left: 40
IIDs right: 40
Doing step: 154/500
IIDs left: 40
IIDs right: 40
Doing step: 155/500
IIDs left: 40
IIDs right: 40
Doing step: 156/500
IIDs left: 40
IIDs right: 40
Doing step: 157/500
IIDs left: 40
IIDs right: 40
Doing step: 158/500
IIDs left: 40
IIDs right: 40
Doing step: 159/500
IIDs left: 40
IIDs right: 40
Doing step: 160/500
IIDs left: 40
IIDs right: 40
Doing step: 161/500
IIDs left: 40
IIDs right: 40
Doing step: 162/500
IIDs left: 40
IIDs right: 40
Doing step: 163/500
IIDs left: 40
IIDs right: 40
Doing step: 164/500
IIDs left: 40
IIDs right: 40
Doing step: 165/500
IIDs left: 40
IIDs right: 40
Doing step: 166/500
IIDs left: 40
IIDs right: 40
Doing step: 167/500
IIDs left: 40
IIDs right: 40
Doing step: 168/500
IIDs left: 40
IIDs right: 40
Doing step: 169/500
IIDs left: 40
IIDs right: 40
Doing step: 170/500
IIDs left: 40
IIDs right: 40
Doing step: 171/500
IIDs left: 40
IIDs right: 40
Doing step: 172/500
IIDs left: 40
IIDs right: 40
Doing step: 173/500
IIDs left: 40
IIDs right: 40
Doing step: 174/500
IIDs left: 40
IIDs right: 40
Doing step: 175/500
IIDs left: 40
IIDs right: 40
Doing step: 176/500
IIDs left: 40
IIDs right: 40
Doing step: 177/500
IIDs left: 40
IIDs right: 40
Doing step: 178/500
IIDs left: 40
IIDs right: 40
Doing step: 179/500
IIDs left: 40
IIDs right: 40
Doing step: 180/500
IIDs left: 40
IIDs right: 40
Doing step: 181/500
IIDs left: 40
IIDs right: 40
Doing step: 182/500
IIDs left: 40
IIDs right: 40
Doing step: 183/500
IIDs left: 40
IIDs right: 40
Doing step: 184/500
IIDs left: 40
IIDs right: 40
Doing step: 185/500
IIDs left: 40
IIDs right: 40
Doing step: 186/500
IIDs left: 40
IIDs right: 40
Doing step: 187/500
IIDs left: 40
IIDs right: 40
Doing step: 188/500
IIDs left: 40
IIDs right: 40
Doing step: 189/500
IIDs left: 40
IIDs right: 40
Doing step: 190/500
IIDs left: 40
IIDs right: 40
Doing step: 191/500
IIDs left: 40
IIDs right: 40
Doing step: 192/500
IIDs left: 40
IIDs right: 40
Doing step: 193/500
IIDs left: 40
IIDs right: 40
Doing step: 194/500
IIDs left: 40
IIDs right: 40
Doing step: 195/500
IIDs left: 40
IIDs right: 40
Doing step: 196/500
IIDs left: 40
IIDs right: 40
Doing step: 197/500
IIDs left: 40
IIDs right: 40
Doing step: 198/500
IIDs left: 40
IIDs right: 40
Doing step: 199/500
IIDs left: 40
IIDs right: 40
Doing step: 200/500
IIDs left: 40
IIDs right: 40
Doing step: 201/500
IIDs left: 40
IIDs right: 40
Doing step: 202/500
IIDs left: 40
IIDs right: 40
Doing step: 203/500
IIDs left: 40
IIDs right: 40
Doing step: 204/500
IIDs left: 40
IIDs right: 40
Doing step: 205/500
IIDs left: 40
IIDs right: 40
Doing step: 206/500
IIDs left: 40
IIDs right: 40
Doing step: 207/500
IIDs left: 40
IIDs right: 40
Doing step: 208/500
IIDs left: 40
IIDs right: 40
Doing step: 209/500
IIDs left: 40
IIDs right: 40
Doing step: 210/500
IIDs left: 40
IIDs right: 40
Doing step: 211/500
IIDs left: 40
IIDs right: 40
Doing step: 212/500
IIDs left: 40
IIDs right: 40
Doing step: 213/500
IIDs left: 40
IIDs right: 40
Doing step: 214/500
IIDs left: 40
IIDs right: 40
Doing step: 215/500
IIDs left: 40
IIDs right: 40
Doing step: 216/500
IIDs left: 40
IIDs right: 40
Doing step: 217/500
IIDs left: 40
IIDs right: 40
Doing step: 218/500
IIDs left: 40
IIDs right: 40
Doing step: 219/500
IIDs left: 40
IIDs right: 40
Doing step: 220/500
IIDs left: 40
IIDs right: 40
Doing step: 221/500
IIDs left: 40
IIDs right: 40
Doing step: 222/500
IIDs left: 40
IIDs right: 40
Doing step: 223/500
IIDs left: 40
IIDs right: 40
Doing step: 224/500
IIDs left: 40
IIDs right: 40
Doing step: 225/500
IIDs left: 40
IIDs right: 40
Doing step: 226/500
IIDs left: 40
IIDs right: 40
Doing step: 227/500
IIDs left: 40
IIDs right: 40
Doing step: 228/500
IIDs left: 40
IIDs right: 40
Doing step: 229/500
IIDs left: 40
IIDs right: 40
Doing step: 230/500
IIDs left: 40
IIDs right: 40
Doing step: 231/500
IIDs left: 40
IIDs right: 40
Doing step: 232/500
IIDs left: 40
IIDs right: 40
Doing step: 233/500
IIDs left: 40
IIDs right: 40
Doing step: 234/500
IIDs left: 40
IIDs right: 40
Doing step: 235/500
IIDs left: 40
IIDs right: 40
Doing step: 236/500
IIDs left: 40
IIDs right: 40
Doing step: 237/500
IIDs left: 40
IIDs right: 40
Doing step: 238/500
IIDs left: 40
IIDs right: 40
Doing step: 239/500
IIDs left: 40
IIDs right: 40
Doing step: 240/500
IIDs left: 40
IIDs right: 40
Doing step: 241/500
IIDs left: 40
IIDs right: 40
Doing step: 242/500
IIDs left: 40
IIDs right: 40
Doing step: 243/500
IIDs left: 40
IIDs right: 40
Doing step: 244/500
IIDs left: 40
IIDs right: 40
Doing step: 245/500
IIDs left: 40
IIDs right: 40
Doing step: 246/500
IIDs left: 40
IIDs right: 40
Doing step: 247/500
IIDs left: 40
IIDs right: 40
Doing step: 248/500
IIDs left: 40
IIDs right: 40
Doing step: 249/500
IIDs left: 40
IIDs right: 40
Doing step: 250/500
IIDs left: 40
IIDs right: 40
Doing step: 251/500
IIDs left: 40
IIDs right: 40
Doing step: 252/500
IIDs left: 40
IIDs right: 40
Doing step: 253/500
IIDs left: 40
IIDs right: 40
Doing step: 254/500
IIDs left: 40
IIDs right: 40
Doing step: 255/500
IIDs left: 40
IIDs right: 40
Doing step: 256/500
IIDs left: 40
IIDs right: 40
Doing step: 257/500
IIDs left: 40
IIDs right: 40
Doing step: 258/500
IIDs left: 40
IIDs right: 40
Doing step: 259/500
IIDs left: 40
IIDs right: 40
Doing step: 260/500
IIDs left: 40
IIDs right: 40
Doing step: 261/500
IIDs left: 40
IIDs right: 40
Doing step: 262/500
IIDs left: 40
IIDs right: 40
Doing step: 263/500
IIDs left: 40
IIDs right: 40
Doing step: 264/500
IIDs left: 40
IIDs right: 40
Doing step: 265/500
IIDs left: 40
IIDs right: 40
Doing step: 266/500
IIDs left: 40
IIDs right: 40
Doing step: 267/500
IIDs left: 40
IIDs right: 40
Doing step: 268/500
IIDs left: 40
IIDs right: 40
Doing step: 269/500
IIDs left: 40
IIDs right: 40
Doing step: 270/500
IIDs left: 40
IIDs right: 40
Doing step: 271/500
IIDs left: 40
IIDs right: 40
Doing step: 272/500
IIDs left: 40
IIDs right: 40
Doing step: 273/500
IIDs left: 40
IIDs right: 40
Doing step: 274/500
IIDs left: 40
IIDs right: 40
Doing step: 275/500
IIDs left: 40
IIDs right: 40
Doing step: 276/500
IIDs left: 40
IIDs right: 40
Doing step: 277/500
IIDs left: 40
IIDs right: 40
Doing step: 278/500
IIDs left: 40
IIDs right: 40
Doing step: 279/500
IIDs left: 40
IIDs right: 40
Doing step: 280/500
IIDs left: 40
IIDs right: 40
Doing step: 281/500
IIDs left: 40
IIDs right: 40
Doing step: 282/500
IIDs left: 40
IIDs right: 40
Doing step: 283/500
IIDs left: 40
IIDs right: 40
Doing step: 284/500
IIDs left: 40
IIDs right: 40
Doing step: 285/500
IIDs left: 40
IIDs right: 40
Doing step: 286/500
IIDs left: 40
IIDs right: 40
Doing step: 287/500
IIDs left: 40
IIDs right: 40
Doing step: 288/500
IIDs left: 40
IIDs right: 40
Doing step: 289/500
IIDs left: 40
IIDs right: 40
Doing step: 290/500
IIDs left: 40
IIDs right: 40
Doing step: 291/500
IIDs left: 40
IIDs right: 40
Doing step: 292/500
IIDs left: 40
IIDs right: 40
Doing step: 293/500
IIDs left: 40
IIDs right: 40
Doing step: 294/500
IIDs left: 40
IIDs right: 40
Doing step: 295/500
IIDs left: 40
IIDs right: 40
Doing step: 296/500
IIDs left: 40
IIDs right: 40
Doing step: 297/500
IIDs left: 40
IIDs right: 40
Doing step: 298/500
IIDs left: 40
IIDs right: 40
Doing step: 299/500
IIDs left: 40
IIDs right: 40
Doing step: 300/500
IIDs left: 40
IIDs right: 40
Doing step: 301/500
IIDs left: 40
IIDs right: 40
Doing step: 302/500
IIDs left: 40
IIDs right: 40
Doing step: 303/500
IIDs left: 40
IIDs right: 40
Doing step: 304/500
IIDs left: 40
IIDs right: 40
Doing step: 305/500
IIDs left: 40
IIDs right: 40
Doing step: 306/500
IIDs left: 40
IIDs right: 40
Doing step: 307/500
IIDs left: 40
IIDs right: 40
Doing step: 308/500
IIDs left: 40
IIDs right: 40
Doing step: 309/500
IIDs left: 40
IIDs right: 40
Doing step: 310/500
IIDs left: 40
IIDs right: 40
Doing step: 311/500
IIDs left: 40
IIDs right: 40
Doing step: 312/500
IIDs left: 40
IIDs right: 40
Doing step: 313/500
IIDs left: 40
IIDs right: 40
Doing step: 314/500
IIDs left: 40
IIDs right: 40
Doing step: 315/500
IIDs left: 40
IIDs right: 40
Doing step: 316/500
IIDs left: 40
IIDs right: 40
Doing step: 317/500
IIDs left: 40
IIDs right: 40
Doing step: 318/500
IIDs left: 40
IIDs right: 40
Doing step: 319/500
IIDs left: 40
IIDs right: 40
Doing step: 320/500
IIDs left: 40
IIDs right: 40
Doing step: 321/500
IIDs left: 40
IIDs right: 40
Doing step: 322/500
IIDs left: 40
IIDs right: 40
Doing step: 323/500
IIDs left: 40
IIDs right: 40
Doing step: 324/500
IIDs left: 40
IIDs right: 40
Doing step: 325/500
IIDs left: 40
IIDs right: 40
Doing step: 326/500
IIDs left: 40
IIDs right: 40
Doing step: 327/500
IIDs left: 40
IIDs right: 40
Doing step: 328/500
IIDs left: 40
IIDs right: 40
Doing step: 329/500
IIDs left: 40
IIDs right: 40
Doing step: 330/500
IIDs left: 40
IIDs right: 40
Doing step: 331/500
IIDs left: 40
IIDs right: 40
Doing step: 332/500
IIDs left: 40
IIDs right: 40
Doing step: 333/500
IIDs left: 40
IIDs right: 40
Doing step: 334/500
IIDs left: 40
IIDs right: 40
Doing step: 335/500
IIDs left: 40
IIDs right: 40
Doing step: 336/500
IIDs left: 40
IIDs right: 40
Doing step: 337/500
IIDs left: 40
IIDs right: 40
Doing step: 338/500
IIDs left: 40
IIDs right: 40
Doing step: 339/500
IIDs left: 40
IIDs right: 40
Doing step: 340/500
IIDs left: 40
IIDs right: 40
Doing step: 341/500
IIDs left: 40
IIDs right: 40
Doing step: 342/500
IIDs left: 40
IIDs right: 40
Doing step: 343/500
IIDs left: 40
IIDs right: 40
Doing step: 344/500
IIDs left: 40
IIDs right: 40
Doing step: 345/500
IIDs left: 40
IIDs right: 40
Doing step: 346/500
IIDs left: 40
IIDs right: 40
Doing step: 347/500
IIDs left: 40
IIDs right: 40
Doing step: 348/500
IIDs left: 40
IIDs right: 40
Doing step: 349/500
IIDs left: 40
IIDs right: 40
Doing step: 350/500
IIDs left: 40
IIDs right: 40
Doing step: 351/500
IIDs left: 40
IIDs right: 40
Doing step: 352/500
IIDs left: 40
IIDs right: 40
Doing step: 353/500
IIDs left: 40
IIDs right: 40
Doing step: 354/500
IIDs left: 40
IIDs right: 40
Doing step: 355/500
IIDs left: 40
IIDs right: 40
Doing step: 356/500
IIDs left: 40
IIDs right: 40
Doing step: 357/500
IIDs left: 40
IIDs right: 40
Doing step: 358/500
IIDs left: 40
IIDs right: 40
Doing step: 359/500
IIDs left: 40
IIDs right: 40
Doing step: 360/500
IIDs left: 40
IIDs right: 40
Doing step: 361/500
IIDs left: 40
IIDs right: 40
Doing step: 362/500
IIDs left: 40
IIDs right: 40
Doing step: 363/500
IIDs left: 40
IIDs right: 40
Doing step: 364/500
IIDs left: 40
IIDs right: 40
Doing step: 365/500
IIDs left: 40
IIDs right: 40
Doing step: 366/500
IIDs left: 40
IIDs right: 40
Doing step: 367/500
IIDs left: 40
IIDs right: 40
Doing step: 368/500
IIDs left: 40
IIDs right: 40
Doing step: 369/500
IIDs left: 40
IIDs right: 40
Doing step: 370/500
IIDs left: 40
IIDs right: 40
Doing step: 371/500
IIDs left: 40
IIDs right: 40
Doing step: 372/500
IIDs left: 40
IIDs right: 40
Doing step: 373/500
IIDs left: 40
IIDs right: 40
Doing step: 374/500
IIDs left: 40
IIDs right: 40
Doing step: 375/500
IIDs left: 40
IIDs right: 40
Doing step: 376/500
IIDs left: 40
IIDs right: 40
Doing step: 377/500
IIDs left: 40
IIDs right: 40
Doing step: 378/500
IIDs left: 40
IIDs right: 40
Doing step: 379/500
IIDs left: 40
IIDs right: 40
Doing step: 380/500
IIDs left: 40
IIDs right: 40
Doing step: 381/500
IIDs left: 40
IIDs right: 40
Doing step: 382/500
IIDs left: 40
IIDs right: 40
Doing step: 383/500
IIDs left: 40
IIDs right: 40
Doing step: 384/500
IIDs left: 40
IIDs right: 40
Doing step: 385/500
IIDs left: 40
IIDs right: 40
Doing step: 386/500
IIDs left: 40
IIDs right: 40
Doing step: 387/500
IIDs left: 40
IIDs right: 40
Doing step: 388/500
IIDs left: 40
IIDs right: 40
Doing step: 389/500
IIDs left: 40
IIDs right: 40
Doing step: 390/500
IIDs left: 40
IIDs right: 40
Doing step: 391/500
IIDs left: 40
IIDs right: 40
Doing step: 392/500
IIDs left: 40
IIDs right: 40
Doing step: 393/500
IIDs left: 40
IIDs right: 40
Doing step: 394/500
IIDs left: 40
IIDs right: 40
Doing step: 395/500
IIDs left: 40
IIDs right: 40
Doing step: 396/500
IIDs left: 40
IIDs right: 40
Doing step: 397/500
IIDs left: 40
IIDs right: 40
Doing step: 398/500
IIDs left: 40
IIDs right: 40
Doing step: 399/500
IIDs left: 40
IIDs right: 40
Doing step: 400/500
IIDs left: 40
IIDs right: 40
Doing step: 401/500
IIDs left: 40
IIDs right: 40
Doing step: 402/500
IIDs left: 40
IIDs right: 40
Doing step: 403/500
IIDs left: 40
IIDs right: 40
Doing step: 404/500
IIDs left: 40
IIDs right: 40
Doing step: 405/500
IIDs left: 40
IIDs right: 40
Doing step: 406/500
IIDs left: 40
IIDs right: 40
Doing step: 407/500
IIDs left: 40
IIDs right: 40
Doing step: 408/500
IIDs left: 40
IIDs right: 40
Doing step: 409/500
IIDs left: 40
IIDs right: 40
Doing step: 410/500
IIDs left: 40
IIDs right: 40
Doing step: 411/500
IIDs left: 40
IIDs right: 40
Doing step: 412/500
IIDs left: 40
IIDs right: 40
Doing step: 413/500
IIDs left: 40
IIDs right: 40
Doing step: 414/500
IIDs left: 40
IIDs right: 40
Doing step: 415/500
IIDs left: 40
IIDs right: 40
Doing step: 416/500
IIDs left: 40
IIDs right: 40
Doing step: 417/500
IIDs left: 40
IIDs right: 40
Doing step: 418/500
IIDs left: 40
IIDs right: 40
Doing step: 419/500
IIDs left: 40
IIDs right: 40
Doing step: 420/500
IIDs left: 40
IIDs right: 40
Doing step: 421/500
IIDs left: 40
IIDs right: 40
Doing step: 422/500
IIDs left: 40
IIDs right: 40
Doing step: 423/500
IIDs left: 40
IIDs right: 40
Doing step: 424/500
IIDs left: 40
IIDs right: 40
Doing step: 425/500
IIDs left: 40
IIDs right: 40
Doing step: 426/500
IIDs left: 40
IIDs right: 40
Doing step: 427/500
IIDs left: 40
IIDs right: 40
Doing step: 428/500
IIDs left: 40
IIDs right: 40
Doing step: 429/500
IIDs left: 40
IIDs right: 40
Doing step: 430/500
IIDs left: 40
IIDs right: 40
Doing step: 431/500
IIDs left: 40
IIDs right: 40
Doing step: 432/500
IIDs left: 40
IIDs right: 40
Doing step: 433/500
IIDs left: 40
IIDs right: 40
Doing step: 434/500
IIDs left: 40
IIDs right: 40
Doing step: 435/500
IIDs left: 40
IIDs right: 40
Doing step: 436/500
IIDs left: 40
IIDs right: 40
Doing step: 437/500
IIDs left: 40
IIDs right: 40
Doing step: 438/500
IIDs left: 40
IIDs right: 40
Doing step: 439/500
IIDs left: 40
IIDs right: 40
Doing step: 440/500
IIDs left: 40
IIDs right: 40
Doing step: 441/500
IIDs left: 40
IIDs right: 40
Doing step: 442/500
IIDs left: 40
IIDs right: 40
Doing step: 443/500
IIDs left: 40
IIDs right: 40
Doing step: 444/500
IIDs left: 40
IIDs right: 40
Doing step: 445/500
IIDs left: 40
IIDs right: 40
Doing step: 446/500
IIDs left: 40
IIDs right: 40
Doing step: 447/500
IIDs left: 40
IIDs right: 40
Doing step: 448/500
IIDs left: 40
IIDs right: 40
Doing step: 449/500
IIDs left: 40
IIDs right: 40
Doing step: 450/500
IIDs left: 40
IIDs right: 40
Doing step: 451/500
IIDs left: 40
IIDs right: 40
Doing step: 452/500
IIDs left: 40
IIDs right: 40
Doing step: 453/500
IIDs left: 40
IIDs right: 40
Doing step: 454/500
IIDs left: 40
IIDs right: 40
Doing step: 455/500
IIDs left: 40
IIDs right: 40
Doing step: 456/500
IIDs left: 40
IIDs right: 40
Doing step: 457/500
IIDs left: 40
IIDs right: 40
Doing step: 458/500
IIDs left: 40
IIDs right: 40
Doing step: 459/500
IIDs left: 40
IIDs right: 40
Doing step: 460/500
IIDs left: 40
IIDs right: 40
Doing step: 461/500
IIDs left: 40
IIDs right: 40
Doing step: 462/500
IIDs left: 40
IIDs right: 40
Doing step: 463/500
IIDs left: 40
IIDs right: 40
Doing step: 464/500
IIDs left: 40
IIDs right: 40
Doing step: 465/500
IIDs left: 40
IIDs right: 40
Doing step: 466/500
IIDs left: 40
IIDs right: 40
Doing step: 467/500
IIDs left: 40
IIDs right: 40
Doing step: 468/500
IIDs left: 40
IIDs right: 40
Doing step: 469/500
IIDs left: 40
IIDs right: 40
Doing step: 470/500
IIDs left: 40
IIDs right: 40
Doing step: 471/500
IIDs left: 40
IIDs right: 40
Doing step: 472/500
IIDs left: 40
IIDs right: 40
Doing step: 473/500
IIDs left: 40
IIDs right: 40
Doing step: 474/500
IIDs left: 40
IIDs right: 40
Doing step: 475/500
IIDs left: 40
IIDs right: 40
Doing step: 476/500
IIDs left: 40
IIDs right: 40
Doing step: 477/500
IIDs left: 40
IIDs right: 40
Doing step: 478/500
IIDs left: 40
IIDs right: 40
Doing step: 479/500
IIDs left: 40
IIDs right: 40
Doing step: 480/500
IIDs left: 40
IIDs right: 40
Doing step: 481/500
IIDs left: 40
IIDs right: 40
Doing step: 482/500
IIDs left: 40
IIDs right: 40
Doing step: 483/500
IIDs left: 40
IIDs right: 40
Doing step: 484/500
IIDs left: 40
IIDs right: 40
Doing step: 485/500
IIDs left: 40
IIDs right: 40
Doing step: 486/500
IIDs left: 40
IIDs right: 40
Doing step: 487/500
IIDs left: 40
IIDs right: 40
Doing step: 488/500
IIDs left: 40
IIDs right: 40
Doing step: 489/500
IIDs left: 40
IIDs right: 40
Doing step: 490/500
IIDs left: 40
IIDs right: 40
Doing step: 491/500
IIDs left: 40
IIDs right: 40
Doing step: 492/500
IIDs left: 40
IIDs right: 40
Doing step: 493/500
IIDs left: 40
IIDs right: 40
Doing step: 494/500
IIDs left: 40
IIDs right: 40
Doing step: 495/500
IIDs left: 40
IIDs right: 40
Doing step: 496/500
IIDs left: 40
IIDs right: 40
Doing step: 497/500
IIDs left: 40
IIDs right: 40
Doing step: 498/500
IIDs left: 40
IIDs right: 40
Doing step: 499/500
IIDs left: 40
IIDs right: 40
Time elapsed: 222.190 seconds
IBD Blocks found: 11668
Length of Reduced Start List: 24
Total Block Nr. for Analysis: 6839
Initializing MLE-Object with Start Parameters: 
[30, 30, 0.5, 0.5]
Barrier Pos.:
[100, 100]
Barrier Angle:
0
Transformed Position List:
[[ 98 102]
 [106 102]
 [ 94  94]
 [ 98 106]
 [110 106]
 [ 90  98]
 [110  98]
 [110  94]
 [ 94 106]
 [ 94 102]
 [106  94]
 [102 102]
 [ 98  94]
 [ 94  98]
 [ 90  94]
 [ 90 106]
 [110 102]
 [106 106]
 [102 106]
 [102  94]
 [102  98]
 [ 98  98]
 [ 90 102]
 [106  98]]
Step: 0.8432
L: 44.0000
Barycentric Coordinates:
  (1075, 0)	0.2335714762339999
  (1076, 0)	0.3946023267290085
  (1119, 0)	0.1382547208029917
  (1120, 0)	0.2335714762339999
  (1085, 1)	0.5556331772240176
  (1086, 1)	0.07254062573899074
  (1129, 1)	0.3288882316650084
  (1130, 1)	0.042937965371983175
  (630, 2)	0.013335305004975503
  (631, 2)	0.10214328610599842
  (674, 2)	0.10214328610599842
  (675, 2)	0.7823781227830277
  (1295, 3)	0.3288882316650084
  (1296, 3)	0.5556331772240176
  (1339, 3)	0.042937965371983175
  (1340, 3)	0.07254062573899074
  (1309, 4)	0.1246016594530116
  (1310, 4)	0.7599197494360145
  (1353, 4)	0.016267355362032165
  (1354, 4)	0.09921123574894175
  (846, 5)	0.31944740697796625
  (847, 5)	0.052378790059025356
  (890, 5)	0.53968357820699
  (891, 5)	0.08849022475601842
  (869, 6)	0.052378790059025356
  :	:
  (1350, 17)	0.013335305004975503
  (1300, 18)	0.5556331772240176
  (1301, 18)	0.3288882316650084
  (1344, 18)	0.07254062573899074
  (1345, 18)	0.042937965371983175
  (640, 19)	0.07254062573899074
  (641, 19)	0.042937965371983175
  (684, 19)	0.5556331772240176
  (685, 19)	0.3288882316650084
  (860, 20)	0.2335714762339999
  (861, 20)	0.1382547208029917
  (904, 20)	0.3946023267290085
  (905, 20)	0.2335714762339999
  (855, 21)	0.1382547208029917
  (856, 21)	0.2335714762339999
  (899, 21)	0.2335714762339999
  (900, 21)	0.3946023267290085
  (1066, 22)	0.53968357820699
  (1067, 22)	0.08849022475601842
  (1110, 22)	0.31944740697796625
  (1111, 22)	0.052378790059025356
  (865, 23)	0.3288882316650084
  (866, 23)	0.042937965371983175
  (909, 23)	0.5556331772240176
  (910, 23)	0.07254062573899074
Doing fit...
nl: 30.0000
nr: 30.0000
sigma_l: 0.5000
sigma_r: 0.5000
beta: 0.0000
Time for calculation: 0.8368
Total log likelihood: -37689.7705
nl: 31.5000
nr: 30.0000
sigma_l: 0.5000
sigma_r: 0.5000
beta: 0.0000
Time for calculation: 0.8337
Total log likelihood: -37642.8915
nl: 30.0000
nr: 31.5000
sigma_l: 0.5000
sigma_r: 0.5000
beta: 0.0000
Time for calculation: 0.8304
Total log likelihood: -37636.8457
nl: 30.0000
nr: 30.0000
sigma_l: 0.5250
sigma_r: 0.5000
beta: 0.0000
Time for calculation: 0.8334
Total log likelihood: -37716.2135
nl: 30.0000
nr: 30.0000
sigma_l: 0.5000
sigma_r: 0.5250
beta: 0.0000
Time for calculation: 0.8333
Total log likelihood: -37720.6706
nl: 30.7500
nr: 30.7500
sigma_l: 0.5125
sigma_r: 0.4750
beta: 0.0000
Time for calculation: 0.8354
Total log likelihood: -37629.8339
nl: 31.1250
nr: 31.1250
sigma_l: 0.5187
sigma_r: 0.4500
beta: 0.0000
Time for calculation: 0.8359
Total log likelihood: -37613.5870
nl: 31.3125
nr: 31.3125
sigma_l: 0.4844
sigma_r: 0.4750
beta: 0.0000
Time for calculation: 0.8319
Total log likelihood: -37571.4473
nl: 31.9688
nr: 31.9688
sigma_l: 0.4641
sigma_r: 0.4625
beta: 0.0000
Time for calculation: 0.8330
Total log likelihood: -37528.1933
nl: 32.2969
nr: 32.2969
sigma_l: 0.4914
sigma_r: 0.4562
beta: 0.0000
Time for calculation: 0.8327
Total log likelihood: -37523.9928
nl: 33.4453
nr: 33.4453
sigma_l: 0.4871
sigma_r: 0.4344
beta: 0.0000
Time for calculation: 0.8331
Total log likelihood: -37494.0898
nl: 31.7695
nr: 34.0195
sigma_l: 0.4850
sigma_r: 0.4234
beta: 0.0000
Time for calculation: 0.8329
Total log likelihood: -37552.8134
nl: 34.1543
nr: 33.7793
sigma_l: 0.4774
sigma_r: 0.3852
beta: 0.0000
Time for calculation: 0.8319
Total log likelihood: -37596.2804
nl: 34.5439
nr: 35.4814
sigma_l: 0.4380
sigma_r: 0.4027
beta: 0.0000
Time for calculation: 0.8333
Total log likelihood: -37541.4228
nl: 31.7095
nr: 33.6782
sigma_l: 0.4596
sigma_r: 0.4764
beta: 0.0000
Time for calculation: 0.8321
Total log likelihood: -37498.3889
nl: 34.0642
nr: 33.2673
sigma_l: 0.4395
sigma_r: 0.4646
beta: 0.0000
Time for calculation: 0.8341
Total log likelihood: -37479.2843
nl: 35.2115
nr: 32.8912
sigma_l: 0.4167
sigma_r: 0.4851
beta: 0.0000
Time for calculation: 0.8322
Total log likelihood: -37530.4174
nl: 31.0499
nr: 30.6984
sigma_l: 0.4871
sigma_r: 0.5162
beta: 0.0000
Time for calculation: 0.8327
Total log likelihood: -37638.0801
nl: 33.6704
nr: 34.2857
sigma_l: 0.4503
sigma_r: 0.4311
beta: 0.0000
Time for calculation: 0.8333
Total log likelihood: -37484.3398
nl: 34.4760
nr: 35.3695
sigma_l: 0.4542
sigma_r: 0.4407
beta: 0.0000
Time for calculation: 0.8332
Total log likelihood: -37451.6162
nl: 35.7296
nr: 37.0699
sigma_l: 0.4493
sigma_r: 0.4298
beta: 0.0000
Time for calculation: 0.8313
Total log likelihood: -37455.6406
nl: 36.1185
nr: 34.5057
sigma_l: 0.4559
sigma_r: 0.4090
beta: 0.0000
Time for calculation: 0.8320
Total log likelihood: -37495.4372
nl: 35.0162
nr: 34.2988
sigma_l: 0.4568
sigma_r: 0.4258
beta: 0.0000
Time for calculation: 0.8326
Total log likelihood: -37472.0615
nl: 35.1681
nr: 35.1654
sigma_l: 0.4133
sigma_r: 0.4467
beta: 0.0000
Time for calculation: 0.8332
Total log likelihood: -37492.2416
nl: 34.7374
nr: 34.7354
sigma_l: 0.4317
sigma_r: 0.4436
beta: 0.0000
Time for calculation: 0.8334
Total log likelihood: -37469.6645
nl: 35.4765
nr: 34.5498
sigma_l: 0.4408
sigma_r: 0.4563
beta: 0.0000
Time for calculation: 0.8346
Total log likelihood: -37448.2581
nl: 36.3795
nr: 34.6819
sigma_l: 0.4361
sigma_r: 0.4688
beta: 0.0000
Time for calculation: 0.8326
Total log likelihood: -37447.5811
nl: 36.2403
nr: 36.2755
sigma_l: 0.4500
sigma_r: 0.4249
beta: 0.0000
Time for calculation: 0.8333
Total log likelihood: -37460.8520
nl: 35.9004
nr: 36.2323
sigma_l: 0.4292
sigma_r: 0.4632
beta: 0.0000
Time for calculation: 0.8315
Total log likelihood: -37440.5031
nl: 36.3424
nr: 37.1991
sigma_l: 0.4153
sigma_r: 0.4819
beta: 0.0000
Time for calculation: 0.8314
Total log likelihood: -37453.2154
nl: 36.7607
nr: 36.5443
sigma_l: 0.4529
sigma_r: 0.4552
beta: 0.0000
Time for calculation: 0.8318
Total log likelihood: -37412.3849
nl: 37.7723
nr: 37.4487
sigma_l: 0.4636
sigma_r: 0.4610
beta: 0.0000
Time for calculation: 0.8316
Total log likelihood: -37392.3362
nl: 36.0237
nr: 35.5908
sigma_l: 0.4415
sigma_r: 0.4919
beta: 0.0000
Time for calculation: 0.8329
Total log likelihood: -37430.3658
nl: 38.5620
nr: 36.6073
sigma_l: 0.4310
sigma_r: 0.5018
beta: 0.0000
Time for calculation: 0.8338
Total log likelihood: -37442.8907
nl: 37.7497
nr: 38.2576
sigma_l: 0.4465
sigma_r: 0.4902
beta: 0.0000
Time for calculation: 0.8326
Total log likelihood: -37393.5346
nl: 35.1611
nr: 37.1574
sigma_l: 0.4594
sigma_r: 0.4514
beta: 0.0000
Time for calculation: 0.8336
Total log likelihood: -37421.9596
nl: 37.4530
nr: 37.9949
sigma_l: 0.4764
sigma_r: 0.4840
beta: 0.0000
Time for calculation: 0.8316
Total log likelihood: -37374.5853
nl: 38.2293
nr: 38.8763
sigma_l: 0.5000
sigma_r: 0.4944
beta: 0.0000
Time for calculation: 0.8340
Total log likelihood: -37365.1543
nl: 38.4325
nr: 40.2792
sigma_l: 0.4932
sigma_r: 0.4565
beta: 0.0000
Time for calculation: 0.8324
Total log likelihood: -37391.6138
nl: 40.9308
nr: 40.2736
sigma_l: 0.4922
sigma_r: 0.4997
beta: 0.0000
Time for calculation: 0.8329
Total log likelihood: -37358.4676
nl: 43.8157
nr: 41.8317
sigma_l: 0.5086
sigma_r: 0.5239
beta: 0.0000
Time for calculation: 0.8325
Total log likelihood: -37372.4987
nl: 39.9328
nr: 40.1813
sigma_l: 0.5279
sigma_r: 0.4657
beta: 0.0000
Time for calculation: 0.8346
Total log likelihood: -37385.9835
nl: 40.9904
nr: 42.3564
sigma_l: 0.5431
sigma_r: 0.4972
beta: 0.0000
Time for calculation: 0.8342
Total log likelihood: -37381.4627
nl: 41.6092
nr: 40.5645
sigma_l: 0.5384
sigma_r: 0.5220
beta: 0.0000
Time for calculation: 0.8325
Total log likelihood: -37372.4489
nl: 40.9471
nr: 40.8541
sigma_l: 0.5089
sigma_r: 0.5409
beta: 0.0000
Time for calculation: 0.8310
Total log likelihood: -37373.2389
nl: 39.8678
nr: 37.9278
sigma_l: 0.4766
sigma_r: 0.5314
beta: 0.0000
Time for calculation: 0.8342
Total log likelihood: -37394.2091
nl: 40.7098
nr: 41.2493
sigma_l: 0.5265
sigma_r: 0.5057
beta: 0.0000
Time for calculation: 0.8323
Total log likelihood: -37364.5051
nl: 39.7925
nr: 39.6277
sigma_l: 0.5196
sigma_r: 0.4700
beta: 0.0000
Time for calculation: 0.8334
Total log likelihood: -37375.3029
nl: 40.6585
nr: 40.5475
sigma_l: 0.5116
sigma_r: 0.5232
beta: 0.0000
Time for calculation: 0.8319
Total log likelihood: -37363.0316
nl: 38.6550
nr: 39.9088
sigma_l: 0.4767
sigma_r: 0.4896
beta: 0.0000
Time for calculation: 0.8326
Total log likelihood: -37364.3412
nl: 42.2477
nr: 42.1133
sigma_l: 0.5035
sigma_r: 0.5147
beta: 0.0000
Time for calculation: 0.8305
Total log likelihood: -37362.8750
nl: 40.5362
nr: 40.1723
sigma_l: 0.4655
sigma_r: 0.5079
beta: 0.0000
Time for calculation: 0.8346
Total log likelihood: -37374.0127
nl: 40.6664
nr: 40.9800
sigma_l: 0.5112
sigma_r: 0.5063
beta: 0.0000
Time for calculation: 0.8307
Total log likelihood: -37358.4698
nl: 43.5967
nr: 42.0484
sigma_l: 0.5325
sigma_r: 0.5324
beta: 0.0000
Time for calculation: 0.8336
Total log likelihood: -37378.8385
nl: 39.8904
nr: 40.4437
sigma_l: 0.4907
sigma_r: 0.5003
beta: 0.0000
Time for calculation: 0.8331
Total log likelihood: -37357.8107
nl: 41.2092
nr: 41.3578
sigma_l: 0.4872
sigma_r: 0.4873
beta: 0.0000
Time for calculation: 0.8314
Total log likelihood: -37364.0236
nl: 40.7962
nr: 40.7501
sigma_l: 0.5055
sigma_r: 0.5142
beta: 0.0000
Time for calculation: 0.8333
Total log likelihood: -37358.8716
nl: 38.8942
nr: 39.1104
sigma_l: 0.4963
sigma_r: 0.4956
beta: 0.0000
Time for calculation: 0.8326
Total log likelihood: -37361.2113
nl: 39.7326
nr: 39.8611
sigma_l: 0.4981
sigma_r: 0.5003
beta: 0.0000
Time for calculation: 0.8329
Total log likelihood: -37357.8664
nl: 39.8140
nr: 40.0291
sigma_l: 0.4906
sigma_r: 0.4891
beta: 0.0000
Time for calculation: 0.8366
Total log likelihood: -37359.5573
nl: 40.5506
nr: 40.5698
sigma_l: 0.5018
sigma_r: 0.5079
beta: 0.0000
Time for calculation: 0.8353
Total log likelihood: -37357.4430
nl: 39.8858
nr: 39.5941
sigma_l: 0.4801
sigma_r: 0.4979
beta: 0.0000
Time for calculation: 0.8340
Total log likelihood: -37362.2241
nl: 40.4713
nr: 40.6335
sigma_l: 0.5035
sigma_r: 0.5042
beta: 0.0000
Time for calculation: 0.8328
Total log likelihood: -37357.1466
nl: 39.3916
nr: 40.4805
sigma_l: 0.5048
sigma_r: 0.5066
beta: 0.0000
Time for calculation: 0.8325
Total log likelihood: -37359.0274
nl: 40.5460
nr: 40.3253
sigma_l: 0.4953
sigma_r: 0.5014
beta: 0.0000
Time for calculation: 0.8331
Total log likelihood: -37357.3908
nl: 40.9966
nr: 41.1251
sigma_l: 0.4975
sigma_r: 0.5066
beta: 0.0000
Time for calculation: 0.8313
Total log likelihood: -37357.9135
nl: 40.0486
nr: 40.1771
sigma_l: 0.4979
sigma_r: 0.5019
beta: 0.0000
Time for calculation: 0.8312
Total log likelihood: -37357.2656
nl: 40.9178
nr: 40.4092
sigma_l: 0.5086
sigma_r: 0.5074
beta: 0.0000
Time for calculation: 0.8328
Total log likelihood: -37358.0290
nl: 40.1473
nr: 40.4351
sigma_l: 0.4951
sigma_r: 0.5021
beta: 0.0000
Time for calculation: 0.8310
Total log likelihood: -37357.2268
nl: 40.0560
nr: 40.2157
sigma_l: 0.4942
sigma_r: 0.4969
beta: 0.0000
Time for calculation: 0.8318
Total log likelihood: -37357.5930
nl: 40.4269
nr: 40.4813
sigma_l: 0.4999
sigma_r: 0.5052
beta: 0.0000
Time for calculation: 0.8317
Total log likelihood: -37357.1449
nl: 40.0010
nr: 40.5382
sigma_l: 0.5029
sigma_r: 0.5052
beta: 0.0000
Time for calculation: 0.8329
Total log likelihood: -37357.4635
nl: 40.4098
nr: 40.3785
sigma_l: 0.4972
sigma_r: 0.5024
beta: 0.0000
Time for calculation: 0.8326
Total log likelihood: -37357.1318
nl: 40.6790
nr: 40.7871
sigma_l: 0.4999
sigma_r: 0.5050
beta: 0.0000
Time for calculation: 0.8337
Total log likelihood: -37357.1792
nl: 40.8462
nr: 40.7052
sigma_l: 0.5051
sigma_r: 0.5063
beta: 0.0000
Time for calculation: 0.8338
Total log likelihood: -37357.4530
nl: 40.3220
nr: 40.5026
sigma_l: 0.4976
sigma_r: 0.5031
beta: 0.0000
Time for calculation: 0.8318
Total log likelihood: -37357.0672
nl: 40.1359
nr: 40.2109
sigma_l: 0.4992
sigma_r: 0.5024
beta: 0.0000
Time for calculation: 0.8340
Total log likelihood: -37357.1967
nl: 40.5433
nr: 40.6431
sigma_l: 0.4997
sigma_r: 0.5043
beta: 0.0000
Time for calculation: 0.8332
Total log likelihood: -37357.0728
nl: 40.3797
nr: 40.3692
sigma_l: 0.4938
sigma_r: 0.5033
beta: 0.0000
Time for calculation: 0.8325
Total log likelihood: -37357.5548
nl: 40.4484
nr: 40.5675
sigma_l: 0.5010
sigma_r: 0.5040
beta: 0.0000
Time for calculation: 0.8338
Total log likelihood: -37357.0390
nl: 40.4348
nr: 40.5645
sigma_l: 0.4979
sigma_r: 0.5017
beta: 0.0000
Time for calculation: 0.8330
Total log likelihood: -37357.0339
nl: 40.4387
nr: 40.6061
sigma_l: 0.4970
sigma_r: 0.5000
beta: 0.0000
Time for calculation: 0.8322
Total log likelihood: -37357.1315
nl: 40.4644
nr: 40.7603
sigma_l: 0.5009
sigma_r: 0.5042
beta: 0.0000
Time for calculation: 0.8317
Total log likelihood: -37357.0662
nl: 40.2915
nr: 40.5544
sigma_l: 0.4990
sigma_r: 0.5022
beta: 0.0000
Time for calculation: 0.8337
Total log likelihood: -37357.0040
nl: 40.1657
nr: 40.5100
sigma_l: 0.4987
sigma_r: 0.5011
beta: 0.0000
Time for calculation: 0.8339
Total log likelihood: -37357.0592
nl: 40.4975
nr: 40.7207
sigma_l: 0.5018
sigma_r: 0.5029
beta: 0.0000
Time for calculation: 0.8321
Total log likelihood: -37357.0545
nl: 40.3717
nr: 40.4433
sigma_l: 0.4990
sigma_r: 0.5012
beta: 0.0000
Time for calculation: 0.8337
Total log likelihood: -37357.0030
nl: 40.3253
nr: 40.2847
sigma_l: 0.4980
sigma_r: 0.4997
beta: 0.0000
Time for calculation: 0.8320
Total log likelihood: -37357.0983
nl: 40.2756
nr: 40.3441
sigma_l: 0.4967
sigma_r: 0.5016
beta: 0.0000
Time for calculation: 0.8315
Total log likelihood: -37357.1435
nl: 40.4421
nr: 40.6266
sigma_l: 0.5005
sigma_r: 0.5026
beta: 0.0000
Time for calculation: 0.8298
Total log likelihood: -37356.9970
nl: 40.3216
nr: 40.5269
sigma_l: 0.4972
sigma_r: 0.4999
beta: 0.0000
Time for calculation: 0.8328
Total log likelihood: -37357.0964
nl: 40.4167
nr: 40.5573
sigma_l: 0.5001
sigma_r: 0.5029
beta: 0.0000
Time for calculation: 0.8314
Total log likelihood: -37356.9965
nl: 40.3262
nr: 40.5262
sigma_l: 0.5014
sigma_r: 0.5027
beta: 0.0000
Time for calculation: 0.8323
Total log likelihood: -37357.0338
nl: 40.3533
nr: 40.5358
sigma_l: 0.5005
sigma_r: 0.5025
beta: 0.0000
Time for calculation: 0.8332
Total log likelihood: -37356.9994
nl: 40.5004
nr: 40.5271
sigma_l: 0.5010
sigma_r: 0.5024
beta: 0.0000
Time for calculation: 0.8324
Total log likelihood: -37356.9943
nl: 40.6048
nr: 40.5135
sigma_l: 0.5020
sigma_r: 0.5026
beta: 0.0000
Time for calculation: 0.8325
Total log likelihood: -37357.0262
nl: 40.4846
nr: 40.6801
sigma_l: 0.5021
sigma_r: 0.5040
beta: 0.0000
Time for calculation: 0.8336
Total log likelihood: -37357.0742
nl: 40.3999
nr: 40.5025
sigma_l: 0.4998
sigma_r: 0.5019
beta: 0.0000
Time for calculation: 0.8333
Total log likelihood: -37356.9855
nl: 40.5262
nr: 40.5709
sigma_l: 0.5002
sigma_r: 0.5025
beta: 0.0000
Time for calculation: 0.8323
Total log likelihood: -37356.9962
nl: 40.4795
nr: 40.4523
sigma_l: 0.5000
sigma_r: 0.5023
beta: 0.0000
Time for calculation: 0.8320
Total log likelihood: -37357.0004
nl: 40.4514
nr: 40.5830
sigma_l: 0.5004
sigma_r: 0.5025
beta: 0.0000
Time for calculation: 0.8312
Total log likelihood: -37356.9897
nl: 40.5222
nr: 40.5344
sigma_l: 0.5006
sigma_r: 0.5017
beta: 0.0000
Time for calculation: 0.8330
Total log likelihood: -37356.9870
nl: 40.4108
nr: 40.5026
sigma_l: 0.5007
sigma_r: 0.5018
beta: 0.0000
Time for calculation: 0.8320
Total log likelihood: -37356.9888
nl: 40.3918
nr: 40.5342
sigma_l: 0.4997
sigma_r: 0.5015
beta: 0.0000
Time for calculation: 0.8334
Total log likelihood: -37356.9864
nl: 40.4109
nr: 40.4538
sigma_l: 0.5000
sigma_r: 0.5010
beta: 0.0000
Time for calculation: 0.8320
Total log likelihood: -37356.9902
nl: 40.4413
nr: 40.5507
sigma_l: 0.5003
sigma_r: 0.5021
beta: 0.0000
Time for calculation: 0.8331
Total log likelihood: -37356.9843
nl: 40.4668
nr: 40.5583
sigma_l: 0.4995
sigma_r: 0.5018
beta: 0.0000
Time for calculation: 0.8330
Total log likelihood: -37356.9900
nl: 40.4248
nr: 40.5165
sigma_l: 0.5004
sigma_r: 0.5018
beta: 0.0000
Time for calculation: 0.8326
Total log likelihood: -37356.9839
nl: 40.3067
nr: 40.5175
sigma_l: 0.4995
sigma_r: 0.5020
beta: 0.0000
Time for calculation: 0.8325
Total log likelihood: -37356.9985
nl: 40.4683
nr: 40.5302
sigma_l: 0.5003
sigma_r: 0.5018
beta: 0.0000
Time for calculation: 0.8322
Total log likelihood: -37356.9827
nl: 40.4754
nr: 40.5158
sigma_l: 0.5007
sigma_r: 0.5023
beta: 0.0000
Time for calculation: 0.8334
Total log likelihood: -37356.9882
nl: 40.4127
nr: 40.5296
sigma_l: 0.5000
sigma_r: 0.5017
beta: 0.0000
Time for calculation: 0.8316
Total log likelihood: -37356.9834
nl: 40.4737
nr: 40.5610
sigma_l: 0.5007
sigma_r: 0.5018
beta: 0.0000
Time for calculation: 0.8332
Total log likelihood: -37356.9873
nl: 40.4183
nr: 40.5171
sigma_l: 0.5000
sigma_r: 0.5019
beta: 0.0000
Time for calculation: 0.8322
Total log likelihood: -37356.9832
nl: 40.4208
nr: 40.4960
sigma_l: 0.5001
sigma_r: 0.5015
beta: 0.0000
Time for calculation: 0.8351
Total log likelihood: -37356.9836
nl: 40.4353
nr: 40.5199
sigma_l: 0.4998
sigma_r: 0.5016
beta: 0.0000
Time for calculation: 0.8326
Total log likelihood: -37356.9838
nl: 40.4327
nr: 40.5191
sigma_l: 0.4999
sigma_r: 0.5017
beta: 0.0000
Time for calculation: 0.8297
Total log likelihood: -37356.9828
nl: 40.4452
nr: 40.5520
sigma_l: 0.5001
sigma_r: 0.5020
beta: 0.0000
Time for calculation: 0.8332
Total log likelihood: -37356.9837
nl: 40.4269
nr: 40.5100
sigma_l: 0.5001
sigma_r: 0.5016
beta: 0.0000
Time for calculation: 0.8312
Total log likelihood: -37356.9827
nl: 40.4604
nr: 40.5086
sigma_l: 0.5002
sigma_r: 0.5017
beta: 0.0000
Time for calculation: 0.8308
Total log likelihood: -37356.9825
nl: 40.4843
nr: 40.4981
sigma_l: 0.5003
sigma_r: 0.5018
beta: 0.0000
Time for calculation: 0.8308
Total log likelihood: -37356.9840
nl: 40.4758
nr: 40.5168
sigma_l: 0.5003
sigma_r: 0.5015
beta: 0.0000
Time for calculation: 0.8326
Total log likelihood: -37356.9830
nl: 40.4614
nr: 40.5169
sigma_l: 0.5002
sigma_r: 0.5016
beta: 0.0000
Time for calculation: 0.8311
Total log likelihood: -37356.9824
nl: 40.4759
nr: 40.5138
sigma_l: 0.5005
sigma_r: 0.5017
beta: 0.0000
Time for calculation: 0.8345
Total log likelihood: -37356.9830
nl: 40.4435
nr: 40.5177
sigma_l: 0.5001
sigma_r: 0.5017
beta: 0.0000
Time for calculation: 0.8313
Total log likelihood: -37356.9823
nl: 40.4899
nr: 40.5267
sigma_l: 0.5003
sigma_r: 0.5018
beta: 0.0000
Time for calculation: 0.8327
Total log likelihood: -37356.9838
nl: 40.4427
nr: 40.5142
sigma_l: 0.5001
sigma_r: 0.5017
beta: 0.0000
Time for calculation: 0.8303
Total log likelihood: -37356.9822
nl: 40.4357
nr: 40.4985
sigma_l: 0.5000
sigma_r: 0.5016
beta: 0.0000
Time for calculation: 0.8309
Total log likelihood: -37356.9831
nl: 40.4602
nr: 40.5223
sigma_l: 0.5002
sigma_r: 0.5017
beta: 0.0000
Time for calculation: 0.8312
Total log likelihood: -37356.9823
nl: 40.4434
nr: 40.5269
sigma_l: 0.5001
sigma_r: 0.5016
beta: 0.0000
Time for calculation: 0.8311
Total log likelihood: -37356.9826
nl: 40.4562
nr: 40.5132
sigma_l: 0.5002
sigma_r: 0.5017
beta: 0.0000
Time for calculation: 0.8355
Total log likelihood: -37356.9823
nl: 40.4398
nr: 40.5168
sigma_l: 0.5001
sigma_r: 0.5018
beta: 0.0000
Time for calculation: 0.8347
Total log likelihood: -37356.9823
nl: 40.4559
nr: 40.5155
sigma_l: 0.5003
sigma_r: 0.5017
beta: 0.0000
Time for calculation: 0.8323
Total log likelihood: -37356.9823
nl: 40.4677
nr: 40.5158
sigma_l: 0.5003
sigma_r: 0.5016
beta: 0.0000
Time for calculation: 0.8340
Total log likelihood: -37356.9824
nl: 40.4468
nr: 40.5165
sigma_l: 0.5002
sigma_r: 0.5017
beta: 0.0000
Time for calculation: 0.8313
Total log likelihood: -37356.9822
nl: 40.4406
nr: 40.5074
sigma_l: 0.5001
sigma_r: 0.5017
beta: 0.0000
Time for calculation: 0.8338
Total log likelihood: -37356.9824
nl: 40.4553
nr: 40.5186
sigma_l: 0.5002
sigma_r: 0.5017
beta: 0.0000
Time for calculation: 0.8335
Total log likelihood: -37356.9822
nl: 40.4445
nr: 40.5158
sigma_l: 0.5001
sigma_r: 0.5016
beta: 0.0000
Time for calculation: 0.8313
Total log likelihood: -37356.9823
nl: 40.4531
nr: 40.5155
sigma_l: 0.5002
sigma_r: 0.5017
beta: 0.0000
Time for calculation: 0.8308
Total log likelihood: -37356.9822
nl: 40.4427
nr: 40.5192
sigma_l: 0.5002
sigma_r: 0.5017
beta: 0.0000
Time for calculation: 0.8331
Total log likelihood: -37356.9822
nl: 40.4360
nr: 40.5222
sigma_l: 0.5002
sigma_r: 0.5017
beta: 0.0000
Time for calculation: 0.8312
Total log likelihood: -37356.9823
nl: 40.4562
nr: 40.5208
sigma_l: 0.5003
sigma_r: 0.5018
beta: 0.0000
Time for calculation: 0.8335
Total log likelihood: -37356.9823
nl: 40.4461
nr: 40.5158
sigma_l: 0.5002
sigma_r: 0.5017
beta: 0.0000
Time for calculation: 0.8323
Total log likelihood: -37356.9822
nl: 40.4390
nr: 40.5150
sigma_l: 0.5001
sigma_r: 0.5017
beta: 0.0000
Time for calculation: 0.8322
Total log likelihood: -37356.9823
nl: 40.4512
nr: 40.5177
sigma_l: 0.5002
sigma_r: 0.5017
beta: 0.0000
Time for calculation: 0.8309
Total log likelihood: -37356.9822
nl: 40.4403
nr: 40.5191
sigma_l: 0.5001
sigma_r: 0.5017
beta: 0.0000
Time for calculation: 0.8322
Total log likelihood: -37356.9822
nl: 40.4499
nr: 40.5164
sigma_l: 0.5002
sigma_r: 0.5017
beta: 0.0000
Time for calculation: 0.8325
Total log likelihood: -37356.9822
nl: 40.4482
nr: 40.5180
sigma_l: 0.5002
sigma_r: 0.5017
beta: 0.0000
Time for calculation: 0.8344
Total log likelihood: -37356.9822
nl: 40.4489
nr: 40.5188
sigma_l: 0.5002
sigma_r: 0.5017
beta: 0.0000
Time for calculation: 0.8330
Total log likelihood: -37356.9822
nl: 40.4549
nr: 40.5148
sigma_l: 0.5002
sigma_r: 0.5017
beta: 0.0000
Time for calculation: 0.8323
Total log likelihood: -37356.9822
nl: 40.4458
nr: 40.5181
sigma_l: 0.5002
sigma_r: 0.5017
beta: 0.0000
Time for calculation: 0.8330
Total log likelihood: -37356.9822
nl: 40.4515
nr: 40.5193
sigma_l: 0.5002
sigma_r: 0.5017
beta: 0.0000
Time for calculation: 0.8321
Total log likelihood: -37356.9822
nl: 40.4474
nr: 40.5167
sigma_l: 0.5002
sigma_r: 0.5017
beta: 0.0000
Time for calculation: 0.8325
Total log likelihood: -37356.9822
nl: 40.4464
nr: 40.5188
sigma_l: 0.5002
sigma_r: 0.5017
beta: 0.0000
Time for calculation: 0.8307
Total log likelihood: -37356.9822
nl: 40.4427
nr: 40.5181
sigma_l: 0.5002
sigma_r: 0.5017
beta: 0.0000
Time for calculation: 0.8320
Total log likelihood: -37356.9822
nl: 40.4491
nr: 40.5178
sigma_l: 0.5002
sigma_r: 0.5017
beta: 0.0000
Time for calculation: 0.8344
Total log likelihood: -37356.9822
nl: 40.4488
nr: 40.5165
sigma_l: 0.5002
sigma_r: 0.5017
beta: 0.0000
Time for calculation: 0.8332
Total log likelihood: -37356.9822
nl: 40.4482
nr: 40.5171
sigma_l: 0.5002
sigma_r: 0.5017
beta: 0.0000
Time for calculation: 0.8334
Total log likelihood: -37356.9822
nl: 40.4507
nr: 40.5167
sigma_l: 0.5002
sigma_r: 0.5017
beta: 0.0000
Time for calculation: 0.8320
Total log likelihood: -37356.9822
nl: 40.4495
nr: 40.5161
sigma_l: 0.5002
sigma_r: 0.5017
beta: 0.0000
Time for calculation: 0.8328
Total log likelihood: -37356.9822
nl: 40.4485
nr: 40.5175
sigma_l: 0.5002
sigma_r: 0.5017
beta: 0.0000
Time for calculation: 0.8338
Total log likelihood: -37356.9822
nl: 40.4508
nr: 40.5179
sigma_l: 0.5002
sigma_r: 0.5017
beta: 0.0000
Time for calculation: 0.8337
Total log likelihood: -37356.9822
nl: 40.4500
nr: 40.5176
sigma_l: 0.5002
sigma_r: 0.5017
beta: 0.0000
Time for calculation: 0.8327
Total log likelihood: -37356.9822
nl: 40.4472
nr: 40.5183
sigma_l: 0.5002
sigma_r: 0.5017
beta: 0.0000
Time for calculation: 0.8339
Total log likelihood: -37356.9822
nl: 40.4498
nr: 40.5171
sigma_l: 0.5002
sigma_r: 0.5017
beta: 0.0000
Time for calculation: 0.8323
Total log likelihood: -37356.9822
nl: 40.4505
nr: 40.5179
sigma_l: 0.5002
sigma_r: 0.5017
beta: 0.0000
Time for calculation: 0.8329
Total log likelihood: -37356.9822
nl: 40.4488
nr: 40.5173
sigma_l: 0.5002
sigma_r: 0.5017
beta: 0.0000
Time for calculation: 0.8345
Total log likelihood: -37356.9822
nl: 40.4494
nr: 40.5170
sigma_l: 0.5002
sigma_r: 0.5017
beta: 0.0000
Time for calculation: 0.8341
Total log likelihood: -37356.9822
nl: 40.4493
nr: 40.5172
sigma_l: 0.5002
sigma_r: 0.5017
beta: 0.0000
Time for calculation: 0.8315
Total log likelihood: -37356.9822
nl: 40.4482
nr: 40.5170
sigma_l: 0.5002
sigma_r: 0.5017
beta: 0.0000
Time for calculation: 0.8323
Total log likelihood: -37356.9822
nl: 40.4476
nr: 40.5174
sigma_l: 0.5002
sigma_r: 0.5017
beta: 0.0000
Time for calculation: 0.8303
Total log likelihood: -37356.9822
nl: 40.4493
nr: 40.5172
sigma_l: 0.5002
sigma_r: 0.5017
beta: 0.0000
Time for calculation: 0.8333
Total log likelihood: -37356.9822
nl: 40.4497
nr: 40.5176
sigma_l: 0.5002
sigma_r: 0.5017
beta: 0.0000
Time for calculation: 0.8341
Total log likelihood: -37356.9822
nl: 40.4496
nr: 40.5175
sigma_l: 0.5002
sigma_r: 0.5017
beta: 0.0000
Time for calculation: 0.8321
Total log likelihood: -37356.9822
nl: 40.4490
nr: 40.5173
sigma_l: 0.5002
sigma_r: 0.5017
beta: 0.0000
Time for calculation: 0.8313
Total log likelihood: -37356.9822
nl: 40.4483
nr: 40.5170
sigma_l: 0.5002
sigma_r: 0.5017
beta: 0.0000
Time for calculation: 0.8327
Total log likelihood: -37356.9822
nl: 40.4494
nr: 40.5175
sigma_l: 0.5002
sigma_r: 0.5017
beta: 0.0000
Time for calculation: 0.8347
Total log likelihood: -37356.9822
nl: 40.4500
nr: 40.5170
sigma_l: 0.5002
sigma_r: 0.5017
beta: 0.0000
Time for calculation: 0.8338
Total log likelihood: -37356.9822
nl: 40.4489
nr: 40.5174
sigma_l: 0.5002
sigma_r: 0.5017
beta: 0.0000
Time for calculation: 0.8334
Total log likelihood: -37356.9822
nl: 40.4489
nr: 40.5175
sigma_l: 0.5002
sigma_r: 0.5017
beta: 0.0000
Time for calculation: 0.8317
Total log likelihood: -37356.9822
nl: 40.4486
nr: 40.5177
sigma_l: 0.5002
sigma_r: 0.5017
beta: 0.0000
Time for calculation: 0.8333
Total log likelihood: -37356.9822
nl: 40.4488
nr: 40.5177
sigma_l: 0.5002
sigma_r: 0.5017
beta: 0.0000
Time for calculation: 0.8341
Total log likelihood: -37356.9822
nl: 40.4484
nr: 40.5175
sigma_l: 0.5002
sigma_r: 0.5017
beta: 0.0000
Time for calculation: 0.8320
Total log likelihood: -37356.9822
nl: 40.4491
nr: 40.5175
sigma_l: 0.5002
sigma_r: 0.5017
beta: 0.0000
Time for calculation: 0.8337
Total log likelihood: -37356.9822
nl: 40.4488
nr: 40.5177
sigma_l: 0.5002
sigma_r: 0.5017
beta: 0.0000
Time for calculation: 0.8327
Total log likelihood: -37356.9822
nl: 40.4489
nr: 40.5178
sigma_l: 0.5002
sigma_r: 0.5017
beta: 0.0000
Time for calculation: 0.8335
Total log likelihood: -37356.9822
nl: 40.4489
nr: 40.5175
sigma_l: 0.5002
sigma_r: 0.5017
beta: 0.0000
Time for calculation: 0.8323
Total log likelihood: -37356.9822
nl: 40.4491
nr: 40.5174
sigma_l: 0.5002
sigma_r: 0.5017
beta: 0.0000
Time for calculation: 0.8332
Total log likelihood: -37356.9822
nl: 40.4491
nr: 40.5175
sigma_l: 0.5002
sigma_r: 0.5017
beta: 0.0000
Time for calculation: 0.8340
Total log likelihood: -37356.9822
nl: 40.4489
nr: 40.5175
sigma_l: 0.5002
sigma_r: 0.5017
beta: 0.0000
Time for calculation: 0.8342
Total log likelihood: -37356.9822
nl: 40.4492
nr: 40.5172
sigma_l: 0.5002
sigma_r: 0.5017
beta: 0.0000
Time for calculation: 0.8319
Total log likelihood: -37356.9822
nl: 40.4489
nr: 40.5176
sigma_l: 0.5002
sigma_r: 0.5017
beta: 0.0000
Time for calculation: 0.8338
Total log likelihood: -37356.9822
nl: 40.4488
nr: 40.5175
sigma_l: 0.5002
sigma_r: 0.5017
beta: 0.0000
Time for calculation: 0.8315
Total log likelihood: -37356.9822
nl: 40.4487
nr: 40.5177
sigma_l: 0.5002
sigma_r: 0.5017
beta: 0.0000
Time for calculation: 0.8335
Total log likelihood: -37356.9822
nl: 40.4490
nr: 40.5175
sigma_l: 0.5002
sigma_r: 0.5017
beta: 0.0000
Time for calculation: 0.8320
Total log likelihood: -37356.9822
nl: 40.4491
nr: 40.5175
sigma_l: 0.5002
sigma_r: 0.5017
beta: 0.0000
Time for calculation: 0.8341
Total log likelihood: -37356.9822
nl: 40.4489
nr: 40.5175
sigma_l: 0.5002
sigma_r: 0.5017
beta: 0.0000
Time for calculation: 0.8317
Total log likelihood: -37356.9822
nl: 40.4490
nr: 40.5176
sigma_l: 0.5002
sigma_r: 0.5017
beta: 0.0000
Time for calculation: 0.8330
Total log likelihood: -37356.9822
nl: 40.4490
nr: 40.5176
sigma_l: 0.5002
sigma_r: 0.5017
beta: 0.0000
Time for calculation: 0.8319
Total log likelihood: -37356.9822
nl: 40.4489
nr: 40.5175
sigma_l: 0.5002
sigma_r: 0.5017
beta: 0.0000
Time for calculation: 0.8338
Total log likelihood: -37356.9822
nl: 40.4489
nr: 40.5176
sigma_l: 0.5002
sigma_r: 0.5017
beta: 0.0000
Time for calculation: 0.8319
Total log likelihood: -37356.9822
Optimization terminated successfully.
         Current function value: 135.351385
         Iterations: 116
         Function evaluations: 201
nl: 40.4588
nr: 40.5176
sigma_l: 0.5002
sigma_r: 0.5017
beta: 0.0000
Time for calculation: 0.8355
Total log likelihood: -37356.9823
nl: 40.4489
nr: 40.5176
sigma_l: 0.5002
sigma_r: 0.5017
beta: 0.0000
Time for calculation: 0.8327
Total log likelihood: -37356.9822
nl: 40.4489
nr: 40.5176
sigma_l: 0.5002
sigma_r: 0.5017
beta: 0.0000
Time for calculation: 0.8325
Total log likelihood: -37356.9822
nl: 40.4391
nr: 40.5176
sigma_l: 0.5002
sigma_r: 0.5017
beta: 0.0000
Time for calculation: 0.8337
Total log likelihood: -37356.9823
nl: 40.4539
nr: 40.5225
sigma_l: 0.5002
sigma_r: 0.5017
beta: 0.0000
Time for calculation: 0.8339
Total log likelihood: -37356.9822
nl: 40.4539
nr: 40.5126
sigma_l: 0.5002
sigma_r: 0.5017
beta: 0.0000
Time for calculation: 0.8305
Total log likelihood: -37356.9822
nl: 40.4440
nr: 40.5225
sigma_l: 0.5002
sigma_r: 0.5017
beta: 0.0000
Time for calculation: 0.8322
Total log likelihood: -37356.9822
nl: 40.4440
nr: 40.5126
sigma_l: 0.5002
sigma_r: 0.5017
beta: 0.0000
Time for calculation: 0.8308
Total log likelihood: -37356.9822
nl: 40.4539
nr: 40.5176
sigma_l: 0.5003
sigma_r: 0.5017
beta: 0.0000
Time for calculation: 0.8334
Total log likelihood: -37356.9822
nl: 40.4539
nr: 40.5176
sigma_l: 0.5001
sigma_r: 0.5017
beta: 0.0000
Time for calculation: 0.8310
Total log likelihood: -37356.9823
nl: 40.4440
nr: 40.5176
sigma_l: 0.5003
sigma_r: 0.5017
beta: 0.0000
Time for calculation: 0.8315
Total log likelihood: -37356.9823
nl: 40.4440
nr: 40.5176
sigma_l: 0.5001
sigma_r: 0.5017
beta: 0.0000
Time for calculation: 0.8319
Total log likelihood: -37356.9822
nl: 40.4539
nr: 40.5176
sigma_l: 0.5002
sigma_r: 0.5018
beta: 0.0000
Time for calculation: 0.8318
Total log likelihood: -37356.9822
nl: 40.4539
nr: 40.5176
sigma_l: 0.5002
sigma_r: 0.5016
beta: 0.0000
Time for calculation: 0.8287
Total log likelihood: -37356.9822
nl: 40.4440
nr: 40.5176
sigma_l: 0.5002
sigma_r: 0.5018
beta: 0.0000
Time for calculation: 0.8314
Total log likelihood: -37356.9822
nl: 40.4440
nr: 40.5176
sigma_l: 0.5002
sigma_r: 0.5016
beta: 0.0000
Time for calculation: 0.8318
Total log likelihood: -37356.9822
nl: 40.4489
nr: 40.5275
sigma_l: 0.5002
sigma_r: 0.5017
beta: 0.0000
Time for calculation: 0.8329
Total log likelihood: -37356.9823
nl: 40.4489
nr: 40.5176
sigma_l: 0.5002
sigma_r: 0.5017
beta: 0.0000
Time for calculation: 0.8327
Total log likelihood: -37356.9822
nl: 40.4489
nr: 40.5176
sigma_l: 0.5002
sigma_r: 0.5017
beta: 0.0000
Time for calculation: 0.8323
Total log likelihood: -37356.9822
nl: 40.4489
nr: 40.5077
sigma_l: 0.5002
sigma_r: 0.5017
beta: 0.0000
Time for calculation: 0.8321
Total log likelihood: -37356.9823
nl: 40.4489
nr: 40.5225
sigma_l: 0.5003
sigma_r: 0.5017
beta: 0.0000
Time for calculation: 0.8329
Total log likelihood: -37356.9822
nl: 40.4489
nr: 40.5225
sigma_l: 0.5001
sigma_r: 0.5017
beta: 0.0000
Time for calculation: 0.8314
Total log likelihood: -37356.9822
nl: 40.4489
nr: 40.5126
sigma_l: 0.5003
sigma_r: 0.5017
beta: 0.0000
Time for calculation: 0.8327
Total log likelihood: -37356.9822
nl: 40.4489
nr: 40.5126
sigma_l: 0.5001
sigma_r: 0.5017
beta: 0.0000
Time for calculation: 0.8327
Total log likelihood: -37356.9822
nl: 40.4489
nr: 40.5225
sigma_l: 0.5002
sigma_r: 0.5018
beta: 0.0000
Time for calculation: 0.8315
Total log likelihood: -37356.9822
nl: 40.4489
nr: 40.5225
sigma_l: 0.5002
sigma_r: 0.5016
beta: 0.0000
Time for calculation: 0.8298
Total log likelihood: -37356.9823
nl: 40.4489
nr: 40.5126
sigma_l: 0.5002
sigma_r: 0.5018
beta: 0.0000
Time for calculation: 0.8315
Total log likelihood: -37356.9823
nl: 40.4489
nr: 40.5126
sigma_l: 0.5002
sigma_r: 0.5016
beta: 0.0000
Time for calculation: 0.8314
Total log likelihood: -37356.9822
nl: 40.4489
nr: 40.5176
sigma_l: 0.5003
sigma_r: 0.5017
beta: 0.0000
Time for calculation: 0.8342
Total log likelihood: -37356.9823
nl: 40.4489
nr: 40.5176
sigma_l: 0.5002
sigma_r: 0.5017
beta: 0.0000
Time for calculation: 0.8311
Total log likelihood: -37356.9822
nl: 40.4489
nr: 40.5176
sigma_l: 0.5002
sigma_r: 0.5017
beta: 0.0000
Time for calculation: 0.8324
Total log likelihood: -37356.9822
nl: 40.4489
nr: 40.5176
sigma_l: 0.5001
sigma_r: 0.5017
beta: 0.0000
Time for calculation: 0.8762
Total log likelihood: -37356.9823
nl: 40.4489
nr: 40.5176
sigma_l: 0.5003
sigma_r: 0.5018
beta: 0.0000
Time for calculation: 0.8354
Total log likelihood: -37356.9822
nl: 40.4489
nr: 40.5176
sigma_l: 0.5003
sigma_r: 0.5016
beta: 0.0000
Time for calculation: 0.8315
Total log likelihood: -37356.9823
nl: 40.4489
nr: 40.5176
sigma_l: 0.5001
sigma_r: 0.5018
beta: 0.0000
Time for calculation: 0.8342
Total log likelihood: -37356.9823
nl: 40.4489
nr: 40.5176
sigma_l: 0.5001
sigma_r: 0.5016
beta: 0.0000
Time for calculation: 0.8299
Total log likelihood: -37356.9822
nl: 40.4489
nr: 40.5176
sigma_l: 0.5002
sigma_r: 0.5018
beta: 0.0000
Time for calculation: 0.8375
Total log likelihood: -37356.9823
nl: 40.4489
nr: 40.5176
sigma_l: 0.5002
sigma_r: 0.5017
beta: 0.0000
Time for calculation: 0.8312
Total log likelihood: -37356.9822
nl: 40.4489
nr: 40.5176
sigma_l: 0.5002
sigma_r: 0.5017
beta: 0.0000
Time for calculation: 0.8334
Total log likelihood: -37356.9822
nl: 40.4489
nr: 40.5176
sigma_l: 0.5002
sigma_r: 0.5016
beta: 0.0000
Time for calculation: 0.8333
Total log likelihood: -37356.9823
nl: 40.4588
nr: 40.5176
sigma_l: 0.5002
sigma_r: 0.5017
beta: 0.0000
Time for calculation: 0.8784
Total log likelihood: -37356.9823
nl: 40.4489
nr: 40.5176
sigma_l: 0.5002
sigma_r: 0.5017
beta: 0.0000
Time for calculation: 0.8333
Total log likelihood: -37356.9822
nl: 40.4489
nr: 40.5176
sigma_l: 0.5002
sigma_r: 0.5017
beta: 0.0000
Time for calculation: 0.8339
Total log likelihood: -37356.9822
nl: 40.4391
nr: 40.5176
sigma_l: 0.5002
sigma_r: 0.5017
beta: 0.0000
Time for calculation: 0.8328
Total log likelihood: -37356.9823
nl: 40.4539
nr: 40.5225
sigma_l: 0.5002
sigma_r: 0.5017
beta: 0.0000
Time for calculation: 0.8346
Total log likelihood: -37356.9822
nl: 40.4539
nr: 40.5126
sigma_l: 0.5002
sigma_r: 0.5017
beta: 0.0000
Time for calculation: 0.8327
Total log likelihood: -37356.9822
nl: 40.4440
nr: 40.5225
sigma_l: 0.5002
sigma_r: 0.5017
beta: 0.0000
Time for calculation: 0.8345
Total log likelihood: -37356.9822
nl: 40.4440
nr: 40.5126
sigma_l: 0.5002
sigma_r: 0.5017
beta: 0.0000
Time for calculation: 0.8312
Total log likelihood: -37356.9822
nl: 40.4539
nr: 40.5176
sigma_l: 0.5003
sigma_r: 0.5017
beta: 0.0000
Time for calculation: 0.8337
Total log likelihood: -37356.9822
nl: 40.4539
nr: 40.5176
sigma_l: 0.5001
sigma_r: 0.5017
beta: 0.0000
Time for calculation: 0.8327
Total log likelihood: -37356.9823
nl: 40.4440
nr: 40.5176
sigma_l: 0.5003
sigma_r: 0.5017
beta: 0.0000
Time for calculation: 0.8317
Total log likelihood: -37356.9823
nl: 40.4440
nr: 40.5176
sigma_l: 0.5001
sigma_r: 0.5017
beta: 0.0000
Time for calculation: 0.8331
Total log likelihood: -37356.9822
nl: 40.4539
nr: 40.5176
sigma_l: 0.5002
sigma_r: 0.5018
beta: 0.0000
Time for calculation: 0.8323
Total log likelihood: -37356.9822
nl: 40.4539
nr: 40.5176
sigma_l: 0.5002
sigma_r: 0.5016
beta: 0.0000
Time for calculation: 0.8356
Total log likelihood: -37356.9822
nl: 40.4440
nr: 40.5176
sigma_l: 0.5002
sigma_r: 0.5018
beta: 0.0000
Time for calculation: 0.8314
Total log likelihood: -37356.9822
nl: 40.4440
nr: 40.5176
sigma_l: 0.5002
sigma_r: 0.5016
beta: 0.0000
Time for calculation: 0.8315
Total log likelihood: -37356.9822
nl: 40.4489
nr: 40.5275
sigma_l: 0.5002
sigma_r: 0.5017
beta: 0.0000
Time for calculation: 0.8313
Total log likelihood: -37356.9823
nl: 40.4489
nr: 40.5176
sigma_l: 0.5002
sigma_r: 0.5017
beta: 0.0000
Time for calculation: 0.8342
Total log likelihood: -37356.9822
nl: 40.4489
nr: 40.5176
sigma_l: 0.5002
sigma_r: 0.5017
beta: 0.0000
Time for calculation: 0.8345
Total log likelihood: -37356.9822
nl: 40.4489
nr: 40.5077
sigma_l: 0.5002
sigma_r: 0.5017
beta: 0.0000
Time for calculation: 0.8322
Total log likelihood: -37356.9823
nl: 40.4489
nr: 40.5225
sigma_l: 0.5003
sigma_r: 0.5017
beta: 0.0000
Time for calculation: 0.8333
Total log likelihood: -37356.9822
nl: 40.4489
nr: 40.5225
sigma_l: 0.5001
sigma_r: 0.5017
beta: 0.0000
Time for calculation: 0.8337
Total log likelihood: -37356.9822
nl: 40.4489
nr: 40.5126
sigma_l: 0.5003
sigma_r: 0.5017
beta: 0.0000
Time for calculation: 0.8319
Total log likelihood: -37356.9822
nl: 40.4489
nr: 40.5126
sigma_l: 0.5001
sigma_r: 0.5017
beta: 0.0000
Time for calculation: 0.8326
Total log likelihood: -37356.9822
nl: 40.4489
nr: 40.5225
sigma_l: 0.5002
sigma_r: 0.5018
beta: 0.0000
Time for calculation: 0.8317
Total log likelihood: -37356.9822
nl: 40.4489
nr: 40.5225
sigma_l: 0.5002
sigma_r: 0.5016
beta: 0.0000
Time for calculation: 0.8317
Total log likelihood: -37356.9823
nl: 40.4489
nr: 40.5126
sigma_l: 0.5002
sigma_r: 0.5018
beta: 0.0000
Time for calculation: 0.8336
Total log likelihood: -37356.9823
nl: 40.4489
nr: 40.5126
sigma_l: 0.5002
sigma_r: 0.5016
beta: 0.0000
Time for calculation: 0.8315
Total log likelihood: -37356.9822
nl: 40.4489
nr: 40.5176
sigma_l: 0.5003
sigma_r: 0.5017
beta: 0.0000
Time for calculation: 0.8328
Total log likelihood: -37356.9823
nl: 40.4489
nr: 40.5176
sigma_l: 0.5002
sigma_r: 0.5017
beta: 0.0000
Time for calculation: 0.8331
Total log likelihood: -37356.9822
nl: 40.4489
nr: 40.5176
sigma_l: 0.5002
sigma_r: 0.5017
beta: 0.0000
Time for calculation: 0.8338
Total log likelihood: -37356.9822
nl: 40.4489
nr: 40.5176
sigma_l: 0.5001
sigma_r: 0.5017
beta: 0.0000
Time for calculation: 0.8339
Total log likelihood: -37356.9823
nl: 40.4489
nr: 40.5176
sigma_l: 0.5003
sigma_r: 0.5018
beta: 0.0000
Time for calculation: 0.8350
Total log likelihood: -37356.9822
nl: 40.4489
nr: 40.5176
sigma_l: 0.5003
sigma_r: 0.5016
beta: 0.0000
Time for calculation: 0.8333
Total log likelihood: -37356.9823
nl: 40.4489
nr: 40.5176
sigma_l: 0.5001
sigma_r: 0.5018
beta: 0.0000
Time for calculation: 0.8417
Total log likelihood: -37356.9823
nl: 40.4489
nr: 40.5176
sigma_l: 0.5001
sigma_r: 0.5016
beta: 0.0000
Time for calculation: 0.8300
Total log likelihood: -37356.9822
nl: 40.4489
nr: 40.5176
sigma_l: 0.5002
sigma_r: 0.5018
beta: 0.0000
Time for calculation: 0.8395
Total log likelihood: -37356.9823
nl: 40.4489
nr: 40.5176
sigma_l: 0.5002
sigma_r: 0.5017
beta: 0.0000
Time for calculation: 0.8297
Total log likelihood: -37356.9822
nl: 40.4489
nr: 40.5176
sigma_l: 0.5002
sigma_r: 0.5017
beta: 0.0000
Time for calculation: 0.8320
Total log likelihood: -37356.9822
nl: 40.4489
nr: 40.5176
sigma_l: 0.5002
sigma_r: 0.5016
beta: 0.0000
Time for calculation: 0.8339
Total log likelihood: -37356.9823
[[ 1.         -0.08305298  0.48887192 -0.18654279]
 [-0.08305298  1.         -0.18642839  0.49059814]
 [ 0.48887192 -0.18642839  1.         -0.08511975]
 [-0.18654279  0.49059814 -0.08511975  1.        ]]
nl: 40.4489
nr: 40.5176
sigma_l: 0.5002
sigma_r: 0.5017
beta: 0.0000
Time for calculation: 0.8350
Total log likelihood: -37356.9822
                          MLE_Estim_Barrier Results                           
==============================================================================
Dep. Variable:                      y   Log-Likelihood:                -37357.
Model:              MLE_Estim_Barrier   AIC:                         7.472e+04
Method:            Maximum Likelihood   BIC:                         7.472e+04
Date:                Mon, 29 May 2023                                         
Time:                        16:40:06                                         
No. Observations:                 276                                         
Df Residuals:                     275                                         
Df Model:                           0                                         
==============================================================================
                 coef    std err          z      P>|z|      [0.025      0.975]
------------------------------------------------------------------------------
const         40.4489      0.793     51.020      0.000      38.895      42.003
par0          40.5176      0.754     53.731      0.000      39.040      41.996
par1           0.5002      0.008     63.597      0.000       0.485       0.516
par2           0.5017      0.007     67.083      0.000       0.487       0.516
==============================================================================

MLE Estimates:
Parameter 0: 40.448927
Parameter 1: 40.517559
Parameter 2: 0.500199
Parameter 3: 0.501693
Saving Results to: /mnt/archgen/users/hringbauer/git/IBD-Analysis/ibd_analysis/blocksim/output/fixNe/scenario0/data_set_nr_00.tsv
[[40.448927   38.89505444 42.00279955]
 [40.51755948 39.0395989  41.99552006]
 [ 0.50019949  0.48478416  0.51561482]
 [ 0.50169288  0.4870349   0.51635086]]
Results have been successfully saved.
Run Complete. GOOD JOB!
Finished IBD simulation and estimation. Good Job!
Simulation Finished!
