Running Task 218
bionode36
/mnt/archgen/users/hringbauer/git/IBD-Analysis/ibd_analysis/blocksim
CPU Count: 32
Doing Complete Simulation run...
Loaded migration Matrix type: isotropic
Runtime Migration Matrix: 2.3039 
Size of Migration Matrix: 246016
Doing Pre-Calculations for cumulative Sums
Nr of total entries in precalculated cum-sums:
1228096
Runtime Pre-Calculations: 44.8732
Gridsize: 200
Loaded migration Matrix type: isotropic
Runtime Migration Matrix: 0.3480 
Size of Migration Matrix: 40000
Doing Pre-Calculations for cumulative Sums
Nr of total entries in precalculated cum-sums:
516004
Runtime Pre-Calculations: 7.3688
Simulated Sigmas: 
[0.8 0.8]
Simulated Initial Deme Ne: 
[100 100]
Simulated Beta:
0.5
Simulated Barrier Position: 100
Nr. Samples set: 240
Doing step: 0/500
IIDs left: 100
IIDs right: 100
Doing step: 1/500
IIDs left: 71
IIDs right: 71
Doing step: 2/500
IIDs left: 58
IIDs right: 58
Doing step: 3/500
IIDs left: 50
IIDs right: 50
Doing step: 4/500
IIDs left: 45
IIDs right: 45
Doing step: 5/500
IIDs left: 41
IIDs right: 41
Doing step: 6/500
IIDs left: 38
IIDs right: 38
Doing step: 7/500
IIDs left: 35
IIDs right: 35
Doing step: 8/500
IIDs left: 33
IIDs right: 33
Doing step: 9/500
IIDs left: 32
IIDs right: 32
Doing step: 10/500
IIDs left: 30
IIDs right: 30
Doing step: 11/500
IIDs left: 29
IIDs right: 29
Doing step: 12/500
IIDs left: 28
IIDs right: 28
Doing step: 13/500
IIDs left: 27
IIDs right: 27
Doing step: 14/500
IIDs left: 26
IIDs right: 26
Doing step: 15/500
IIDs left: 25
IIDs right: 25
Doing step: 16/500
IIDs left: 24
IIDs right: 24
Doing step: 17/500
IIDs left: 24
IIDs right: 24
Doing step: 18/500
IIDs left: 23
IIDs right: 23
Doing step: 19/500
IIDs left: 22
IIDs right: 22
Doing step: 20/500
IIDs left: 22
IIDs right: 22
Doing step: 21/500
IIDs left: 21
IIDs right: 21
Doing step: 22/500
IIDs left: 21
IIDs right: 21
Doing step: 23/500
IIDs left: 20
IIDs right: 20
Doing step: 24/500
IIDs left: 20
IIDs right: 20
Doing step: 25/500
IIDs left: 20
IIDs right: 20
Doing step: 26/500
IIDs left: 19
IIDs right: 19
Doing step: 27/500
IIDs left: 19
IIDs right: 19
Doing step: 28/500
IIDs left: 19
IIDs right: 19
Doing step: 29/500
IIDs left: 18
IIDs right: 18
Doing step: 30/500
IIDs left: 18
IIDs right: 18
Doing step: 31/500
IIDs left: 18
IIDs right: 18
Doing step: 32/500
IIDs left: 17
IIDs right: 17
Doing step: 33/500
IIDs left: 17
IIDs right: 17
Doing step: 34/500
IIDs left: 17
IIDs right: 17
Doing step: 35/500
IIDs left: 17
IIDs right: 17
Doing step: 36/500
IIDs left: 16
IIDs right: 16
Doing step: 37/500
IIDs left: 16
IIDs right: 16
Doing step: 38/500
IIDs left: 16
IIDs right: 16
Doing step: 39/500
IIDs left: 16
IIDs right: 16
Doing step: 40/500
IIDs left: 16
IIDs right: 16
Doing step: 41/500
IIDs left: 15
IIDs right: 15
Doing step: 42/500
IIDs left: 15
IIDs right: 15
Doing step: 43/500
IIDs left: 15
IIDs right: 15
Doing step: 44/500
IIDs left: 15
IIDs right: 15
Doing step: 45/500
IIDs left: 15
IIDs right: 15
Doing step: 46/500
IIDs left: 15
IIDs right: 15
Doing step: 47/500
IIDs left: 14
IIDs right: 14
Doing step: 48/500
IIDs left: 14
IIDs right: 14
Doing step: 49/500
IIDs left: 14
IIDs right: 14
Doing step: 50/500
IIDs left: 14
IIDs right: 14
Doing step: 51/500
IIDs left: 14
IIDs right: 14
Doing step: 52/500
IIDs left: 14
IIDs right: 14
Doing step: 53/500
IIDs left: 14
IIDs right: 14
Doing step: 54/500
IIDs left: 13
IIDs right: 13
Doing step: 55/500
IIDs left: 13
IIDs right: 13
Doing step: 56/500
IIDs left: 13
IIDs right: 13
Doing step: 57/500
IIDs left: 13
IIDs right: 13
Doing step: 58/500
IIDs left: 13
IIDs right: 13
Doing step: 59/500
IIDs left: 13
IIDs right: 13
Doing step: 60/500
IIDs left: 13
IIDs right: 13
Doing step: 61/500
IIDs left: 13
IIDs right: 13
Doing step: 62/500
IIDs left: 13
IIDs right: 13
Doing step: 63/500
IIDs left: 12
IIDs right: 12
Doing step: 64/500
IIDs left: 12
IIDs right: 12
Doing step: 65/500
IIDs left: 12
IIDs right: 12
Doing step: 66/500
IIDs left: 12
IIDs right: 12
Doing step: 67/500
IIDs left: 12
IIDs right: 12
Doing step: 68/500
IIDs left: 12
IIDs right: 12
Doing step: 69/500
IIDs left: 12
IIDs right: 12
Doing step: 70/500
IIDs left: 12
IIDs right: 12
Doing step: 71/500
IIDs left: 12
IIDs right: 12
Doing step: 72/500
IIDs left: 12
IIDs right: 12
Doing step: 73/500
IIDs left: 12
IIDs right: 12
Doing step: 74/500
IIDs left: 12
IIDs right: 12
Doing step: 75/500
IIDs left: 11
IIDs right: 11
Doing step: 76/500
IIDs left: 11
IIDs right: 11
Doing step: 77/500
IIDs left: 11
IIDs right: 11
Doing step: 78/500
IIDs left: 11
IIDs right: 11
Doing step: 79/500
IIDs left: 11
IIDs right: 11
Doing step: 80/500
IIDs left: 11
IIDs right: 11
Doing step: 81/500
IIDs left: 11
IIDs right: 11
Doing step: 82/500
IIDs left: 11
IIDs right: 11
Doing step: 83/500
IIDs left: 11
IIDs right: 11
Doing step: 84/500
IIDs left: 11
IIDs right: 11
Doing step: 85/500
IIDs left: 11
IIDs right: 11
Doing step: 86/500
IIDs left: 11
IIDs right: 11
Doing step: 87/500
IIDs left: 11
IIDs right: 11
Doing step: 88/500
IIDs left: 11
IIDs right: 11
Doing step: 89/500
IIDs left: 11
IIDs right: 11
Doing step: 90/500
IIDs left: 10
IIDs right: 10
Doing step: 91/500
IIDs left: 10
IIDs right: 10
Doing step: 92/500
IIDs left: 10
IIDs right: 10
Doing step: 93/500
IIDs left: 10
IIDs right: 10
Doing step: 94/500
IIDs left: 10
IIDs right: 10
Doing step: 95/500
IIDs left: 10
IIDs right: 10
Doing step: 96/500
IIDs left: 10
IIDs right: 10
Doing step: 97/500
IIDs left: 10
IIDs right: 10
Doing step: 98/500
IIDs left: 10
IIDs right: 10
Doing step: 99/500
IIDs left: 10
IIDs right: 10
Doing step: 100/500
IIDs left: 10
IIDs right: 10
Doing step: 101/500
IIDs left: 10
IIDs right: 10
Doing step: 102/500
IIDs left: 10
IIDs right: 10
Doing step: 103/500
IIDs left: 10
IIDs right: 10
Doing step: 104/500
IIDs left: 10
IIDs right: 10
Doing step: 105/500
IIDs left: 10
IIDs right: 10
Doing step: 106/500
IIDs left: 10
IIDs right: 10
Doing step: 107/500
IIDs left: 10
IIDs right: 10
Doing step: 108/500
IIDs left: 10
IIDs right: 10
Doing step: 109/500
IIDs left: 10
IIDs right: 10
Doing step: 110/500
IIDs left: 9
IIDs right: 9
Doing step: 111/500
IIDs left: 9
IIDs right: 9
Doing step: 112/500
IIDs left: 9
IIDs right: 9
Doing step: 113/500
IIDs left: 9
IIDs right: 9
Doing step: 114/500
IIDs left: 9
IIDs right: 9
Doing step: 115/500
IIDs left: 9
IIDs right: 9
Doing step: 116/500
IIDs left: 9
IIDs right: 9
Doing step: 117/500
IIDs left: 9
IIDs right: 9
Doing step: 118/500
IIDs left: 9
IIDs right: 9
Doing step: 119/500
IIDs left: 9
IIDs right: 9
Doing step: 120/500
IIDs left: 9
IIDs right: 9
Doing step: 121/500
IIDs left: 9
IIDs right: 9
Doing step: 122/500
IIDs left: 9
IIDs right: 9
Doing step: 123/500
IIDs left: 9
IIDs right: 9
Doing step: 124/500
IIDs left: 9
IIDs right: 9
Doing step: 125/500
IIDs left: 9
IIDs right: 9
Doing step: 126/500
IIDs left: 9
IIDs right: 9
Doing step: 127/500
IIDs left: 9
IIDs right: 9
Doing step: 128/500
IIDs left: 9
IIDs right: 9
Doing step: 129/500
IIDs left: 9
IIDs right: 9
Doing step: 130/500
IIDs left: 9
IIDs right: 9
Doing step: 131/500
IIDs left: 9
IIDs right: 9
Doing step: 132/500
IIDs left: 9
IIDs right: 9
Doing step: 133/500
IIDs left: 9
IIDs right: 9
Doing step: 134/500
IIDs left: 9
IIDs right: 9
Doing step: 135/500
IIDs left: 9
IIDs right: 9
Doing step: 136/500
IIDs left: 9
IIDs right: 9
Doing step: 137/500
IIDs left: 9
IIDs right: 9
Doing step: 138/500
IIDs left: 8
IIDs right: 8
Doing step: 139/500
IIDs left: 8
IIDs right: 8
Doing step: 140/500
IIDs left: 8
IIDs right: 8
Doing step: 141/500
IIDs left: 8
IIDs right: 8
Doing step: 142/500
IIDs left: 8
IIDs right: 8
Doing step: 143/500
IIDs left: 8
IIDs right: 8
Doing step: 144/500
IIDs left: 8
IIDs right: 8
Doing step: 145/500
IIDs left: 8
IIDs right: 8
Doing step: 146/500
IIDs left: 8
IIDs right: 8
Doing step: 147/500
IIDs left: 8
IIDs right: 8
Doing step: 148/500
IIDs left: 8
IIDs right: 8
Doing step: 149/500
IIDs left: 8
IIDs right: 8
Doing step: 150/500
IIDs left: 8
IIDs right: 8
Doing step: 151/500
IIDs left: 8
IIDs right: 8
Doing step: 152/500
IIDs left: 8
IIDs right: 8
Doing step: 153/500
IIDs left: 8
IIDs right: 8
Doing step: 154/500
IIDs left: 8
IIDs right: 8
Doing step: 155/500
IIDs left: 8
IIDs right: 8
Doing step: 156/500
IIDs left: 8
IIDs right: 8
Doing step: 157/500
IIDs left: 8
IIDs right: 8
Doing step: 158/500
IIDs left: 8
IIDs right: 8
Doing step: 159/500
IIDs left: 8
IIDs right: 8
Doing step: 160/500
IIDs left: 8
IIDs right: 8
Doing step: 161/500
IIDs left: 8
IIDs right: 8
Doing step: 162/500
IIDs left: 8
IIDs right: 8
Doing step: 163/500
IIDs left: 8
IIDs right: 8
Doing step: 164/500
IIDs left: 8
IIDs right: 8
Doing step: 165/500
IIDs left: 8
IIDs right: 8
Doing step: 166/500
IIDs left: 8
IIDs right: 8
Doing step: 167/500
IIDs left: 8
IIDs right: 8
Doing step: 168/500
IIDs left: 8
IIDs right: 8
Doing step: 169/500
IIDs left: 8
IIDs right: 8
Doing step: 170/500
IIDs left: 8
IIDs right: 8
Doing step: 171/500
IIDs left: 8
IIDs right: 8
Doing step: 172/500
IIDs left: 8
IIDs right: 8
Doing step: 173/500
IIDs left: 8
IIDs right: 8
Doing step: 174/500
IIDs left: 8
IIDs right: 8
Doing step: 175/500
IIDs left: 8
IIDs right: 8
Doing step: 176/500
IIDs left: 8
IIDs right: 8
Doing step: 177/500
IIDs left: 7
IIDs right: 7
Doing step: 178/500
IIDs left: 7
IIDs right: 7
Doing step: 179/500
IIDs left: 7
IIDs right: 7
Doing step: 180/500
IIDs left: 7
IIDs right: 7
Doing step: 181/500
IIDs left: 7
IIDs right: 7
Doing step: 182/500
IIDs left: 7
IIDs right: 7
Doing step: 183/500
IIDs left: 7
IIDs right: 7
Doing step: 184/500
IIDs left: 7
IIDs right: 7
Doing step: 185/500
IIDs left: 7
IIDs right: 7
Doing step: 186/500
IIDs left: 7
IIDs right: 7
Doing step: 187/500
IIDs left: 7
IIDs right: 7
Doing step: 188/500
IIDs left: 7
IIDs right: 7
Doing step: 189/500
IIDs left: 7
IIDs right: 7
Doing step: 190/500
IIDs left: 7
IIDs right: 7
Doing step: 191/500
IIDs left: 7
IIDs right: 7
Doing step: 192/500
IIDs left: 7
IIDs right: 7
Doing step: 193/500
IIDs left: 7
IIDs right: 7
Doing step: 194/500
IIDs left: 7
IIDs right: 7
Doing step: 195/500
IIDs left: 7
IIDs right: 7
Doing step: 196/500
IIDs left: 7
IIDs right: 7
Doing step: 197/500
IIDs left: 7
IIDs right: 7
Doing step: 198/500
IIDs left: 7
IIDs right: 7
Doing step: 199/500
IIDs left: 7
IIDs right: 7
Doing step: 200/500
IIDs left: 7
IIDs right: 7
Doing step: 201/500
IIDs left: 7
IIDs right: 7
Doing step: 202/500
IIDs left: 7
IIDs right: 7
Doing step: 203/500
IIDs left: 7
IIDs right: 7
Doing step: 204/500
IIDs left: 7
IIDs right: 7
Doing step: 205/500
IIDs left: 7
IIDs right: 7
Doing step: 206/500
IIDs left: 7
IIDs right: 7
Doing step: 207/500
IIDs left: 7
IIDs right: 7
Doing step: 208/500
IIDs left: 7
IIDs right: 7
Doing step: 209/500
IIDs left: 7
IIDs right: 7
Doing step: 210/500
IIDs left: 7
IIDs right: 7
Doing step: 211/500
IIDs left: 7
IIDs right: 7
Doing step: 212/500
IIDs left: 7
IIDs right: 7
Doing step: 213/500
IIDs left: 7
IIDs right: 7
Doing step: 214/500
IIDs left: 7
IIDs right: 7
Doing step: 215/500
IIDs left: 7
IIDs right: 7
Doing step: 216/500
IIDs left: 7
IIDs right: 7
Doing step: 217/500
IIDs left: 7
IIDs right: 7
Doing step: 218/500
IIDs left: 7
IIDs right: 7
Doing step: 219/500
IIDs left: 7
IIDs right: 7
Doing step: 220/500
IIDs left: 7
IIDs right: 7
Doing step: 221/500
IIDs left: 7
IIDs right: 7
Doing step: 222/500
IIDs left: 7
IIDs right: 7
Doing step: 223/500
IIDs left: 7
IIDs right: 7
Doing step: 224/500
IIDs left: 7
IIDs right: 7
Doing step: 225/500
IIDs left: 7
IIDs right: 7
Doing step: 226/500
IIDs left: 7
IIDs right: 7
Doing step: 227/500
IIDs left: 7
IIDs right: 7
Doing step: 228/500
IIDs left: 7
IIDs right: 7
Doing step: 229/500
IIDs left: 7
IIDs right: 7
Doing step: 230/500
IIDs left: 7
IIDs right: 7
Doing step: 231/500
IIDs left: 7
IIDs right: 7
Doing step: 232/500
IIDs left: 7
IIDs right: 7
Doing step: 233/500
IIDs left: 7
IIDs right: 7
Doing step: 234/500
IIDs left: 7
IIDs right: 7
Doing step: 235/500
IIDs left: 7
IIDs right: 7
Doing step: 236/500
IIDs left: 6
IIDs right: 6
Doing step: 237/500
IIDs left: 6
IIDs right: 6
Doing step: 238/500
IIDs left: 6
IIDs right: 6
Doing step: 239/500
IIDs left: 6
IIDs right: 6
Doing step: 240/500
IIDs left: 6
IIDs right: 6
Doing step: 241/500
IIDs left: 6
IIDs right: 6
Doing step: 242/500
IIDs left: 6
IIDs right: 6
Doing step: 243/500
IIDs left: 6
IIDs right: 6
Doing step: 244/500
IIDs left: 6
IIDs right: 6
Doing step: 245/500
IIDs left: 6
IIDs right: 6
Doing step: 246/500
IIDs left: 6
IIDs right: 6
Doing step: 247/500
IIDs left: 6
IIDs right: 6
Doing step: 248/500
IIDs left: 6
IIDs right: 6
Doing step: 249/500
IIDs left: 6
IIDs right: 6
Doing step: 250/500
IIDs left: 6
IIDs right: 6
Doing step: 251/500
IIDs left: 6
IIDs right: 6
Doing step: 252/500
IIDs left: 6
IIDs right: 6
Doing step: 253/500
IIDs left: 6
IIDs right: 6
Doing step: 254/500
IIDs left: 6
IIDs right: 6
Doing step: 255/500
IIDs left: 6
IIDs right: 6
Doing step: 256/500
IIDs left: 6
IIDs right: 6
Doing step: 257/500
IIDs left: 6
IIDs right: 6
Doing step: 258/500
IIDs left: 6
IIDs right: 6
Doing step: 259/500
IIDs left: 6
IIDs right: 6
Doing step: 260/500
IIDs left: 6
IIDs right: 6
Doing step: 261/500
IIDs left: 6
IIDs right: 6
Doing step: 262/500
IIDs left: 6
IIDs right: 6
Doing step: 263/500
IIDs left: 6
IIDs right: 6
Doing step: 264/500
IIDs left: 6
IIDs right: 6
Doing step: 265/500
IIDs left: 6
IIDs right: 6
Doing step: 266/500
IIDs left: 6
IIDs right: 6
Doing step: 267/500
IIDs left: 6
IIDs right: 6
Doing step: 268/500
IIDs left: 6
IIDs right: 6
Doing step: 269/500
IIDs left: 6
IIDs right: 6
Doing step: 270/500
IIDs left: 6
IIDs right: 6
Doing step: 271/500
IIDs left: 6
IIDs right: 6
Doing step: 272/500
IIDs left: 6
IIDs right: 6
Doing step: 273/500
IIDs left: 6
IIDs right: 6
Doing step: 274/500
IIDs left: 6
IIDs right: 6
Doing step: 275/500
IIDs left: 6
IIDs right: 6
Doing step: 276/500
IIDs left: 6
IIDs right: 6
Doing step: 277/500
IIDs left: 6
IIDs right: 6
Doing step: 278/500
IIDs left: 6
IIDs right: 6
Doing step: 279/500
IIDs left: 6
IIDs right: 6
Doing step: 280/500
IIDs left: 6
IIDs right: 6
Doing step: 281/500
IIDs left: 6
IIDs right: 6
Doing step: 282/500
IIDs left: 6
IIDs right: 6
Doing step: 283/500
IIDs left: 6
IIDs right: 6
Doing step: 284/500
IIDs left: 6
IIDs right: 6
Doing step: 285/500
IIDs left: 6
IIDs right: 6
Doing step: 286/500
IIDs left: 6
IIDs right: 6
Doing step: 287/500
IIDs left: 6
IIDs right: 6
Doing step: 288/500
IIDs left: 6
IIDs right: 6
Doing step: 289/500
IIDs left: 6
IIDs right: 6
Doing step: 290/500
IIDs left: 6
IIDs right: 6
Doing step: 291/500
IIDs left: 6
IIDs right: 6
Doing step: 292/500
IIDs left: 6
IIDs right: 6
Doing step: 293/500
IIDs left: 6
IIDs right: 6
Doing step: 294/500
IIDs left: 6
IIDs right: 6
Doing step: 295/500
IIDs left: 6
IIDs right: 6
Doing step: 296/500
IIDs left: 6
IIDs right: 6
Doing step: 297/500
IIDs left: 6
IIDs right: 6
Doing step: 298/500
IIDs left: 6
IIDs right: 6
Doing step: 299/500
IIDs left: 6
IIDs right: 6
Doing step: 300/500
IIDs left: 6
IIDs right: 6
Doing step: 301/500
IIDs left: 6
IIDs right: 6
Doing step: 302/500
IIDs left: 6
IIDs right: 6
Doing step: 303/500
IIDs left: 6
IIDs right: 6
Doing step: 304/500
IIDs left: 6
IIDs right: 6
Doing step: 305/500
IIDs left: 6
IIDs right: 6
Doing step: 306/500
IIDs left: 6
IIDs right: 6
Doing step: 307/500
IIDs left: 6
IIDs right: 6
Doing step: 308/500
IIDs left: 6
IIDs right: 6
Doing step: 309/500
IIDs left: 6
IIDs right: 6
Doing step: 310/500
IIDs left: 6
IIDs right: 6
Doing step: 311/500
IIDs left: 6
IIDs right: 6
Doing step: 312/500
IIDs left: 6
IIDs right: 6
Doing step: 313/500
IIDs left: 6
IIDs right: 6
Doing step: 314/500
IIDs left: 6
IIDs right: 6
Doing step: 315/500
IIDs left: 6
IIDs right: 6
Doing step: 316/500
IIDs left: 6
IIDs right: 6
Doing step: 317/500
IIDs left: 6
IIDs right: 6
Doing step: 318/500
IIDs left: 6
IIDs right: 6
Doing step: 319/500
IIDs left: 6
IIDs right: 6
Doing step: 320/500
IIDs left: 6
IIDs right: 6
Doing step: 321/500
IIDs left: 6
IIDs right: 6
Doing step: 322/500
IIDs left: 6
IIDs right: 6
Doing step: 323/500
IIDs left: 6
IIDs right: 6
Doing step: 324/500
IIDs left: 6
IIDs right: 6
Doing step: 325/500
IIDs left: 6
IIDs right: 6
Doing step: 326/500
IIDs left: 6
IIDs right: 6
Doing step: 327/500
IIDs left: 6
IIDs right: 6
Doing step: 328/500
IIDs left: 6
IIDs right: 6
Doing step: 329/500
IIDs left: 6
IIDs right: 6
Doing step: 330/500
IIDs left: 5
IIDs right: 5
Doing step: 331/500
IIDs left: 5
IIDs right: 5
Doing step: 332/500
IIDs left: 5
IIDs right: 5
Doing step: 333/500
IIDs left: 5
IIDs right: 5
Doing step: 334/500
IIDs left: 5
IIDs right: 5
Doing step: 335/500
IIDs left: 5
IIDs right: 5
Doing step: 336/500
IIDs left: 5
IIDs right: 5
Doing step: 337/500
IIDs left: 5
IIDs right: 5
Doing step: 338/500
IIDs left: 5
IIDs right: 5
Doing step: 339/500
IIDs left: 5
IIDs right: 5
Doing step: 340/500
IIDs left: 5
IIDs right: 5
Doing step: 341/500
IIDs left: 5
IIDs right: 5
Doing step: 342/500
IIDs left: 5
IIDs right: 5
Doing step: 343/500
IIDs left: 5
IIDs right: 5
Doing step: 344/500
IIDs left: 5
IIDs right: 5
Doing step: 345/500
IIDs left: 5
IIDs right: 5
Doing step: 346/500
IIDs left: 5
IIDs right: 5
Doing step: 347/500
IIDs left: 5
IIDs right: 5
Doing step: 348/500
IIDs left: 5
IIDs right: 5
Doing step: 349/500
IIDs left: 5
IIDs right: 5
Doing step: 350/500
IIDs left: 5
IIDs right: 5
Doing step: 351/500
IIDs left: 5
IIDs right: 5
Doing step: 352/500
IIDs left: 5
IIDs right: 5
Doing step: 353/500
IIDs left: 5
IIDs right: 5
Doing step: 354/500
IIDs left: 5
IIDs right: 5
Doing step: 355/500
IIDs left: 5
IIDs right: 5
Doing step: 356/500
IIDs left: 5
IIDs right: 5
Doing step: 357/500
IIDs left: 5
IIDs right: 5
Doing step: 358/500
IIDs left: 5
IIDs right: 5
Doing step: 359/500
IIDs left: 5
IIDs right: 5
Doing step: 360/500
IIDs left: 5
IIDs right: 5
Doing step: 361/500
IIDs left: 5
IIDs right: 5
Doing step: 362/500
IIDs left: 5
IIDs right: 5
Doing step: 363/500
IIDs left: 5
IIDs right: 5
Doing step: 364/500
IIDs left: 5
IIDs right: 5
Doing step: 365/500
IIDs left: 5
IIDs right: 5
Doing step: 366/500
IIDs left: 5
IIDs right: 5
Doing step: 367/500
IIDs left: 5
IIDs right: 5
Doing step: 368/500
IIDs left: 5
IIDs right: 5
Doing step: 369/500
IIDs left: 5
IIDs right: 5
Doing step: 370/500
IIDs left: 5
IIDs right: 5
Doing step: 371/500
IIDs left: 5
IIDs right: 5
Doing step: 372/500
IIDs left: 5
IIDs right: 5
Doing step: 373/500
IIDs left: 5
IIDs right: 5
Doing step: 374/500
IIDs left: 5
IIDs right: 5
Doing step: 375/500
IIDs left: 5
IIDs right: 5
Doing step: 376/500
IIDs left: 5
IIDs right: 5
Doing step: 377/500
IIDs left: 5
IIDs right: 5
Doing step: 378/500
IIDs left: 5
IIDs right: 5
Doing step: 379/500
IIDs left: 5
IIDs right: 5
Doing step: 380/500
IIDs left: 5
IIDs right: 5
Doing step: 381/500
IIDs left: 5
IIDs right: 5
Doing step: 382/500
IIDs left: 5
IIDs right: 5
Doing step: 383/500
IIDs left: 5
IIDs right: 5
Doing step: 384/500
IIDs left: 5
IIDs right: 5
Doing step: 385/500
IIDs left: 5
IIDs right: 5
Doing step: 386/500
IIDs left: 5
IIDs right: 5
Doing step: 387/500
IIDs left: 5
IIDs right: 5
Doing step: 388/500
IIDs left: 5
IIDs right: 5
Doing step: 389/500
IIDs left: 5
IIDs right: 5
Doing step: 390/500
IIDs left: 5
IIDs right: 5
Doing step: 391/500
IIDs left: 5
IIDs right: 5
Doing step: 392/500
IIDs left: 5
IIDs right: 5
Doing step: 393/500
IIDs left: 5
IIDs right: 5
Doing step: 394/500
IIDs left: 5
IIDs right: 5
Doing step: 395/500
IIDs left: 5
IIDs right: 5
Doing step: 396/500
IIDs left: 5
IIDs right: 5
Doing step: 397/500
IIDs left: 5
IIDs right: 5
Doing step: 398/500
IIDs left: 5
IIDs right: 5
Doing step: 399/500
IIDs left: 5
IIDs right: 5
Doing step: 400/500
IIDs left: 5
IIDs right: 5
Doing step: 401/500
IIDs left: 5
IIDs right: 5
Doing step: 402/500
IIDs left: 5
IIDs right: 5
Doing step: 403/500
IIDs left: 5
IIDs right: 5
Doing step: 404/500
IIDs left: 5
IIDs right: 5
Doing step: 405/500
IIDs left: 5
IIDs right: 5
Doing step: 406/500
IIDs left: 5
IIDs right: 5
Doing step: 407/500
IIDs left: 5
IIDs right: 5
Doing step: 408/500
IIDs left: 5
IIDs right: 5
Doing step: 409/500
IIDs left: 5
IIDs right: 5
Doing step: 410/500
IIDs left: 5
IIDs right: 5
Doing step: 411/500
IIDs left: 5
IIDs right: 5
Doing step: 412/500
IIDs left: 5
IIDs right: 5
Doing step: 413/500
IIDs left: 5
IIDs right: 5
Doing step: 414/500
IIDs left: 5
IIDs right: 5
Doing step: 415/500
IIDs left: 5
IIDs right: 5
Doing step: 416/500
IIDs left: 5
IIDs right: 5
Doing step: 417/500
IIDs left: 5
IIDs right: 5
Doing step: 418/500
IIDs left: 5
IIDs right: 5
Doing step: 419/500
IIDs left: 5
IIDs right: 5
Doing step: 420/500
IIDs left: 5
IIDs right: 5
Doing step: 421/500
IIDs left: 5
IIDs right: 5
Doing step: 422/500
IIDs left: 5
IIDs right: 5
Doing step: 423/500
IIDs left: 5
IIDs right: 5
Doing step: 424/500
IIDs left: 5
IIDs right: 5
Doing step: 425/500
IIDs left: 5
IIDs right: 5
Doing step: 426/500
IIDs left: 5
IIDs right: 5
Doing step: 427/500
IIDs left: 5
IIDs right: 5
Doing step: 428/500
IIDs left: 5
IIDs right: 5
Doing step: 429/500
IIDs left: 5
IIDs right: 5
Doing step: 430/500
IIDs left: 5
IIDs right: 5
Doing step: 431/500
IIDs left: 5
IIDs right: 5
Doing step: 432/500
IIDs left: 5
IIDs right: 5
Doing step: 433/500
IIDs left: 5
IIDs right: 5
Doing step: 434/500
IIDs left: 5
IIDs right: 5
Doing step: 435/500
IIDs left: 5
IIDs right: 5
Doing step: 436/500
IIDs left: 5
IIDs right: 5
Doing step: 437/500
IIDs left: 5
IIDs right: 5
Doing step: 438/500
IIDs left: 5
IIDs right: 5
Doing step: 439/500
IIDs left: 5
IIDs right: 5
Doing step: 440/500
IIDs left: 5
IIDs right: 5
Doing step: 441/500
IIDs left: 5
IIDs right: 5
Doing step: 442/500
IIDs left: 5
IIDs right: 5
Doing step: 443/500
IIDs left: 5
IIDs right: 5
Doing step: 444/500
IIDs left: 5
IIDs right: 5
Doing step: 445/500
IIDs left: 5
IIDs right: 5
Doing step: 446/500
IIDs left: 5
IIDs right: 5
Doing step: 447/500
IIDs left: 5
IIDs right: 5
Doing step: 448/500
IIDs left: 5
IIDs right: 5
Doing step: 449/500
IIDs left: 5
IIDs right: 5
Doing step: 450/500
IIDs left: 5
IIDs right: 5
Doing step: 451/500
IIDs left: 5
IIDs right: 5
Doing step: 452/500
IIDs left: 5
IIDs right: 5
Doing step: 453/500
IIDs left: 5
IIDs right: 5
Doing step: 454/500
IIDs left: 5
IIDs right: 5
Doing step: 455/500
IIDs left: 5
IIDs right: 5
Doing step: 456/500
IIDs left: 5
IIDs right: 5
Doing step: 457/500
IIDs left: 5
IIDs right: 5
Doing step: 458/500
IIDs left: 5
IIDs right: 5
Doing step: 459/500
IIDs left: 5
IIDs right: 5
Doing step: 460/500
IIDs left: 5
IIDs right: 5
Doing step: 461/500
IIDs left: 5
IIDs right: 5
Doing step: 462/500
IIDs left: 5
IIDs right: 5
Doing step: 463/500
IIDs left: 5
IIDs right: 5
Doing step: 464/500
IIDs left: 5
IIDs right: 5
Doing step: 465/500
IIDs left: 5
IIDs right: 5
Doing step: 466/500
IIDs left: 5
IIDs right: 5
Doing step: 467/500
IIDs left: 5
IIDs right: 5
Doing step: 468/500
IIDs left: 5
IIDs right: 5
Doing step: 469/500
IIDs left: 5
IIDs right: 5
Doing step: 470/500
IIDs left: 5
IIDs right: 5
Doing step: 471/500
IIDs left: 5
IIDs right: 5
Doing step: 472/500
IIDs left: 5
IIDs right: 5
Doing step: 473/500
IIDs left: 5
IIDs right: 5
Doing step: 474/500
IIDs left: 5
IIDs right: 5
Doing step: 475/500
IIDs left: 5
IIDs right: 5
Doing step: 476/500
IIDs left: 5
IIDs right: 5
Doing step: 477/500
IIDs left: 5
IIDs right: 5
Doing step: 478/500
IIDs left: 5
IIDs right: 5
Doing step: 479/500
IIDs left: 5
IIDs right: 5
Doing step: 480/500
IIDs left: 5
IIDs right: 5
Doing step: 481/500
IIDs left: 5
IIDs right: 5
Doing step: 482/500
IIDs left: 5
IIDs right: 5
Doing step: 483/500
IIDs left: 5
IIDs right: 5
Doing step: 484/500
IIDs left: 5
IIDs right: 5
Doing step: 485/500
IIDs left: 5
IIDs right: 5
Doing step: 486/500
IIDs left: 5
IIDs right: 5
Doing step: 487/500
IIDs left: 5
IIDs right: 5
Doing step: 488/500
IIDs left: 5
IIDs right: 5
Doing step: 489/500
IIDs left: 5
IIDs right: 5
Doing step: 490/500
IIDs left: 5
IIDs right: 5
Doing step: 491/500
IIDs left: 5
IIDs right: 5
Doing step: 492/500
IIDs left: 5
IIDs right: 5
Doing step: 493/500
IIDs left: 4
IIDs right: 4
Doing step: 494/500
IIDs left: 4
IIDs right: 4
Doing step: 495/500
IIDs left: 4
IIDs right: 4
Doing step: 496/500
IIDs left: 4
IIDs right: 4
Doing step: 497/500
IIDs left: 4
IIDs right: 4
Doing step: 498/500
IIDs left: 4
IIDs right: 4
Doing step: 499/500
IIDs left: 4
IIDs right: 4
Time elapsed: 198.439 seconds
IBD Blocks found: 15947
Length of Reduced Start List: 24
Total Block Nr. for Analysis: 13528
Initializing MLE-Object with Start Parameters: 
[100, 100, 0.5, 0.5, 0.5]
Barrier Pos.:
[100, 100]
Barrier Angle:
0
Transformed Position List:
[[ 98 102]
 [106 102]
 [ 94  94]
 [ 98 106]
 [110 106]
 [ 90  98]
 [110  98]
 [110  94]
 [ 94 106]
 [ 94 102]
 [106  94]
 [102 102]
 [ 98  94]
 [ 94  98]
 [ 90  94]
 [ 90 106]
 [110 102]
 [106 106]
 [102 106]
 [102  94]
 [102  98]
 [ 98  98]
 [ 90 102]
 [106  98]]
Step: 0.8432
L: 44.0000
Barycentric Coordinates:
  (1075, 0)	0.2335714762339999
  (1076, 0)	0.3946023267290085
  (1119, 0)	0.1382547208029917
  (1120, 0)	0.2335714762339999
  (1085, 1)	0.5556331772240176
  (1086, 1)	0.07254062573899074
  (1129, 1)	0.3288882316650084
  (1130, 1)	0.042937965371983175
  (630, 2)	0.013335305004975503
  (631, 2)	0.10214328610599842
  (674, 2)	0.10214328610599842
  (675, 2)	0.7823781227830277
  (1295, 3)	0.3288882316650084
  (1296, 3)	0.5556331772240176
  (1339, 3)	0.042937965371983175
  (1340, 3)	0.07254062573899074
  (1309, 4)	0.1246016594530116
  (1310, 4)	0.7599197494360145
  (1353, 4)	0.016267355362032165
  (1354, 4)	0.09921123574894175
  (846, 5)	0.31944740697796625
  (847, 5)	0.052378790059025356
  (890, 5)	0.53968357820699
  (891, 5)	0.08849022475601842
  (869, 6)	0.052378790059025356
  :	:
  (1350, 17)	0.013335305004975503
  (1300, 18)	0.5556331772240176
  (1301, 18)	0.3288882316650084
  (1344, 18)	0.07254062573899074
  (1345, 18)	0.042937965371983175
  (640, 19)	0.07254062573899074
  (641, 19)	0.042937965371983175
  (684, 19)	0.5556331772240176
  (685, 19)	0.3288882316650084
  (860, 20)	0.2335714762339999
  (861, 20)	0.1382547208029917
  (904, 20)	0.3946023267290085
  (905, 20)	0.2335714762339999
  (855, 21)	0.1382547208029917
  (856, 21)	0.2335714762339999
  (899, 21)	0.2335714762339999
  (900, 21)	0.3946023267290085
  (1066, 22)	0.53968357820699
  (1067, 22)	0.08849022475601842
  (1110, 22)	0.31944740697796625
  (1111, 22)	0.052378790059025356
  (865, 23)	0.3288882316650084
  (866, 23)	0.042937965371983175
  (909, 23)	0.5556331772240176
  (910, 23)	0.07254062573899074
Doing fit...
nl: 100.0000
nr: 100.0000
sigma_l: 0.5000
sigma_r: 0.5000
beta: 0.5000
Time for calculation: 0.8873
Total log likelihood: -73930.4790
nl: 105.0000
nr: 100.0000
sigma_l: 0.5000
sigma_r: 0.5000
beta: 0.5000
Time for calculation: 0.8885
Total log likelihood: -73897.7016
nl: 100.0000
nr: 105.0000
sigma_l: 0.5000
sigma_r: 0.5000
beta: 0.5000
Time for calculation: 0.8981
Total log likelihood: -73957.5490
nl: 100.0000
nr: 100.0000
sigma_l: 0.5250
sigma_r: 0.5000
beta: 0.5000
Time for calculation: 0.9112
Total log likelihood: -73735.4182
nl: 100.0000
nr: 100.0000
sigma_l: 0.5000
sigma_r: 0.5250
beta: 0.5000
Time for calculation: 0.9127
Total log likelihood: -73624.1105
nl: 100.0000
nr: 100.0000
sigma_l: 0.5000
sigma_r: 0.5000
beta: 0.5250
Time for calculation: 0.9222
Total log likelihood: -73997.4009
nl: 102.0000
nr: 102.0000
sigma_l: 0.5100
sigma_r: 0.5100
beta: 0.4750
Time for calculation: 0.9261
Total log likelihood: -73754.7317
nl: 102.8000
nr: 95.8000
sigma_l: 0.5140
sigma_r: 0.5140
beta: 0.4900
Time for calculation: 0.9254
Total log likelihood: -73603.2597
nl: 104.2000
nr: 91.2000
sigma_l: 0.5210
sigma_r: 0.5210
beta: 0.4850
Time for calculation: 0.9344
Total log likelihood: -73463.1355
nl: 104.4800
nr: 97.2800
sigma_l: 0.5224
sigma_r: 0.5224
beta: 0.4840
Time for calculation: 0.9181
Total log likelihood: -73442.7113
nl: 106.7200
nr: 95.9200
sigma_l: 0.5336
sigma_r: 0.5336
beta: 0.4760
Time for calculation: 0.9147
Total log likelihood: -73245.9386
nl: 100.1680
nr: 95.6480
sigma_l: 0.5358
sigma_r: 0.5358
beta: 0.4744
Time for calculation: 0.8862
Total log likelihood: -73218.7866
nl: 97.7520
nr: 93.4720
sigma_l: 0.5538
sigma_r: 0.5538
beta: 0.4616
Time for calculation: 0.8914
Total log likelihood: -72948.1995
nl: 101.4688
nr: 90.2368
sigma_l: 0.5433
sigma_r: 0.5433
beta: 0.4940
Time for calculation: 0.8625
Total log likelihood: -73108.0594
nl: 104.0563
nr: 88.3315
sigma_l: 0.5357
sigma_r: 0.5707
beta: 0.4667
Time for calculation: 0.8697
Total log likelihood: -72918.7346
nl: 106.0845
nr: 82.4973
sigma_l: 0.5410
sigma_r: 0.6060
beta: 0.4500
Time for calculation: 1.0562
Total log likelihood: -72719.1604
nl: 106.4901
nr: 81.3304
sigma_l: 0.5771
sigma_r: 0.5781
beta: 0.4466
Time for calculation: 0.8828
Total log likelihood: -72653.3221
nl: 109.7352
nr: 71.9956
sigma_l: 0.6156
sigma_r: 0.6046
beta: 0.4200
Time for calculation: 1.0479
Total log likelihood: -72452.8898
nl: 104.5042
nr: 82.4487
sigma_l: 0.5939
sigma_r: 0.6155
beta: 0.4356
Time for calculation: 1.0809
Total log likelihood: -72358.1294
nl: 104.6563
nr: 78.0730
sigma_l: 0.6304
sigma_r: 0.6628
beta: 0.4110
Time for calculation: 1.0566
Total log likelihood: -72114.6843
nl: 101.1587
nr: 70.5899
sigma_l: 0.6201
sigma_r: 0.6546
beta: 0.4186
Time for calculation: 1.0580
Total log likelihood: -72199.2853
nl: 106.2858
nr: 68.4143
sigma_l: 0.6410
sigma_r: 0.6894
beta: 0.3704
Time for calculation: 1.0627
Total log likelihood: -72221.4708
nl: 113.4162
nr: 55.1561
sigma_l: 0.6655
sigma_r: 0.7332
beta: 0.3664
Time for calculation: 1.0670
Total log likelihood: -72577.3200
nl: 108.0164
nr: 55.1943
sigma_l: 0.7280
sigma_r: 0.7319
beta: 0.3446
Time for calculation: 1.0776
Total log likelihood: -72260.8326
nl: 98.5248
nr: 82.5508
sigma_l: 0.6286
sigma_r: 0.6041
beta: 0.4194
Time for calculation: 1.0610
Total log likelihood: -72301.2101
nl: 97.7216
nr: 69.9333
sigma_l: 0.6836
sigma_r: 0.7325
beta: 0.3656
Time for calculation: 1.0752
Total log likelihood: -71956.4179
nl: 91.7148
nr: 68.9022
sigma_l: 0.7176
sigma_r: 0.7964
beta: 0.3384
Time for calculation: 1.0569
Total log likelihood: -71975.3350
nl: 108.6108
nr: 54.3312
sigma_l: 0.6927
sigma_r: 0.7844
beta: 0.3446
Time for calculation: 1.0874
Total log likelihood: -72392.5713
nl: 101.0463
nr: 75.4959
sigma_l: 0.6446
sigma_r: 0.6492
beta: 0.4007
Time for calculation: 1.0858
Total log likelihood: -72110.2209
nl: 96.3311
nr: 89.8083
sigma_l: 0.5598
sigma_r: 0.6235
beta: 0.4420
Time for calculation: 1.0685
Total log likelihood: -72462.2170
nl: 105.0951
nr: 63.8478
sigma_l: 0.6860
sigma_r: 0.7048
beta: 0.3689
Time for calculation: 1.0765
Total log likelihood: -72087.4271
nl: 97.5853
nr: 74.7616
sigma_l: 0.6649
sigma_r: 0.6722
beta: 0.4155
Time for calculation: 1.0558
Total log likelihood: -71914.5238
nl: 93.2350
nr: 77.9353
sigma_l: 0.6768
sigma_r: 0.6635
beta: 0.4381
Time for calculation: 1.0709
Total log likelihood: -71858.8013
nl: 99.5430
nr: 75.5242
sigma_l: 0.7085
sigma_r: 0.7105
beta: 0.3751
Time for calculation: 1.0575
Total log likelihood: -71960.3183
nl: 94.0001
nr: 67.0216
sigma_l: 0.7294
sigma_r: 0.7214
beta: 0.3684
Time for calculation: 1.0690
Total log likelihood: -71823.3348
nl: 88.6720
nr: 61.4959
sigma_l: 0.7788
sigma_r: 0.7506
beta: 0.3471
Time for calculation: 1.0575
Total log likelihood: -71775.4413
nl: 92.6604
nr: 63.9987
sigma_l: 0.7689
sigma_r: 0.7756
beta: 0.3572
Time for calculation: 1.0556
Total log likelihood: -71785.9559
nl: 83.6378
nr: 75.7072
sigma_l: 0.7606
sigma_r: 0.7483
beta: 0.3843
Time for calculation: 1.0484
Total log likelihood: -71682.9824
nl: 72.9092
nr: 81.6369
sigma_l: 0.7980
sigma_r: 0.7701
beta: 0.3921
Time for calculation: 1.0764
Total log likelihood: -71732.1150
nl: 82.8278
nr: 64.1039
sigma_l: 0.7590
sigma_r: 0.7578
beta: 0.3819
Time for calculation: 1.0547
Total log likelihood: -71629.2619
nl: 74.4701
nr: 58.3938
sigma_l: 0.7843
sigma_r: 0.7814
beta: 0.3852
Time for calculation: 1.0860
Total log likelihood: -71654.6214
nl: 78.6916
nr: 67.3631
sigma_l: 0.8141
sigma_r: 0.7459
beta: 0.3978
Time for calculation: 1.3022
Total log likelihood: -71584.6758
nl: 69.1766
nr: 66.0780
sigma_l: 0.8793
sigma_r: 0.7525
beta: 0.4139
Time for calculation: 1.3169
Total log likelihood: -71717.8943
nl: 77.3608
nr: 55.1322
sigma_l: 0.8758
sigma_r: 0.8477
beta: 0.3093
Time for calculation: 1.3072
Total log likelihood: -71803.5615
nl: 81.3294
nr: 60.8330
sigma_l: 0.8260
sigma_r: 0.8017
beta: 0.3415
Time for calculation: 1.3010
Total log likelihood: -71695.2827
nl: 73.4030
nr: 67.8025
sigma_l: 0.8066
sigma_r: 0.7461
beta: 0.3839
Time for calculation: 1.2975
Total log likelihood: -71597.1682
nl: 71.2838
nr: 72.8280
sigma_l: 0.8077
sigma_r: 0.7692
beta: 0.4086
Time for calculation: 1.3058
Total log likelihood: -71619.9498
nl: 74.6082
nr: 78.2889
sigma_l: 0.7531
sigma_r: 0.7052
beta: 0.4411
Time for calculation: 1.0488
Total log likelihood: -71812.0205
nl: 79.6491
nr: 65.1970
sigma_l: 0.8078
sigma_r: 0.7776
beta: 0.3664
Time for calculation: 1.3095
Total log likelihood: -71606.9401
nl: 70.7043
nr: 59.2106
sigma_l: 0.8374
sigma_r: 0.7703
beta: 0.3911
Time for calculation: 1.3006
Total log likelihood: -71635.2139
nl: 73.9377
nr: 63.3347
sigma_l: 0.8182
sigma_r: 0.7648
beta: 0.3894
Time for calculation: 1.3034
Total log likelihood: -71576.1768
nl: 67.9583
nr: 70.5062
sigma_l: 0.8627
sigma_r: 0.7637
beta: 0.3966
Time for calculation: 1.3249
Total log likelihood: -71683.0015
nl: 79.1104
nr: 65.7045
sigma_l: 0.7849
sigma_r: 0.7592
beta: 0.3855
Time for calculation: 1.0609
Total log likelihood: -71579.4786
nl: 82.6329
nr: 58.9327
sigma_l: 0.8049
sigma_r: 0.7482
beta: 0.3606
Time for calculation: 1.3077
Total log likelihood: -71676.4368
nl: 74.1211
nr: 69.3542
sigma_l: 0.8070
sigma_r: 0.7640
beta: 0.3966
Time for calculation: 1.3044
Total log likelihood: -71574.0343
nl: 72.0564
nr: 68.2266
sigma_l: 0.8045
sigma_r: 0.7344
beta: 0.4149
Time for calculation: 1.3205
Total log likelihood: -71672.6561
nl: 77.7509
nr: 65.9544
sigma_l: 0.8070
sigma_r: 0.7668
beta: 0.3785
Time for calculation: 1.3165
Total log likelihood: -71575.6215
nl: 80.0417
nr: 64.8818
sigma_l: 0.8059
sigma_r: 0.7742
beta: 0.3953
Time for calculation: 1.3044
Total log likelihood: -71575.3386
nl: 75.2931
nr: 64.3288
sigma_l: 0.7952
sigma_r: 0.7857
beta: 0.3803
Time for calculation: 1.0685
Total log likelihood: -71553.8860
nl: 73.5938
nr: 62.8116
sigma_l: 0.7857
sigma_r: 0.8057
beta: 0.3715
Time for calculation: 1.2974
Total log likelihood: -71552.0754
nl: 72.6677
nr: 64.8302
sigma_l: 0.8246
sigma_r: 0.7909
beta: 0.3870
Time for calculation: 1.3303
Total log likelihood: -71551.1749
nl: 69.4463
nr: 64.3931
sigma_l: 0.8444
sigma_r: 0.8068
beta: 0.3877
Time for calculation: 1.3125
Total log likelihood: -71562.7565
nl: 77.3324
nr: 67.7981
sigma_l: 0.7939
sigma_r: 0.7958
beta: 0.3822
Time for calculation: 1.0796
Total log likelihood: -71556.3974
nl: 73.3517
nr: 65.9160
sigma_l: 0.7999
sigma_r: 0.8054
beta: 0.3945
Time for calculation: 1.3057
Total log likelihood: -71544.9398
nl: 71.1521
nr: 65.8968
sigma_l: 0.7963
sigma_r: 0.8247
beta: 0.4025
Time for calculation: 1.3099
Total log likelihood: -71563.8130
nl: 68.3850
nr: 67.4022
sigma_l: 0.7985
sigma_r: 0.8105
beta: 0.3775
Time for calculation: 1.3058
Total log likelihood: -71557.1372
nl: 72.0111
nr: 62.1491
sigma_l: 0.7940
sigma_r: 0.8394
beta: 0.3685
Time for calculation: 1.3087
Total log likelihood: -71550.0517
nl: 79.1977
nr: 61.9998
sigma_l: 0.8007
sigma_r: 0.8043
beta: 0.3841
Time for calculation: 1.3062
Total log likelihood: -71591.4843
nl: 71.0882
nr: 66.0516
sigma_l: 0.7991
sigma_r: 0.8090
beta: 0.3791
Time for calculation: 1.3337
Total log likelihood: -71541.5494
nl: 67.7526
nr: 60.9053
sigma_l: 0.8074
sigma_r: 0.8243
beta: 0.3781
Time for calculation: 1.2995
Total log likelihood: -71557.2232
nl: 74.9374
nr: 66.0749
sigma_l: 0.7973
sigma_r: 0.8029
beta: 0.3812
Time for calculation: 1.3200
Total log likelihood: -71544.7176
nl: 72.0286
nr: 67.1971
sigma_l: 0.8202
sigma_r: 0.8134
beta: 0.3926
Time for calculation: 1.3145
Total log likelihood: -71544.3832
nl: 72.6992
nr: 66.1253
sigma_l: 0.7796
sigma_r: 0.8371
beta: 0.3793
Time for calculation: 1.3039
Total log likelihood: -71541.9409
nl: 73.6309
nr: 70.3969
sigma_l: 0.8044
sigma_r: 0.7878
beta: 0.4022
Time for calculation: 1.3108
Total log likelihood: -71558.4239
nl: 72.4161
nr: 64.2110
sigma_l: 0.7966
sigma_r: 0.8265
beta: 0.3769
Time for calculation: 1.3470
Total log likelihood: -71539.8834
nl: 71.9161
nr: 65.9480
sigma_l: 0.7972
sigma_r: 0.8301
beta: 0.3691
Time for calculation: 1.3136
Total log likelihood: -71551.8680
nl: 72.9928
nr: 65.9240
sigma_l: 0.7992
sigma_r: 0.8116
beta: 0.3882
Time for calculation: 1.3211
Total log likelihood: -71538.6670
nl: 69.5525
nr: 65.7287
sigma_l: 0.8006
sigma_r: 0.8361
beta: 0.3853
Time for calculation: 1.3043
Total log likelihood: -71540.7568
nl: 71.4708
nr: 64.0191
sigma_l: 0.7698
sigma_r: 0.8347
beta: 0.3710
Time for calculation: 1.3099
Total log likelihood: -71547.5791
nl: 71.8892
nr: 66.4026
sigma_l: 0.8076
sigma_r: 0.8187
beta: 0.3872
Time for calculation: 1.3020
Total log likelihood: -71538.3661
nl: 70.4763
nr: 65.2019
sigma_l: 0.8217
sigma_r: 0.8036
beta: 0.3873
Time for calculation: 1.3034
Total log likelihood: -71550.0657
nl: 72.1435
nr: 65.8945
sigma_l: 0.7901
sigma_r: 0.8287
beta: 0.3813
Time for calculation: 1.3188
Total log likelihood: -71537.3984
nl: 72.5095
nr: 65.2127
sigma_l: 0.7986
sigma_r: 0.8397
beta: 0.3885
Time for calculation: 1.3272
Total log likelihood: -71540.5475
nl: 75.2279
nr: 65.3292
sigma_l: 0.7962
sigma_r: 0.8140
beta: 0.3835
Time for calculation: 1.3040
Total log likelihood: -71543.1734
nl: 70.9714
nr: 65.6288
sigma_l: 0.7995
sigma_r: 0.8306
beta: 0.3848
Time for calculation: 1.3096
Total log likelihood: -71537.4208
nl: 71.6557
nr: 66.0117
sigma_l: 0.7986
sigma_r: 0.8068
beta: 0.3789
Time for calculation: 1.3057
Total log likelihood: -71541.6988
nl: 72.2960
nr: 65.4125
sigma_l: 0.7986
sigma_r: 0.8314
beta: 0.3861
Time for calculation: 1.3181
Total log likelihood: -71537.5796
nl: 71.7011
nr: 67.4939
sigma_l: 0.8014
sigma_r: 0.8220
beta: 0.3941
Time for calculation: 1.3025
Total log likelihood: -71540.9668
nl: 72.2373
nr: 65.0318
sigma_l: 0.7978
sigma_r: 0.8253
beta: 0.3812
Time for calculation: 1.3033
Total log likelihood: -71537.4121
nl: 70.8221
nr: 65.4241
sigma_l: 0.7982
sigma_r: 0.8423
beta: 0.3801
Time for calculation: 1.3113
Total log likelihood: -71538.0172
nl: 71.4989
nr: 64.5540
sigma_l: 0.7861
sigma_r: 0.8446
beta: 0.3783
Time for calculation: 1.3336
Total log likelihood: -71541.3718
nl: 71.7916
nr: 65.9405
sigma_l: 0.8022
sigma_r: 0.8252
beta: 0.3849
Time for calculation: 1.3060
Total log likelihood: -71536.7884
nl: 72.9538
nr: 65.7391
sigma_l: 0.7971
sigma_r: 0.8142
beta: 0.3873
Time for calculation: 1.3031
Total log likelihood: -71538.3148
nl: 71.3550
nr: 65.5028
sigma_l: 0.7979
sigma_r: 0.8353
beta: 0.3819
Time for calculation: 1.3308
Total log likelihood: -71536.9660
nl: 71.1035
nr: 65.7869
sigma_l: 0.7964
sigma_r: 0.8266
beta: 0.3796
Time for calculation: 1.3151
Total log likelihood: -71537.4778
nl: 71.4016
nr: 65.6933
sigma_l: 0.7970
sigma_r: 0.8278
beta: 0.3812
Time for calculation: 1.3097
Total log likelihood: -71536.8256
nl: 72.6003
nr: 65.5963
sigma_l: 0.7945
sigma_r: 0.8264
beta: 0.3794
Time for calculation: 1.3227
Total log likelihood: -71538.4536
nl: 71.3786
nr: 65.6207
sigma_l: 0.7983
sigma_r: 0.8295
beta: 0.3835
Time for calculation: 1.3192
Total log likelihood: -71536.7259
nl: 70.9908
nr: 66.4289
sigma_l: 0.7964
sigma_r: 0.8333
beta: 0.3839
Time for calculation: 1.3161
Total log likelihood: -71537.4066
nl: 71.3024
nr: 66.0796
sigma_l: 0.7968
sigma_r: 0.8313
beta: 0.3833
Time for calculation: 1.3162
Total log likelihood: -71536.8149
nl: 70.7483
nr: 65.6403
sigma_l: 0.8068
sigma_r: 0.8309
beta: 0.3846
Time for calculation: 1.3124
Total log likelihood: -71538.0923
nl: 71.7947
nr: 65.8309
sigma_l: 0.7943
sigma_r: 0.8293
beta: 0.3821
Time for calculation: 1.3089
Total log likelihood: -71536.7522
nl: 71.7125
nr: 66.1632
sigma_l: 0.7975
sigma_r: 0.8220
beta: 0.3841
Time for calculation: 1.3075
Total log likelihood: -71536.9785
nl: 71.4444
nr: 65.6679
sigma_l: 0.7978
sigma_r: 0.8320
beta: 0.3824
Time for calculation: 1.3007
Total log likelihood: -71536.7071
nl: 71.6831
nr: 65.9626
sigma_l: 0.7988
sigma_r: 0.8311
beta: 0.3853
Time for calculation: 1.3028
Total log likelihood: -71536.6421
nl: 71.8238
nr: 66.0972
sigma_l: 0.7996
sigma_r: 0.8327
beta: 0.3873
Time for calculation: 1.3042
Total log likelihood: -71536.9406
nl: 71.9345
nr: 65.5294
sigma_l: 0.7998
sigma_r: 0.8275
beta: 0.3841
Time for calculation: 1.3101
Total log likelihood: -71536.7151
nl: 71.5025
nr: 65.5041
sigma_l: 0.7933
sigma_r: 0.8345
beta: 0.3820
Time for calculation: 1.3080
Total log likelihood: -71537.0802
nl: 71.7193
nr: 65.8314
sigma_l: 0.8000
sigma_r: 0.8275
beta: 0.3842
Time for calculation: 1.3160
Total log likelihood: -71536.6030
nl: 71.4693
nr: 65.6139
sigma_l: 0.8036
sigma_r: 0.8298
beta: 0.3856
Time for calculation: 1.3243
Total log likelihood: -71537.2737
nl: 71.7133
nr: 65.7767
sigma_l: 0.7966
sigma_r: 0.8294
beta: 0.3830
Time for calculation: 1.3309
Total log likelihood: -71536.5822
nl: 72.0193
nr: 65.8865
sigma_l: 0.7989
sigma_r: 0.8295
beta: 0.3841
Time for calculation: 1.3045
Total log likelihood: -71536.5003
nl: 72.3396
nr: 66.0194
sigma_l: 0.7993
sigma_r: 0.8295
beta: 0.3844
Time for calculation: 1.3267
Total log likelihood: -71536.5026
nl: 71.4973
nr: 66.1206
sigma_l: 0.7971
sigma_r: 0.8323
beta: 0.3836
Time for calculation: 1.3125
Total log likelihood: -71536.7256
nl: 71.8252
nr: 65.6772
sigma_l: 0.7991
sigma_r: 0.8287
beta: 0.3839
Time for calculation: 1.3047
Total log likelihood: -71536.5916
nl: 72.1397
nr: 65.9858
sigma_l: 0.7995
sigma_r: 0.8265
beta: 0.3858
Time for calculation: 1.3032
Total log likelihood: -71536.5240
nl: 72.0836
nr: 65.7004
sigma_l: 0.7989
sigma_r: 0.8256
beta: 0.3832
Time for calculation: 1.3172
Total log likelihood: -71536.6365
nl: 71.9835
nr: 65.7660
sigma_l: 0.7989
sigma_r: 0.8270
beta: 0.3837
Time for calculation: 1.3170
Total log likelihood: -71536.5477
nl: 72.1530
nr: 65.8055
sigma_l: 0.7972
sigma_r: 0.8289
beta: 0.3840
Time for calculation: 1.3020
Total log likelihood: -71536.5544
nl: 72.1783
nr: 66.0109
sigma_l: 0.7973
sigma_r: 0.8278
beta: 0.3843
Time for calculation: 1.3089
Total log likelihood: -71536.4533
nl: 72.3549
nr: 66.1778
sigma_l: 0.7965
sigma_r: 0.8273
beta: 0.3845
Time for calculation: 1.3298
Total log likelihood: -71536.4528
nl: 72.5468
nr: 66.0720
sigma_l: 0.7998
sigma_r: 0.8263
beta: 0.3858
Time for calculation: 1.3187
Total log likelihood: -71536.4364
nl: 72.9636
nr: 66.2196
sigma_l: 0.8014
sigma_r: 0.8247
beta: 0.3872
Time for calculation: 1.3124
Total log likelihood: -71536.4942
nl: 72.2646
nr: 66.1498
sigma_l: 0.8002
sigma_r: 0.8257
beta: 0.3856
Time for calculation: 1.3119
Total log likelihood: -71536.4503
nl: 72.5466
nr: 66.3428
sigma_l: 0.7991
sigma_r: 0.8272
beta: 0.3866
Time for calculation: 1.3101
Total log likelihood: -71536.2920
nl: 72.8281
nr: 66.6311
sigma_l: 0.7992
sigma_r: 0.8273
beta: 0.3881
Time for calculation: 1.3098
Total log likelihood: -71536.1763
nl: 72.6658
nr: 66.3810
sigma_l: 0.7983
sigma_r: 0.8279
beta: 0.3855
Time for calculation: 1.3126
Total log likelihood: -71536.3955
nl: 73.0449
nr: 66.6782
sigma_l: 0.7987
sigma_r: 0.8244
beta: 0.3876
Time for calculation: 1.3271
Total log likelihood: -71536.2354
nl: 72.9852
nr: 66.5870
sigma_l: 0.8021
sigma_r: 0.8253
beta: 0.3885
Time for calculation: 1.3113
Total log likelihood: -71536.3185
nl: 73.3637
nr: 66.7900
sigma_l: 0.7990
sigma_r: 0.8267
beta: 0.3887
Time for calculation: 1.3098
Total log likelihood: -71536.1429
nl: 73.9133
nr: 67.1101
sigma_l: 0.7984
sigma_r: 0.8272
beta: 0.3902
Time for calculation: 1.3188
Total log likelihood: -71536.0979
nl: 73.6281
nr: 67.2831
sigma_l: 0.7989
sigma_r: 0.8266
beta: 0.3902
Time for calculation: 1.3002
Total log likelihood: -71535.9605
nl: 74.1688
nr: 67.8886
sigma_l: 0.7984
sigma_r: 0.8267
beta: 0.3923
Time for calculation: 1.2981
Total log likelihood: -71535.7960
nl: 74.1103
nr: 67.5770
sigma_l: 0.8004
sigma_r: 0.8244
beta: 0.3933
Time for calculation: 1.3012
Total log likelihood: -71535.9014
nl: 74.2409
nr: 67.7670
sigma_l: 0.7960
sigma_r: 0.8267
beta: 0.3921
Time for calculation: 1.3257
Total log likelihood: -71535.8153
nl: 74.6597
nr: 68.1114
sigma_l: 0.7983
sigma_r: 0.8286
beta: 0.3947
Time for calculation: 1.3084
Total log likelihood: -71535.6269
nl: 75.4671
nr: 68.8279
sigma_l: 0.7981
sigma_r: 0.8308
beta: 0.3983
Time for calculation: 1.3387
Total log likelihood: -71535.4841
nl: 75.9320
nr: 69.0371
sigma_l: 0.7973
sigma_r: 0.8270
beta: 0.3984
Time for calculation: 1.3532
Total log likelihood: -71535.4429
nl: 77.4840
nr: 70.2401
sigma_l: 0.7963
sigma_r: 0.8269
beta: 0.4035
Time for calculation: 1.3392
Total log likelihood: -71535.3091
nl: 76.2751
nr: 69.8102
sigma_l: 0.7973
sigma_r: 0.8270
beta: 0.4016
Time for calculation: 1.3078
Total log likelihood: -71535.0622
nl: 77.4561
nr: 71.1602
sigma_l: 0.7967
sigma_r: 0.8269
beta: 0.4073
Time for calculation: 1.3172
Total log likelihood: -71534.7115
nl: 77.4165
nr: 70.7766
sigma_l: 0.7938
sigma_r: 0.8308
beta: 0.4041
Time for calculation: 1.3072
Total log likelihood: -71535.3694
nl: 78.5560
nr: 71.7904
sigma_l: 0.7974
sigma_r: 0.8301
beta: 0.4101
Time for calculation: 1.3416
Total log likelihood: -71534.7499
nl: 80.3831
nr: 73.2294
sigma_l: 0.7945
sigma_r: 0.8314
beta: 0.4170
Time for calculation: 1.3133
Total log likelihood: -71534.6513
nl: 83.4902
nr: 75.8998
sigma_l: 0.7926
sigma_r: 0.8338
beta: 0.4294
Time for calculation: 1.3177
Total log likelihood: -71534.8302
nl: 81.0511
nr: 74.0507
sigma_l: 0.7934
sigma_r: 0.8277
beta: 0.4185
Time for calculation: 1.3101
Total log likelihood: -71534.4513
nl: 83.8431
nr: 76.6621
sigma_l: 0.7911
sigma_r: 0.8261
beta: 0.4286
Time for calculation: 1.3047
Total log likelihood: -71534.2348
nl: 81.6724
nr: 74.4563
sigma_l: 0.7966
sigma_r: 0.8258
beta: 0.4225
Time for calculation: 1.3108
Total log likelihood: -71534.0601
nl: 83.8004
nr: 76.2962
sigma_l: 0.7980
sigma_r: 0.8234
beta: 0.4317
Time for calculation: 1.3036
Total log likelihood: -71533.9772
nl: 84.1315
nr: 77.4152
sigma_l: 0.7947
sigma_r: 0.8282
beta: 0.4344
Time for calculation: 1.3036
Total log likelihood: -71533.7982
nl: 87.4553
nr: 81.0027
sigma_l: 0.7940
sigma_r: 0.8289
beta: 0.4498
Time for calculation: 1.3127
Total log likelihood: -71534.3571
nl: 85.2896
nr: 78.1149
sigma_l: 0.7927
sigma_r: 0.8243
beta: 0.4375
Time for calculation: 1.3058
Total log likelihood: -71533.6197
nl: 88.6564
nr: 81.2772
sigma_l: 0.7903
sigma_r: 0.8214
beta: 0.4511
Time for calculation: 1.3118
Total log likelihood: -71533.8928
nl: 89.5230
nr: 81.5270
sigma_l: 0.7917
sigma_r: 0.8265
beta: 0.4524
Time for calculation: 1.3080
Total log likelihood: -71534.0535
nl: 90.2520
nr: 82.7768
sigma_l: 0.7927
sigma_r: 0.8200
beta: 0.4568
Time for calculation: 1.3081
Total log likelihood: -71533.9249
nl: 89.3555
nr: 81.7899
sigma_l: 0.7968
sigma_r: 0.8228
beta: 0.4564
Time for calculation: 1.3216
Total log likelihood: -71535.3773
nl: 85.2212
nr: 77.9441
sigma_l: 0.7925
sigma_r: 0.8253
beta: 0.4356
Time for calculation: 1.3278
Total log likelihood: -71533.6858
nl: 81.9548
nr: 75.4919
sigma_l: 0.7966
sigma_r: 0.8220
beta: 0.4260
Time for calculation: 1.3002
Total log likelihood: -71534.0544
nl: 87.6310
nr: 80.0182
sigma_l: 0.7929
sigma_r: 0.8254
beta: 0.4458
Time for calculation: 1.3302
Total log likelihood: -71533.7137
nl: 89.2097
nr: 82.2114
sigma_l: 0.7883
sigma_r: 0.8260
beta: 0.4523
Time for calculation: 1.3093
Total log likelihood: -71533.6930
nl: 82.3412
nr: 75.5048
sigma_l: 0.7917
sigma_r: 0.8317
beta: 0.4254
Time for calculation: 1.3036
Total log likelihood: -71534.2875
nl: 88.2743
nr: 80.9588
sigma_l: 0.7925
sigma_r: 0.8229
beta: 0.4489
Time for calculation: 1.3123
Total log likelihood: -71533.6042
nl: 90.1188
nr: 82.2838
sigma_l: 0.7888
sigma_r: 0.8213
beta: 0.4537
Time for calculation: 1.3194
Total log likelihood: -71533.6882
nl: 87.6145
nr: 80.5870
sigma_l: 0.7890
sigma_r: 0.8226
beta: 0.4454
Time for calculation: 1.3199
Total log likelihood: -71533.5644
nl: 87.6062
nr: 80.8713
sigma_l: 0.7871
sigma_r: 0.8212
beta: 0.4452
Time for calculation: 1.3171
Total log likelihood: -71533.7738
nl: 85.3976
nr: 77.7440
sigma_l: 0.7939
sigma_r: 0.8206
beta: 0.4361
Time for calculation: 1.3413
Total log likelihood: -71533.7212
nl: 88.2567
nr: 81.0946
sigma_l: 0.7897
sigma_r: 0.8246
beta: 0.4483
Time for calculation: 1.3093
Total log likelihood: -71533.5685
nl: 83.7437
nr: 77.1960
sigma_l: 0.7938
sigma_r: 0.8266
beta: 0.4326
Time for calculation: 1.3017
Total log likelihood: -71533.7427
nl: 88.5250
nr: 81.0118
sigma_l: 0.7900
sigma_r: 0.8226
beta: 0.4484
Time for calculation: 1.3296
Total log likelihood: -71533.5620
nl: 89.9628
nr: 82.7627
sigma_l: 0.7890
sigma_r: 0.8215
beta: 0.4558
Time for calculation: 1.3111
Total log likelihood: -71533.8118
nl: 86.4066
nr: 79.1487
sigma_l: 0.7917
sigma_r: 0.8244
beta: 0.4406
Time for calculation: 1.3094
Total log likelihood: -71533.5622
nl: 90.3412
nr: 83.0054
sigma_l: 0.7885
sigma_r: 0.8225
beta: 0.4552
Time for calculation: 1.3088
Total log likelihood: -71533.6001
nl: 88.1833
nr: 80.9802
sigma_l: 0.7871
sigma_r: 0.8238
beta: 0.4462
Time for calculation: 1.3216
Total log likelihood: -71533.7366
nl: 88.2515
nr: 80.9641
sigma_l: 0.7911
sigma_r: 0.8231
beta: 0.4483
Time for calculation: 1.3111
Total log likelihood: -71533.5360
nl: 85.2805
nr: 78.1171
sigma_l: 0.7921
sigma_r: 0.8244
beta: 0.4372
Time for calculation: 1.3124
Total log likelihood: -71533.6098
nl: 89.0760
nr: 81.7833
sigma_l: 0.7894
sigma_r: 0.8230
beta: 0.4507
Time for calculation: 1.3165
Total log likelihood: -71533.5465
nl: 87.6928
nr: 80.3034
sigma_l: 0.7908
sigma_r: 0.8216
beta: 0.4451
Time for calculation: 1.3093
Total log likelihood: -71533.5271
nl: 87.4108
nr: 79.9079
sigma_l: 0.7914
sigma_r: 0.8202
beta: 0.4435
Time for calculation: 1.3284
Total log likelihood: -71533.5744
nl: 88.3663
nr: 80.6976
sigma_l: 0.7922
sigma_r: 0.8233
beta: 0.4478
Time for calculation: 1.3018
Total log likelihood: -71533.5947
nl: 87.8024
nr: 80.6146
sigma_l: 0.7898
sigma_r: 0.8228
beta: 0.4460
Time for calculation: 1.3050
Total log likelihood: -71533.5297
nl: 90.1325
nr: 82.7222
sigma_l: 0.7888
sigma_r: 0.8209
beta: 0.4548
Time for calculation: 1.3111
Total log likelihood: -71533.6168
nl: 87.3381
nr: 80.0421
sigma_l: 0.7909
sigma_r: 0.8235
beta: 0.4442
Time for calculation: 1.3016
Total log likelihood: -71533.5285
nl: 87.5393
nr: 80.4712
sigma_l: 0.7908
sigma_r: 0.8230
beta: 0.4453
Time for calculation: 1.3083
Total log likelihood: -71533.5195
nl: 87.0465
nr: 80.2010
sigma_l: 0.7912
sigma_r: 0.8231
beta: 0.4437
Time for calculation: 1.3007
Total log likelihood: -71533.5640
nl: 86.3736
nr: 79.1749
sigma_l: 0.7920
sigma_r: 0.8226
beta: 0.4408
Time for calculation: 1.3124
Total log likelihood: -71533.5329
nl: 86.4469
nr: 79.2784
sigma_l: 0.7906
sigma_r: 0.8223
beta: 0.4403
Time for calculation: 1.3155
Total log likelihood: -71533.5899
nl: 87.8004
nr: 80.5427
sigma_l: 0.7910
sigma_r: 0.8229
beta: 0.4463
Time for calculation: 1.3200
Total log likelihood: -71533.5145
nl: 88.8956
nr: 81.6148
sigma_l: 0.7893
sigma_r: 0.8229
beta: 0.4499
Time for calculation: 1.3030
Total log likelihood: -71533.5430
nl: 87.0041
nr: 79.7849
sigma_l: 0.7913
sigma_r: 0.8227
beta: 0.4431
Time for calculation: 1.3163
Total log likelihood: -71533.5183
nl: 87.1474
nr: 79.8431
sigma_l: 0.7921
sigma_r: 0.8227
beta: 0.4436
Time for calculation: 1.3176
Total log likelihood: -71533.5145
nl: 87.5355
nr: 80.3360
sigma_l: 0.7915
sigma_r: 0.8217
beta: 0.4452
Time for calculation: 1.3311
Total log likelihood: -71533.5125
nl: 87.6343
nr: 80.4830
sigma_l: 0.7918
sigma_r: 0.8208
beta: 0.4457
Time for calculation: 1.3295
Total log likelihood: -71533.5336
nl: 87.1179
nr: 80.0877
sigma_l: 0.7919
sigma_r: 0.8236
beta: 0.4443
Time for calculation: 1.3234
Total log likelihood: -71533.5201
nl: 87.2616
nr: 80.1417
sigma_l: 0.7916
sigma_r: 0.8231
beta: 0.4445
Time for calculation: 1.3018
Total log likelihood: -71533.5107
nl: 87.1603
nr: 79.7881
sigma_l: 0.7922
sigma_r: 0.8223
beta: 0.4437
Time for calculation: 1.3128
Total log likelihood: -71533.5292
nl: 87.4446
nr: 80.3005
sigma_l: 0.7912
sigma_r: 0.8228
beta: 0.4449
Time for calculation: 1.3107
Total log likelihood: -71533.5104
nl: 87.8717
nr: 80.6807
sigma_l: 0.7916
sigma_r: 0.8226
beta: 0.4467
Time for calculation: 1.3110
Total log likelihood: -71533.5056
nl: 88.3055
nr: 81.1287
sigma_l: 0.7918
sigma_r: 0.8226
beta: 0.4484
Time for calculation: 1.3207
Total log likelihood: -71533.5129
nl: 88.0181
nr: 80.9575
sigma_l: 0.7906
sigma_r: 0.8225
beta: 0.4474
Time for calculation: 1.3121
Total log likelihood: -71533.5219
nl: 87.3651
nr: 80.1217
sigma_l: 0.7918
sigma_r: 0.8227
beta: 0.4445
Time for calculation: 1.3153
Total log likelihood: -71533.5078
nl: 87.1910
nr: 80.0895
sigma_l: 0.7921
sigma_r: 0.8222
beta: 0.4440
Time for calculation: 1.3059
Total log likelihood: -71533.5170
nl: 87.6481
nr: 80.4294
sigma_l: 0.7913
sigma_r: 0.8227
beta: 0.4457
Time for calculation: 1.3113
Total log likelihood: -71533.5082
nl: 87.5009
nr: 80.3336
sigma_l: 0.7915
sigma_r: 0.8239
beta: 0.4453
Time for calculation: 1.3023
Total log likelihood: -71533.5169
nl: 87.5269
nr: 80.3354
sigma_l: 0.7915
sigma_r: 0.8222
beta: 0.4452
Time for calculation: 1.3021
Total log likelihood: -71533.5076
nl: 87.8809
nr: 80.6054
sigma_l: 0.7913
sigma_r: 0.8221
beta: 0.4463
Time for calculation: 1.3126
Total log likelihood: -71533.5059
nl: 87.8725
nr: 80.5686
sigma_l: 0.7918
sigma_r: 0.8222
beta: 0.4465
Time for calculation: 1.3115
Total log likelihood: -71533.5084
nl: 87.7655
nr: 80.5016
sigma_l: 0.7917
sigma_r: 0.8223
beta: 0.4461
Time for calculation: 1.3082
Total log likelihood: -71533.5059
nl: 87.7160
nr: 80.4685
sigma_l: 0.7919
sigma_r: 0.8220
beta: 0.4458
Time for calculation: 1.3022
Total log likelihood: -71533.5050
nl: 87.7500
nr: 80.4881
sigma_l: 0.7922
sigma_r: 0.8217
beta: 0.4459
Time for calculation: 1.3057
Total log likelihood: -71533.5080
nl: 88.1393
nr: 80.9149
sigma_l: 0.7914
sigma_r: 0.8219
beta: 0.4475
Time for calculation: 1.3065
Total log likelihood: -71533.5081
nl: 87.5587
nr: 80.3200
sigma_l: 0.7917
sigma_r: 0.8225
beta: 0.4453
Time for calculation: 1.3350
Total log likelihood: -71533.5055
nl: 87.9902
nr: 80.6951
sigma_l: 0.7918
sigma_r: 0.8224
beta: 0.4468
Time for calculation: 1.3192
Total log likelihood: -71533.5045
nl: 88.2219
nr: 80.8749
sigma_l: 0.7919
sigma_r: 0.8225
beta: 0.4477
Time for calculation: 1.3035
Total log likelihood: -71533.5075
nl: 87.8415
nr: 80.6063
sigma_l: 0.7916
sigma_r: 0.8223
beta: 0.4463
Time for calculation: 1.3086
Total log likelihood: -71533.5032
nl: 87.8795
nr: 80.6587
sigma_l: 0.7916
sigma_r: 0.8224
beta: 0.4464
Time for calculation: 1.3146
Total log likelihood: -71533.5033
nl: 87.7103
nr: 80.5029
sigma_l: 0.7921
sigma_r: 0.8226
beta: 0.4460
Time for calculation: 1.3157
Total log likelihood: -71533.5050
nl: 87.6550
nr: 80.3564
sigma_l: 0.7920
sigma_r: 0.8221
beta: 0.4454
Time for calculation: 1.3032
Total log likelihood: -71533.5053
nl: 88.0065
nr: 80.7317
sigma_l: 0.7921
sigma_r: 0.8221
beta: 0.4469
Time for calculation: 1.3017
Total log likelihood: -71533.5035
nl: 88.0509
nr: 80.8454
sigma_l: 0.7918
sigma_r: 0.8225
beta: 0.4473
Time for calculation: 1.3094
Total log likelihood: -71533.5056
nl: 87.7539
nr: 80.4787
sigma_l: 0.7919
sigma_r: 0.8222
beta: 0.4459
Time for calculation: 1.3184
Total log likelihood: -71533.5038
nl: 88.0050
nr: 80.7373
sigma_l: 0.7920
sigma_r: 0.8226
beta: 0.4470
Time for calculation: 1.3142
Total log likelihood: -71533.5036
nl: 88.1285
nr: 80.7968
sigma_l: 0.7916
sigma_r: 0.8221
beta: 0.4471
Time for calculation: 1.3287
Total log likelihood: -71533.5040
nl: 87.9040
nr: 80.6452
sigma_l: 0.7919
sigma_r: 0.8222
beta: 0.4464
Time for calculation: 1.3170
Total log likelihood: -71533.5029
nl: 87.8609
nr: 80.6203
sigma_l: 0.7920
sigma_r: 0.8221
beta: 0.4462
Time for calculation: 1.3121
Total log likelihood: -71533.5049
nl: 87.6758
nr: 80.4829
sigma_l: 0.7922
sigma_r: 0.8225
beta: 0.4459
Time for calculation: 1.3014
Total log likelihood: -71533.5050
nl: 88.0154
nr: 80.7183
sigma_l: 0.7918
sigma_r: 0.8222
beta: 0.4468
Time for calculation: 1.2993
Total log likelihood: -71533.5028
nl: 88.1550
nr: 80.8969
sigma_l: 0.7918
sigma_r: 0.8224
beta: 0.4475
Time for calculation: 1.3396
Total log likelihood: -71533.5026
nl: 88.3556
nr: 81.1060
sigma_l: 0.7917
sigma_r: 0.8224
beta: 0.4482
Time for calculation: 1.3174
Total log likelihood: -71533.5041
nl: 87.9639
nr: 80.7020
sigma_l: 0.7917
sigma_r: 0.8219
beta: 0.4466
Time for calculation: 1.3163
Total log likelihood: -71533.5050
nl: 87.9948
nr: 80.7285
sigma_l: 0.7919
sigma_r: 0.8224
beta: 0.4469
Time for calculation: 1.3045
Total log likelihood: -71533.5026
nl: 87.9577
nr: 80.7064
sigma_l: 0.7915
sigma_r: 0.8225
beta: 0.4467
Time for calculation: 1.3208
Total log likelihood: -71533.5027
nl: 88.1693
nr: 80.8718
sigma_l: 0.7919
sigma_r: 0.8223
beta: 0.4474
Time for calculation: 1.3038
Total log likelihood: -71533.5023
nl: 88.3331
nr: 81.0045
sigma_l: 0.7921
sigma_r: 0.8223
beta: 0.4480
Time for calculation: 1.3185
Total log likelihood: -71533.5035
nl: 88.2129
nr: 80.9236
sigma_l: 0.7916
sigma_r: 0.8225
beta: 0.4476
Time for calculation: 1.3068
Total log likelihood: -71533.5038
nl: 87.9812
nr: 80.7148
sigma_l: 0.7919
sigma_r: 0.8223
beta: 0.4467
Time for calculation: 1.3137
Total log likelihood: -71533.5022
nl: 88.0878
nr: 80.8491
sigma_l: 0.7919
sigma_r: 0.8226
beta: 0.4472
Time for calculation: 1.3013
Total log likelihood: -71533.5025
nl: 88.1975
nr: 80.9180
sigma_l: 0.7922
sigma_r: 0.8223
beta: 0.4476
Time for calculation: 1.3389
Total log likelihood: -71533.5040
nl: 88.0177
nr: 80.7593
sigma_l: 0.7917
sigma_r: 0.8224
beta: 0.4469
Time for calculation: 1.3013
Total log likelihood: -71533.5022
nl: 87.9452
nr: 80.6725
sigma_l: 0.7919
sigma_r: 0.8224
beta: 0.4466
Time for calculation: 1.3197
Total log likelihood: -71533.5020
nl: 87.8403
nr: 80.5603
sigma_l: 0.7919
sigma_r: 0.8225
beta: 0.4462
Time for calculation: 1.3059
Total log likelihood: -71533.5024
nl: 88.0857
nr: 80.8185
sigma_l: 0.7918
sigma_r: 0.8224
beta: 0.4471
Time for calculation: 1.3160
Total log likelihood: -71533.5020
nl: 88.1312
nr: 80.8635
sigma_l: 0.7918
sigma_r: 0.8223
beta: 0.4472
Time for calculation: 1.3054
Total log likelihood: -71533.5026
nl: 87.9918
nr: 80.6857
sigma_l: 0.7918
sigma_r: 0.8222
beta: 0.4467
Time for calculation: 1.3281
Total log likelihood: -71533.5027
nl: 88.0638
nr: 80.8082
sigma_l: 0.7918
sigma_r: 0.8225
beta: 0.4471
Time for calculation: 1.3111
Total log likelihood: -71533.5021
nl: 87.8682
nr: 80.6375
sigma_l: 0.7917
sigma_r: 0.8225
beta: 0.4464
Time for calculation: 1.3026
Total log likelihood: -71533.5026
nl: 88.0940
nr: 80.8132
sigma_l: 0.7919
sigma_r: 0.8224
beta: 0.4471
Time for calculation: 1.3296
Total log likelihood: -71533.5020
nl: 88.1014
nr: 80.8339
sigma_l: 0.7918
sigma_r: 0.8226
beta: 0.4472
Time for calculation: 1.3021
Total log likelihood: -71533.5020
nl: 88.0984
nr: 80.8192
sigma_l: 0.7920
sigma_r: 0.8224
beta: 0.4471
Time for calculation: 1.3016
Total log likelihood: -71533.5020
nl: 88.1388
nr: 80.8492
sigma_l: 0.7921
sigma_r: 0.8224
beta: 0.4473
Time for calculation: 1.3477
Total log likelihood: -71533.5024
nl: 88.0661
nr: 80.7747
sigma_l: 0.7919
sigma_r: 0.8224
beta: 0.4470
Time for calculation: 1.3075
Total log likelihood: -71533.5019
nl: 88.0672
nr: 80.7580
sigma_l: 0.7919
sigma_r: 0.8224
beta: 0.4469
Time for calculation: 1.3073
Total log likelihood: -71533.5022
nl: 88.2330
nr: 80.9513
sigma_l: 0.7918
sigma_r: 0.8224
beta: 0.4476
Time for calculation: 1.3087
Total log likelihood: -71533.5022
nl: 88.0172
nr: 80.7422
sigma_l: 0.7919
sigma_r: 0.8224
beta: 0.4469
Time for calculation: 1.3085
Total log likelihood: -71533.5019
nl: 88.0432
nr: 80.7532
sigma_l: 0.7920
sigma_r: 0.8222
beta: 0.4469
Time for calculation: 1.3015
Total log likelihood: -71533.5022
nl: 88.0868
nr: 80.8137
sigma_l: 0.7918
sigma_r: 0.8225
beta: 0.4471
Time for calculation: 1.3113
Total log likelihood: -71533.5019
nl: 88.0477
nr: 80.7741
sigma_l: 0.7919
sigma_r: 0.8225
beta: 0.4469
Time for calculation: 1.3052
Total log likelihood: -71533.5019
nl: 88.0407
nr: 80.7511
sigma_l: 0.7920
sigma_r: 0.8225
beta: 0.4469
Time for calculation: 1.3156
Total log likelihood: -71533.5020
nl: 88.0745
nr: 80.8016
sigma_l: 0.7919
sigma_r: 0.8224
beta: 0.4470
Time for calculation: 1.3101
Total log likelihood: -71533.5019
nl: 88.0185
nr: 80.7434
sigma_l: 0.7918
sigma_r: 0.8224
beta: 0.4468
Time for calculation: 1.3169
Total log likelihood: -71533.5020
nl: 88.0385
nr: 80.7623
sigma_l: 0.7918
sigma_r: 0.8224
beta: 0.4469
Time for calculation: 1.3009
Total log likelihood: -71533.5019
nl: 88.0655
nr: 80.7837
sigma_l: 0.7918
sigma_r: 0.8224
beta: 0.4470
Time for calculation: 1.3014
Total log likelihood: -71533.5020
nl: 88.0521
nr: 80.7765
sigma_l: 0.7919
sigma_r: 0.8225
beta: 0.4469
Time for calculation: 1.3055
Total log likelihood: -71533.5018
nl: 88.0415
nr: 80.7839
sigma_l: 0.7918
sigma_r: 0.8225
beta: 0.4470
Time for calculation: 1.3172
Total log likelihood: -71533.5019
nl: 88.0599
nr: 80.7770
sigma_l: 0.7919
sigma_r: 0.8224
beta: 0.4470
Time for calculation: 1.3261
Total log likelihood: -71533.5018
nl: 88.0101
nr: 80.7301
sigma_l: 0.7919
sigma_r: 0.8224
beta: 0.4468
Time for calculation: 1.3069
Total log likelihood: -71533.5019
nl: 88.0676
nr: 80.7928
sigma_l: 0.7919
sigma_r: 0.8225
beta: 0.4470
Time for calculation: 1.3040
Total log likelihood: -71533.5018
nl: 88.0999
nr: 80.8219
sigma_l: 0.7918
sigma_r: 0.8224
beta: 0.4471
Time for calculation: 1.3155
Total log likelihood: -71533.5019
nl: 88.0378
nr: 80.7621
sigma_l: 0.7919
sigma_r: 0.8224
beta: 0.4469
Time for calculation: 1.3075
Total log likelihood: -71533.5018
nl: 88.0279
nr: 80.7467
sigma_l: 0.7919
sigma_r: 0.8225
beta: 0.4469
Time for calculation: 1.3069
Total log likelihood: -71533.5019
nl: 88.0396
nr: 80.7604
sigma_l: 0.7919
sigma_r: 0.8225
beta: 0.4469
Time for calculation: 1.3020
Total log likelihood: -71533.5018
nl: 88.0644
nr: 80.7853
sigma_l: 0.7919
sigma_r: 0.8224
beta: 0.4470
Time for calculation: 1.3127
Total log likelihood: -71533.5018
nl: 88.0579
nr: 80.7795
sigma_l: 0.7919
sigma_r: 0.8224
beta: 0.4470
Time for calculation: 1.3236
Total log likelihood: -71533.5018
nl: 88.0421
nr: 80.7716
sigma_l: 0.7919
sigma_r: 0.8225
beta: 0.4469
Time for calculation: 1.3098
Total log likelihood: -71533.5018
nl: 88.0459
nr: 80.7701
sigma_l: 0.7919
sigma_r: 0.8225
beta: 0.4470
Time for calculation: 1.3073
Total log likelihood: -71533.5019
nl: 88.0506
nr: 80.7749
sigma_l: 0.7919
sigma_r: 0.8225
beta: 0.4469
Time for calculation: 1.3162
Total log likelihood: -71533.5018
nl: 88.0236
nr: 80.7466
sigma_l: 0.7919
sigma_r: 0.8225
beta: 0.4469
Time for calculation: 1.3003
Total log likelihood: -71533.5018
nl: 88.0452
nr: 80.7735
sigma_l: 0.7919
sigma_r: 0.8224
beta: 0.4469
Time for calculation: 1.3027
Total log likelihood: -71533.5018
nl: 88.0499
nr: 80.7763
sigma_l: 0.7919
sigma_r: 0.8225
beta: 0.4470
Time for calculation: 1.3142
Total log likelihood: -71533.5018
nl: 88.0444
nr: 80.7661
sigma_l: 0.7919
sigma_r: 0.8225
beta: 0.4469
Time for calculation: 1.3041
Total log likelihood: -71533.5018
nl: 88.0484
nr: 80.7658
sigma_l: 0.7919
sigma_r: 0.8224
beta: 0.4469
Time for calculation: 1.3055
Total log likelihood: -71533.5018
nl: 88.0437
nr: 80.7701
sigma_l: 0.7919
sigma_r: 0.8225
beta: 0.4469
Time for calculation: 1.3027
Total log likelihood: -71533.5018
nl: 88.0381
nr: 80.7586
sigma_l: 0.7919
sigma_r: 0.8224
beta: 0.4469
Time for calculation: 1.3002
Total log likelihood: -71533.5018
nl: 88.0470
nr: 80.7719
sigma_l: 0.7919
sigma_r: 0.8225
beta: 0.4469
Time for calculation: 1.3065
Total log likelihood: -71533.5018
nl: 88.0447
nr: 80.7711
sigma_l: 0.7919
sigma_r: 0.8224
beta: 0.4469
Time for calculation: 1.3282
Total log likelihood: -71533.5018
nl: 88.0739
nr: 80.8004
sigma_l: 0.7919
sigma_r: 0.8225
beta: 0.4470
Time for calculation: 1.3100
Total log likelihood: -71533.5018
nl: 88.0362
nr: 80.7600
sigma_l: 0.7919
sigma_r: 0.8225
beta: 0.4469
Time for calculation: 1.3019
Total log likelihood: -71533.5018
nl: 88.0494
nr: 80.7715
sigma_l: 0.7919
sigma_r: 0.8225
beta: 0.4469
Time for calculation: 1.3116
Total log likelihood: -71533.5018
nl: 88.0482
nr: 80.7714
sigma_l: 0.7919
sigma_r: 0.8225
beta: 0.4469
Time for calculation: 1.2987
Total log likelihood: -71533.5018
nl: 88.0323
nr: 80.7598
sigma_l: 0.7919
sigma_r: 0.8225
beta: 0.4469
Time for calculation: 1.3090
Total log likelihood: -71533.5018
nl: 88.0515
nr: 80.7746
sigma_l: 0.7919
sigma_r: 0.8225
beta: 0.4470
Time for calculation: 1.3121
Total log likelihood: -71533.5018
nl: 88.0497
nr: 80.7710
sigma_l: 0.7919
sigma_r: 0.8225
beta: 0.4469
Time for calculation: 1.3171
Total log likelihood: -71533.5018
nl: 88.0452
nr: 80.7703
sigma_l: 0.7919
sigma_r: 0.8225
beta: 0.4469
Time for calculation: 1.3046
Total log likelihood: -71533.5018
nl: 88.0457
nr: 80.7686
sigma_l: 0.7919
sigma_r: 0.8225
beta: 0.4469
Time for calculation: 1.2992
Total log likelihood: -71533.5018
nl: 88.0434
nr: 80.7680
sigma_l: 0.7919
sigma_r: 0.8224
beta: 0.4469
Time for calculation: 1.3055
Total log likelihood: -71533.5018
nl: 88.0446
nr: 80.7689
sigma_l: 0.7919
sigma_r: 0.8225
beta: 0.4469
Time for calculation: 1.3093
Total log likelihood: -71533.5018
nl: 88.0455
nr: 80.7709
sigma_l: 0.7919
sigma_r: 0.8225
beta: 0.4469
Time for calculation: 1.3125
Total log likelihood: -71533.5018
nl: 88.0386
nr: 80.7630
sigma_l: 0.7919
sigma_r: 0.8225
beta: 0.4469
Time for calculation: 1.3085
Total log likelihood: -71533.5018
nl: 88.0476
nr: 80.7719
sigma_l: 0.7919
sigma_r: 0.8225
beta: 0.4469
Time for calculation: 1.3015
Total log likelihood: -71533.5018
nl: 88.0445
nr: 80.7675
sigma_l: 0.7919
sigma_r: 0.8225
beta: 0.4469
Time for calculation: 1.3050
Total log likelihood: -71533.5018
nl: 88.0453
nr: 80.7700
sigma_l: 0.7919
sigma_r: 0.8225
beta: 0.4469
Time for calculation: 1.3141
Total log likelihood: -71533.5018
nl: 88.0575
nr: 80.7822
sigma_l: 0.7919
sigma_r: 0.8225
beta: 0.4470
Time for calculation: 1.3086
Total log likelihood: -71533.5018
nl: 88.0415
nr: 80.7656
sigma_l: 0.7919
sigma_r: 0.8225
beta: 0.4469
Time for calculation: 1.3159
Total log likelihood: -71533.5018
nl: 88.0470
nr: 80.7701
sigma_l: 0.7919
sigma_r: 0.8224
beta: 0.4469
Time for calculation: 1.3059
Total log likelihood: -71533.5018
nl: 88.0456
nr: 80.7703
sigma_l: 0.7919
sigma_r: 0.8225
beta: 0.4469
Time for calculation: 1.3037
Total log likelihood: -71533.5018
nl: 88.0383
nr: 80.7641
sigma_l: 0.7919
sigma_r: 0.8225
beta: 0.4469
Time for calculation: 1.3025
Total log likelihood: -71533.5018
nl: 88.0482
nr: 80.7720
sigma_l: 0.7919
sigma_r: 0.8225
beta: 0.4469
Time for calculation: 1.3149
Total log likelihood: -71533.5018
nl: 88.0467
nr: 80.7710
sigma_l: 0.7919
sigma_r: 0.8225
beta: 0.4469
Time for calculation: 1.3110
Total log likelihood: -71533.5018
nl: 88.0451
nr: 80.7694
sigma_l: 0.7919
sigma_r: 0.8225
beta: 0.4469
Time for calculation: 1.3048
Total log likelihood: -71533.5018
nl: 88.0460
nr: 80.7697
sigma_l: 0.7919
sigma_r: 0.8225
beta: 0.4469
Time for calculation: 1.3056
Total log likelihood: -71533.5018
nl: 88.0430
nr: 80.7668
sigma_l: 0.7919
sigma_r: 0.8225
beta: 0.4469
Time for calculation: 1.3007
Total log likelihood: -71533.5018
nl: 88.0464
nr: 80.7707
sigma_l: 0.7919
sigma_r: 0.8225
beta: 0.4469
Time for calculation: 1.3070
Total log likelihood: -71533.5018
nl: 88.0448
nr: 80.7695
sigma_l: 0.7919
sigma_r: 0.8225
beta: 0.4469
Time for calculation: 1.3032
Total log likelihood: -71533.5018
nl: 88.0457
nr: 80.7696
sigma_l: 0.7919
sigma_r: 0.8225
beta: 0.4469
Time for calculation: 1.3039
Total log likelihood: -71533.5018
nl: 88.0509
nr: 80.7752
sigma_l: 0.7919
sigma_r: 0.8225
beta: 0.4470
Time for calculation: 1.3018
Total log likelihood: -71533.5018
nl: 88.0439
nr: 80.7680
sigma_l: 0.7919
sigma_r: 0.8225
beta: 0.4469
Time for calculation: 1.3022
Total log likelihood: -71533.5018
nl: 88.0461
nr: 80.7696
sigma_l: 0.7919
sigma_r: 0.8225
beta: 0.4469
Time for calculation: 1.3020
Total log likelihood: -71533.5018
nl: 88.0457
nr: 80.7701
sigma_l: 0.7919
sigma_r: 0.8225
beta: 0.4469
Time for calculation: 1.3262
Total log likelihood: -71533.5018
nl: 88.0468
nr: 80.7707
sigma_l: 0.7919
sigma_r: 0.8225
beta: 0.4469
Time for calculation: 1.3096
Total log likelihood: -71533.5018
nl: 88.0477
nr: 80.7714
sigma_l: 0.7919
sigma_r: 0.8225
beta: 0.4469
Time for calculation: 1.3083
Total log likelihood: -71533.5018
nl: 88.0457
nr: 80.7695
sigma_l: 0.7919
sigma_r: 0.8225
beta: 0.4469
Time for calculation: 1.3101
Total log likelihood: -71533.5018
nl: 88.0462
nr: 80.7704
sigma_l: 0.7919
sigma_r: 0.8225
beta: 0.4469
Time for calculation: 1.3061
Total log likelihood: -71533.5018
nl: 88.0431
nr: 80.7676
sigma_l: 0.7919
sigma_r: 0.8225
beta: 0.4469
Time for calculation: 1.3036
Total log likelihood: -71533.5018
nl: 88.0469
nr: 80.7709
sigma_l: 0.7919
sigma_r: 0.8225
beta: 0.4469
Time for calculation: 1.3330
Total log likelihood: -71533.5018
nl: 88.0462
nr: 80.7704
sigma_l: 0.7919
sigma_r: 0.8225
beta: 0.4469
Time for calculation: 1.3055
Total log likelihood: -71533.5018
nl: 88.0489
nr: 80.7730
sigma_l: 0.7919
sigma_r: 0.8225
beta: 0.4469
Time for calculation: 1.3168
Total log likelihood: -71533.5018
nl: 88.0451
nr: 80.7692
sigma_l: 0.7919
sigma_r: 0.8225
beta: 0.4469
Time for calculation: 1.3078
Total log likelihood: -71533.5018
nl: 88.0462
nr: 80.7701
sigma_l: 0.7919
sigma_r: 0.8225
beta: 0.4469
Time for calculation: 1.3069
Total log likelihood: -71533.5018
nl: 88.0462
nr: 80.7703
sigma_l: 0.7919
sigma_r: 0.8225
beta: 0.4469
Time for calculation: 1.3032
Total log likelihood: -71533.5018
nl: 88.0468
nr: 80.7705
sigma_l: 0.7919
sigma_r: 0.8225
beta: 0.4469
Time for calculation: 1.3072
Total log likelihood: -71533.5018
nl: 88.0473
nr: 80.7707
sigma_l: 0.7919
sigma_r: 0.8225
beta: 0.4469
Time for calculation: 1.3054
Total log likelihood: -71533.5018
nl: 88.0457
nr: 80.7698
sigma_l: 0.7919
sigma_r: 0.8225
beta: 0.4469
Time for calculation: 1.3090
Total log likelihood: -71533.5018
nl: 88.0465
nr: 80.7705
sigma_l: 0.7919
sigma_r: 0.8225
beta: 0.4469
Time for calculation: 1.3046
Total log likelihood: -71533.5018
nl: 88.0464
nr: 80.7702
sigma_l: 0.7919
sigma_r: 0.8225
beta: 0.4469
Time for calculation: 1.3108
Total log likelihood: -71533.5018
nl: 88.0463
nr: 80.7703
sigma_l: 0.7919
sigma_r: 0.8225
beta: 0.4469
Time for calculation: 1.3013
Total log likelihood: -71533.5018
nl: 88.0465
nr: 80.7702
sigma_l: 0.7919
sigma_r: 0.8225
beta: 0.4469
Time for calculation: 1.3032
Total log likelihood: -71533.5018
nl: 88.0481
nr: 80.7717
sigma_l: 0.7919
sigma_r: 0.8225
beta: 0.4469
Time for calculation: 1.3081
Total log likelihood: -71533.5018
nl: 88.0459
nr: 80.7699
sigma_l: 0.7919
sigma_r: 0.8225
beta: 0.4469
Time for calculation: 1.3122
Total log likelihood: -71533.5018
nl: 88.0458
nr: 80.7697
sigma_l: 0.7919
sigma_r: 0.8225
beta: 0.4469
Time for calculation: 1.3213
Total log likelihood: -71533.5018
nl: 88.0461
nr: 80.7700
sigma_l: 0.7919
sigma_r: 0.8225
beta: 0.4469
Time for calculation: 1.3129
Total log likelihood: -71533.5018
nl: 88.0462
nr: 80.7702
sigma_l: 0.7919
sigma_r: 0.8225
beta: 0.4469
Time for calculation: 1.3119
Total log likelihood: -71533.5018
nl: 88.0464
nr: 80.7702
sigma_l: 0.7919
sigma_r: 0.8225
beta: 0.4469
Time for calculation: 1.3012
Total log likelihood: -71533.5018
nl: 88.0464
nr: 80.7701
sigma_l: 0.7919
sigma_r: 0.8225
beta: 0.4469
Time for calculation: 1.3005
Total log likelihood: -71533.5018
nl: 88.0463
nr: 80.7703
sigma_l: 0.7919
sigma_r: 0.8225
beta: 0.4469
Time for calculation: 1.3221
Total log likelihood: -71533.5018
nl: 88.0461
nr: 80.7699
sigma_l: 0.7919
sigma_r: 0.8225
beta: 0.4469
Time for calculation: 1.3048
Total log likelihood: -71533.5018
nl: 88.0462
nr: 80.7700
sigma_l: 0.7919
sigma_r: 0.8225
beta: 0.4469
Time for calculation: 1.3089
Total log likelihood: -71533.5018
nl: 88.0469
nr: 80.7706
sigma_l: 0.7919
sigma_r: 0.8225
beta: 0.4469
Time for calculation: 1.3106
Total log likelihood: -71533.5018
nl: 88.0466
nr: 80.7704
sigma_l: 0.7919
sigma_r: 0.8225
beta: 0.4469
Time for calculation: 1.3194
Total log likelihood: -71533.5018
nl: 88.0468
nr: 80.7706
sigma_l: 0.7919
sigma_r: 0.8225
beta: 0.4469
Time for calculation: 1.3150
Total log likelihood: -71533.5018
nl: 88.0467
nr: 80.7705
sigma_l: 0.7919
sigma_r: 0.8225
beta: 0.4469
Time for calculation: 1.3083
Total log likelihood: -71533.5018
nl: 88.0468
nr: 80.7706
sigma_l: 0.7919
sigma_r: 0.8225
beta: 0.4469
Time for calculation: 1.3147
Total log likelihood: -71533.5018
nl: 88.0469
nr: 80.7705
sigma_l: 0.7919
sigma_r: 0.8225
beta: 0.4469
Time for calculation: 1.3113
Total log likelihood: -71533.5018
nl: 88.0465
nr: 80.7703
sigma_l: 0.7919
sigma_r: 0.8225
beta: 0.4469
Time for calculation: 1.3017
Total log likelihood: -71533.5018
nl: 88.0463
nr: 80.7702
sigma_l: 0.7919
sigma_r: 0.8225
beta: 0.4469
Time for calculation: 1.3136
Total log likelihood: -71533.5018
nl: 88.0467
nr: 80.7704
sigma_l: 0.7919
sigma_r: 0.8225
beta: 0.4469
Time for calculation: 1.3076
Total log likelihood: -71533.5018
nl: 88.0462
nr: 80.7701
sigma_l: 0.7919
sigma_r: 0.8225
beta: 0.4469
Time for calculation: 1.3126
Total log likelihood: -71533.5018
nl: 88.0464
nr: 80.7702
sigma_l: 0.7919
sigma_r: 0.8225
beta: 0.4469
Time for calculation: 1.3047
Total log likelihood: -71533.5018
nl: 88.0469
nr: 80.7707
sigma_l: 0.7919
sigma_r: 0.8225
beta: 0.4469
Time for calculation: 1.3104
Total log likelihood: -71533.5018
nl: 88.0464
nr: 80.7702
sigma_l: 0.7919
sigma_r: 0.8225
beta: 0.4469
Time for calculation: 1.3063
Total log likelihood: -71533.5018
nl: 88.0464
nr: 80.7703
sigma_l: 0.7919
sigma_r: 0.8225
beta: 0.4469
Time for calculation: 1.3398
Total log likelihood: -71533.5018
nl: 88.0463
nr: 80.7702
sigma_l: 0.7919
sigma_r: 0.8225
beta: 0.4469
Time for calculation: 1.3213
Total log likelihood: -71533.5018
nl: 88.0462
nr: 80.7701
sigma_l: 0.7919
sigma_r: 0.8225
beta: 0.4469
Time for calculation: 1.3059
Total log likelihood: -71533.5018
nl: 88.0466
nr: 80.7704
sigma_l: 0.7919
sigma_r: 0.8225
beta: 0.4469
Time for calculation: 1.3113
Total log likelihood: -71533.5018
nl: 88.0466
nr: 80.7704
sigma_l: 0.7919
sigma_r: 0.8225
beta: 0.4469
Time for calculation: 1.3096
Total log likelihood: -71533.5018
nl: 88.0467
nr: 80.7705
sigma_l: 0.7919
sigma_r: 0.8225
beta: 0.4469
Time for calculation: 1.3046
Total log likelihood: -71533.5018
nl: 88.0466
nr: 80.7705
sigma_l: 0.7919
sigma_r: 0.8225
beta: 0.4469
Time for calculation: 1.3108
Total log likelihood: -71533.5018
nl: 88.0465
nr: 80.7703
sigma_l: 0.7919
sigma_r: 0.8225
beta: 0.4469
Time for calculation: 1.3162
Total log likelihood: -71533.5018
nl: 88.0466
nr: 80.7704
sigma_l: 0.7919
sigma_r: 0.8225
beta: 0.4469
Time for calculation: 1.3086
Total log likelihood: -71533.5018
nl: 88.0465
nr: 80.7703
sigma_l: 0.7919
sigma_r: 0.8225
beta: 0.4469
Time for calculation: 1.3038
Total log likelihood: -71533.5018
nl: 88.0466
nr: 80.7704
sigma_l: 0.7919
sigma_r: 0.8225
beta: 0.4469
Time for calculation: 1.3128
Total log likelihood: -71533.5018
nl: 88.0465
nr: 80.7703
sigma_l: 0.7919
sigma_r: 0.8225
beta: 0.4469
Time for calculation: 1.3005
Total log likelihood: -71533.5018
nl: 88.0464
nr: 80.7703
sigma_l: 0.7919
sigma_r: 0.8225
beta: 0.4469
Time for calculation: 1.3036
Total log likelihood: -71533.5018
nl: 88.0466
nr: 80.7704
sigma_l: 0.7919
sigma_r: 0.8225
beta: 0.4469
Time for calculation: 1.3027
Total log likelihood: -71533.5018
nl: 88.0465
nr: 80.7704
sigma_l: 0.7919
sigma_r: 0.8225
beta: 0.4469
Time for calculation: 1.3074
Total log likelihood: -71533.5018
nl: 88.0465
nr: 80.7704
sigma_l: 0.7919
sigma_r: 0.8225
beta: 0.4469
Time for calculation: 1.3229
Total log likelihood: -71533.5018
nl: 88.0467
nr: 80.7705
sigma_l: 0.7919
sigma_r: 0.8225
beta: 0.4469
Time for calculation: 1.3141
Total log likelihood: -71533.5018
nl: 88.0465
nr: 80.7703
sigma_l: 0.7919
sigma_r: 0.8225
beta: 0.4469
Time for calculation: 1.3162
Total log likelihood: -71533.5018
nl: 88.0464
nr: 80.7703
sigma_l: 0.7919
sigma_r: 0.8225
beta: 0.4469
Time for calculation: 1.3096
Total log likelihood: -71533.5018
nl: 88.0466
nr: 80.7704
sigma_l: 0.7919
sigma_r: 0.8225
beta: 0.4469
Time for calculation: 1.3055
Total log likelihood: -71533.5018
Optimization terminated successfully.
         Current function value: 259.179354
         Iterations: 218
         Function evaluations: 378
nl: 88.0681
nr: 80.7704
sigma_l: 0.7919
sigma_r: 0.8225
beta: 0.4469
Time for calculation: 1.3046
Total log likelihood: -71533.5020
nl: 88.0466
nr: 80.7704
sigma_l: 0.7919
sigma_r: 0.8225
beta: 0.4469
Time for calculation: 1.3187
Total log likelihood: -71533.5018
nl: 88.0466
nr: 80.7704
sigma_l: 0.7919
sigma_r: 0.8225
beta: 0.4469
Time for calculation: 1.3234
Total log likelihood: -71533.5018
nl: 88.0251
nr: 80.7704
sigma_l: 0.7919
sigma_r: 0.8225
beta: 0.4469
Time for calculation: 1.3128
Total log likelihood: -71533.5020
nl: 88.0573
nr: 80.7803
sigma_l: 0.7919
sigma_r: 0.8225
beta: 0.4469
Time for calculation: 1.3184
Total log likelihood: -71533.5019
nl: 88.0573
nr: 80.7605
sigma_l: 0.7919
sigma_r: 0.8225
beta: 0.4469
Time for calculation: 1.3110
Total log likelihood: -71533.5020
nl: 88.0358
nr: 80.7803
sigma_l: 0.7919
sigma_r: 0.8225
beta: 0.4469
Time for calculation: 1.3279
Total log likelihood: -71533.5020
nl: 88.0358
nr: 80.7605
sigma_l: 0.7919
sigma_r: 0.8225
beta: 0.4469
Time for calculation: 1.3240
Total log likelihood: -71533.5019
nl: 88.0573
nr: 80.7704
sigma_l: 0.7920
sigma_r: 0.8225
beta: 0.4469
Time for calculation: 1.3213
Total log likelihood: -71533.5019
nl: 88.0573
nr: 80.7704
sigma_l: 0.7918
sigma_r: 0.8225
beta: 0.4469
Time for calculation: 1.3208
Total log likelihood: -71533.5020
nl: 88.0358
nr: 80.7704
sigma_l: 0.7920
sigma_r: 0.8225
beta: 0.4469
Time for calculation: 1.3241
Total log likelihood: -71533.5020
nl: 88.0358
nr: 80.7704
sigma_l: 0.7918
sigma_r: 0.8225
beta: 0.4469
Time for calculation: 1.3095
Total log likelihood: -71533.5019
nl: 88.0573
nr: 80.7704
sigma_l: 0.7919
sigma_r: 0.8226
beta: 0.4469
Time for calculation: 1.3283
Total log likelihood: -71533.5020
nl: 88.0573
nr: 80.7704
sigma_l: 0.7919
sigma_r: 0.8224
beta: 0.4469
Time for calculation: 1.3133
Total log likelihood: -71533.5019
nl: 88.0358
nr: 80.7704
sigma_l: 0.7919
sigma_r: 0.8226
beta: 0.4469
Time for calculation: 1.3144
Total log likelihood: -71533.5019
nl: 88.0358
nr: 80.7704
sigma_l: 0.7919
sigma_r: 0.8224
beta: 0.4469
Time for calculation: 1.3120
Total log likelihood: -71533.5020
nl: 88.0573
nr: 80.7704
sigma_l: 0.7919
sigma_r: 0.8225
beta: 0.4470
Time for calculation: 1.3199
Total log likelihood: -71533.5020
nl: 88.0573
nr: 80.7704
sigma_l: 0.7919
sigma_r: 0.8225
beta: 0.4469
Time for calculation: 1.3124
Total log likelihood: -71533.5022
nl: 88.0358
nr: 80.7704
sigma_l: 0.7919
sigma_r: 0.8225
beta: 0.4470
Time for calculation: 1.3175
Total log likelihood: -71533.5022
nl: 88.0358
nr: 80.7704
sigma_l: 0.7919
sigma_r: 0.8225
beta: 0.4469
Time for calculation: 1.3093
Total log likelihood: -71533.5020
nl: 88.0466
nr: 80.7901
sigma_l: 0.7919
sigma_r: 0.8225
beta: 0.4469
Time for calculation: 1.3182
Total log likelihood: -71533.5021
nl: 88.0466
nr: 80.7704
sigma_l: 0.7919
sigma_r: 0.8225
beta: 0.4469
Time for calculation: 1.3205
Total log likelihood: -71533.5018
nl: 88.0466
nr: 80.7704
sigma_l: 0.7919
sigma_r: 0.8225
beta: 0.4469
Time for calculation: 1.3315
Total log likelihood: -71533.5018
nl: 88.0466
nr: 80.7507
sigma_l: 0.7919
sigma_r: 0.8225
beta: 0.4469
Time for calculation: 1.3283
Total log likelihood: -71533.5021
nl: 88.0466
nr: 80.7803
sigma_l: 0.7920
sigma_r: 0.8225
beta: 0.4469
Time for calculation: 1.3154
Total log likelihood: -71533.5020
nl: 88.0466
nr: 80.7803
sigma_l: 0.7918
sigma_r: 0.8225
beta: 0.4469
Time for calculation: 1.3126
Total log likelihood: -71533.5019
nl: 88.0466
nr: 80.7605
sigma_l: 0.7920
sigma_r: 0.8225
beta: 0.4469
Time for calculation: 1.3137
Total log likelihood: -71533.5019
nl: 88.0466
nr: 80.7605
sigma_l: 0.7918
sigma_r: 0.8225
beta: 0.4469
Time for calculation: 1.3168
Total log likelihood: -71533.5020
nl: 88.0466
nr: 80.7803
sigma_l: 0.7919
sigma_r: 0.8226
beta: 0.4469
Time for calculation: 1.3211
Total log likelihood: -71533.5020
nl: 88.0466
nr: 80.7803
sigma_l: 0.7919
sigma_r: 0.8224
beta: 0.4469
Time for calculation: 1.3226
Total log likelihood: -71533.5020
nl: 88.0466
nr: 80.7605
sigma_l: 0.7919
sigma_r: 0.8226
beta: 0.4469
Time for calculation: 1.3199
Total log likelihood: -71533.5020
nl: 88.0466
nr: 80.7605
sigma_l: 0.7919
sigma_r: 0.8224
beta: 0.4469
Time for calculation: 1.3285
Total log likelihood: -71533.5020
nl: 88.0466
nr: 80.7803
sigma_l: 0.7919
sigma_r: 0.8225
beta: 0.4470
Time for calculation: 1.3773
Total log likelihood: -71533.5019
nl: 88.0466
nr: 80.7803
sigma_l: 0.7919
sigma_r: 0.8225
beta: 0.4469
Time for calculation: 1.3186
Total log likelihood: -71533.5023
nl: 88.0466
nr: 80.7605
sigma_l: 0.7919
sigma_r: 0.8225
beta: 0.4470
Time for calculation: 1.3149
Total log likelihood: -71533.5023
nl: 88.0466
nr: 80.7605
sigma_l: 0.7919
sigma_r: 0.8225
beta: 0.4469
Time for calculation: 1.3150
Total log likelihood: -71533.5019
nl: 88.0466
nr: 80.7704
sigma_l: 0.7921
sigma_r: 0.8225
beta: 0.4469
Time for calculation: 1.3145
Total log likelihood: -71533.5021
nl: 88.0466
nr: 80.7704
sigma_l: 0.7919
sigma_r: 0.8225
beta: 0.4469
Time for calculation: 1.3280
Total log likelihood: -71533.5018
nl: 88.0466
nr: 80.7704
sigma_l: 0.7919
sigma_r: 0.8225
beta: 0.4469
Time for calculation: 1.3182
Total log likelihood: -71533.5018
nl: 88.0466
nr: 80.7704
sigma_l: 0.7917
sigma_r: 0.8225
beta: 0.4469
Time for calculation: 1.3146
Total log likelihood: -71533.5021
nl: 88.0466
nr: 80.7704
sigma_l: 0.7920
sigma_r: 0.8226
beta: 0.4469
Time for calculation: 1.3378
Total log likelihood: -71533.5020
nl: 88.0466
nr: 80.7704
sigma_l: 0.7920
sigma_r: 0.8224
beta: 0.4469
Time for calculation: 1.3389
Total log likelihood: -71533.5020
nl: 88.0466
nr: 80.7704
sigma_l: 0.7918
sigma_r: 0.8226
beta: 0.4469
Time for calculation: 1.3147
Total log likelihood: -71533.5020
nl: 88.0466
nr: 80.7704
sigma_l: 0.7918
sigma_r: 0.8224
beta: 0.4469
Time for calculation: 1.3257
Total log likelihood: -71533.5020
nl: 88.0466
nr: 80.7704
sigma_l: 0.7920
sigma_r: 0.8225
beta: 0.4470
Time for calculation: 1.3218
Total log likelihood: -71533.5020
nl: 88.0466
nr: 80.7704
sigma_l: 0.7920
sigma_r: 0.8225
beta: 0.4469
Time for calculation: 1.3141
Total log likelihood: -71533.5022
nl: 88.0466
nr: 80.7704
sigma_l: 0.7918
sigma_r: 0.8225
beta: 0.4470
Time for calculation: 1.3124
Total log likelihood: -71533.5022
nl: 88.0466
nr: 80.7704
sigma_l: 0.7918
sigma_r: 0.8225
beta: 0.4469
Time for calculation: 1.3153
Total log likelihood: -71533.5020
nl: 88.0466
nr: 80.7704
sigma_l: 0.7919
sigma_r: 0.8227
beta: 0.4469
Time for calculation: 1.3226
Total log likelihood: -71533.5021
nl: 88.0466
nr: 80.7704
sigma_l: 0.7919
sigma_r: 0.8225
beta: 0.4469
Time for calculation: 1.3170
Total log likelihood: -71533.5018
nl: 88.0466
nr: 80.7704
sigma_l: 0.7919
sigma_r: 0.8225
beta: 0.4469
Time for calculation: 1.3146
Total log likelihood: -71533.5018
nl: 88.0466
nr: 80.7704
sigma_l: 0.7919
sigma_r: 0.8223
beta: 0.4469
Time for calculation: 1.3117
Total log likelihood: -71533.5021
nl: 88.0466
nr: 80.7704
sigma_l: 0.7919
sigma_r: 0.8226
beta: 0.4470
Time for calculation: 1.3273
Total log likelihood: -71533.5021
nl: 88.0466
nr: 80.7704
sigma_l: 0.7919
sigma_r: 0.8226
beta: 0.4469
Time for calculation: 1.3098
Total log likelihood: -71533.5021
nl: 88.0466
nr: 80.7704
sigma_l: 0.7919
sigma_r: 0.8224
beta: 0.4470
Time for calculation: 1.3133
Total log likelihood: -71533.5021
nl: 88.0466
nr: 80.7704
sigma_l: 0.7919
sigma_r: 0.8224
beta: 0.4469
Time for calculation: 1.3132
Total log likelihood: -71533.5021
nl: 88.0466
nr: 80.7704
sigma_l: 0.7919
sigma_r: 0.8225
beta: 0.4470
Time for calculation: 1.3178
Total log likelihood: -71533.5026
nl: 88.0466
nr: 80.7704
sigma_l: 0.7919
sigma_r: 0.8225
beta: 0.4469
Time for calculation: 1.3083
Total log likelihood: -71533.5018
nl: 88.0466
nr: 80.7704
sigma_l: 0.7919
sigma_r: 0.8225
beta: 0.4469
Time for calculation: 1.3183
Total log likelihood: -71533.5018
nl: 88.0466
nr: 80.7704
sigma_l: 0.7919
sigma_r: 0.8225
beta: 0.4468
Time for calculation: 1.3167
Total log likelihood: -71533.5026
nl: 88.0681
nr: 80.7704
sigma_l: 0.7919
sigma_r: 0.8225
beta: 0.4469
Time for calculation: 1.3707
Total log likelihood: -71533.5020
nl: 88.0466
nr: 80.7704
sigma_l: 0.7919
sigma_r: 0.8225
beta: 0.4469
Time for calculation: 1.3278
Total log likelihood: -71533.5018
nl: 88.0466
nr: 80.7704
sigma_l: 0.7919
sigma_r: 0.8225
beta: 0.4469
Time for calculation: 1.3332
Total log likelihood: -71533.5018
nl: 88.0251
nr: 80.7704
sigma_l: 0.7919
sigma_r: 0.8225
beta: 0.4469
Time for calculation: 1.3297
Total log likelihood: -71533.5020
nl: 88.0573
nr: 80.7803
sigma_l: 0.7919
sigma_r: 0.8225
beta: 0.4469
Time for calculation: 1.3533
Total log likelihood: -71533.5019
nl: 88.0573
nr: 80.7605
sigma_l: 0.7919
sigma_r: 0.8225
beta: 0.4469
Time for calculation: 1.3319
Total log likelihood: -71533.5020
nl: 88.0358
nr: 80.7803
sigma_l: 0.7919
sigma_r: 0.8225
beta: 0.4469
Time for calculation: 1.3358
Total log likelihood: -71533.5020
nl: 88.0358
nr: 80.7605
sigma_l: 0.7919
sigma_r: 0.8225
beta: 0.4469
Time for calculation: 1.3351
Total log likelihood: -71533.5019
nl: 88.0573
nr: 80.7704
sigma_l: 0.7920
sigma_r: 0.8225
beta: 0.4469
Time for calculation: 1.3368
Total log likelihood: -71533.5019
nl: 88.0573
nr: 80.7704
sigma_l: 0.7918
sigma_r: 0.8225
beta: 0.4469
Time for calculation: 1.3282
Total log likelihood: -71533.5020
nl: 88.0358
nr: 80.7704
sigma_l: 0.7920
sigma_r: 0.8225
beta: 0.4469
Time for calculation: 1.3356
Total log likelihood: -71533.5020
nl: 88.0358
nr: 80.7704
sigma_l: 0.7918
sigma_r: 0.8225
beta: 0.4469
Time for calculation: 1.3323
Total log likelihood: -71533.5019
nl: 88.0573
nr: 80.7704
sigma_l: 0.7919
sigma_r: 0.8226
beta: 0.4469
Time for calculation: 1.3284
Total log likelihood: -71533.5020
nl: 88.0573
nr: 80.7704
sigma_l: 0.7919
sigma_r: 0.8224
beta: 0.4469
Time for calculation: 1.3326
Total log likelihood: -71533.5019
nl: 88.0358
nr: 80.7704
sigma_l: 0.7919
sigma_r: 0.8226
beta: 0.4469
Time for calculation: 1.3340
Total log likelihood: -71533.5019
nl: 88.0358
nr: 80.7704
sigma_l: 0.7919
sigma_r: 0.8224
beta: 0.4469
Time for calculation: 1.3245
Total log likelihood: -71533.5020
nl: 88.0573
nr: 80.7704
sigma_l: 0.7919
sigma_r: 0.8225
beta: 0.4470
Time for calculation: 1.3275
Total log likelihood: -71533.5020
nl: 88.0573
nr: 80.7704
sigma_l: 0.7919
sigma_r: 0.8225
beta: 0.4469
Time for calculation: 1.3285
Total log likelihood: -71533.5022
nl: 88.0358
nr: 80.7704
sigma_l: 0.7919
sigma_r: 0.8225
beta: 0.4470
Time for calculation: 1.3361
Total log likelihood: -71533.5022
nl: 88.0358
nr: 80.7704
sigma_l: 0.7919
sigma_r: 0.8225
beta: 0.4469
Time for calculation: 1.3263
Total log likelihood: -71533.5020
nl: 88.0466
nr: 80.7901
sigma_l: 0.7919
sigma_r: 0.8225
beta: 0.4469
Time for calculation: 1.3319
Total log likelihood: -71533.5021
nl: 88.0466
nr: 80.7704
sigma_l: 0.7919
sigma_r: 0.8225
beta: 0.4469
Time for calculation: 1.3243
Total log likelihood: -71533.5018
nl: 88.0466
nr: 80.7704
sigma_l: 0.7919
sigma_r: 0.8225
beta: 0.4469
Time for calculation: 1.3292
Total log likelihood: -71533.5018
nl: 88.0466
nr: 80.7507
sigma_l: 0.7919
sigma_r: 0.8225
beta: 0.4469
Time for calculation: 1.3271
Total log likelihood: -71533.5021
nl: 88.0466
nr: 80.7803
sigma_l: 0.7920
sigma_r: 0.8225
beta: 0.4469
Time for calculation: 1.3377
Total log likelihood: -71533.5020
nl: 88.0466
nr: 80.7803
sigma_l: 0.7918
sigma_r: 0.8225
beta: 0.4469
Time for calculation: 1.3243
Total log likelihood: -71533.5019
nl: 88.0466
nr: 80.7605
sigma_l: 0.7920
sigma_r: 0.8225
beta: 0.4469
Time for calculation: 1.3315
Total log likelihood: -71533.5019
nl: 88.0466
nr: 80.7605
sigma_l: 0.7918
sigma_r: 0.8225
beta: 0.4469
Time for calculation: 1.3285
Total log likelihood: -71533.5020
nl: 88.0466
nr: 80.7803
sigma_l: 0.7919
sigma_r: 0.8226
beta: 0.4469
Time for calculation: 1.3301
Total log likelihood: -71533.5020
nl: 88.0466
nr: 80.7803
sigma_l: 0.7919
sigma_r: 0.8224
beta: 0.4469
Time for calculation: 1.3306
Total log likelihood: -71533.5020
nl: 88.0466
nr: 80.7605
sigma_l: 0.7919
sigma_r: 0.8226
beta: 0.4469
Time for calculation: 1.3350
Total log likelihood: -71533.5020
nl: 88.0466
nr: 80.7605
sigma_l: 0.7919
sigma_r: 0.8224
beta: 0.4469
Time for calculation: 1.3309
Total log likelihood: -71533.5020
nl: 88.0466
nr: 80.7803
sigma_l: 0.7919
sigma_r: 0.8225
beta: 0.4470
Time for calculation: 1.3342
Total log likelihood: -71533.5019
nl: 88.0466
nr: 80.7803
sigma_l: 0.7919
sigma_r: 0.8225
beta: 0.4469
Time for calculation: 1.3249
Total log likelihood: -71533.5023
nl: 88.0466
nr: 80.7605
sigma_l: 0.7919
sigma_r: 0.8225
beta: 0.4470
Time for calculation: 1.3335
Total log likelihood: -71533.5023
nl: 88.0466
nr: 80.7605
sigma_l: 0.7919
sigma_r: 0.8225
beta: 0.4469
Time for calculation: 1.3371
Total log likelihood: -71533.5019
nl: 88.0466
nr: 80.7704
sigma_l: 0.7921
sigma_r: 0.8225
beta: 0.4469
Time for calculation: 1.3286
Total log likelihood: -71533.5021
nl: 88.0466
nr: 80.7704
sigma_l: 0.7919
sigma_r: 0.8225
beta: 0.4469
Time for calculation: 1.3420
Total log likelihood: -71533.5018
nl: 88.0466
nr: 80.7704
sigma_l: 0.7919
sigma_r: 0.8225
beta: 0.4469
Time for calculation: 1.3522
Total log likelihood: -71533.5018
nl: 88.0466
nr: 80.7704
sigma_l: 0.7917
sigma_r: 0.8225
beta: 0.4469
Time for calculation: 1.3265
Total log likelihood: -71533.5021
nl: 88.0466
nr: 80.7704
sigma_l: 0.7920
sigma_r: 0.8226
beta: 0.4469
Time for calculation: 1.3373
Total log likelihood: -71533.5020
nl: 88.0466
nr: 80.7704
sigma_l: 0.7920
sigma_r: 0.8224
beta: 0.4469
Time for calculation: 1.3252
Total log likelihood: -71533.5020
nl: 88.0466
nr: 80.7704
sigma_l: 0.7918
sigma_r: 0.8226
beta: 0.4469
Time for calculation: 1.3405
Total log likelihood: -71533.5020
nl: 88.0466
nr: 80.7704
sigma_l: 0.7918
sigma_r: 0.8224
beta: 0.4469
Time for calculation: 1.3229
Total log likelihood: -71533.5020
nl: 88.0466
nr: 80.7704
sigma_l: 0.7920
sigma_r: 0.8225
beta: 0.4470
Time for calculation: 1.3344
Total log likelihood: -71533.5020
nl: 88.0466
nr: 80.7704
sigma_l: 0.7920
sigma_r: 0.8225
beta: 0.4469
Time for calculation: 1.3384
Total log likelihood: -71533.5022
nl: 88.0466
nr: 80.7704
sigma_l: 0.7918
sigma_r: 0.8225
beta: 0.4470
Time for calculation: 1.3454
Total log likelihood: -71533.5022
nl: 88.0466
nr: 80.7704
sigma_l: 0.7918
sigma_r: 0.8225
beta: 0.4469
Time for calculation: 1.3340
Total log likelihood: -71533.5020
nl: 88.0466
nr: 80.7704
sigma_l: 0.7919
sigma_r: 0.8227
beta: 0.4469
Time for calculation: 1.3300
Total log likelihood: -71533.5021
nl: 88.0466
nr: 80.7704
sigma_l: 0.7919
sigma_r: 0.8225
beta: 0.4469
Time for calculation: 1.3341
Total log likelihood: -71533.5018
nl: 88.0466
nr: 80.7704
sigma_l: 0.7919
sigma_r: 0.8225
beta: 0.4469
Time for calculation: 1.3436
Total log likelihood: -71533.5018
nl: 88.0466
nr: 80.7704
sigma_l: 0.7919
sigma_r: 0.8223
beta: 0.4469
Time for calculation: 1.3352
Total log likelihood: -71533.5021
nl: 88.0466
nr: 80.7704
sigma_l: 0.7919
sigma_r: 0.8226
beta: 0.4470
Time for calculation: 1.3484
Total log likelihood: -71533.5021
nl: 88.0466
nr: 80.7704
sigma_l: 0.7919
sigma_r: 0.8226
beta: 0.4469
Time for calculation: 1.3238
Total log likelihood: -71533.5021
nl: 88.0466
nr: 80.7704
sigma_l: 0.7919
sigma_r: 0.8224
beta: 0.4470
Time for calculation: 1.3292
Total log likelihood: -71533.5021
nl: 88.0466
nr: 80.7704
sigma_l: 0.7919
sigma_r: 0.8224
beta: 0.4469
Time for calculation: 1.3342
Total log likelihood: -71533.5021
nl: 88.0466
nr: 80.7704
sigma_l: 0.7919
sigma_r: 0.8225
beta: 0.4470
Time for calculation: 1.3361
Total log likelihood: -71533.5026
nl: 88.0466
nr: 80.7704
sigma_l: 0.7919
sigma_r: 0.8225
beta: 0.4469
Time for calculation: 1.3286
Total log likelihood: -71533.5018
nl: 88.0466
nr: 80.7704
sigma_l: 0.7919
sigma_r: 0.8225
beta: 0.4469
Time for calculation: 1.3430
Total log likelihood: -71533.5018
nl: 88.0466
nr: 80.7704
sigma_l: 0.7919
sigma_r: 0.8225
beta: 0.4468
Time for calculation: 1.3301
Total log likelihood: -71533.5026
[[ 1.          0.98245507 -0.22197421 -0.30269264  0.9869107 ]
 [ 0.98245507  1.         -0.27543111 -0.24646376  0.99176149]
 [-0.22197421 -0.27543111  1.          0.06609061 -0.2300241 ]
 [-0.30269264 -0.24646376  0.06609061  1.         -0.25240264]
 [ 0.9869107   0.99176149 -0.2300241  -0.25240264  1.        ]]
nl: 88.0466
nr: 80.7704
sigma_l: 0.7919
sigma_r: 0.8225
beta: 0.4469
Time for calculation: 1.3073
Total log likelihood: -71533.5018
                          MLE_Estim_Barrier Results                           
==============================================================================
Dep. Variable:                      y   Log-Likelihood:                -71534.
Model:              MLE_Estim_Barrier   AIC:                         1.431e+05
Method:            Maximum Likelihood   BIC:                         1.431e+05
Date:                Mon, 29 May 2023                                         
Time:                        18:11:03                                         
No. Observations:                 276                                         
Df Residuals:                     275                                         
Df Model:                           0                                         
==============================================================================
                 coef    std err          z      P>|z|      [0.025      0.975]
------------------------------------------------------------------------------
const         88.0466      7.404     11.892      0.000      73.536     102.557
par0          80.7704      6.795     11.887      0.000      67.453      94.088
par1           0.7919      0.010     82.393      0.000       0.773       0.811
par2           0.8225      0.009     87.965      0.000       0.804       0.841
par3           0.4469      0.026     17.249      0.000       0.396       0.498
==============================================================================

MLE Estimates:
Parameter 0: 88.046577
Parameter 1: 80.770408
Parameter 2: 0.791880
Parameter 3: 0.822458
Parameter 4: 0.446938
Saving Results to: /mnt/archgen/users/hringbauer/git/IBD-Analysis/ibd_analysis/blocksim/output/varyNe/scenario8/data_set_nr_17.tsv
[[ 88.04657697  73.53574882 102.55740511]
 [ 80.7704078   67.45255696  94.08825863]
 [  0.79187958   0.77304229   0.81071686]
 [  0.82245819   0.80413291   0.84078348]
 [  0.4469376    0.39615253   0.49772266]]
Results have been successfully saved.
Run Complete. GOOD JOB!
Finished IBD simulation and estimation. Good Job!
Simulation Finished!
