Running Task 211
bionode17
/mnt/archgen/users/hringbauer/git/IBD-Analysis/ibd_analysis/blocksim
CPU Count: 128
Doing Complete Simulation run...
Loaded migration Matrix type: isotropic
Runtime Migration Matrix: 1.7220 
Size of Migration Matrix: 246016
Doing Pre-Calculations for cumulative Sums
Nr of total entries in precalculated cum-sums:
1228096
Runtime Pre-Calculations: 31.3138
Gridsize: 200
Loaded migration Matrix type: isotropic
Runtime Migration Matrix: 0.2976 
Size of Migration Matrix: 40000
Doing Pre-Calculations for cumulative Sums
Nr of total entries in precalculated cum-sums:
516004
Runtime Pre-Calculations: 5.1500
Simulated Sigmas: 
[0.8 0.8]
Simulated Initial Deme Ne: 
[100 100]
Simulated Beta:
0.5
Simulated Barrier Position: 100
Nr. Samples set: 240
Doing step: 0/500
IIDs left: 100
IIDs right: 100
Doing step: 1/500
IIDs left: 71
IIDs right: 71
Doing step: 2/500
IIDs left: 58
IIDs right: 58
Doing step: 3/500
IIDs left: 50
IIDs right: 50
Doing step: 4/500
IIDs left: 45
IIDs right: 45
Doing step: 5/500
IIDs left: 41
IIDs right: 41
Doing step: 6/500
IIDs left: 38
IIDs right: 38
Doing step: 7/500
IIDs left: 35
IIDs right: 35
Doing step: 8/500
IIDs left: 33
IIDs right: 33
Doing step: 9/500
IIDs left: 32
IIDs right: 32
Doing step: 10/500
IIDs left: 30
IIDs right: 30
Doing step: 11/500
IIDs left: 29
IIDs right: 29
Doing step: 12/500
IIDs left: 28
IIDs right: 28
Doing step: 13/500
IIDs left: 27
IIDs right: 27
Doing step: 14/500
IIDs left: 26
IIDs right: 26
Doing step: 15/500
IIDs left: 25
IIDs right: 25
Doing step: 16/500
IIDs left: 24
IIDs right: 24
Doing step: 17/500
IIDs left: 24
IIDs right: 24
Doing step: 18/500
IIDs left: 23
IIDs right: 23
Doing step: 19/500
IIDs left: 22
IIDs right: 22
Doing step: 20/500
IIDs left: 22
IIDs right: 22
Doing step: 21/500
IIDs left: 21
IIDs right: 21
Doing step: 22/500
IIDs left: 21
IIDs right: 21
Doing step: 23/500
IIDs left: 20
IIDs right: 20
Doing step: 24/500
IIDs left: 20
IIDs right: 20
Doing step: 25/500
IIDs left: 20
IIDs right: 20
Doing step: 26/500
IIDs left: 19
IIDs right: 19
Doing step: 27/500
IIDs left: 19
IIDs right: 19
Doing step: 28/500
IIDs left: 19
IIDs right: 19
Doing step: 29/500
IIDs left: 18
IIDs right: 18
Doing step: 30/500
IIDs left: 18
IIDs right: 18
Doing step: 31/500
IIDs left: 18
IIDs right: 18
Doing step: 32/500
IIDs left: 17
IIDs right: 17
Doing step: 33/500
IIDs left: 17
IIDs right: 17
Doing step: 34/500
IIDs left: 17
IIDs right: 17
Doing step: 35/500
IIDs left: 17
IIDs right: 17
Doing step: 36/500
IIDs left: 16
IIDs right: 16
Doing step: 37/500
IIDs left: 16
IIDs right: 16
Doing step: 38/500
IIDs left: 16
IIDs right: 16
Doing step: 39/500
IIDs left: 16
IIDs right: 16
Doing step: 40/500
IIDs left: 16
IIDs right: 16
Doing step: 41/500
IIDs left: 15
IIDs right: 15
Doing step: 42/500
IIDs left: 15
IIDs right: 15
Doing step: 43/500
IIDs left: 15
IIDs right: 15
Doing step: 44/500
IIDs left: 15
IIDs right: 15
Doing step: 45/500
IIDs left: 15
IIDs right: 15
Doing step: 46/500
IIDs left: 15
IIDs right: 15
Doing step: 47/500
IIDs left: 14
IIDs right: 14
Doing step: 48/500
IIDs left: 14
IIDs right: 14
Doing step: 49/500
IIDs left: 14
IIDs right: 14
Doing step: 50/500
IIDs left: 14
IIDs right: 14
Doing step: 51/500
IIDs left: 14
IIDs right: 14
Doing step: 52/500
IIDs left: 14
IIDs right: 14
Doing step: 53/500
IIDs left: 14
IIDs right: 14
Doing step: 54/500
IIDs left: 13
IIDs right: 13
Doing step: 55/500
IIDs left: 13
IIDs right: 13
Doing step: 56/500
IIDs left: 13
IIDs right: 13
Doing step: 57/500
IIDs left: 13
IIDs right: 13
Doing step: 58/500
IIDs left: 13
IIDs right: 13
Doing step: 59/500
IIDs left: 13
IIDs right: 13
Doing step: 60/500
IIDs left: 13
IIDs right: 13
Doing step: 61/500
IIDs left: 13
IIDs right: 13
Doing step: 62/500
IIDs left: 13
IIDs right: 13
Doing step: 63/500
IIDs left: 12
IIDs right: 12
Doing step: 64/500
IIDs left: 12
IIDs right: 12
Doing step: 65/500
IIDs left: 12
IIDs right: 12
Doing step: 66/500
IIDs left: 12
IIDs right: 12
Doing step: 67/500
IIDs left: 12
IIDs right: 12
Doing step: 68/500
IIDs left: 12
IIDs right: 12
Doing step: 69/500
IIDs left: 12
IIDs right: 12
Doing step: 70/500
IIDs left: 12
IIDs right: 12
Doing step: 71/500
IIDs left: 12
IIDs right: 12
Doing step: 72/500
IIDs left: 12
IIDs right: 12
Doing step: 73/500
IIDs left: 12
IIDs right: 12
Doing step: 74/500
IIDs left: 12
IIDs right: 12
Doing step: 75/500
IIDs left: 11
IIDs right: 11
Doing step: 76/500
IIDs left: 11
IIDs right: 11
Doing step: 77/500
IIDs left: 11
IIDs right: 11
Doing step: 78/500
IIDs left: 11
IIDs right: 11
Doing step: 79/500
IIDs left: 11
IIDs right: 11
Doing step: 80/500
IIDs left: 11
IIDs right: 11
Doing step: 81/500
IIDs left: 11
IIDs right: 11
Doing step: 82/500
IIDs left: 11
IIDs right: 11
Doing step: 83/500
IIDs left: 11
IIDs right: 11
Doing step: 84/500
IIDs left: 11
IIDs right: 11
Doing step: 85/500
IIDs left: 11
IIDs right: 11
Doing step: 86/500
IIDs left: 11
IIDs right: 11
Doing step: 87/500
IIDs left: 11
IIDs right: 11
Doing step: 88/500
IIDs left: 11
IIDs right: 11
Doing step: 89/500
IIDs left: 11
IIDs right: 11
Doing step: 90/500
IIDs left: 10
IIDs right: 10
Doing step: 91/500
IIDs left: 10
IIDs right: 10
Doing step: 92/500
IIDs left: 10
IIDs right: 10
Doing step: 93/500
IIDs left: 10
IIDs right: 10
Doing step: 94/500
IIDs left: 10
IIDs right: 10
Doing step: 95/500
IIDs left: 10
IIDs right: 10
Doing step: 96/500
IIDs left: 10
IIDs right: 10
Doing step: 97/500
IIDs left: 10
IIDs right: 10
Doing step: 98/500
IIDs left: 10
IIDs right: 10
Doing step: 99/500
IIDs left: 10
IIDs right: 10
Doing step: 100/500
IIDs left: 10
IIDs right: 10
Doing step: 101/500
IIDs left: 10
IIDs right: 10
Doing step: 102/500
IIDs left: 10
IIDs right: 10
Doing step: 103/500
IIDs left: 10
IIDs right: 10
Doing step: 104/500
IIDs left: 10
IIDs right: 10
Doing step: 105/500
IIDs left: 10
IIDs right: 10
Doing step: 106/500
IIDs left: 10
IIDs right: 10
Doing step: 107/500
IIDs left: 10
IIDs right: 10
Doing step: 108/500
IIDs left: 10
IIDs right: 10
Doing step: 109/500
IIDs left: 10
IIDs right: 10
Doing step: 110/500
IIDs left: 9
IIDs right: 9
Doing step: 111/500
IIDs left: 9
IIDs right: 9
Doing step: 112/500
IIDs left: 9
IIDs right: 9
Doing step: 113/500
IIDs left: 9
IIDs right: 9
Doing step: 114/500
IIDs left: 9
IIDs right: 9
Doing step: 115/500
IIDs left: 9
IIDs right: 9
Doing step: 116/500
IIDs left: 9
IIDs right: 9
Doing step: 117/500
IIDs left: 9
IIDs right: 9
Doing step: 118/500
IIDs left: 9
IIDs right: 9
Doing step: 119/500
IIDs left: 9
IIDs right: 9
Doing step: 120/500
IIDs left: 9
IIDs right: 9
Doing step: 121/500
IIDs left: 9
IIDs right: 9
Doing step: 122/500
IIDs left: 9
IIDs right: 9
Doing step: 123/500
IIDs left: 9
IIDs right: 9
Doing step: 124/500
IIDs left: 9
IIDs right: 9
Doing step: 125/500
IIDs left: 9
IIDs right: 9
Doing step: 126/500
IIDs left: 9
IIDs right: 9
Doing step: 127/500
IIDs left: 9
IIDs right: 9
Doing step: 128/500
IIDs left: 9
IIDs right: 9
Doing step: 129/500
IIDs left: 9
IIDs right: 9
Doing step: 130/500
IIDs left: 9
IIDs right: 9
Doing step: 131/500
IIDs left: 9
IIDs right: 9
Doing step: 132/500
IIDs left: 9
IIDs right: 9
Doing step: 133/500
IIDs left: 9
IIDs right: 9
Doing step: 134/500
IIDs left: 9
IIDs right: 9
Doing step: 135/500
IIDs left: 9
IIDs right: 9
Doing step: 136/500
IIDs left: 9
IIDs right: 9
Doing step: 137/500
IIDs left: 9
IIDs right: 9
Doing step: 138/500
IIDs left: 8
IIDs right: 8
Doing step: 139/500
IIDs left: 8
IIDs right: 8
Doing step: 140/500
IIDs left: 8
IIDs right: 8
Doing step: 141/500
IIDs left: 8
IIDs right: 8
Doing step: 142/500
IIDs left: 8
IIDs right: 8
Doing step: 143/500
IIDs left: 8
IIDs right: 8
Doing step: 144/500
IIDs left: 8
IIDs right: 8
Doing step: 145/500
IIDs left: 8
IIDs right: 8
Doing step: 146/500
IIDs left: 8
IIDs right: 8
Doing step: 147/500
IIDs left: 8
IIDs right: 8
Doing step: 148/500
IIDs left: 8
IIDs right: 8
Doing step: 149/500
IIDs left: 8
IIDs right: 8
Doing step: 150/500
IIDs left: 8
IIDs right: 8
Doing step: 151/500
IIDs left: 8
IIDs right: 8
Doing step: 152/500
IIDs left: 8
IIDs right: 8
Doing step: 153/500
IIDs left: 8
IIDs right: 8
Doing step: 154/500
IIDs left: 8
IIDs right: 8
Doing step: 155/500
IIDs left: 8
IIDs right: 8
Doing step: 156/500
IIDs left: 8
IIDs right: 8
Doing step: 157/500
IIDs left: 8
IIDs right: 8
Doing step: 158/500
IIDs left: 8
IIDs right: 8
Doing step: 159/500
IIDs left: 8
IIDs right: 8
Doing step: 160/500
IIDs left: 8
IIDs right: 8
Doing step: 161/500
IIDs left: 8
IIDs right: 8
Doing step: 162/500
IIDs left: 8
IIDs right: 8
Doing step: 163/500
IIDs left: 8
IIDs right: 8
Doing step: 164/500
IIDs left: 8
IIDs right: 8
Doing step: 165/500
IIDs left: 8
IIDs right: 8
Doing step: 166/500
IIDs left: 8
IIDs right: 8
Doing step: 167/500
IIDs left: 8
IIDs right: 8
Doing step: 168/500
IIDs left: 8
IIDs right: 8
Doing step: 169/500
IIDs left: 8
IIDs right: 8
Doing step: 170/500
IIDs left: 8
IIDs right: 8
Doing step: 171/500
IIDs left: 8
IIDs right: 8
Doing step: 172/500
IIDs left: 8
IIDs right: 8
Doing step: 173/500
IIDs left: 8
IIDs right: 8
Doing step: 174/500
IIDs left: 8
IIDs right: 8
Doing step: 175/500
IIDs left: 8
IIDs right: 8
Doing step: 176/500
IIDs left: 8
IIDs right: 8
Doing step: 177/500
IIDs left: 7
IIDs right: 7
Doing step: 178/500
IIDs left: 7
IIDs right: 7
Doing step: 179/500
IIDs left: 7
IIDs right: 7
Doing step: 180/500
IIDs left: 7
IIDs right: 7
Doing step: 181/500
IIDs left: 7
IIDs right: 7
Doing step: 182/500
IIDs left: 7
IIDs right: 7
Doing step: 183/500
IIDs left: 7
IIDs right: 7
Doing step: 184/500
IIDs left: 7
IIDs right: 7
Doing step: 185/500
IIDs left: 7
IIDs right: 7
Doing step: 186/500
IIDs left: 7
IIDs right: 7
Doing step: 187/500
IIDs left: 7
IIDs right: 7
Doing step: 188/500
IIDs left: 7
IIDs right: 7
Doing step: 189/500
IIDs left: 7
IIDs right: 7
Doing step: 190/500
IIDs left: 7
IIDs right: 7
Doing step: 191/500
IIDs left: 7
IIDs right: 7
Doing step: 192/500
IIDs left: 7
IIDs right: 7
Doing step: 193/500
IIDs left: 7
IIDs right: 7
Doing step: 194/500
IIDs left: 7
IIDs right: 7
Doing step: 195/500
IIDs left: 7
IIDs right: 7
Doing step: 196/500
IIDs left: 7
IIDs right: 7
Doing step: 197/500
IIDs left: 7
IIDs right: 7
Doing step: 198/500
IIDs left: 7
IIDs right: 7
Doing step: 199/500
IIDs left: 7
IIDs right: 7
Doing step: 200/500
IIDs left: 7
IIDs right: 7
Doing step: 201/500
IIDs left: 7
IIDs right: 7
Doing step: 202/500
IIDs left: 7
IIDs right: 7
Doing step: 203/500
IIDs left: 7
IIDs right: 7
Doing step: 204/500
IIDs left: 7
IIDs right: 7
Doing step: 205/500
IIDs left: 7
IIDs right: 7
Doing step: 206/500
IIDs left: 7
IIDs right: 7
Doing step: 207/500
IIDs left: 7
IIDs right: 7
Doing step: 208/500
IIDs left: 7
IIDs right: 7
Doing step: 209/500
IIDs left: 7
IIDs right: 7
Doing step: 210/500
IIDs left: 7
IIDs right: 7
Doing step: 211/500
IIDs left: 7
IIDs right: 7
Doing step: 212/500
IIDs left: 7
IIDs right: 7
Doing step: 213/500
IIDs left: 7
IIDs right: 7
Doing step: 214/500
IIDs left: 7
IIDs right: 7
Doing step: 215/500
IIDs left: 7
IIDs right: 7
Doing step: 216/500
IIDs left: 7
IIDs right: 7
Doing step: 217/500
IIDs left: 7
IIDs right: 7
Doing step: 218/500
IIDs left: 7
IIDs right: 7
Doing step: 219/500
IIDs left: 7
IIDs right: 7
Doing step: 220/500
IIDs left: 7
IIDs right: 7
Doing step: 221/500
IIDs left: 7
IIDs right: 7
Doing step: 222/500
IIDs left: 7
IIDs right: 7
Doing step: 223/500
IIDs left: 7
IIDs right: 7
Doing step: 224/500
IIDs left: 7
IIDs right: 7
Doing step: 225/500
IIDs left: 7
IIDs right: 7
Doing step: 226/500
IIDs left: 7
IIDs right: 7
Doing step: 227/500
IIDs left: 7
IIDs right: 7
Doing step: 228/500
IIDs left: 7
IIDs right: 7
Doing step: 229/500
IIDs left: 7
IIDs right: 7
Doing step: 230/500
IIDs left: 7
IIDs right: 7
Doing step: 231/500
IIDs left: 7
IIDs right: 7
Doing step: 232/500
IIDs left: 7
IIDs right: 7
Doing step: 233/500
IIDs left: 7
IIDs right: 7
Doing step: 234/500
IIDs left: 7
IIDs right: 7
Doing step: 235/500
IIDs left: 7
IIDs right: 7
Doing step: 236/500
IIDs left: 6
IIDs right: 6
Doing step: 237/500
IIDs left: 6
IIDs right: 6
Doing step: 238/500
IIDs left: 6
IIDs right: 6
Doing step: 239/500
IIDs left: 6
IIDs right: 6
Doing step: 240/500
IIDs left: 6
IIDs right: 6
Doing step: 241/500
IIDs left: 6
IIDs right: 6
Doing step: 242/500
IIDs left: 6
IIDs right: 6
Doing step: 243/500
IIDs left: 6
IIDs right: 6
Doing step: 244/500
IIDs left: 6
IIDs right: 6
Doing step: 245/500
IIDs left: 6
IIDs right: 6
Doing step: 246/500
IIDs left: 6
IIDs right: 6
Doing step: 247/500
IIDs left: 6
IIDs right: 6
Doing step: 248/500
IIDs left: 6
IIDs right: 6
Doing step: 249/500
IIDs left: 6
IIDs right: 6
Doing step: 250/500
IIDs left: 6
IIDs right: 6
Doing step: 251/500
IIDs left: 6
IIDs right: 6
Doing step: 252/500
IIDs left: 6
IIDs right: 6
Doing step: 253/500
IIDs left: 6
IIDs right: 6
Doing step: 254/500
IIDs left: 6
IIDs right: 6
Doing step: 255/500
IIDs left: 6
IIDs right: 6
Doing step: 256/500
IIDs left: 6
IIDs right: 6
Doing step: 257/500
IIDs left: 6
IIDs right: 6
Doing step: 258/500
IIDs left: 6
IIDs right: 6
Doing step: 259/500
IIDs left: 6
IIDs right: 6
Doing step: 260/500
IIDs left: 6
IIDs right: 6
Doing step: 261/500
IIDs left: 6
IIDs right: 6
Doing step: 262/500
IIDs left: 6
IIDs right: 6
Doing step: 263/500
IIDs left: 6
IIDs right: 6
Doing step: 264/500
IIDs left: 6
IIDs right: 6
Doing step: 265/500
IIDs left: 6
IIDs right: 6
Doing step: 266/500
IIDs left: 6
IIDs right: 6
Doing step: 267/500
IIDs left: 6
IIDs right: 6
Doing step: 268/500
IIDs left: 6
IIDs right: 6
Doing step: 269/500
IIDs left: 6
IIDs right: 6
Doing step: 270/500
IIDs left: 6
IIDs right: 6
Doing step: 271/500
IIDs left: 6
IIDs right: 6
Doing step: 272/500
IIDs left: 6
IIDs right: 6
Doing step: 273/500
IIDs left: 6
IIDs right: 6
Doing step: 274/500
IIDs left: 6
IIDs right: 6
Doing step: 275/500
IIDs left: 6
IIDs right: 6
Doing step: 276/500
IIDs left: 6
IIDs right: 6
Doing step: 277/500
IIDs left: 6
IIDs right: 6
Doing step: 278/500
IIDs left: 6
IIDs right: 6
Doing step: 279/500
IIDs left: 6
IIDs right: 6
Doing step: 280/500
IIDs left: 6
IIDs right: 6
Doing step: 281/500
IIDs left: 6
IIDs right: 6
Doing step: 282/500
IIDs left: 6
IIDs right: 6
Doing step: 283/500
IIDs left: 6
IIDs right: 6
Doing step: 284/500
IIDs left: 6
IIDs right: 6
Doing step: 285/500
IIDs left: 6
IIDs right: 6
Doing step: 286/500
IIDs left: 6
IIDs right: 6
Doing step: 287/500
IIDs left: 6
IIDs right: 6
Doing step: 288/500
IIDs left: 6
IIDs right: 6
Doing step: 289/500
IIDs left: 6
IIDs right: 6
Doing step: 290/500
IIDs left: 6
IIDs right: 6
Doing step: 291/500
IIDs left: 6
IIDs right: 6
Doing step: 292/500
IIDs left: 6
IIDs right: 6
Doing step: 293/500
IIDs left: 6
IIDs right: 6
Doing step: 294/500
IIDs left: 6
IIDs right: 6
Doing step: 295/500
IIDs left: 6
IIDs right: 6
Doing step: 296/500
IIDs left: 6
IIDs right: 6
Doing step: 297/500
IIDs left: 6
IIDs right: 6
Doing step: 298/500
IIDs left: 6
IIDs right: 6
Doing step: 299/500
IIDs left: 6
IIDs right: 6
Doing step: 300/500
IIDs left: 6
IIDs right: 6
Doing step: 301/500
IIDs left: 6
IIDs right: 6
Doing step: 302/500
IIDs left: 6
IIDs right: 6
Doing step: 303/500
IIDs left: 6
IIDs right: 6
Doing step: 304/500
IIDs left: 6
IIDs right: 6
Doing step: 305/500
IIDs left: 6
IIDs right: 6
Doing step: 306/500
IIDs left: 6
IIDs right: 6
Doing step: 307/500
IIDs left: 6
IIDs right: 6
Doing step: 308/500
IIDs left: 6
IIDs right: 6
Doing step: 309/500
IIDs left: 6
IIDs right: 6
Doing step: 310/500
IIDs left: 6
IIDs right: 6
Doing step: 311/500
IIDs left: 6
IIDs right: 6
Doing step: 312/500
IIDs left: 6
IIDs right: 6
Doing step: 313/500
IIDs left: 6
IIDs right: 6
Doing step: 314/500
IIDs left: 6
IIDs right: 6
Doing step: 315/500
IIDs left: 6
IIDs right: 6
Doing step: 316/500
IIDs left: 6
IIDs right: 6
Doing step: 317/500
IIDs left: 6
IIDs right: 6
Doing step: 318/500
IIDs left: 6
IIDs right: 6
Doing step: 319/500
IIDs left: 6
IIDs right: 6
Doing step: 320/500
IIDs left: 6
IIDs right: 6
Doing step: 321/500
IIDs left: 6
IIDs right: 6
Doing step: 322/500
IIDs left: 6
IIDs right: 6
Doing step: 323/500
IIDs left: 6
IIDs right: 6
Doing step: 324/500
IIDs left: 6
IIDs right: 6
Doing step: 325/500
IIDs left: 6
IIDs right: 6
Doing step: 326/500
IIDs left: 6
IIDs right: 6
Doing step: 327/500
IIDs left: 6
IIDs right: 6
Doing step: 328/500
IIDs left: 6
IIDs right: 6
Doing step: 329/500
IIDs left: 6
IIDs right: 6
Doing step: 330/500
IIDs left: 5
IIDs right: 5
Doing step: 331/500
IIDs left: 5
IIDs right: 5
Doing step: 332/500
IIDs left: 5
IIDs right: 5
Doing step: 333/500
IIDs left: 5
IIDs right: 5
Doing step: 334/500
IIDs left: 5
IIDs right: 5
Doing step: 335/500
IIDs left: 5
IIDs right: 5
Doing step: 336/500
IIDs left: 5
IIDs right: 5
Doing step: 337/500
IIDs left: 5
IIDs right: 5
Doing step: 338/500
IIDs left: 5
IIDs right: 5
Doing step: 339/500
IIDs left: 5
IIDs right: 5
Doing step: 340/500
IIDs left: 5
IIDs right: 5
Doing step: 341/500
IIDs left: 5
IIDs right: 5
Doing step: 342/500
IIDs left: 5
IIDs right: 5
Doing step: 343/500
IIDs left: 5
IIDs right: 5
Doing step: 344/500
IIDs left: 5
IIDs right: 5
Doing step: 345/500
IIDs left: 5
IIDs right: 5
Doing step: 346/500
IIDs left: 5
IIDs right: 5
Doing step: 347/500
IIDs left: 5
IIDs right: 5
Doing step: 348/500
IIDs left: 5
IIDs right: 5
Doing step: 349/500
IIDs left: 5
IIDs right: 5
Doing step: 350/500
IIDs left: 5
IIDs right: 5
Doing step: 351/500
IIDs left: 5
IIDs right: 5
Doing step: 352/500
IIDs left: 5
IIDs right: 5
Doing step: 353/500
IIDs left: 5
IIDs right: 5
Doing step: 354/500
IIDs left: 5
IIDs right: 5
Doing step: 355/500
IIDs left: 5
IIDs right: 5
Doing step: 356/500
IIDs left: 5
IIDs right: 5
Doing step: 357/500
IIDs left: 5
IIDs right: 5
Doing step: 358/500
IIDs left: 5
IIDs right: 5
Doing step: 359/500
IIDs left: 5
IIDs right: 5
Doing step: 360/500
IIDs left: 5
IIDs right: 5
Doing step: 361/500
IIDs left: 5
IIDs right: 5
Doing step: 362/500
IIDs left: 5
IIDs right: 5
Doing step: 363/500
IIDs left: 5
IIDs right: 5
Doing step: 364/500
IIDs left: 5
IIDs right: 5
Doing step: 365/500
IIDs left: 5
IIDs right: 5
Doing step: 366/500
IIDs left: 5
IIDs right: 5
Doing step: 367/500
IIDs left: 5
IIDs right: 5
Doing step: 368/500
IIDs left: 5
IIDs right: 5
Doing step: 369/500
IIDs left: 5
IIDs right: 5
Doing step: 370/500
IIDs left: 5
IIDs right: 5
Doing step: 371/500
IIDs left: 5
IIDs right: 5
Doing step: 372/500
IIDs left: 5
IIDs right: 5
Doing step: 373/500
IIDs left: 5
IIDs right: 5
Doing step: 374/500
IIDs left: 5
IIDs right: 5
Doing step: 375/500
IIDs left: 5
IIDs right: 5
Doing step: 376/500
IIDs left: 5
IIDs right: 5
Doing step: 377/500
IIDs left: 5
IIDs right: 5
Doing step: 378/500
IIDs left: 5
IIDs right: 5
Doing step: 379/500
IIDs left: 5
IIDs right: 5
Doing step: 380/500
IIDs left: 5
IIDs right: 5
Doing step: 381/500
IIDs left: 5
IIDs right: 5
Doing step: 382/500
IIDs left: 5
IIDs right: 5
Doing step: 383/500
IIDs left: 5
IIDs right: 5
Doing step: 384/500
IIDs left: 5
IIDs right: 5
Doing step: 385/500
IIDs left: 5
IIDs right: 5
Doing step: 386/500
IIDs left: 5
IIDs right: 5
Doing step: 387/500
IIDs left: 5
IIDs right: 5
Doing step: 388/500
IIDs left: 5
IIDs right: 5
Doing step: 389/500
IIDs left: 5
IIDs right: 5
Doing step: 390/500
IIDs left: 5
IIDs right: 5
Doing step: 391/500
IIDs left: 5
IIDs right: 5
Doing step: 392/500
IIDs left: 5
IIDs right: 5
Doing step: 393/500
IIDs left: 5
IIDs right: 5
Doing step: 394/500
IIDs left: 5
IIDs right: 5
Doing step: 395/500
IIDs left: 5
IIDs right: 5
Doing step: 396/500
IIDs left: 5
IIDs right: 5
Doing step: 397/500
IIDs left: 5
IIDs right: 5
Doing step: 398/500
IIDs left: 5
IIDs right: 5
Doing step: 399/500
IIDs left: 5
IIDs right: 5
Doing step: 400/500
IIDs left: 5
IIDs right: 5
Doing step: 401/500
IIDs left: 5
IIDs right: 5
Doing step: 402/500
IIDs left: 5
IIDs right: 5
Doing step: 403/500
IIDs left: 5
IIDs right: 5
Doing step: 404/500
IIDs left: 5
IIDs right: 5
Doing step: 405/500
IIDs left: 5
IIDs right: 5
Doing step: 406/500
IIDs left: 5
IIDs right: 5
Doing step: 407/500
IIDs left: 5
IIDs right: 5
Doing step: 408/500
IIDs left: 5
IIDs right: 5
Doing step: 409/500
IIDs left: 5
IIDs right: 5
Doing step: 410/500
IIDs left: 5
IIDs right: 5
Doing step: 411/500
IIDs left: 5
IIDs right: 5
Doing step: 412/500
IIDs left: 5
IIDs right: 5
Doing step: 413/500
IIDs left: 5
IIDs right: 5
Doing step: 414/500
IIDs left: 5
IIDs right: 5
Doing step: 415/500
IIDs left: 5
IIDs right: 5
Doing step: 416/500
IIDs left: 5
IIDs right: 5
Doing step: 417/500
IIDs left: 5
IIDs right: 5
Doing step: 418/500
IIDs left: 5
IIDs right: 5
Doing step: 419/500
IIDs left: 5
IIDs right: 5
Doing step: 420/500
IIDs left: 5
IIDs right: 5
Doing step: 421/500
IIDs left: 5
IIDs right: 5
Doing step: 422/500
IIDs left: 5
IIDs right: 5
Doing step: 423/500
IIDs left: 5
IIDs right: 5
Doing step: 424/500
IIDs left: 5
IIDs right: 5
Doing step: 425/500
IIDs left: 5
IIDs right: 5
Doing step: 426/500
IIDs left: 5
IIDs right: 5
Doing step: 427/500
IIDs left: 5
IIDs right: 5
Doing step: 428/500
IIDs left: 5
IIDs right: 5
Doing step: 429/500
IIDs left: 5
IIDs right: 5
Doing step: 430/500
IIDs left: 5
IIDs right: 5
Doing step: 431/500
IIDs left: 5
IIDs right: 5
Doing step: 432/500
IIDs left: 5
IIDs right: 5
Doing step: 433/500
IIDs left: 5
IIDs right: 5
Doing step: 434/500
IIDs left: 5
IIDs right: 5
Doing step: 435/500
IIDs left: 5
IIDs right: 5
Doing step: 436/500
IIDs left: 5
IIDs right: 5
Doing step: 437/500
IIDs left: 5
IIDs right: 5
Doing step: 438/500
IIDs left: 5
IIDs right: 5
Doing step: 439/500
IIDs left: 5
IIDs right: 5
Doing step: 440/500
IIDs left: 5
IIDs right: 5
Doing step: 441/500
IIDs left: 5
IIDs right: 5
Doing step: 442/500
IIDs left: 5
IIDs right: 5
Doing step: 443/500
IIDs left: 5
IIDs right: 5
Doing step: 444/500
IIDs left: 5
IIDs right: 5
Doing step: 445/500
IIDs left: 5
IIDs right: 5
Doing step: 446/500
IIDs left: 5
IIDs right: 5
Doing step: 447/500
IIDs left: 5
IIDs right: 5
Doing step: 448/500
IIDs left: 5
IIDs right: 5
Doing step: 449/500
IIDs left: 5
IIDs right: 5
Doing step: 450/500
IIDs left: 5
IIDs right: 5
Doing step: 451/500
IIDs left: 5
IIDs right: 5
Doing step: 452/500
IIDs left: 5
IIDs right: 5
Doing step: 453/500
IIDs left: 5
IIDs right: 5
Doing step: 454/500
IIDs left: 5
IIDs right: 5
Doing step: 455/500
IIDs left: 5
IIDs right: 5
Doing step: 456/500
IIDs left: 5
IIDs right: 5
Doing step: 457/500
IIDs left: 5
IIDs right: 5
Doing step: 458/500
IIDs left: 5
IIDs right: 5
Doing step: 459/500
IIDs left: 5
IIDs right: 5
Doing step: 460/500
IIDs left: 5
IIDs right: 5
Doing step: 461/500
IIDs left: 5
IIDs right: 5
Doing step: 462/500
IIDs left: 5
IIDs right: 5
Doing step: 463/500
IIDs left: 5
IIDs right: 5
Doing step: 464/500
IIDs left: 5
IIDs right: 5
Doing step: 465/500
IIDs left: 5
IIDs right: 5
Doing step: 466/500
IIDs left: 5
IIDs right: 5
Doing step: 467/500
IIDs left: 5
IIDs right: 5
Doing step: 468/500
IIDs left: 5
IIDs right: 5
Doing step: 469/500
IIDs left: 5
IIDs right: 5
Doing step: 470/500
IIDs left: 5
IIDs right: 5
Doing step: 471/500
IIDs left: 5
IIDs right: 5
Doing step: 472/500
IIDs left: 5
IIDs right: 5
Doing step: 473/500
IIDs left: 5
IIDs right: 5
Doing step: 474/500
IIDs left: 5
IIDs right: 5
Doing step: 475/500
IIDs left: 5
IIDs right: 5
Doing step: 476/500
IIDs left: 5
IIDs right: 5
Doing step: 477/500
IIDs left: 5
IIDs right: 5
Doing step: 478/500
IIDs left: 5
IIDs right: 5
Doing step: 479/500
IIDs left: 5
IIDs right: 5
Doing step: 480/500
IIDs left: 5
IIDs right: 5
Doing step: 481/500
IIDs left: 5
IIDs right: 5
Doing step: 482/500
IIDs left: 5
IIDs right: 5
Doing step: 483/500
IIDs left: 5
IIDs right: 5
Doing step: 484/500
IIDs left: 5
IIDs right: 5
Doing step: 485/500
IIDs left: 5
IIDs right: 5
Doing step: 486/500
IIDs left: 5
IIDs right: 5
Doing step: 487/500
IIDs left: 5
IIDs right: 5
Doing step: 488/500
IIDs left: 5
IIDs right: 5
Doing step: 489/500
IIDs left: 5
IIDs right: 5
Doing step: 490/500
IIDs left: 5
IIDs right: 5
Doing step: 491/500
IIDs left: 5
IIDs right: 5
Doing step: 492/500
IIDs left: 5
IIDs right: 5
Doing step: 493/500
IIDs left: 4
IIDs right: 4
Doing step: 494/500
IIDs left: 4
IIDs right: 4
Doing step: 495/500
IIDs left: 4
IIDs right: 4
Doing step: 496/500
IIDs left: 4
IIDs right: 4
Doing step: 497/500
IIDs left: 4
IIDs right: 4
Doing step: 498/500
IIDs left: 4
IIDs right: 4
Doing step: 499/500
IIDs left: 4
IIDs right: 4
Time elapsed: 150.732 seconds
IBD Blocks found: 15870
Length of Reduced Start List: 24
Total Block Nr. for Analysis: 13358
Initializing MLE-Object with Start Parameters: 
[100, 100, 0.5, 0.5, 0.5]
Barrier Pos.:
[100, 100]
Barrier Angle:
0
Transformed Position List:
[[ 98 102]
 [106 102]
 [ 94  94]
 [ 98 106]
 [110 106]
 [ 90  98]
 [110  98]
 [110  94]
 [ 94 106]
 [ 94 102]
 [106  94]
 [102 102]
 [ 98  94]
 [ 94  98]
 [ 90  94]
 [ 90 106]
 [110 102]
 [106 106]
 [102 106]
 [102  94]
 [102  98]
 [ 98  98]
 [ 90 102]
 [106  98]]
Step: 0.8432
L: 44.0000
Barycentric Coordinates:
  (1075, 0)	0.2335714762339999
  (1076, 0)	0.3946023267290085
  (1119, 0)	0.1382547208029917
  (1120, 0)	0.2335714762339999
  (1085, 1)	0.5556331772240176
  (1086, 1)	0.07254062573899074
  (1129, 1)	0.3288882316650084
  (1130, 1)	0.042937965371983175
  (630, 2)	0.013335305004975503
  (631, 2)	0.10214328610599842
  (674, 2)	0.10214328610599842
  (675, 2)	0.7823781227830277
  (1295, 3)	0.3288882316650084
  (1296, 3)	0.5556331772240176
  (1339, 3)	0.042937965371983175
  (1340, 3)	0.07254062573899074
  (1309, 4)	0.1246016594530116
  (1310, 4)	0.7599197494360145
  (1353, 4)	0.016267355362032165
  (1354, 4)	0.09921123574894175
  (846, 5)	0.31944740697796625
  (847, 5)	0.052378790059025356
  (890, 5)	0.53968357820699
  (891, 5)	0.08849022475601842
  (869, 6)	0.052378790059025356
  :	:
  (1350, 17)	0.013335305004975503
  (1300, 18)	0.5556331772240176
  (1301, 18)	0.3288882316650084
  (1344, 18)	0.07254062573899074
  (1345, 18)	0.042937965371983175
  (640, 19)	0.07254062573899074
  (641, 19)	0.042937965371983175
  (684, 19)	0.5556331772240176
  (685, 19)	0.3288882316650084
  (860, 20)	0.2335714762339999
  (861, 20)	0.1382547208029917
  (904, 20)	0.3946023267290085
  (905, 20)	0.2335714762339999
  (855, 21)	0.1382547208029917
  (856, 21)	0.2335714762339999
  (899, 21)	0.2335714762339999
  (900, 21)	0.3946023267290085
  (1066, 22)	0.53968357820699
  (1067, 22)	0.08849022475601842
  (1110, 22)	0.31944740697796625
  (1111, 22)	0.052378790059025356
  (865, 23)	0.3288882316650084
  (866, 23)	0.042937965371983175
  (909, 23)	0.5556331772240176
  (910, 23)	0.07254062573899074
Doing fit...
nl: 100.0000
nr: 100.0000
sigma_l: 0.5000
sigma_r: 0.5000
beta: 0.5000
Time for calculation: 0.5945
Total log likelihood: -72929.6772
nl: 105.0000
nr: 100.0000
sigma_l: 0.5000
sigma_r: 0.5000
beta: 0.5000
Time for calculation: 0.5893
Total log likelihood: -72911.3513
nl: 100.0000
nr: 105.0000
sigma_l: 0.5000
sigma_r: 0.5000
beta: 0.5000
Time for calculation: 0.5983
Total log likelihood: -72932.5975
nl: 100.0000
nr: 100.0000
sigma_l: 0.5250
sigma_r: 0.5000
beta: 0.5000
Time for calculation: 0.5944
Total log likelihood: -72716.3687
nl: 100.0000
nr: 100.0000
sigma_l: 0.5000
sigma_r: 0.5250
beta: 0.5000
Time for calculation: 0.5974
Total log likelihood: -72652.3783
nl: 100.0000
nr: 100.0000
sigma_l: 0.5000
sigma_r: 0.5000
beta: 0.5250
Time for calculation: 0.5924
Total log likelihood: -73012.7194
nl: 102.0000
nr: 102.0000
sigma_l: 0.5100
sigma_r: 0.5100
beta: 0.4750
Time for calculation: 0.5852
Total log likelihood: -72738.4212
nl: 102.8000
nr: 95.8000
sigma_l: 0.5140
sigma_r: 0.5140
beta: 0.4900
Time for calculation: 0.5868
Total log likelihood: -72631.5996
nl: 104.2000
nr: 91.2000
sigma_l: 0.5210
sigma_r: 0.5210
beta: 0.4850
Time for calculation: 0.5860
Total log likelihood: -72519.3050
nl: 104.4800
nr: 97.2800
sigma_l: 0.5224
sigma_r: 0.5224
beta: 0.4840
Time for calculation: 0.5827
Total log likelihood: -72467.7725
nl: 106.7200
nr: 95.9200
sigma_l: 0.5336
sigma_r: 0.5336
beta: 0.4760
Time for calculation: 0.5834
Total log likelihood: -72283.1934
nl: 100.1680
nr: 95.6480
sigma_l: 0.5358
sigma_r: 0.5358
beta: 0.4744
Time for calculation: 0.5856
Total log likelihood: -72238.5238
nl: 97.7520
nr: 93.4720
sigma_l: 0.5538
sigma_r: 0.5538
beta: 0.4616
Time for calculation: 0.5850
Total log likelihood: -71969.6668
nl: 101.4688
nr: 90.2368
sigma_l: 0.5433
sigma_r: 0.5433
beta: 0.4940
Time for calculation: 0.5837
Total log likelihood: -72175.3058
nl: 104.0563
nr: 88.3315
sigma_l: 0.5357
sigma_r: 0.5707
beta: 0.4667
Time for calculation: 0.5883
Total log likelihood: -72016.7487
nl: 105.6788
nr: 83.6641
sigma_l: 0.5750
sigma_r: 0.5640
beta: 0.4533
Time for calculation: 0.5858
Total log likelihood: -71829.5138
nl: 108.5183
nr: 75.4962
sigma_l: 0.6124
sigma_r: 0.5834
beta: 0.4300
Time for calculation: 0.7173
Total log likelihood: -71635.4733
nl: 103.2062
nr: 86.1826
sigma_l: 0.5905
sigma_r: 0.5929
beta: 0.4463
Time for calculation: 0.5850
Total log likelihood: -71544.1478
nl: 102.7092
nr: 83.6739
sigma_l: 0.6253
sigma_r: 0.6289
beta: 0.4270
Time for calculation: 0.7209
Total log likelihood: -71273.5981
nl: 99.0819
nr: 76.5642
sigma_l: 0.6146
sigma_r: 0.6184
beta: 0.4357
Time for calculation: 0.7175
Total log likelihood: -71371.3645
nl: 103.3783
nr: 76.7783
sigma_l: 0.6334
sigma_r: 0.6387
beta: 0.3943
Time for calculation: 0.7245
Total log likelihood: -71354.1138
nl: 100.5195
nr: 74.0623
sigma_l: 0.6801
sigma_r: 0.6386
beta: 0.3928
Time for calculation: 0.7238
Total log likelihood: -71178.7632
nl: 98.7511
nr: 66.9277
sigma_l: 0.7523
sigma_r: 0.6726
beta: 0.3558
Time for calculation: 0.7233
Total log likelihood: -71122.9791
nl: 107.2235
nr: 58.3041
sigma_l: 0.7414
sigma_r: 0.7031
beta: 0.3555
Time for calculation: 0.7225
Total log likelihood: -71345.6782
nl: 95.9393
nr: 69.4031
sigma_l: 0.7344
sigma_r: 0.7213
beta: 0.3573
Time for calculation: 0.7174
Total log likelihood: -71032.8038
nl: 89.6499
nr: 66.3565
sigma_l: 0.7953
sigma_r: 0.7902
beta: 0.3210
Time for calculation: 0.7235
Total log likelihood: -71118.6954
nl: 104.1187
nr: 65.4707
sigma_l: 0.7801
sigma_r: 0.7274
beta: 0.3203
Time for calculation: 0.7212
Total log likelihood: -71363.7217
nl: 102.8595
nr: 68.2441
sigma_l: 0.7387
sigma_r: 0.7001
beta: 0.3491
Time for calculation: 0.7242
Total log likelihood: -71202.2218
nl: 99.6148
nr: 61.8428
sigma_l: 0.8035
sigma_r: 0.7317
beta: 0.3436
Time for calculation: 0.8944
Total log likelihood: -71097.2429
nl: 92.7261
nr: 81.7325
sigma_l: 0.7202
sigma_r: 0.6787
beta: 0.3776
Time for calculation: 0.7177
Total log likelihood: -71071.9776
nl: 93.2471
nr: 55.5862
sigma_l: 0.8744
sigma_r: 0.7729
beta: 0.2864
Time for calculation: 0.8974
Total log likelihood: -71322.3356
nl: 100.3437
nr: 76.6520
sigma_l: 0.6876
sigma_r: 0.6649
beta: 0.3918
Time for calculation: 0.7233
Total log likelihood: -71095.5860
nl: 92.0905
nr: 74.3792
sigma_l: 0.7405
sigma_r: 0.6875
beta: 0.3814
Time for calculation: 0.7254
Total log likelihood: -70917.6688
nl: 86.7060
nr: 77.4468
sigma_l: 0.7413
sigma_r: 0.6812
beta: 0.3975
Time for calculation: 0.7158
Total log likelihood: -70831.1248
nl: 91.3809
nr: 79.9032
sigma_l: 0.7225
sigma_r: 0.7185
beta: 0.3913
Time for calculation: 0.7168
Total log likelihood: -70863.6962
nl: 87.2236
nr: 92.2122
sigma_l: 0.6389
sigma_r: 0.6542
beta: 0.4226
Time for calculation: 0.7212
Total log likelihood: -71101.2438
nl: 96.5170
nr: 69.4352
sigma_l: 0.7623
sigma_r: 0.7123
beta: 0.3634
Time for calculation: 0.7244
Total log likelihood: -70990.0087
nl: 84.9640
nr: 74.5163
sigma_l: 0.7847
sigma_r: 0.7399
beta: 0.3630
Time for calculation: 0.7243
Total log likelihood: -70858.0458
nl: 89.4768
nr: 66.5493
sigma_l: 0.7779
sigma_r: 0.7505
beta: 0.3714
Time for calculation: 0.7217
Total log likelihood: -70817.7558
nl: 87.8521
nr: 58.9577
sigma_l: 0.8067
sigma_r: 0.7864
beta: 0.3682
Time for calculation: 0.9038
Total log likelihood: -70899.8360
nl: 83.6786
nr: 77.7372
sigma_l: 0.7811
sigma_r: 0.7197
beta: 0.3973
Time for calculation: 0.7222
Total log likelihood: -70726.1363
nl: 77.5482
nr: 81.9042
sigma_l: 0.8045
sigma_r: 0.7189
beta: 0.4172
Time for calculation: 0.9031
Total log likelihood: -70724.5528
nl: 75.5133
nr: 82.6927
sigma_l: 0.7700
sigma_r: 0.7313
beta: 0.4128
Time for calculation: 0.7205
Total log likelihood: -70714.7609
nl: 65.0115
nr: 89.3215
sigma_l: 0.7739
sigma_r: 0.7408
beta: 0.4375
Time for calculation: 0.7181
Total log likelihood: -71112.7378
nl: 74.3025
nr: 73.3406
sigma_l: 0.8289
sigma_r: 0.7302
beta: 0.3934
Time for calculation: 0.9004
Total log likelihood: -70686.8027
nl: 65.7633
nr: 70.0593
sigma_l: 0.8821
sigma_r: 0.7361
beta: 0.3945
Time for calculation: 0.8971
Total log likelihood: -70784.1244
nl: 76.4547
nr: 78.2571
sigma_l: 0.7843
sigma_r: 0.7050
beta: 0.4339
Time for calculation: 0.7189
Total log likelihood: -70766.6033
nl: 70.6122
nr: 75.6508
sigma_l: 0.8449
sigma_r: 0.7732
beta: 0.4140
Time for calculation: 0.8955
Total log likelihood: -70684.2809
nl: 62.5652
nr: 74.7528
sigma_l: 0.8967
sigma_r: 0.8192
beta: 0.4223
Time for calculation: 0.9055
Total log likelihood: -70907.9067
nl: 60.2955
nr: 90.1889
sigma_l: 0.8352
sigma_r: 0.7129
beta: 0.4572
Time for calculation: 0.9034
Total log likelihood: -71804.7298
nl: 82.1815
nr: 72.4592
sigma_l: 0.7922
sigma_r: 0.7411
beta: 0.3928
Time for calculation: 0.7128
Total log likelihood: -70675.9702
nl: 75.6084
nr: 76.1619
sigma_l: 0.8319
sigma_r: 0.7729
beta: 0.3782
Time for calculation: 0.8923
Total log likelihood: -70705.8027
nl: 73.7390
nr: 70.2178
sigma_l: 0.8227
sigma_r: 0.7806
beta: 0.3793
Time for calculation: 0.8959
Total log likelihood: -70631.1752
nl: 71.8343
nr: 64.3746
sigma_l: 0.8318
sigma_r: 0.8115
beta: 0.3603
Time for calculation: 0.8914
Total log likelihood: -70637.8223
nl: 75.0640
nr: 64.4394
sigma_l: 0.8782
sigma_r: 0.7879
beta: 0.3703
Time for calculation: 0.8897
Total log likelihood: -70668.1048
nl: 74.7513
nr: 66.2812
sigma_l: 0.8349
sigma_r: 0.7523
beta: 0.4017
Time for calculation: 0.8876
Total log likelihood: -70666.0381
nl: 76.2367
nr: 66.2788
sigma_l: 0.8402
sigma_r: 0.8038
beta: 0.3898
Time for calculation: 0.8912
Total log likelihood: -70631.9714
nl: 82.1768
nr: 60.2198
sigma_l: 0.8224
sigma_r: 0.7731
beta: 0.3596
Time for calculation: 0.8956
Total log likelihood: -70776.9499
nl: 73.5033
nr: 71.7931
sigma_l: 0.8393
sigma_r: 0.7732
beta: 0.4004
Time for calculation: 0.8940
Total log likelihood: -70629.2202
nl: 67.1362
nr: 63.1449
sigma_l: 0.8939
sigma_r: 0.8180
beta: 0.3838
Time for calculation: 0.8971
Total log likelihood: -70654.7294
nl: 71.0826
nr: 70.6470
sigma_l: 0.8142
sigma_r: 0.7832
beta: 0.4117
Time for calculation: 0.8922
Total log likelihood: -70647.8415
nl: 69.9278
nr: 70.5514
sigma_l: 0.8493
sigma_r: 0.8313
beta: 0.3843
Time for calculation: 0.8920
Total log likelihood: -70620.4173
nl: 67.5161
nr: 72.6865
sigma_l: 0.8565
sigma_r: 0.8707
beta: 0.3756
Time for calculation: 0.8917
Total log likelihood: -70667.6525
nl: 78.6595
nr: 76.6503
sigma_l: 0.7723
sigma_r: 0.7708
beta: 0.4024
Time for calculation: 0.7149
Total log likelihood: -70630.6703
nl: 77.7440
nr: 71.5496
sigma_l: 0.8354
sigma_r: 0.8006
beta: 0.3708
Time for calculation: 0.8918
Total log likelihood: -70694.4962
nl: 72.7479
nr: 70.8726
sigma_l: 0.8195
sigma_r: 0.7876
beta: 0.4015
Time for calculation: 0.8864
Total log likelihood: -70614.6135
nl: 71.1943
nr: 77.7553
sigma_l: 0.8010
sigma_r: 0.7736
beta: 0.3973
Time for calculation: 0.8853
Total log likelihood: -70660.0476
nl: 74.9761
nr: 69.1479
sigma_l: 0.8304
sigma_r: 0.7963
beta: 0.3917
Time for calculation: 0.8901
Total log likelihood: -70613.2770
nl: 74.1869
nr: 73.3883
sigma_l: 0.8216
sigma_r: 0.8030
beta: 0.4128
Time for calculation: 0.8874
Total log likelihood: -70610.4545
nl: 74.4109
nr: 74.9735
sigma_l: 0.8211
sigma_r: 0.8142
beta: 0.4296
Time for calculation: 0.8850
Total log likelihood: -70633.9588
nl: 67.4773
nr: 65.6510
sigma_l: 0.8917
sigma_r: 0.8257
beta: 0.3939
Time for calculation: 0.8863
Total log likelihood: -70658.5067
nl: 75.8640
nr: 73.9005
sigma_l: 0.8022
sigma_r: 0.7845
beta: 0.4003
Time for calculation: 0.8852
Total log likelihood: -70611.4746
nl: 73.5778
nr: 71.3513
sigma_l: 0.8099
sigma_r: 0.8279
beta: 0.3958
Time for calculation: 0.8841
Total log likelihood: -70600.7684
nl: 73.6150
nr: 71.1303
sigma_l: 0.7952
sigma_r: 0.8553
beta: 0.3936
Time for calculation: 0.8853
Total log likelihood: -70610.4495
nl: 78.6132
nr: 72.9128
sigma_l: 0.7842
sigma_r: 0.7685
beta: 0.4166
Time for calculation: 0.7072
Total log likelihood: -70629.4754
nl: 72.0992
nr: 71.1418
sigma_l: 0.8330
sigma_r: 0.8156
beta: 0.3924
Time for calculation: 0.8861
Total log likelihood: -70607.6203
nl: 75.5336
nr: 72.6993
sigma_l: 0.8194
sigma_r: 0.8233
beta: 0.3957
Time for calculation: 0.8858
Total log likelihood: -70607.7903
nl: 73.5285
nr: 75.8445
sigma_l: 0.8040
sigma_r: 0.8255
beta: 0.4071
Time for calculation: 0.8947
Total log likelihood: -70603.7664
nl: 71.7064
nr: 71.8695
sigma_l: 0.8330
sigma_r: 0.8536
beta: 0.4013
Time for calculation: 0.9086
Total log likelihood: -70610.0170
nl: 72.3913
nr: 71.7742
sigma_l: 0.8181
sigma_r: 0.8553
beta: 0.3841
Time for calculation: 0.8904
Total log likelihood: -70621.6174
nl: 73.7380
nr: 72.9848
sigma_l: 0.8207
sigma_r: 0.8161
beta: 0.4057
Time for calculation: 0.8909
Total log likelihood: -70602.6574
nl: 75.6844
nr: 73.7391
sigma_l: 0.8018
sigma_r: 0.7898
beta: 0.3974
Time for calculation: 0.8896
Total log likelihood: -70611.1357
nl: 72.7009
nr: 72.3369
sigma_l: 0.8252
sigma_r: 0.8376
beta: 0.4003
Time for calculation: 0.8860
Total log likelihood: -70603.6366
nl: 70.7241
nr: 72.7644
sigma_l: 0.8178
sigma_r: 0.8257
beta: 0.4048
Time for calculation: 0.8865
Total log likelihood: -70611.5638
nl: 74.3313
nr: 72.7156
sigma_l: 0.8190
sigma_r: 0.8239
beta: 0.3980
Time for calculation: 0.9022
Total log likelihood: -70602.8190
nl: 75.0514
nr: 74.9514
sigma_l: 0.7985
sigma_r: 0.8368
beta: 0.4104
Time for calculation: 0.8840
Total log likelihood: -70599.3830
nl: 76.5275
nr: 76.8563
sigma_l: 0.7813
sigma_r: 0.8475
beta: 0.4194
Time for calculation: 0.8810
Total log likelihood: -70603.9961
nl: 74.2312
nr: 69.8915
sigma_l: 0.8253
sigma_r: 0.8315
beta: 0.3970
Time for calculation: 0.8932
Total log likelihood: -70606.0811
nl: 73.7042
nr: 74.3562
sigma_l: 0.8093
sigma_r: 0.8270
beta: 0.4046
Time for calculation: 0.8855
Total log likelihood: -70600.8166
nl: 75.4601
nr: 74.2068
sigma_l: 0.7978
sigma_r: 0.8151
beta: 0.4055
Time for calculation: 0.8786
Total log likelihood: -70599.2128
nl: 76.8397
nr: 75.1417
sigma_l: 0.7841
sigma_r: 0.8038
beta: 0.4081
Time for calculation: 0.8796
Total log likelihood: -70602.5594
nl: 74.2813
nr: 74.4246
sigma_l: 0.7956
sigma_r: 0.8252
beta: 0.4108
Time for calculation: 0.8914
Total log likelihood: -70600.4059
nl: 75.0919
nr: 74.7314
sigma_l: 0.7837
sigma_r: 0.8367
beta: 0.4052
Time for calculation: 0.8895
Total log likelihood: -70602.0122
nl: 74.7534
nr: 74.2947
sigma_l: 0.7930
sigma_r: 0.8316
beta: 0.4053
Time for calculation: 0.8862
Total log likelihood: -70599.4622
nl: 75.5454
nr: 73.3353
sigma_l: 0.7886
sigma_r: 0.8277
beta: 0.4065
Time for calculation: 0.8799
Total log likelihood: -70600.9817
nl: 74.1645
nr: 74.1010
sigma_l: 0.8042
sigma_r: 0.8271
beta: 0.4051
Time for calculation: 0.8817
Total log likelihood: -70599.2141
nl: 75.9065
nr: 77.4402
sigma_l: 0.7857
sigma_r: 0.8265
beta: 0.4190
Time for calculation: 0.8877
Total log likelihood: -70601.2550
nl: 74.1599
nr: 72.8735
sigma_l: 0.8039
sigma_r: 0.8275
beta: 0.4016
Time for calculation: 0.8844
Total log likelihood: -70599.1513
nl: 75.1544
nr: 73.7463
sigma_l: 0.8034
sigma_r: 0.8300
beta: 0.4004
Time for calculation: 0.8838
Total log likelihood: -70601.8853
nl: 74.4996
nr: 74.2551
sigma_l: 0.7975
sigma_r: 0.8264
beta: 0.4082
Time for calculation: 0.8852
Total log likelihood: -70598.9542
nl: 74.5808
nr: 73.8604
sigma_l: 0.8078
sigma_r: 0.8217
beta: 0.4070
Time for calculation: 0.8867
Total log likelihood: -70599.0977
nl: 74.0946
nr: 72.7672
sigma_l: 0.8059
sigma_r: 0.8103
beta: 0.4005
Time for calculation: 0.8867
Total log likelihood: -70600.5483
nl: 74.8122
nr: 74.4054
sigma_l: 0.8004
sigma_r: 0.8302
beta: 0.4079
Time for calculation: 0.8868
Total log likelihood: -70598.7230
nl: 75.2406
nr: 73.7394
sigma_l: 0.7988
sigma_r: 0.8212
beta: 0.4070
Time for calculation: 0.8804
Total log likelihood: -70598.6389
nl: 75.7786
nr: 73.5586
sigma_l: 0.7961
sigma_r: 0.8182
beta: 0.4080
Time for calculation: 0.8858
Total log likelihood: -70599.3754
nl: 73.8571
nr: 73.4467
sigma_l: 0.8055
sigma_r: 0.8357
beta: 0.4072
Time for calculation: 0.8889
Total log likelihood: -70600.1896
nl: 75.0594
nr: 74.0168
sigma_l: 0.7997
sigma_r: 0.8202
beta: 0.4059
Time for calculation: 0.8818
Total log likelihood: -70598.6280
nl: 75.5171
nr: 75.2373
sigma_l: 0.7978
sigma_r: 0.8204
beta: 0.4128
Time for calculation: 0.8902
Total log likelihood: -70598.8931
nl: 75.4707
nr: 74.8012
sigma_l: 0.7899
sigma_r: 0.8257
beta: 0.4097
Time for calculation: 0.8824
Total log likelihood: -70599.0083
nl: 75.2482
nr: 74.5660
sigma_l: 0.7944
sigma_r: 0.8247
beta: 0.4091
Time for calculation: 0.8851
Total log likelihood: -70598.6107
nl: 75.8514
nr: 74.5309
sigma_l: 0.7989
sigma_r: 0.8203
beta: 0.4089
Time for calculation: 0.8862
Total log likelihood: -70598.3266
nl: 76.5273
nr: 74.6688
sigma_l: 0.7996
sigma_r: 0.8172
beta: 0.4093
Time for calculation: 0.8899
Total log likelihood: -70598.6013
nl: 74.9676
nr: 73.2661
sigma_l: 0.7991
sigma_r: 0.8263
beta: 0.4027
Time for calculation: 0.8859
Total log likelihood: -70599.3799
nl: 75.3797
nr: 74.7445
sigma_l: 0.7981
sigma_r: 0.8218
beta: 0.4103
Time for calculation: 0.8831
Total log likelihood: -70598.4700
nl: 75.8995
nr: 74.2337
sigma_l: 0.7956
sigma_r: 0.8131
beta: 0.4085
Time for calculation: 0.8868
Total log likelihood: -70599.1700
nl: 75.0840
nr: 74.3625
sigma_l: 0.7992
sigma_r: 0.8259
beta: 0.4081
Time for calculation: 0.8812
Total log likelihood: -70598.4427
nl: 75.4085
nr: 75.1488
sigma_l: 0.7974
sigma_r: 0.8240
beta: 0.4099
Time for calculation: 0.8896
Total log likelihood: -70598.4457
nl: 75.7294
nr: 75.3243
sigma_l: 0.7955
sigma_r: 0.8265
beta: 0.4126
Time for calculation: 0.8967
Total log likelihood: -70598.4595
nl: 75.7329
nr: 75.0784
sigma_l: 0.8012
sigma_r: 0.8227
beta: 0.4108
Time for calculation: 0.9078
Total log likelihood: -70598.2154
nl: 75.9753
nr: 75.3346
sigma_l: 0.8047
sigma_r: 0.8217
beta: 0.4117
Time for calculation: 0.9086
Total log likelihood: -70598.3199
nl: 75.7428
nr: 75.0334
sigma_l: 0.7987
sigma_r: 0.8259
beta: 0.4098
Time for calculation: 0.9053
Total log likelihood: -70598.2535
nl: 75.3985
nr: 74.3373
sigma_l: 0.8027
sigma_r: 0.8210
beta: 0.4065
Time for calculation: 0.8996
Total log likelihood: -70598.6839
nl: 75.6466
nr: 75.0776
sigma_l: 0.7973
sigma_r: 0.8251
beta: 0.4110
Time for calculation: 0.9071
Total log likelihood: -70598.2778
nl: 75.8146
nr: 74.4843
sigma_l: 0.8008
sigma_r: 0.8240
beta: 0.4096
Time for calculation: 0.9013
Total log likelihood: -70598.2322
nl: 76.4313
nr: 75.3194
sigma_l: 0.7996
sigma_r: 0.8212
beta: 0.4120
Time for calculation: 0.8908
Total log likelihood: -70597.9862
nl: 77.1050
nr: 75.7979
sigma_l: 0.7998
sigma_r: 0.8189
beta: 0.4140
Time for calculation: 0.8864
Total log likelihood: -70597.8803
nl: 76.1654
nr: 75.6577
sigma_l: 0.8002
sigma_r: 0.8263
beta: 0.4132
Time for calculation: 0.8985
Total log likelihood: -70598.0548
nl: 76.5776
nr: 75.3431
sigma_l: 0.8030
sigma_r: 0.8220
beta: 0.4119
Time for calculation: 0.8914
Total log likelihood: -70598.0258
nl: 76.8154
nr: 75.5111
sigma_l: 0.8033
sigma_r: 0.8196
beta: 0.4140
Time for calculation: 0.8803
Total log likelihood: -70597.9479
nl: 77.1440
nr: 76.4710
sigma_l: 0.8023
sigma_r: 0.8198
beta: 0.4160
Time for calculation: 0.8832
Total log likelihood: -70597.8801
nl: 77.8086
nr: 77.4643
sigma_l: 0.8030
sigma_r: 0.8178
beta: 0.4191
Time for calculation: 0.8915
Total log likelihood: -70598.0660
nl: 77.7900
nr: 76.4339
sigma_l: 0.8022
sigma_r: 0.8200
beta: 0.4168
Time for calculation: 0.8833
Total log likelihood: -70597.6139
nl: 78.8186
nr: 77.1117
sigma_l: 0.8027
sigma_r: 0.8186
beta: 0.4197
Time for calculation: 0.8837
Total log likelihood: -70597.4822
nl: 78.4188
nr: 76.4362
sigma_l: 0.8042
sigma_r: 0.8133
beta: 0.4170
Time for calculation: 0.8892
Total log likelihood: -70598.2294
nl: 76.7288
nr: 75.8523
sigma_l: 0.8012
sigma_r: 0.8231
beta: 0.4142
Time for calculation: 0.8900
Total log likelihood: -70597.8155
nl: 78.0670
nr: 76.9545
sigma_l: 0.8007
sigma_r: 0.8180
beta: 0.4192
Time for calculation: 0.8891
Total log likelihood: -70597.5294
nl: 78.3299
nr: 77.3638
sigma_l: 0.7994
sigma_r: 0.8197
beta: 0.4192
Time for calculation: 0.8917
Total log likelihood: -70597.4479
nl: 79.0871
nr: 78.2902
sigma_l: 0.7974
sigma_r: 0.8198
beta: 0.4218
Time for calculation: 0.8824
Total log likelihood: -70597.3756
nl: 78.8332
nr: 78.0740
sigma_l: 0.8019
sigma_r: 0.8209
beta: 0.4224
Time for calculation: 0.8930
Total log likelihood: -70597.2643
nl: 79.6973
nr: 79.2121
sigma_l: 0.8029
sigma_r: 0.8219
beta: 0.4266
Time for calculation: 0.8852
Total log likelihood: -70597.1495
nl: 79.8155
nr: 78.4973
sigma_l: 0.7997
sigma_r: 0.8207
beta: 0.4246
Time for calculation: 0.8888
Total log likelihood: -70596.9569
nl: 81.1513
nr: 79.5104
sigma_l: 0.7984
sigma_r: 0.8212
beta: 0.4290
Time for calculation: 0.8826
Total log likelihood: -70596.7389
nl: 81.9998
nr: 80.5792
sigma_l: 0.7996
sigma_r: 0.8167
beta: 0.4324
Time for calculation: 0.8853
Total log likelihood: -70596.5939
nl: 84.6353
nr: 82.9426
sigma_l: 0.7988
sigma_r: 0.8136
beta: 0.4415
Time for calculation: 0.8996
Total log likelihood: -70596.2825
nl: 83.2888
nr: 81.8723
sigma_l: 0.7994
sigma_r: 0.8200
beta: 0.4363
Time for calculation: 0.8936
Total log likelihood: -70596.5085
nl: 84.3254
nr: 83.6194
sigma_l: 0.7961
sigma_r: 0.8199
beta: 0.4424
Time for calculation: 0.8910
Total log likelihood: -70596.0959
nl: 87.0788
nr: 86.8732
sigma_l: 0.7928
sigma_r: 0.8206
beta: 0.4537
Time for calculation: 0.8824
Total log likelihood: -70595.8630
nl: 87.2535
nr: 85.8741
sigma_l: 0.7996
sigma_r: 0.8191
beta: 0.4530
Time for calculation: 0.8969
Total log likelihood: -70595.5345
nl: 91.3367
nr: 89.6661
sigma_l: 0.8007
sigma_r: 0.8187
beta: 0.4686
Time for calculation: 0.9117
Total log likelihood: -70595.4747
nl: 91.2991
nr: 89.1338
sigma_l: 0.7931
sigma_r: 0.8157
beta: 0.4650
Time for calculation: 0.8910
Total log likelihood: -70595.5354
nl: 93.9041
nr: 92.6848
sigma_l: 0.7955
sigma_r: 0.8143
beta: 0.4770
Time for calculation: 0.8930
Total log likelihood: -70595.3169
nl: 100.2805
nr: 99.2719
sigma_l: 0.7941
sigma_r: 0.8108
beta: 0.5010
Time for calculation: 0.8968
Total log likelihood: -70597.0797
nl: 96.0128
nr: 94.6479
sigma_l: 0.7930
sigma_r: 0.8132
beta: 0.4860
Time for calculation: 0.9000
Total log likelihood: -70596.1019
nl: 99.2173
nr: 98.2597
sigma_l: 0.7912
sigma_r: 0.8194
beta: 0.4986
Time for calculation: 0.8980
Total log likelihood: -70597.1708
nl: 88.2808
nr: 86.7719
sigma_l: 0.7969
sigma_r: 0.8150
beta: 0.4558
Time for calculation: 0.9023
Total log likelihood: -70595.5237
nl: 84.7470
nr: 83.4040
sigma_l: 0.7987
sigma_r: 0.8206
beta: 0.4420
Time for calculation: 0.8997
Total log likelihood: -70596.1996
nl: 93.1963
nr: 91.8369
sigma_l: 0.7944
sigma_r: 0.8150
beta: 0.4750
Time for calculation: 0.9044
Total log likelihood: -70595.3679
nl: 96.1280
nr: 93.1641
sigma_l: 0.7994
sigma_r: 0.8110
beta: 0.4829
Time for calculation: 0.8983
Total log likelihood: -70596.2891
nl: 89.3411
nr: 88.4460
sigma_l: 0.7945
sigma_r: 0.8182
beta: 0.4610
Time for calculation: 0.8868
Total log likelihood: -70595.3645
nl: 91.1246
nr: 90.6284
sigma_l: 0.7996
sigma_r: 0.8168
beta: 0.4699
Time for calculation: 0.8857
Total log likelihood: -70595.7720
nl: 91.2554
nr: 89.5075
sigma_l: 0.7948
sigma_r: 0.8160
beta: 0.4662
Time for calculation: 0.8896
Total log likelihood: -70595.2927
nl: 95.3327
nr: 94.0846
sigma_l: 0.7950
sigma_r: 0.8178
beta: 0.4833
Time for calculation: 0.8865
Total log likelihood: -70595.6005
nl: 90.0438
nr: 88.6001
sigma_l: 0.7964
sigma_r: 0.8157
beta: 0.4627
Time for calculation: 0.8852
Total log likelihood: -70595.3129
nl: 91.7596
nr: 90.7640
sigma_l: 0.7896
sigma_r: 0.8129
beta: 0.4682
Time for calculation: 0.8870
Total log likelihood: -70595.6209
nl: 91.4424
nr: 89.9405
sigma_l: 0.7979
sigma_r: 0.8173
beta: 0.4685
Time for calculation: 0.8966
Total log likelihood: -70595.2809
nl: 89.1984
nr: 87.8346
sigma_l: 0.7973
sigma_r: 0.8176
beta: 0.4591
Time for calculation: 0.8843
Total log likelihood: -70595.3964
nl: 92.1969
nr: 90.8363
sigma_l: 0.7951
sigma_r: 0.8157
beta: 0.4710
Time for calculation: 0.8873
Total log likelihood: -70595.2609
nl: 94.1960
nr: 92.1817
sigma_l: 0.7974
sigma_r: 0.8134
beta: 0.4772
Time for calculation: 0.8878
Total log likelihood: -70595.4802
nl: 90.5548
nr: 89.3799
sigma_l: 0.7952
sigma_r: 0.8170
beta: 0.4650
Time for calculation: 0.8885
Total log likelihood: -70595.2585
nl: 88.2932
nr: 86.6209
sigma_l: 0.7962
sigma_r: 0.8184
beta: 0.4564
Time for calculation: 0.8864
Total log likelihood: -70595.4485
nl: 92.5014
nr: 91.1688
sigma_l: 0.7957
sigma_r: 0.8153
beta: 0.4718
Time for calculation: 0.8981
Total log likelihood: -70595.2434
nl: 93.1366
nr: 91.7332
sigma_l: 0.7950
sigma_r: 0.8167
beta: 0.4744
Time for calculation: 0.8920
Total log likelihood: -70595.2526
nl: 92.6774
nr: 91.7160
sigma_l: 0.7968
sigma_r: 0.8168
beta: 0.4741
Time for calculation: 0.8944
Total log likelihood: -70595.3826
nl: 91.6109
nr: 90.0596
sigma_l: 0.7953
sigma_r: 0.8162
beta: 0.4682
Time for calculation: 0.8890
Total log likelihood: -70595.2362
nl: 92.5578
nr: 91.3306
sigma_l: 0.7926
sigma_r: 0.8151
beta: 0.4717
Time for calculation: 0.8904
Total log likelihood: -70595.2755
nl: 92.2790
nr: 90.9831
sigma_l: 0.7940
sigma_r: 0.8156
beta: 0.4709
Time for calculation: 0.8920
Total log likelihood: -70595.2386
nl: 91.8362
nr: 90.4935
sigma_l: 0.7950
sigma_r: 0.8167
beta: 0.4691
Time for calculation: 0.8930
Total log likelihood: -70595.2088
nl: 91.6559
nr: 90.3221
sigma_l: 0.7949
sigma_r: 0.8172
beta: 0.4681
Time for calculation: 0.8875
Total log likelihood: -70595.2193
nl: 93.9908
nr: 92.3954
sigma_l: 0.7948
sigma_r: 0.8152
beta: 0.4767
Time for calculation: 0.8861
Total log likelihood: -70595.2784
nl: 91.4138
nr: 90.1338
sigma_l: 0.7951
sigma_r: 0.8165
beta: 0.4680
Time for calculation: 0.8825
Total log likelihood: -70595.2270
nl: 90.7199
nr: 89.4023
sigma_l: 0.7950
sigma_r: 0.8154
beta: 0.4648
Time for calculation: 0.8884
Total log likelihood: -70595.3020
nl: 92.5324
nr: 91.1505
sigma_l: 0.7950
sigma_r: 0.8164
beta: 0.4720
Time for calculation: 0.8914
Total log likelihood: -70595.2219
nl: 91.3676
nr: 89.9593
sigma_l: 0.7940
sigma_r: 0.8173
beta: 0.4674
Time for calculation: 0.8856
Total log likelihood: -70595.2367
nl: 91.2254
nr: 89.7356
sigma_l: 0.7958
sigma_r: 0.8176
beta: 0.4669
Time for calculation: 0.8852
Total log likelihood: -70595.2241
nl: 92.0800
nr: 90.6698
sigma_l: 0.7964
sigma_r: 0.8161
beta: 0.4703
Time for calculation: 0.8855
Total log likelihood: -70595.2267
nl: 92.0242
nr: 90.8136
sigma_l: 0.7957
sigma_r: 0.8171
beta: 0.4703
Time for calculation: 0.8874
Total log likelihood: -70595.2083
nl: 92.2309
nr: 91.1907
sigma_l: 0.7958
sigma_r: 0.8176
beta: 0.4714
Time for calculation: 0.8979
Total log likelihood: -70595.2261
nl: 92.4655
nr: 91.0114
sigma_l: 0.7961
sigma_r: 0.8170
beta: 0.4715
Time for calculation: 0.8885
Total log likelihood: -70595.2029
nl: 92.9913
nr: 91.4503
sigma_l: 0.7965
sigma_r: 0.8173
beta: 0.4733
Time for calculation: 0.8882
Total log likelihood: -70595.2138
nl: 91.9535
nr: 90.6120
sigma_l: 0.7945
sigma_r: 0.8178
beta: 0.4697
Time for calculation: 0.8847
Total log likelihood: -70595.2044
nl: 93.0993
nr: 91.8968
sigma_l: 0.7947
sigma_r: 0.8164
beta: 0.4741
Time for calculation: 0.8871
Total log likelihood: -70595.2165
nl: 92.0191
nr: 90.7805
sigma_l: 0.7954
sigma_r: 0.8176
beta: 0.4699
Time for calculation: 0.8866
Total log likelihood: -70595.1985
nl: 91.7624
nr: 90.5955
sigma_l: 0.7955
sigma_r: 0.8183
beta: 0.4688
Time for calculation: 0.8866
Total log likelihood: -70595.2226
nl: 91.0201
nr: 89.5876
sigma_l: 0.7959
sigma_r: 0.8181
beta: 0.4661
Time for calculation: 0.8830
Total log likelihood: -70595.2279
nl: 92.5795
nr: 91.3195
sigma_l: 0.7950
sigma_r: 0.8168
beta: 0.4721
Time for calculation: 0.8864
Total log likelihood: -70595.2001
nl: 92.5805
nr: 91.3214
sigma_l: 0.7957
sigma_r: 0.8179
beta: 0.4723
Time for calculation: 0.9026
Total log likelihood: -70595.2001
nl: 92.6151
nr: 91.2043
sigma_l: 0.7950
sigma_r: 0.8178
beta: 0.4718
Time for calculation: 0.9063
Total log likelihood: -70595.1925
nl: 92.9105
nr: 91.3996
sigma_l: 0.7947
sigma_r: 0.8181
beta: 0.4726
Time for calculation: 0.9010
Total log likelihood: -70595.2050
nl: 92.9503
nr: 91.6428
sigma_l: 0.7963
sigma_r: 0.8171
beta: 0.4734
Time for calculation: 0.9065
Total log likelihood: -70595.2024
nl: 92.6323
nr: 91.4960
sigma_l: 0.7949
sigma_r: 0.8179
beta: 0.4723
Time for calculation: 0.9014
Total log likelihood: -70595.1980
nl: 92.0203
nr: 90.8058
sigma_l: 0.7941
sigma_r: 0.8182
beta: 0.4700
Time for calculation: 0.9015
Total log likelihood: -70595.2086
nl: 92.7178
nr: 91.4336
sigma_l: 0.7957
sigma_r: 0.8173
beta: 0.4725
Time for calculation: 0.9031
Total log likelihood: -70595.1934
nl: 92.4450
nr: 91.1722
sigma_l: 0.7947
sigma_r: 0.8171
beta: 0.4712
Time for calculation: 0.9060
Total log likelihood: -70595.1959
nl: 92.3922
nr: 91.1151
sigma_l: 0.7953
sigma_r: 0.8182
beta: 0.4710
Time for calculation: 0.9035
Total log likelihood: -70595.1955
nl: 93.1019
nr: 91.7879
sigma_l: 0.7949
sigma_r: 0.8177
beta: 0.4736
Time for calculation: 0.8764
Total log likelihood: -70595.1881
nl: 93.6432
nr: 92.2917
sigma_l: 0.7946
sigma_r: 0.8177
beta: 0.4755
Time for calculation: 0.8303
Total log likelihood: -70595.1967
nl: 92.6764
nr: 91.1893
sigma_l: 0.7954
sigma_r: 0.8174
beta: 0.4718
Time for calculation: 0.8313
Total log likelihood: -70595.1915
nl: 92.9563
nr: 91.5199
sigma_l: 0.7958
sigma_r: 0.8183
beta: 0.4731
Time for calculation: 0.8307
Total log likelihood: -70595.1991
nl: 92.5728
nr: 91.2591
sigma_l: 0.7950
sigma_r: 0.8174
beta: 0.4717
Time for calculation: 0.8317
Total log likelihood: -70595.1888
nl: 93.0814
nr: 91.6346
sigma_l: 0.7951
sigma_r: 0.8168
beta: 0.4736
Time for calculation: 0.8306
Total log likelihood: -70595.2024
nl: 92.5645
nr: 91.2450
sigma_l: 0.7952
sigma_r: 0.8179
beta: 0.4716
Time for calculation: 0.8314
Total log likelihood: -70595.1884
nl: 92.6945
nr: 91.2407
sigma_l: 0.7944
sigma_r: 0.8179
beta: 0.4717
Time for calculation: 0.8341
Total log likelihood: -70595.2008
nl: 92.7120
nr: 91.3853
sigma_l: 0.7954
sigma_r: 0.8175
beta: 0.4723
Time for calculation: 0.8328
Total log likelihood: -70595.1879
nl: 92.8360
nr: 91.5424
sigma_l: 0.7953
sigma_r: 0.8173
beta: 0.4726
Time for calculation: 0.8301
Total log likelihood: -70595.1876
nl: 92.9465
nr: 91.7114
sigma_l: 0.7955
sigma_r: 0.8171
beta: 0.4729
Time for calculation: 0.8334
Total log likelihood: -70595.1957
nl: 92.8384
nr: 91.6986
sigma_l: 0.7950
sigma_r: 0.8177
beta: 0.4730
Time for calculation: 0.8303
Total log likelihood: -70595.1971
nl: 92.7169
nr: 91.3166
sigma_l: 0.7953
sigma_r: 0.8174
beta: 0.4721
Time for calculation: 0.8317
Total log likelihood: -70595.1870
nl: 92.9997
nr: 91.6518
sigma_l: 0.7955
sigma_r: 0.8177
beta: 0.4732
Time for calculation: 0.8306
Total log likelihood: -70595.1868
nl: 93.2131
nr: 91.8481
sigma_l: 0.7957
sigma_r: 0.8179
beta: 0.4740
Time for calculation: 0.8327
Total log likelihood: -70595.1910
nl: 93.1821
nr: 91.8287
sigma_l: 0.7953
sigma_r: 0.8172
beta: 0.4739
Time for calculation: 0.8317
Total log likelihood: -70595.1884
nl: 92.7189
nr: 91.3909
sigma_l: 0.7953
sigma_r: 0.8177
beta: 0.4722
Time for calculation: 0.8324
Total log likelihood: -70595.1865
nl: 92.4915
nr: 91.1269
sigma_l: 0.7958
sigma_r: 0.8174
beta: 0.4713
Time for calculation: 0.8308
Total log likelihood: -70595.1896
nl: 92.9493
nr: 91.6227
sigma_l: 0.7951
sigma_r: 0.8176
beta: 0.4731
Time for calculation: 0.8321
Total log likelihood: -70595.1863
nl: 92.9763
nr: 91.6244
sigma_l: 0.7952
sigma_r: 0.8176
beta: 0.4729
Time for calculation: 0.8308
Total log likelihood: -70595.1858
nl: 93.1085
nr: 91.7439
sigma_l: 0.7950
sigma_r: 0.8177
beta: 0.4733
Time for calculation: 0.8327
Total log likelihood: -70595.1880
nl: 92.9085
nr: 91.5002
sigma_l: 0.7952
sigma_r: 0.8179
beta: 0.4728
Time for calculation: 0.8315
Total log likelihood: -70595.1902
nl: 92.8541
nr: 91.5318
sigma_l: 0.7953
sigma_r: 0.8175
beta: 0.4726
Time for calculation: 0.8328
Total log likelihood: -70595.1859
nl: 93.0824
nr: 91.8120
sigma_l: 0.7953
sigma_r: 0.8178
beta: 0.4736
Time for calculation: 0.8320
Total log likelihood: -70595.1878
nl: 92.8083
nr: 91.4405
sigma_l: 0.7953
sigma_r: 0.8175
beta: 0.4724
Time for calculation: 0.8331
Total log likelihood: -70595.1859
nl: 92.7231
nr: 91.3923
sigma_l: 0.7950
sigma_r: 0.8174
beta: 0.4721
Time for calculation: 0.8308
Total log likelihood: -70595.1877
nl: 92.9305
nr: 91.5869
sigma_l: 0.7953
sigma_r: 0.8177
beta: 0.4730
Time for calculation: 0.8315
Total log likelihood: -70595.1858
nl: 93.0885
nr: 91.7316
sigma_l: 0.7952
sigma_r: 0.8175
beta: 0.4734
Time for calculation: 0.8320
Total log likelihood: -70595.1851
nl: 93.2733
nr: 91.9020
sigma_l: 0.7952
sigma_r: 0.8173
beta: 0.4740
Time for calculation: 0.8324
Total log likelihood: -70595.1853
nl: 92.9138
nr: 91.5434
sigma_l: 0.7954
sigma_r: 0.8175
beta: 0.4727
Time for calculation: 0.8302
Total log likelihood: -70595.1858
nl: 93.0970
nr: 91.7668
sigma_l: 0.7953
sigma_r: 0.8176
beta: 0.4734
Time for calculation: 0.8314
Total log likelihood: -70595.1856
nl: 93.1484
nr: 91.7694
sigma_l: 0.7953
sigma_r: 0.8177
beta: 0.4735
Time for calculation: 0.8317
Total log likelihood: -70595.1857
nl: 93.1591
nr: 91.7873
sigma_l: 0.7952
sigma_r: 0.8175
beta: 0.4734
Time for calculation: 0.8325
Total log likelihood: -70595.1863
nl: 92.9877
nr: 91.6370
sigma_l: 0.7953
sigma_r: 0.8176
beta: 0.4731
Time for calculation: 0.8314
Total log likelihood: -70595.1853
nl: 93.2053
nr: 91.8683
sigma_l: 0.7951
sigma_r: 0.8177
beta: 0.4739
Time for calculation: 0.8319
Total log likelihood: -70595.1859
nl: 92.9867
nr: 91.6246
sigma_l: 0.7953
sigma_r: 0.8175
beta: 0.4730
Time for calculation: 0.8305
Total log likelihood: -70595.1853
nl: 93.1470
nr: 91.7874
sigma_l: 0.7954
sigma_r: 0.8175
beta: 0.4736
Time for calculation: 0.8317
Total log likelihood: -70595.1853
nl: 92.9744
nr: 91.6496
sigma_l: 0.7954
sigma_r: 0.8174
beta: 0.4731
Time for calculation: 0.8305
Total log likelihood: -70595.1856
nl: 93.0179
nr: 91.6795
sigma_l: 0.7953
sigma_r: 0.8175
beta: 0.4732
Time for calculation: 0.8320
Total log likelihood: -70595.1852
nl: 92.9941
nr: 91.6173
sigma_l: 0.7953
sigma_r: 0.8175
beta: 0.4731
Time for calculation: 0.8314
Total log likelihood: -70595.1855
nl: 93.0198
nr: 91.6547
sigma_l: 0.7953
sigma_r: 0.8175
beta: 0.4732
Time for calculation: 0.8328
Total log likelihood: -70595.1852
nl: 92.8932
nr: 91.5436
sigma_l: 0.7952
sigma_r: 0.8175
beta: 0.4727
Time for calculation: 0.8314
Total log likelihood: -70595.1855
nl: 93.0836
nr: 91.7264
sigma_l: 0.7954
sigma_r: 0.8175
beta: 0.4734
Time for calculation: 0.8326
Total log likelihood: -70595.1851
nl: 93.0923
nr: 91.7471
sigma_l: 0.7953
sigma_r: 0.8175
beta: 0.4735
Time for calculation: 0.8314
Total log likelihood: -70595.1857
nl: 93.0131
nr: 91.6552
sigma_l: 0.7953
sigma_r: 0.8175
beta: 0.4731
Time for calculation: 0.8319
Total log likelihood: -70595.1851
nl: 93.1015
nr: 91.7420
sigma_l: 0.7953
sigma_r: 0.8174
beta: 0.4734
Time for calculation: 0.8323
Total log likelihood: -70595.1850
nl: 93.1584
nr: 91.7944
sigma_l: 0.7953
sigma_r: 0.8173
beta: 0.4736
Time for calculation: 0.8329
Total log likelihood: -70595.1851
nl: 93.1047
nr: 91.7244
sigma_l: 0.7953
sigma_r: 0.8175
beta: 0.4734
Time for calculation: 0.8313
Total log likelihood: -70595.1852
nl: 93.1367
nr: 91.7772
sigma_l: 0.7953
sigma_r: 0.8174
beta: 0.4735
Time for calculation: 0.8317
Total log likelihood: -70595.1850
nl: 93.1952
nr: 91.8385
sigma_l: 0.7953
sigma_r: 0.8174
beta: 0.4737
Time for calculation: 0.8308
Total log likelihood: -70595.1850
nl: 93.0647
nr: 91.7285
sigma_l: 0.7953
sigma_r: 0.8175
beta: 0.4733
Time for calculation: 0.8336
Total log likelihood: -70595.1852
nl: 93.0947
nr: 91.7255
sigma_l: 0.7953
sigma_r: 0.8175
beta: 0.4734
Time for calculation: 0.8318
Total log likelihood: -70595.1850
nl: 93.0903
nr: 91.7262
sigma_l: 0.7952
sigma_r: 0.8174
beta: 0.4734
Time for calculation: 0.8319
Total log likelihood: -70595.1849
nl: 93.0936
nr: 91.7260
sigma_l: 0.7951
sigma_r: 0.8174
beta: 0.4734
Time for calculation: 0.8311
Total log likelihood: -70595.1850
nl: 93.1916
nr: 91.8257
sigma_l: 0.7952
sigma_r: 0.8173
beta: 0.4738
Time for calculation: 0.8325
Total log likelihood: -70595.1852
nl: 93.0577
nr: 91.6979
sigma_l: 0.7953
sigma_r: 0.8175
beta: 0.4733
Time for calculation: 0.8306
Total log likelihood: -70595.1850
nl: 93.1038
nr: 91.7359
sigma_l: 0.7953
sigma_r: 0.8174
beta: 0.4734
Time for calculation: 0.8315
Total log likelihood: -70595.1850
nl: 93.1013
nr: 91.7462
sigma_l: 0.7953
sigma_r: 0.8174
beta: 0.4734
Time for calculation: 0.8297
Total log likelihood: -70595.1850
nl: 93.0945
nr: 91.7313
sigma_l: 0.7952
sigma_r: 0.8175
beta: 0.4734
Time for calculation: 0.8315
Total log likelihood: -70595.1850
nl: 93.0962
nr: 91.7340
sigma_l: 0.7953
sigma_r: 0.8174
beta: 0.4734
Time for calculation: 0.8318
Total log likelihood: -70595.1849
nl: 93.1536
nr: 91.7899
sigma_l: 0.7953
sigma_r: 0.8173
beta: 0.4736
Time for calculation: 0.8329
Total log likelihood: -70595.1849
nl: 93.2016
nr: 91.8359
sigma_l: 0.7952
sigma_r: 0.8173
beta: 0.4737
Time for calculation: 0.8309
Total log likelihood: -70595.1850
nl: 93.1309
nr: 91.7591
sigma_l: 0.7953
sigma_r: 0.8174
beta: 0.4735
Time for calculation: 0.8320
Total log likelihood: -70595.1850
nl: 93.1087
nr: 91.7494
sigma_l: 0.7953
sigma_r: 0.8174
beta: 0.4734
Time for calculation: 0.8311
Total log likelihood: -70595.1849
nl: 93.0843
nr: 91.7169
sigma_l: 0.7953
sigma_r: 0.8174
beta: 0.4733
Time for calculation: 0.8313
Total log likelihood: -70595.1849
nl: 93.1094
nr: 91.7507
sigma_l: 0.7952
sigma_r: 0.8174
beta: 0.4734
Time for calculation: 0.8306
Total log likelihood: -70595.1849
nl: 93.1080
nr: 91.7470
sigma_l: 0.7952
sigma_r: 0.8174
beta: 0.4734
Time for calculation: 0.8325
Total log likelihood: -70595.1849
nl: 93.1218
nr: 91.7577
sigma_l: 0.7952
sigma_r: 0.8173
beta: 0.4735
Time for calculation: 0.8302
Total log likelihood: -70595.1849
nl: 93.1403
nr: 91.7782
sigma_l: 0.7953
sigma_r: 0.8173
beta: 0.4735
Time for calculation: 0.8319
Total log likelihood: -70595.1850
nl: 93.1028
nr: 91.7392
sigma_l: 0.7952
sigma_r: 0.8174
beta: 0.4734
Time for calculation: 0.8323
Total log likelihood: -70595.1849
nl: 93.1536
nr: 91.7964
sigma_l: 0.7952
sigma_r: 0.8174
beta: 0.4736
Time for calculation: 0.8331
Total log likelihood: -70595.1849
nl: 93.1017
nr: 91.7368
sigma_l: 0.7952
sigma_r: 0.8174
beta: 0.4734
Time for calculation: 0.8314
Total log likelihood: -70595.1849
nl: 93.1082
nr: 91.7471
sigma_l: 0.7953
sigma_r: 0.8174
beta: 0.4734
Time for calculation: 0.8327
Total log likelihood: -70595.1849
nl: 93.1184
nr: 91.7551
sigma_l: 0.7952
sigma_r: 0.8173
beta: 0.4735
Time for calculation: 0.8316
Total log likelihood: -70595.1849
nl: 93.1250
nr: 91.7578
sigma_l: 0.7952
sigma_r: 0.8173
beta: 0.4735
Time for calculation: 0.8335
Total log likelihood: -70595.1849
nl: 93.1210
nr: 91.7557
sigma_l: 0.7952
sigma_r: 0.8173
beta: 0.4735
Time for calculation: 0.8316
Total log likelihood: -70595.1849
nl: 93.0671
nr: 91.7036
sigma_l: 0.7952
sigma_r: 0.8174
beta: 0.4733
Time for calculation: 0.8319
Total log likelihood: -70595.1849
nl: 93.1320
nr: 91.7683
sigma_l: 0.7952
sigma_r: 0.8174
beta: 0.4735
Time for calculation: 0.8317
Total log likelihood: -70595.1849
nl: 93.1223
nr: 91.7550
sigma_l: 0.7953
sigma_r: 0.8173
beta: 0.4735
Time for calculation: 0.8357
Total log likelihood: -70595.1849
nl: 93.1369
nr: 91.7725
sigma_l: 0.7952
sigma_r: 0.8173
beta: 0.4735
Time for calculation: 0.8314
Total log likelihood: -70595.1849
nl: 93.1276
nr: 91.7612
sigma_l: 0.7952
sigma_r: 0.8174
beta: 0.4735
Time for calculation: 0.8327
Total log likelihood: -70595.1849
nl: 93.1322
nr: 91.7643
sigma_l: 0.7952
sigma_r: 0.8174
beta: 0.4735
Time for calculation: 0.8333
Total log likelihood: -70595.1849
nl: 93.1276
nr: 91.7628
sigma_l: 0.7953
sigma_r: 0.8174
beta: 0.4735
Time for calculation: 0.8325
Total log likelihood: -70595.1849
nl: 93.1080
nr: 91.7421
sigma_l: 0.7953
sigma_r: 0.8174
beta: 0.4734
Time for calculation: 0.8310
Total log likelihood: -70595.1849
nl: 93.1169
nr: 91.7544
sigma_l: 0.7952
sigma_r: 0.8174
beta: 0.4735
Time for calculation: 0.8322
Total log likelihood: -70595.1849
nl: 93.1209
nr: 91.7549
sigma_l: 0.7952
sigma_r: 0.8174
beta: 0.4735
Time for calculation: 0.8313
Total log likelihood: -70595.1849
nl: 93.1028
nr: 91.7357
sigma_l: 0.7953
sigma_r: 0.8174
beta: 0.4734
Time for calculation: 0.8323
Total log likelihood: -70595.1849
nl: 93.1320
nr: 91.7635
sigma_l: 0.7953
sigma_r: 0.8174
beta: 0.4735
Time for calculation: 0.8303
Total log likelihood: -70595.1849
nl: 93.1364
nr: 91.7692
sigma_l: 0.7952
sigma_r: 0.8173
beta: 0.4735
Time for calculation: 0.8334
Total log likelihood: -70595.1849
nl: 93.1550
nr: 91.7889
sigma_l: 0.7952
sigma_r: 0.8173
beta: 0.4736
Time for calculation: 0.8302
Total log likelihood: -70595.1849
nl: 93.1159
nr: 91.7490
sigma_l: 0.7953
sigma_r: 0.8174
beta: 0.4734
Time for calculation: 0.8315
Total log likelihood: -70595.1849
nl: 93.1132
nr: 91.7474
sigma_l: 0.7953
sigma_r: 0.8174
beta: 0.4734
Time for calculation: 0.8317
Total log likelihood: -70595.1849
nl: 93.1306
nr: 91.7637
sigma_l: 0.7952
sigma_r: 0.8174
beta: 0.4735
Time for calculation: 0.8322
Total log likelihood: -70595.1849
nl: 93.1170
nr: 91.7532
sigma_l: 0.7952
sigma_r: 0.8174
beta: 0.4735
Time for calculation: 0.8299
Total log likelihood: -70595.1849
nl: 93.1283
nr: 91.7609
sigma_l: 0.7953
sigma_r: 0.8174
beta: 0.4735
Time for calculation: 0.8306
Total log likelihood: -70595.1849
nl: 93.1217
nr: 91.7531
sigma_l: 0.7952
sigma_r: 0.8174
beta: 0.4735
Time for calculation: 0.8317
Total log likelihood: -70595.1849
nl: 93.1287
nr: 91.7603
sigma_l: 0.7952
sigma_r: 0.8174
beta: 0.4735
Time for calculation: 0.8325
Total log likelihood: -70595.1849
nl: 93.1307
nr: 91.7650
sigma_l: 0.7953
sigma_r: 0.8174
beta: 0.4735
Time for calculation: 0.8309
Total log likelihood: -70595.1849
nl: 93.1239
nr: 91.7561
sigma_l: 0.7952
sigma_r: 0.8174
beta: 0.4735
Time for calculation: 0.8312
Total log likelihood: -70595.1849
nl: 93.1191
nr: 91.7513
sigma_l: 0.7952
sigma_r: 0.8174
beta: 0.4734
Time for calculation: 0.8308
Total log likelihood: -70595.1849
nl: 93.1173
nr: 91.7511
sigma_l: 0.7952
sigma_r: 0.8174
beta: 0.4734
Time for calculation: 0.8327
Total log likelihood: -70595.1849
nl: 93.1258
nr: 91.7580
sigma_l: 0.7952
sigma_r: 0.8174
beta: 0.4735
Time for calculation: 0.8309
Total log likelihood: -70595.1849
nl: 93.1167
nr: 91.7493
sigma_l: 0.7952
sigma_r: 0.8174
beta: 0.4734
Time for calculation: 0.8312
Total log likelihood: -70595.1849
nl: 93.1254
nr: 91.7580
sigma_l: 0.7952
sigma_r: 0.8174
beta: 0.4735
Time for calculation: 0.8301
Total log likelihood: -70595.1849
nl: 93.1164
nr: 91.7478
sigma_l: 0.7953
sigma_r: 0.8174
beta: 0.4734
Time for calculation: 0.8317
Total log likelihood: -70595.1849
nl: 93.1248
nr: 91.7578
sigma_l: 0.7952
sigma_r: 0.8174
beta: 0.4735
Time for calculation: 0.8311
Total log likelihood: -70595.1849
nl: 93.1318
nr: 91.7635
sigma_l: 0.7952
sigma_r: 0.8174
beta: 0.4735
Time for calculation: 0.8314
Total log likelihood: -70595.1849
nl: 93.1198
nr: 91.7526
sigma_l: 0.7952
sigma_r: 0.8174
beta: 0.4735
Time for calculation: 0.8309
Total log likelihood: -70595.1849
nl: 93.1288
nr: 91.7618
sigma_l: 0.7952
sigma_r: 0.8174
beta: 0.4735
Time for calculation: 0.8309
Total log likelihood: -70595.1849
nl: 93.1215
nr: 91.7539
sigma_l: 0.7952
sigma_r: 0.8174
beta: 0.4735
Time for calculation: 0.8299
Total log likelihood: -70595.1849
nl: 93.1230
nr: 91.7561
sigma_l: 0.7952
sigma_r: 0.8174
beta: 0.4735
Time for calculation: 0.8325
Total log likelihood: -70595.1849
nl: 93.1214
nr: 91.7536
sigma_l: 0.7953
sigma_r: 0.8174
beta: 0.4735
Time for calculation: 0.8300
Total log likelihood: -70595.1849
nl: 93.1223
nr: 91.7547
sigma_l: 0.7952
sigma_r: 0.8174
beta: 0.4735
Time for calculation: 0.8311
Total log likelihood: -70595.1849
nl: 93.1190
nr: 91.7521
sigma_l: 0.7953
sigma_r: 0.8174
beta: 0.4735
Time for calculation: 0.8309
Total log likelihood: -70595.1849
nl: 93.1207
nr: 91.7536
sigma_l: 0.7952
sigma_r: 0.8174
beta: 0.4735
Time for calculation: 0.8322
Total log likelihood: -70595.1849
nl: 93.1253
nr: 91.7579
sigma_l: 0.7952
sigma_r: 0.8174
beta: 0.4735
Time for calculation: 0.8311
Total log likelihood: -70595.1849
nl: 93.1281
nr: 91.7605
sigma_l: 0.7953
sigma_r: 0.8174
beta: 0.4735
Time for calculation: 0.8316
Total log likelihood: -70595.1849
nl: 93.1251
nr: 91.7582
sigma_l: 0.7953
sigma_r: 0.8174
beta: 0.4735
Time for calculation: 0.8309
Total log likelihood: -70595.1849
nl: 93.1224
nr: 91.7550
sigma_l: 0.7952
sigma_r: 0.8174
beta: 0.4735
Time for calculation: 0.8311
Total log likelihood: -70595.1849
nl: 93.1234
nr: 91.7556
sigma_l: 0.7953
sigma_r: 0.8174
beta: 0.4735
Time for calculation: 0.8298
Total log likelihood: -70595.1849
nl: 93.1231
nr: 91.7560
sigma_l: 0.7952
sigma_r: 0.8174
beta: 0.4735
Time for calculation: 0.8314
Total log likelihood: -70595.1849
nl: 93.1202
nr: 91.7528
sigma_l: 0.7952
sigma_r: 0.8174
beta: 0.4735
Time for calculation: 0.8305
Total log likelihood: -70595.1849
nl: 93.1241
nr: 91.7567
sigma_l: 0.7952
sigma_r: 0.8174
beta: 0.4735
Time for calculation: 0.8308
Total log likelihood: -70595.1849
nl: 93.1240
nr: 91.7570
sigma_l: 0.7952
sigma_r: 0.8174
beta: 0.4735
Time for calculation: 0.8304
Total log likelihood: -70595.1849
nl: 93.1269
nr: 91.7594
sigma_l: 0.7952
sigma_r: 0.8174
beta: 0.4735
Time for calculation: 0.8310
Total log likelihood: -70595.1849
nl: 93.1247
nr: 91.7570
sigma_l: 0.7952
sigma_r: 0.8174
beta: 0.4735
Time for calculation: 0.8307
Total log likelihood: -70595.1849
nl: 93.1245
nr: 91.7570
sigma_l: 0.7952
sigma_r: 0.8174
beta: 0.4735
Time for calculation: 0.8319
Total log likelihood: -70595.1849
nl: 93.1271
nr: 91.7598
sigma_l: 0.7952
sigma_r: 0.8174
beta: 0.4735
Time for calculation: 0.8302
Total log likelihood: -70595.1849
nl: 93.1236
nr: 91.7562
sigma_l: 0.7952
sigma_r: 0.8174
beta: 0.4735
Time for calculation: 0.8320
Total log likelihood: -70595.1849
nl: 93.1267
nr: 91.7589
sigma_l: 0.7952
sigma_r: 0.8174
beta: 0.4735
Time for calculation: 0.8314
Total log likelihood: -70595.1849
nl: 93.1240
nr: 91.7567
sigma_l: 0.7952
sigma_r: 0.8174
beta: 0.4735
Time for calculation: 0.8322
Total log likelihood: -70595.1849
nl: 93.1239
nr: 91.7565
sigma_l: 0.7952
sigma_r: 0.8174
beta: 0.4735
Time for calculation: 0.8306
Total log likelihood: -70595.1849
nl: 93.1212
nr: 91.7538
sigma_l: 0.7952
sigma_r: 0.8174
beta: 0.4735
Time for calculation: 0.8330
Total log likelihood: -70595.1849
nl: 93.1254
nr: 91.7580
sigma_l: 0.7952
sigma_r: 0.8174
beta: 0.4735
Time for calculation: 0.8319
Total log likelihood: -70595.1849
nl: 93.1248
nr: 91.7573
sigma_l: 0.7952
sigma_r: 0.8174
beta: 0.4735
Time for calculation: 0.8333
Total log likelihood: -70595.1849
nl: 93.1245
nr: 91.7571
sigma_l: 0.7952
sigma_r: 0.8174
beta: 0.4735
Time for calculation: 0.8313
Total log likelihood: -70595.1849
nl: 93.1248
nr: 91.7573
sigma_l: 0.7952
sigma_r: 0.8174
beta: 0.4735
Time for calculation: 0.8326
Total log likelihood: -70595.1849
nl: 93.1242
nr: 91.7569
sigma_l: 0.7952
sigma_r: 0.8174
beta: 0.4735
Time for calculation: 0.8312
Total log likelihood: -70595.1849
nl: 93.1255
nr: 91.7581
sigma_l: 0.7952
sigma_r: 0.8174
beta: 0.4735
Time for calculation: 0.8320
Total log likelihood: -70595.1849
nl: 93.1250
nr: 91.7577
sigma_l: 0.7952
sigma_r: 0.8174
beta: 0.4735
Time for calculation: 0.8307
Total log likelihood: -70595.1849
nl: 93.1259
nr: 91.7584
sigma_l: 0.7952
sigma_r: 0.8174
beta: 0.4735
Time for calculation: 0.8322
Total log likelihood: -70595.1849
nl: 93.1245
nr: 91.7571
sigma_l: 0.7952
sigma_r: 0.8174
beta: 0.4735
Time for calculation: 0.8312
Total log likelihood: -70595.1849
nl: 93.1247
nr: 91.7572
sigma_l: 0.7952
sigma_r: 0.8174
beta: 0.4735
Time for calculation: 0.8335
Total log likelihood: -70595.1849
nl: 93.1248
nr: 91.7573
sigma_l: 0.7952
sigma_r: 0.8174
beta: 0.4735
Time for calculation: 0.8313
Total log likelihood: -70595.1849
nl: 93.1252
nr: 91.7579
sigma_l: 0.7952
sigma_r: 0.8174
beta: 0.4735
Time for calculation: 0.8318
Total log likelihood: -70595.1849
nl: 93.1256
nr: 91.7582
sigma_l: 0.7952
sigma_r: 0.8174
beta: 0.4735
Time for calculation: 0.8308
Total log likelihood: -70595.1849
nl: 93.1242
nr: 91.7568
sigma_l: 0.7952
sigma_r: 0.8174
beta: 0.4735
Time for calculation: 0.8312
Total log likelihood: -70595.1849
nl: 93.1254
nr: 91.7580
sigma_l: 0.7952
sigma_r: 0.8174
beta: 0.4735
Time for calculation: 0.8306
Total log likelihood: -70595.1849
nl: 93.1245
nr: 91.7571
sigma_l: 0.7952
sigma_r: 0.8174
beta: 0.4735
Time for calculation: 0.8321
Total log likelihood: -70595.1849
nl: 93.1256
nr: 91.7582
sigma_l: 0.7952
sigma_r: 0.8174
beta: 0.4735
Time for calculation: 0.8338
Total log likelihood: -70595.1849
nl: 93.1245
nr: 91.7571
sigma_l: 0.7952
sigma_r: 0.8174
beta: 0.4735
Time for calculation: 0.8324
Total log likelihood: -70595.1849
nl: 93.1254
nr: 91.7578
sigma_l: 0.7952
sigma_r: 0.8174
beta: 0.4735
Time for calculation: 0.8304
Total log likelihood: -70595.1849
nl: 93.1258
nr: 91.7582
sigma_l: 0.7952
sigma_r: 0.8174
beta: 0.4735
Time for calculation: 0.8327
Total log likelihood: -70595.1849
nl: 93.1253
nr: 91.7579
sigma_l: 0.7952
sigma_r: 0.8174
beta: 0.4735
Time for calculation: 0.8306
Total log likelihood: -70595.1849
nl: 93.1255
nr: 91.7582
sigma_l: 0.7952
sigma_r: 0.8174
beta: 0.4735
Time for calculation: 0.8317
Total log likelihood: -70595.1849
nl: 93.1245
nr: 91.7571
sigma_l: 0.7952
sigma_r: 0.8174
beta: 0.4735
Time for calculation: 0.8313
Total log likelihood: -70595.1849
nl: 93.1252
nr: 91.7578
sigma_l: 0.7952
sigma_r: 0.8174
beta: 0.4735
Time for calculation: 0.8329
Total log likelihood: -70595.1849
nl: 93.1247
nr: 91.7573
sigma_l: 0.7952
sigma_r: 0.8174
beta: 0.4735
Time for calculation: 0.8305
Total log likelihood: -70595.1849
nl: 93.1251
nr: 91.7577
sigma_l: 0.7952
sigma_r: 0.8174
beta: 0.4735
Time for calculation: 0.8327
Total log likelihood: -70595.1849
nl: 93.1257
nr: 91.7582
sigma_l: 0.7952
sigma_r: 0.8174
beta: 0.4735
Time for calculation: 0.8309
Total log likelihood: -70595.1849
nl: 93.1248
nr: 91.7574
sigma_l: 0.7952
sigma_r: 0.8174
beta: 0.4735
Time for calculation: 0.8325
Total log likelihood: -70595.1849
nl: 93.1258
nr: 91.7583
sigma_l: 0.7952
sigma_r: 0.8174
beta: 0.4735
Time for calculation: 0.8299
Total log likelihood: -70595.1849
nl: 93.1264
nr: 91.7589
sigma_l: 0.7952
sigma_r: 0.8174
beta: 0.4735
Time for calculation: 0.8310
Total log likelihood: -70595.1849
nl: 93.1251
nr: 91.7578
sigma_l: 0.7952
sigma_r: 0.8174
beta: 0.4735
Time for calculation: 0.8302
Total log likelihood: -70595.1849
nl: 93.1252
nr: 91.7577
sigma_l: 0.7952
sigma_r: 0.8174
beta: 0.4735
Time for calculation: 0.8318
Total log likelihood: -70595.1849
nl: 93.1252
nr: 91.7578
sigma_l: 0.7952
sigma_r: 0.8174
beta: 0.4735
Time for calculation: 0.8315
Total log likelihood: -70595.1849
nl: 93.1252
nr: 91.7578
sigma_l: 0.7952
sigma_r: 0.8174
beta: 0.4735
Time for calculation: 0.8314
Total log likelihood: -70595.1849
nl: 93.1252
nr: 91.7578
sigma_l: 0.7952
sigma_r: 0.8174
beta: 0.4735
Time for calculation: 0.8308
Total log likelihood: -70595.1849
nl: 93.1253
nr: 91.7580
sigma_l: 0.7952
sigma_r: 0.8174
beta: 0.4735
Time for calculation: 0.8316
Total log likelihood: -70595.1849
nl: 93.1259
nr: 91.7585
sigma_l: 0.7952
sigma_r: 0.8174
beta: 0.4735
Time for calculation: 0.8307
Total log likelihood: -70595.1849
nl: 93.1251
nr: 91.7577
sigma_l: 0.7952
sigma_r: 0.8174
beta: 0.4735
Time for calculation: 0.8322
Total log likelihood: -70595.1849
nl: 93.1255
nr: 91.7581
sigma_l: 0.7952
sigma_r: 0.8174
beta: 0.4735
Time for calculation: 0.8312
Total log likelihood: -70595.1849
nl: 93.1252
nr: 91.7579
sigma_l: 0.7952
sigma_r: 0.8174
beta: 0.4735
Time for calculation: 0.8306
Total log likelihood: -70595.1849
nl: 93.1247
nr: 91.7573
sigma_l: 0.7952
sigma_r: 0.8174
beta: 0.4735
Time for calculation: 0.8303
Total log likelihood: -70595.1849
nl: 93.1255
nr: 91.7581
sigma_l: 0.7952
sigma_r: 0.8174
beta: 0.4735
Time for calculation: 0.8332
Total log likelihood: -70595.1849
nl: 93.1251
nr: 91.7577
sigma_l: 0.7952
sigma_r: 0.8174
beta: 0.4735
Time for calculation: 0.8303
Total log likelihood: -70595.1849
nl: 93.1253
nr: 91.7579
sigma_l: 0.7952
sigma_r: 0.8174
beta: 0.4735
Time for calculation: 0.8310
Total log likelihood: -70595.1849
nl: 93.1253
nr: 91.7579
sigma_l: 0.7952
sigma_r: 0.8174
beta: 0.4735
Time for calculation: 0.8303
Total log likelihood: -70595.1849
nl: 93.1253
nr: 91.7580
sigma_l: 0.7952
sigma_r: 0.8174
beta: 0.4735
Time for calculation: 0.8327
Total log likelihood: -70595.1849
nl: 93.1254
nr: 91.7580
sigma_l: 0.7952
sigma_r: 0.8174
beta: 0.4735
Time for calculation: 0.8311
Total log likelihood: -70595.1849
nl: 93.1254
nr: 91.7579
sigma_l: 0.7952
sigma_r: 0.8174
beta: 0.4735
Time for calculation: 0.8317
Total log likelihood: -70595.1849
nl: 93.1254
nr: 91.7580
sigma_l: 0.7952
sigma_r: 0.8174
beta: 0.4735
Time for calculation: 0.8301
Total log likelihood: -70595.1849
nl: 93.1253
nr: 91.7579
sigma_l: 0.7952
sigma_r: 0.8174
beta: 0.4735
Time for calculation: 0.8314
Total log likelihood: -70595.1849
nl: 93.1257
nr: 91.7582
sigma_l: 0.7952
sigma_r: 0.8174
beta: 0.4735
Time for calculation: 0.8295
Total log likelihood: -70595.1849
nl: 93.1252
nr: 91.7578
sigma_l: 0.7952
sigma_r: 0.8174
beta: 0.4735
Time for calculation: 0.8316
Total log likelihood: -70595.1849
nl: 93.1254
nr: 91.7580
sigma_l: 0.7952
sigma_r: 0.8174
beta: 0.4735
Time for calculation: 0.8337
Total log likelihood: -70595.1849
nl: 93.1253
nr: 91.7579
sigma_l: 0.7952
sigma_r: 0.8174
beta: 0.4735
Time for calculation: 0.8313
Total log likelihood: -70595.1849
nl: 93.1251
nr: 91.7577
sigma_l: 0.7952
sigma_r: 0.8174
beta: 0.4735
Time for calculation: 0.8305
Total log likelihood: -70595.1849
nl: 93.1254
nr: 91.7580
sigma_l: 0.7952
sigma_r: 0.8174
beta: 0.4735
Time for calculation: 0.8318
Total log likelihood: -70595.1849
Optimization terminated successfully.
         Current function value: 255.779655
         Iterations: 233
         Function evaluations: 393
nl: 93.1481
nr: 91.7579
sigma_l: 0.7952
sigma_r: 0.8174
beta: 0.4735
Time for calculation: 0.8275
Total log likelihood: -70595.1851
nl: 93.1253
nr: 91.7579
sigma_l: 0.7952
sigma_r: 0.8174
beta: 0.4735
Time for calculation: 0.8295
Total log likelihood: -70595.1849
nl: 93.1253
nr: 91.7579
sigma_l: 0.7952
sigma_r: 0.8174
beta: 0.4735
Time for calculation: 0.8287
Total log likelihood: -70595.1849
nl: 93.1026
nr: 91.7579
sigma_l: 0.7952
sigma_r: 0.8174
beta: 0.4735
Time for calculation: 0.8305
Total log likelihood: -70595.1851
nl: 93.1367
nr: 91.7691
sigma_l: 0.7952
sigma_r: 0.8174
beta: 0.4735
Time for calculation: 0.8292
Total log likelihood: -70595.1850
nl: 93.1367
nr: 91.7467
sigma_l: 0.7952
sigma_r: 0.8174
beta: 0.4735
Time for calculation: 0.8307
Total log likelihood: -70595.1850
nl: 93.1139
nr: 91.7691
sigma_l: 0.7952
sigma_r: 0.8174
beta: 0.4735
Time for calculation: 0.8286
Total log likelihood: -70595.1850
nl: 93.1139
nr: 91.7467
sigma_l: 0.7952
sigma_r: 0.8174
beta: 0.4735
Time for calculation: 0.8302
Total log likelihood: -70595.1850
nl: 93.1367
nr: 91.7579
sigma_l: 0.7953
sigma_r: 0.8174
beta: 0.4735
Time for calculation: 0.8284
Total log likelihood: -70595.1850
nl: 93.1367
nr: 91.7579
sigma_l: 0.7951
sigma_r: 0.8174
beta: 0.4735
Time for calculation: 0.8300
Total log likelihood: -70595.1850
nl: 93.1139
nr: 91.7579
sigma_l: 0.7953
sigma_r: 0.8174
beta: 0.4735
Time for calculation: 0.8288
Total log likelihood: -70595.1850
nl: 93.1139
nr: 91.7579
sigma_l: 0.7951
sigma_r: 0.8174
beta: 0.4735
Time for calculation: 0.8302
Total log likelihood: -70595.1850
nl: 93.1367
nr: 91.7579
sigma_l: 0.7952
sigma_r: 0.8175
beta: 0.4735
Time for calculation: 0.8293
Total log likelihood: -70595.1851
nl: 93.1367
nr: 91.7579
sigma_l: 0.7952
sigma_r: 0.8173
beta: 0.4735
Time for calculation: 0.8297
Total log likelihood: -70595.1850
nl: 93.1139
nr: 91.7579
sigma_l: 0.7952
sigma_r: 0.8175
beta: 0.4735
Time for calculation: 0.8290
Total log likelihood: -70595.1850
nl: 93.1139
nr: 91.7579
sigma_l: 0.7952
sigma_r: 0.8173
beta: 0.4735
Time for calculation: 0.8305
Total log likelihood: -70595.1851
nl: 93.1367
nr: 91.7579
sigma_l: 0.7952
sigma_r: 0.8174
beta: 0.4735
Time for calculation: 0.8283
Total log likelihood: -70595.1850
nl: 93.1367
nr: 91.7579
sigma_l: 0.7952
sigma_r: 0.8174
beta: 0.4734
Time for calculation: 0.8298
Total log likelihood: -70595.1853
nl: 93.1139
nr: 91.7579
sigma_l: 0.7952
sigma_r: 0.8174
beta: 0.4735
Time for calculation: 0.8289
Total log likelihood: -70595.1853
nl: 93.1139
nr: 91.7579
sigma_l: 0.7952
sigma_r: 0.8174
beta: 0.4734
Time for calculation: 0.8300
Total log likelihood: -70595.1850
nl: 93.1253
nr: 91.7803
sigma_l: 0.7952
sigma_r: 0.8174
beta: 0.4735
Time for calculation: 0.8283
Total log likelihood: -70595.1852
nl: 93.1253
nr: 91.7579
sigma_l: 0.7952
sigma_r: 0.8174
beta: 0.4735
Time for calculation: 0.8289
Total log likelihood: -70595.1849
nl: 93.1253
nr: 91.7579
sigma_l: 0.7952
sigma_r: 0.8174
beta: 0.4735
Time for calculation: 0.8286
Total log likelihood: -70595.1849
nl: 93.1253
nr: 91.7355
sigma_l: 0.7952
sigma_r: 0.8174
beta: 0.4735
Time for calculation: 0.8300
Total log likelihood: -70595.1852
nl: 93.1253
nr: 91.7691
sigma_l: 0.7953
sigma_r: 0.8174
beta: 0.4735
Time for calculation: 0.8282
Total log likelihood: -70595.1851
nl: 93.1253
nr: 91.7691
sigma_l: 0.7951
sigma_r: 0.8174
beta: 0.4735
Time for calculation: 0.8293
Total log likelihood: -70595.1850
nl: 93.1253
nr: 91.7467
sigma_l: 0.7953
sigma_r: 0.8174
beta: 0.4735
Time for calculation: 0.8284
Total log likelihood: -70595.1850
nl: 93.1253
nr: 91.7467
sigma_l: 0.7951
sigma_r: 0.8174
beta: 0.4735
Time for calculation: 0.8292
Total log likelihood: -70595.1851
nl: 93.1253
nr: 91.7691
sigma_l: 0.7952
sigma_r: 0.8175
beta: 0.4735
Time for calculation: 0.8284
Total log likelihood: -70595.1850
nl: 93.1253
nr: 91.7691
sigma_l: 0.7952
sigma_r: 0.8173
beta: 0.4735
Time for calculation: 0.8296
Total log likelihood: -70595.1850
nl: 93.1253
nr: 91.7467
sigma_l: 0.7952
sigma_r: 0.8175
beta: 0.4735
Time for calculation: 0.8279
Total log likelihood: -70595.1850
nl: 93.1253
nr: 91.7467
sigma_l: 0.7952
sigma_r: 0.8173
beta: 0.4735
Time for calculation: 0.8335
Total log likelihood: -70595.1850
nl: 93.1253
nr: 91.7691
sigma_l: 0.7952
sigma_r: 0.8174
beta: 0.4735
Time for calculation: 0.8288
Total log likelihood: -70595.1850
nl: 93.1253
nr: 91.7691
sigma_l: 0.7952
sigma_r: 0.8174
beta: 0.4734
Time for calculation: 0.8295
Total log likelihood: -70595.1854
nl: 93.1253
nr: 91.7467
sigma_l: 0.7952
sigma_r: 0.8174
beta: 0.4735
Time for calculation: 0.8288
Total log likelihood: -70595.1854
nl: 93.1253
nr: 91.7467
sigma_l: 0.7952
sigma_r: 0.8174
beta: 0.4734
Time for calculation: 0.8306
Total log likelihood: -70595.1850
nl: 93.1253
nr: 91.7579
sigma_l: 0.7954
sigma_r: 0.8174
beta: 0.4735
Time for calculation: 0.8280
Total log likelihood: -70595.1852
nl: 93.1253
nr: 91.7579
sigma_l: 0.7952
sigma_r: 0.8174
beta: 0.4735
Time for calculation: 0.8295
Total log likelihood: -70595.1849
nl: 93.1253
nr: 91.7579
sigma_l: 0.7952
sigma_r: 0.8174
beta: 0.4735
Time for calculation: 0.8284
Total log likelihood: -70595.1849
nl: 93.1253
nr: 91.7579
sigma_l: 0.7951
sigma_r: 0.8174
beta: 0.4735
Time for calculation: 0.8292
Total log likelihood: -70595.1852
nl: 93.1253
nr: 91.7579
sigma_l: 0.7953
sigma_r: 0.8175
beta: 0.4735
Time for calculation: 0.8280
Total log likelihood: -70595.1850
nl: 93.1253
nr: 91.7579
sigma_l: 0.7953
sigma_r: 0.8173
beta: 0.4735
Time for calculation: 0.8298
Total log likelihood: -70595.1850
nl: 93.1253
nr: 91.7579
sigma_l: 0.7951
sigma_r: 0.8175
beta: 0.4735
Time for calculation: 0.8285
Total log likelihood: -70595.1850
nl: 93.1253
nr: 91.7579
sigma_l: 0.7951
sigma_r: 0.8173
beta: 0.4735
Time for calculation: 0.8297
Total log likelihood: -70595.1850
nl: 93.1253
nr: 91.7579
sigma_l: 0.7953
sigma_r: 0.8174
beta: 0.4735
Time for calculation: 0.8281
Total log likelihood: -70595.1851
nl: 93.1253
nr: 91.7579
sigma_l: 0.7953
sigma_r: 0.8174
beta: 0.4734
Time for calculation: 0.8305
Total log likelihood: -70595.1852
nl: 93.1253
nr: 91.7579
sigma_l: 0.7951
sigma_r: 0.8174
beta: 0.4735
Time for calculation: 0.8283
Total log likelihood: -70595.1852
nl: 93.1253
nr: 91.7579
sigma_l: 0.7951
sigma_r: 0.8174
beta: 0.4734
Time for calculation: 0.8303
Total log likelihood: -70595.1851
nl: 93.1253
nr: 91.7579
sigma_l: 0.7952
sigma_r: 0.8176
beta: 0.4735
Time for calculation: 0.8286
Total log likelihood: -70595.1852
nl: 93.1253
nr: 91.7579
sigma_l: 0.7952
sigma_r: 0.8174
beta: 0.4735
Time for calculation: 0.8298
Total log likelihood: -70595.1849
nl: 93.1253
nr: 91.7579
sigma_l: 0.7952
sigma_r: 0.8174
beta: 0.4735
Time for calculation: 0.8279
Total log likelihood: -70595.1849
nl: 93.1253
nr: 91.7579
sigma_l: 0.7952
sigma_r: 0.8172
beta: 0.4735
Time for calculation: 0.8300
Total log likelihood: -70595.1852
nl: 93.1253
nr: 91.7579
sigma_l: 0.7952
sigma_r: 0.8175
beta: 0.4735
Time for calculation: 0.8287
Total log likelihood: -70595.1852
nl: 93.1253
nr: 91.7579
sigma_l: 0.7952
sigma_r: 0.8175
beta: 0.4734
Time for calculation: 0.8294
Total log likelihood: -70595.1852
nl: 93.1253
nr: 91.7579
sigma_l: 0.7952
sigma_r: 0.8173
beta: 0.4735
Time for calculation: 0.8279
Total log likelihood: -70595.1852
nl: 93.1253
nr: 91.7579
sigma_l: 0.7952
sigma_r: 0.8173
beta: 0.4734
Time for calculation: 0.8300
Total log likelihood: -70595.1852
nl: 93.1253
nr: 91.7579
sigma_l: 0.7952
sigma_r: 0.8174
beta: 0.4736
Time for calculation: 0.8289
Total log likelihood: -70595.1858
nl: 93.1253
nr: 91.7579
sigma_l: 0.7952
sigma_r: 0.8174
beta: 0.4735
Time for calculation: 0.8297
Total log likelihood: -70595.1849
nl: 93.1253
nr: 91.7579
sigma_l: 0.7952
sigma_r: 0.8174
beta: 0.4735
Time for calculation: 0.8290
Total log likelihood: -70595.1849
nl: 93.1253
nr: 91.7579
sigma_l: 0.7952
sigma_r: 0.8174
beta: 0.4734
Time for calculation: 0.8300
Total log likelihood: -70595.1858
nl: 93.1481
nr: 91.7579
sigma_l: 0.7952
sigma_r: 0.8174
beta: 0.4735
Time for calculation: 0.9075
Total log likelihood: -70595.1851
nl: 93.1253
nr: 91.7579
sigma_l: 0.7952
sigma_r: 0.8174
beta: 0.4735
Time for calculation: 0.8402
Total log likelihood: -70595.1849
nl: 93.1253
nr: 91.7579
sigma_l: 0.7952
sigma_r: 0.8174
beta: 0.4735
Time for calculation: 0.8368
Total log likelihood: -70595.1849
nl: 93.1026
nr: 91.7579
sigma_l: 0.7952
sigma_r: 0.8174
beta: 0.4735
Time for calculation: 0.8384
Total log likelihood: -70595.1851
nl: 93.1367
nr: 91.7691
sigma_l: 0.7952
sigma_r: 0.8174
beta: 0.4735
Time for calculation: 0.8371
Total log likelihood: -70595.1850
nl: 93.1367
nr: 91.7467
sigma_l: 0.7952
sigma_r: 0.8174
beta: 0.4735
Time for calculation: 0.8385
Total log likelihood: -70595.1850
nl: 93.1139
nr: 91.7691
sigma_l: 0.7952
sigma_r: 0.8174
beta: 0.4735
Time for calculation: 0.8847
Total log likelihood: -70595.1850
nl: 93.1139
nr: 91.7467
sigma_l: 0.7952
sigma_r: 0.8174
beta: 0.4735
Time for calculation: 0.8419
Total log likelihood: -70595.1850
nl: 93.1367
nr: 91.7579
sigma_l: 0.7953
sigma_r: 0.8174
beta: 0.4735
Time for calculation: 0.8376
Total log likelihood: -70595.1850
nl: 93.1367
nr: 91.7579
sigma_l: 0.7951
sigma_r: 0.8174
beta: 0.4735
Time for calculation: 0.8396
Total log likelihood: -70595.1850
nl: 93.1139
nr: 91.7579
sigma_l: 0.7953
sigma_r: 0.8174
beta: 0.4735
Time for calculation: 0.8375
Total log likelihood: -70595.1850
nl: 93.1139
nr: 91.7579
sigma_l: 0.7951
sigma_r: 0.8174
beta: 0.4735
Time for calculation: 0.8439
Total log likelihood: -70595.1850
nl: 93.1367
nr: 91.7579
sigma_l: 0.7952
sigma_r: 0.8175
beta: 0.4735
Time for calculation: 0.8368
Total log likelihood: -70595.1851
nl: 93.1367
nr: 91.7579
sigma_l: 0.7952
sigma_r: 0.8173
beta: 0.4735
Time for calculation: 0.8390
Total log likelihood: -70595.1850
nl: 93.1139
nr: 91.7579
sigma_l: 0.7952
sigma_r: 0.8175
beta: 0.4735
Time for calculation: 0.8379
Total log likelihood: -70595.1850
nl: 93.1139
nr: 91.7579
sigma_l: 0.7952
sigma_r: 0.8173
beta: 0.4735
Time for calculation: 0.8392
Total log likelihood: -70595.1851
nl: 93.1367
nr: 91.7579
sigma_l: 0.7952
sigma_r: 0.8174
beta: 0.4735
Time for calculation: 0.8374
Total log likelihood: -70595.1850
nl: 93.1367
nr: 91.7579
sigma_l: 0.7952
sigma_r: 0.8174
beta: 0.4734
Time for calculation: 0.8401
Total log likelihood: -70595.1853
nl: 93.1139
nr: 91.7579
sigma_l: 0.7952
sigma_r: 0.8174
beta: 0.4735
Time for calculation: 0.8378
Total log likelihood: -70595.1853
nl: 93.1139
nr: 91.7579
sigma_l: 0.7952
sigma_r: 0.8174
beta: 0.4734
Time for calculation: 0.8401
Total log likelihood: -70595.1850
nl: 93.1253
nr: 91.7803
sigma_l: 0.7952
sigma_r: 0.8174
beta: 0.4735
Time for calculation: 0.8383
Total log likelihood: -70595.1852
nl: 93.1253
nr: 91.7579
sigma_l: 0.7952
sigma_r: 0.8174
beta: 0.4735
Time for calculation: 0.8395
Total log likelihood: -70595.1849
nl: 93.1253
nr: 91.7579
sigma_l: 0.7952
sigma_r: 0.8174
beta: 0.4735
Time for calculation: 0.8376
Total log likelihood: -70595.1849
nl: 93.1253
nr: 91.7355
sigma_l: 0.7952
sigma_r: 0.8174
beta: 0.4735
Time for calculation: 0.8395
Total log likelihood: -70595.1852
nl: 93.1253
nr: 91.7691
sigma_l: 0.7953
sigma_r: 0.8174
beta: 0.4735
Time for calculation: 0.8385
Total log likelihood: -70595.1851
nl: 93.1253
nr: 91.7691
sigma_l: 0.7951
sigma_r: 0.8174
beta: 0.4735
Time for calculation: 0.8395
Total log likelihood: -70595.1850
nl: 93.1253
nr: 91.7467
sigma_l: 0.7953
sigma_r: 0.8174
beta: 0.4735
Time for calculation: 0.8374
Total log likelihood: -70595.1850
nl: 93.1253
nr: 91.7467
sigma_l: 0.7951
sigma_r: 0.8174
beta: 0.4735
Time for calculation: 0.8399
Total log likelihood: -70595.1851
nl: 93.1253
nr: 91.7691
sigma_l: 0.7952
sigma_r: 0.8175
beta: 0.4735
Time for calculation: 0.8380
Total log likelihood: -70595.1850
nl: 93.1253
nr: 91.7691
sigma_l: 0.7952
sigma_r: 0.8173
beta: 0.4735
Time for calculation: 0.8392
Total log likelihood: -70595.1850
nl: 93.1253
nr: 91.7467
sigma_l: 0.7952
sigma_r: 0.8175
beta: 0.4735
Time for calculation: 0.8378
Total log likelihood: -70595.1850
nl: 93.1253
nr: 91.7467
sigma_l: 0.7952
sigma_r: 0.8173
beta: 0.4735
Time for calculation: 0.8388
Total log likelihood: -70595.1850
nl: 93.1253
nr: 91.7691
sigma_l: 0.7952
sigma_r: 0.8174
beta: 0.4735
Time for calculation: 0.8377
Total log likelihood: -70595.1850
nl: 93.1253
nr: 91.7691
sigma_l: 0.7952
sigma_r: 0.8174
beta: 0.4734
Time for calculation: 0.8397
Total log likelihood: -70595.1854
nl: 93.1253
nr: 91.7467
sigma_l: 0.7952
sigma_r: 0.8174
beta: 0.4735
Time for calculation: 0.8382
Total log likelihood: -70595.1854
nl: 93.1253
nr: 91.7467
sigma_l: 0.7952
sigma_r: 0.8174
beta: 0.4734
Time for calculation: 0.8398
Total log likelihood: -70595.1850
nl: 93.1253
nr: 91.7579
sigma_l: 0.7954
sigma_r: 0.8174
beta: 0.4735
Time for calculation: 0.8381
Total log likelihood: -70595.1852
nl: 93.1253
nr: 91.7579
sigma_l: 0.7952
sigma_r: 0.8174
beta: 0.4735
Time for calculation: 0.8398
Total log likelihood: -70595.1849
nl: 93.1253
nr: 91.7579
sigma_l: 0.7952
sigma_r: 0.8174
beta: 0.4735
Time for calculation: 0.8394
Total log likelihood: -70595.1849
nl: 93.1253
nr: 91.7579
sigma_l: 0.7951
sigma_r: 0.8174
beta: 0.4735
Time for calculation: 0.8393
Total log likelihood: -70595.1852
nl: 93.1253
nr: 91.7579
sigma_l: 0.7953
sigma_r: 0.8175
beta: 0.4735
Time for calculation: 0.8380
Total log likelihood: -70595.1850
nl: 93.1253
nr: 91.7579
sigma_l: 0.7953
sigma_r: 0.8173
beta: 0.4735
Time for calculation: 0.8398
Total log likelihood: -70595.1850
nl: 93.1253
nr: 91.7579
sigma_l: 0.7951
sigma_r: 0.8175
beta: 0.4735
Time for calculation: 0.8390
Total log likelihood: -70595.1850
nl: 93.1253
nr: 91.7579
sigma_l: 0.7951
sigma_r: 0.8173
beta: 0.4735
Time for calculation: 0.8403
Total log likelihood: -70595.1850
nl: 93.1253
nr: 91.7579
sigma_l: 0.7953
sigma_r: 0.8174
beta: 0.4735
Time for calculation: 0.8382
Total log likelihood: -70595.1851
nl: 93.1253
nr: 91.7579
sigma_l: 0.7953
sigma_r: 0.8174
beta: 0.4734
Time for calculation: 0.8404
Total log likelihood: -70595.1852
nl: 93.1253
nr: 91.7579
sigma_l: 0.7951
sigma_r: 0.8174
beta: 0.4735
Time for calculation: 0.8427
Total log likelihood: -70595.1852
nl: 93.1253
nr: 91.7579
sigma_l: 0.7951
sigma_r: 0.8174
beta: 0.4734
Time for calculation: 0.8398
Total log likelihood: -70595.1851
nl: 93.1253
nr: 91.7579
sigma_l: 0.7952
sigma_r: 0.8176
beta: 0.4735
Time for calculation: 0.8384
Total log likelihood: -70595.1852
nl: 93.1253
nr: 91.7579
sigma_l: 0.7952
sigma_r: 0.8174
beta: 0.4735
Time for calculation: 0.8397
Total log likelihood: -70595.1849
nl: 93.1253
nr: 91.7579
sigma_l: 0.7952
sigma_r: 0.8174
beta: 0.4735
Time for calculation: 0.8384
Total log likelihood: -70595.1849
nl: 93.1253
nr: 91.7579
sigma_l: 0.7952
sigma_r: 0.8172
beta: 0.4735
Time for calculation: 0.8397
Total log likelihood: -70595.1852
nl: 93.1253
nr: 91.7579
sigma_l: 0.7952
sigma_r: 0.8175
beta: 0.4735
Time for calculation: 0.8392
Total log likelihood: -70595.1852
nl: 93.1253
nr: 91.7579
sigma_l: 0.7952
sigma_r: 0.8175
beta: 0.4734
Time for calculation: 0.8403
Total log likelihood: -70595.1852
nl: 93.1253
nr: 91.7579
sigma_l: 0.7952
sigma_r: 0.8173
beta: 0.4735
Time for calculation: 0.8380
Total log likelihood: -70595.1852
nl: 93.1253
nr: 91.7579
sigma_l: 0.7952
sigma_r: 0.8173
beta: 0.4734
Time for calculation: 0.8441
Total log likelihood: -70595.1852
nl: 93.1253
nr: 91.7579
sigma_l: 0.7952
sigma_r: 0.8174
beta: 0.4736
Time for calculation: 0.8382
Total log likelihood: -70595.1858
nl: 93.1253
nr: 91.7579
sigma_l: 0.7952
sigma_r: 0.8174
beta: 0.4735
Time for calculation: 0.8390
Total log likelihood: -70595.1849
nl: 93.1253
nr: 91.7579
sigma_l: 0.7952
sigma_r: 0.8174
beta: 0.4735
Time for calculation: 0.8488
Total log likelihood: -70595.1849
nl: 93.1253
nr: 91.7579
sigma_l: 0.7952
sigma_r: 0.8174
beta: 0.4734
Time for calculation: 0.8397
Total log likelihood: -70595.1858
[[ 1.          0.98268693 -0.22534157 -0.30422886  0.98879279]
 [ 0.98268693  1.         -0.27889739 -0.24885244  0.99074078]
 [-0.22534157 -0.27889739  1.          0.08606423 -0.23243718]
 [-0.30422886 -0.24885244  0.08606423  1.         -0.25470956]
 [ 0.98879279  0.99074078 -0.23243718 -0.25470956  1.        ]]
nl: 93.1253
nr: 91.7579
sigma_l: 0.7952
sigma_r: 0.8174
beta: 0.4735
Time for calculation: 0.8379
Total log likelihood: -70595.1849
                          MLE_Estim_Barrier Results                           
==============================================================================
Dep. Variable:                      y   Log-Likelihood:                -70595.
Model:              MLE_Estim_Barrier   AIC:                         1.412e+05
Method:            Maximum Likelihood   BIC:                         1.412e+05
Date:                Mon, 29 May 2023                                         
Time:                        18:06:25                                         
No. Observations:                 276                                         
Df Residuals:                     275                                         
Df Model:                           0                                         
==============================================================================
                 coef    std err          z      P>|z|      [0.025      0.975]
------------------------------------------------------------------------------
const         93.1253      7.951     11.713      0.000      77.542     108.709
par0          91.7579      7.830     11.719      0.000      76.412     107.104
par1           0.7952      0.010     83.214      0.000       0.777       0.814
par2           0.8174      0.009     87.415      0.000       0.799       0.836
par3           0.4735      0.026     18.074      0.000       0.422       0.525
==============================================================================

MLE Estimates:
Parameter 0: 93.125318
Parameter 1: 91.757917
Parameter 2: 0.795247
Parameter 3: 0.817365
Parameter 4: 0.473473
Saving Results to: /mnt/archgen/users/hringbauer/git/IBD-Analysis/ibd_analysis/blocksim/output/varyNe/scenario8/data_set_nr_10.tsv
Creating Save Directory...
[[ 93.12531762  77.54200461 108.70863063]
 [ 91.7579175   76.41222369 107.10361131]
 [  0.79524702   0.7765164    0.81397764]
 [  0.81736529   0.7990388    0.83569178]
 [  0.47347299   0.42212901   0.52481697]]
Results have been successfully saved.
Run Complete. GOOD JOB!
Finished IBD simulation and estimation. Good Job!
Simulation Finished!
