Running Task 220
bionode45
/mnt/archgen/users/hringbauer/git/IBD-Analysis/ibd_analysis/blocksim
CPU Count: 32
Doing Complete Simulation run...
Loaded migration Matrix type: isotropic
Runtime Migration Matrix: 2.3947 
Size of Migration Matrix: 246016
Doing Pre-Calculations for cumulative Sums
Nr of total entries in precalculated cum-sums:
1228096
Runtime Pre-Calculations: 47.2629
Gridsize: 200
Loaded migration Matrix type: isotropic
Runtime Migration Matrix: 0.3663 
Size of Migration Matrix: 40000
Doing Pre-Calculations for cumulative Sums
Nr of total entries in precalculated cum-sums:
516004
Runtime Pre-Calculations: 7.7096
Simulated Sigmas: 
[0.8 0.8]
Simulated Initial Deme Ne: 
[100 100]
Simulated Beta:
0.5
Simulated Barrier Position: 100
Nr. Samples set: 240
Doing step: 0/500
IIDs left: 100
IIDs right: 100
Doing step: 1/500
IIDs left: 71
IIDs right: 71
Doing step: 2/500
IIDs left: 58
IIDs right: 58
Doing step: 3/500
IIDs left: 50
IIDs right: 50
Doing step: 4/500
IIDs left: 45
IIDs right: 45
Doing step: 5/500
IIDs left: 41
IIDs right: 41
Doing step: 6/500
IIDs left: 38
IIDs right: 38
Doing step: 7/500
IIDs left: 35
IIDs right: 35
Doing step: 8/500
IIDs left: 33
IIDs right: 33
Doing step: 9/500
IIDs left: 32
IIDs right: 32
Doing step: 10/500
IIDs left: 30
IIDs right: 30
Doing step: 11/500
IIDs left: 29
IIDs right: 29
Doing step: 12/500
IIDs left: 28
IIDs right: 28
Doing step: 13/500
IIDs left: 27
IIDs right: 27
Doing step: 14/500
IIDs left: 26
IIDs right: 26
Doing step: 15/500
IIDs left: 25
IIDs right: 25
Doing step: 16/500
IIDs left: 24
IIDs right: 24
Doing step: 17/500
IIDs left: 24
IIDs right: 24
Doing step: 18/500
IIDs left: 23
IIDs right: 23
Doing step: 19/500
IIDs left: 22
IIDs right: 22
Doing step: 20/500
IIDs left: 22
IIDs right: 22
Doing step: 21/500
IIDs left: 21
IIDs right: 21
Doing step: 22/500
IIDs left: 21
IIDs right: 21
Doing step: 23/500
IIDs left: 20
IIDs right: 20
Doing step: 24/500
IIDs left: 20
IIDs right: 20
Doing step: 25/500
IIDs left: 20
IIDs right: 20
Doing step: 26/500
IIDs left: 19
IIDs right: 19
Doing step: 27/500
IIDs left: 19
IIDs right: 19
Doing step: 28/500
IIDs left: 19
IIDs right: 19
Doing step: 29/500
IIDs left: 18
IIDs right: 18
Doing step: 30/500
IIDs left: 18
IIDs right: 18
Doing step: 31/500
IIDs left: 18
IIDs right: 18
Doing step: 32/500
IIDs left: 17
IIDs right: 17
Doing step: 33/500
IIDs left: 17
IIDs right: 17
Doing step: 34/500
IIDs left: 17
IIDs right: 17
Doing step: 35/500
IIDs left: 17
IIDs right: 17
Doing step: 36/500
IIDs left: 16
IIDs right: 16
Doing step: 37/500
IIDs left: 16
IIDs right: 16
Doing step: 38/500
IIDs left: 16
IIDs right: 16
Doing step: 39/500
IIDs left: 16
IIDs right: 16
Doing step: 40/500
IIDs left: 16
IIDs right: 16
Doing step: 41/500
IIDs left: 15
IIDs right: 15
Doing step: 42/500
IIDs left: 15
IIDs right: 15
Doing step: 43/500
IIDs left: 15
IIDs right: 15
Doing step: 44/500
IIDs left: 15
IIDs right: 15
Doing step: 45/500
IIDs left: 15
IIDs right: 15
Doing step: 46/500
IIDs left: 15
IIDs right: 15
Doing step: 47/500
IIDs left: 14
IIDs right: 14
Doing step: 48/500
IIDs left: 14
IIDs right: 14
Doing step: 49/500
IIDs left: 14
IIDs right: 14
Doing step: 50/500
IIDs left: 14
IIDs right: 14
Doing step: 51/500
IIDs left: 14
IIDs right: 14
Doing step: 52/500
IIDs left: 14
IIDs right: 14
Doing step: 53/500
IIDs left: 14
IIDs right: 14
Doing step: 54/500
IIDs left: 13
IIDs right: 13
Doing step: 55/500
IIDs left: 13
IIDs right: 13
Doing step: 56/500
IIDs left: 13
IIDs right: 13
Doing step: 57/500
IIDs left: 13
IIDs right: 13
Doing step: 58/500
IIDs left: 13
IIDs right: 13
Doing step: 59/500
IIDs left: 13
IIDs right: 13
Doing step: 60/500
IIDs left: 13
IIDs right: 13
Doing step: 61/500
IIDs left: 13
IIDs right: 13
Doing step: 62/500
IIDs left: 13
IIDs right: 13
Doing step: 63/500
IIDs left: 12
IIDs right: 12
Doing step: 64/500
IIDs left: 12
IIDs right: 12
Doing step: 65/500
IIDs left: 12
IIDs right: 12
Doing step: 66/500
IIDs left: 12
IIDs right: 12
Doing step: 67/500
IIDs left: 12
IIDs right: 12
Doing step: 68/500
IIDs left: 12
IIDs right: 12
Doing step: 69/500
IIDs left: 12
IIDs right: 12
Doing step: 70/500
IIDs left: 12
IIDs right: 12
Doing step: 71/500
IIDs left: 12
IIDs right: 12
Doing step: 72/500
IIDs left: 12
IIDs right: 12
Doing step: 73/500
IIDs left: 12
IIDs right: 12
Doing step: 74/500
IIDs left: 12
IIDs right: 12
Doing step: 75/500
IIDs left: 11
IIDs right: 11
Doing step: 76/500
IIDs left: 11
IIDs right: 11
Doing step: 77/500
IIDs left: 11
IIDs right: 11
Doing step: 78/500
IIDs left: 11
IIDs right: 11
Doing step: 79/500
IIDs left: 11
IIDs right: 11
Doing step: 80/500
IIDs left: 11
IIDs right: 11
Doing step: 81/500
IIDs left: 11
IIDs right: 11
Doing step: 82/500
IIDs left: 11
IIDs right: 11
Doing step: 83/500
IIDs left: 11
IIDs right: 11
Doing step: 84/500
IIDs left: 11
IIDs right: 11
Doing step: 85/500
IIDs left: 11
IIDs right: 11
Doing step: 86/500
IIDs left: 11
IIDs right: 11
Doing step: 87/500
IIDs left: 11
IIDs right: 11
Doing step: 88/500
IIDs left: 11
IIDs right: 11
Doing step: 89/500
IIDs left: 11
IIDs right: 11
Doing step: 90/500
IIDs left: 10
IIDs right: 10
Doing step: 91/500
IIDs left: 10
IIDs right: 10
Doing step: 92/500
IIDs left: 10
IIDs right: 10
Doing step: 93/500
IIDs left: 10
IIDs right: 10
Doing step: 94/500
IIDs left: 10
IIDs right: 10
Doing step: 95/500
IIDs left: 10
IIDs right: 10
Doing step: 96/500
IIDs left: 10
IIDs right: 10
Doing step: 97/500
IIDs left: 10
IIDs right: 10
Doing step: 98/500
IIDs left: 10
IIDs right: 10
Doing step: 99/500
IIDs left: 10
IIDs right: 10
Doing step: 100/500
IIDs left: 10
IIDs right: 10
Doing step: 101/500
IIDs left: 10
IIDs right: 10
Doing step: 102/500
IIDs left: 10
IIDs right: 10
Doing step: 103/500
IIDs left: 10
IIDs right: 10
Doing step: 104/500
IIDs left: 10
IIDs right: 10
Doing step: 105/500
IIDs left: 10
IIDs right: 10
Doing step: 106/500
IIDs left: 10
IIDs right: 10
Doing step: 107/500
IIDs left: 10
IIDs right: 10
Doing step: 108/500
IIDs left: 10
IIDs right: 10
Doing step: 109/500
IIDs left: 10
IIDs right: 10
Doing step: 110/500
IIDs left: 9
IIDs right: 9
Doing step: 111/500
IIDs left: 9
IIDs right: 9
Doing step: 112/500
IIDs left: 9
IIDs right: 9
Doing step: 113/500
IIDs left: 9
IIDs right: 9
Doing step: 114/500
IIDs left: 9
IIDs right: 9
Doing step: 115/500
IIDs left: 9
IIDs right: 9
Doing step: 116/500
IIDs left: 9
IIDs right: 9
Doing step: 117/500
IIDs left: 9
IIDs right: 9
Doing step: 118/500
IIDs left: 9
IIDs right: 9
Doing step: 119/500
IIDs left: 9
IIDs right: 9
Doing step: 120/500
IIDs left: 9
IIDs right: 9
Doing step: 121/500
IIDs left: 9
IIDs right: 9
Doing step: 122/500
IIDs left: 9
IIDs right: 9
Doing step: 123/500
IIDs left: 9
IIDs right: 9
Doing step: 124/500
IIDs left: 9
IIDs right: 9
Doing step: 125/500
IIDs left: 9
IIDs right: 9
Doing step: 126/500
IIDs left: 9
IIDs right: 9
Doing step: 127/500
IIDs left: 9
IIDs right: 9
Doing step: 128/500
IIDs left: 9
IIDs right: 9
Doing step: 129/500
IIDs left: 9
IIDs right: 9
Doing step: 130/500
IIDs left: 9
IIDs right: 9
Doing step: 131/500
IIDs left: 9
IIDs right: 9
Doing step: 132/500
IIDs left: 9
IIDs right: 9
Doing step: 133/500
IIDs left: 9
IIDs right: 9
Doing step: 134/500
IIDs left: 9
IIDs right: 9
Doing step: 135/500
IIDs left: 9
IIDs right: 9
Doing step: 136/500
IIDs left: 9
IIDs right: 9
Doing step: 137/500
IIDs left: 9
IIDs right: 9
Doing step: 138/500
IIDs left: 8
IIDs right: 8
Doing step: 139/500
IIDs left: 8
IIDs right: 8
Doing step: 140/500
IIDs left: 8
IIDs right: 8
Doing step: 141/500
IIDs left: 8
IIDs right: 8
Doing step: 142/500
IIDs left: 8
IIDs right: 8
Doing step: 143/500
IIDs left: 8
IIDs right: 8
Doing step: 144/500
IIDs left: 8
IIDs right: 8
Doing step: 145/500
IIDs left: 8
IIDs right: 8
Doing step: 146/500
IIDs left: 8
IIDs right: 8
Doing step: 147/500
IIDs left: 8
IIDs right: 8
Doing step: 148/500
IIDs left: 8
IIDs right: 8
Doing step: 149/500
IIDs left: 8
IIDs right: 8
Doing step: 150/500
IIDs left: 8
IIDs right: 8
Doing step: 151/500
IIDs left: 8
IIDs right: 8
Doing step: 152/500
IIDs left: 8
IIDs right: 8
Doing step: 153/500
IIDs left: 8
IIDs right: 8
Doing step: 154/500
IIDs left: 8
IIDs right: 8
Doing step: 155/500
IIDs left: 8
IIDs right: 8
Doing step: 156/500
IIDs left: 8
IIDs right: 8
Doing step: 157/500
IIDs left: 8
IIDs right: 8
Doing step: 158/500
IIDs left: 8
IIDs right: 8
Doing step: 159/500
IIDs left: 8
IIDs right: 8
Doing step: 160/500
IIDs left: 8
IIDs right: 8
Doing step: 161/500
IIDs left: 8
IIDs right: 8
Doing step: 162/500
IIDs left: 8
IIDs right: 8
Doing step: 163/500
IIDs left: 8
IIDs right: 8
Doing step: 164/500
IIDs left: 8
IIDs right: 8
Doing step: 165/500
IIDs left: 8
IIDs right: 8
Doing step: 166/500
IIDs left: 8
IIDs right: 8
Doing step: 167/500
IIDs left: 8
IIDs right: 8
Doing step: 168/500
IIDs left: 8
IIDs right: 8
Doing step: 169/500
IIDs left: 8
IIDs right: 8
Doing step: 170/500
IIDs left: 8
IIDs right: 8
Doing step: 171/500
IIDs left: 8
IIDs right: 8
Doing step: 172/500
IIDs left: 8
IIDs right: 8
Doing step: 173/500
IIDs left: 8
IIDs right: 8
Doing step: 174/500
IIDs left: 8
IIDs right: 8
Doing step: 175/500
IIDs left: 8
IIDs right: 8
Doing step: 176/500
IIDs left: 8
IIDs right: 8
Doing step: 177/500
IIDs left: 7
IIDs right: 7
Doing step: 178/500
IIDs left: 7
IIDs right: 7
Doing step: 179/500
IIDs left: 7
IIDs right: 7
Doing step: 180/500
IIDs left: 7
IIDs right: 7
Doing step: 181/500
IIDs left: 7
IIDs right: 7
Doing step: 182/500
IIDs left: 7
IIDs right: 7
Doing step: 183/500
IIDs left: 7
IIDs right: 7
Doing step: 184/500
IIDs left: 7
IIDs right: 7
Doing step: 185/500
IIDs left: 7
IIDs right: 7
Doing step: 186/500
IIDs left: 7
IIDs right: 7
Doing step: 187/500
IIDs left: 7
IIDs right: 7
Doing step: 188/500
IIDs left: 7
IIDs right: 7
Doing step: 189/500
IIDs left: 7
IIDs right: 7
Doing step: 190/500
IIDs left: 7
IIDs right: 7
Doing step: 191/500
IIDs left: 7
IIDs right: 7
Doing step: 192/500
IIDs left: 7
IIDs right: 7
Doing step: 193/500
IIDs left: 7
IIDs right: 7
Doing step: 194/500
IIDs left: 7
IIDs right: 7
Doing step: 195/500
IIDs left: 7
IIDs right: 7
Doing step: 196/500
IIDs left: 7
IIDs right: 7
Doing step: 197/500
IIDs left: 7
IIDs right: 7
Doing step: 198/500
IIDs left: 7
IIDs right: 7
Doing step: 199/500
IIDs left: 7
IIDs right: 7
Doing step: 200/500
IIDs left: 7
IIDs right: 7
Doing step: 201/500
IIDs left: 7
IIDs right: 7
Doing step: 202/500
IIDs left: 7
IIDs right: 7
Doing step: 203/500
IIDs left: 7
IIDs right: 7
Doing step: 204/500
IIDs left: 7
IIDs right: 7
Doing step: 205/500
IIDs left: 7
IIDs right: 7
Doing step: 206/500
IIDs left: 7
IIDs right: 7
Doing step: 207/500
IIDs left: 7
IIDs right: 7
Doing step: 208/500
IIDs left: 7
IIDs right: 7
Doing step: 209/500
IIDs left: 7
IIDs right: 7
Doing step: 210/500
IIDs left: 7
IIDs right: 7
Doing step: 211/500
IIDs left: 7
IIDs right: 7
Doing step: 212/500
IIDs left: 7
IIDs right: 7
Doing step: 213/500
IIDs left: 7
IIDs right: 7
Doing step: 214/500
IIDs left: 7
IIDs right: 7
Doing step: 215/500
IIDs left: 7
IIDs right: 7
Doing step: 216/500
IIDs left: 7
IIDs right: 7
Doing step: 217/500
IIDs left: 7
IIDs right: 7
Doing step: 218/500
IIDs left: 7
IIDs right: 7
Doing step: 219/500
IIDs left: 7
IIDs right: 7
Doing step: 220/500
IIDs left: 7
IIDs right: 7
Doing step: 221/500
IIDs left: 7
IIDs right: 7
Doing step: 222/500
IIDs left: 7
IIDs right: 7
Doing step: 223/500
IIDs left: 7
IIDs right: 7
Doing step: 224/500
IIDs left: 7
IIDs right: 7
Doing step: 225/500
IIDs left: 7
IIDs right: 7
Doing step: 226/500
IIDs left: 7
IIDs right: 7
Doing step: 227/500
IIDs left: 7
IIDs right: 7
Doing step: 228/500
IIDs left: 7
IIDs right: 7
Doing step: 229/500
IIDs left: 7
IIDs right: 7
Doing step: 230/500
IIDs left: 7
IIDs right: 7
Doing step: 231/500
IIDs left: 7
IIDs right: 7
Doing step: 232/500
IIDs left: 7
IIDs right: 7
Doing step: 233/500
IIDs left: 7
IIDs right: 7
Doing step: 234/500
IIDs left: 7
IIDs right: 7
Doing step: 235/500
IIDs left: 7
IIDs right: 7
Doing step: 236/500
IIDs left: 6
IIDs right: 6
Doing step: 237/500
IIDs left: 6
IIDs right: 6
Doing step: 238/500
IIDs left: 6
IIDs right: 6
Doing step: 239/500
IIDs left: 6
IIDs right: 6
Doing step: 240/500
IIDs left: 6
IIDs right: 6
Doing step: 241/500
IIDs left: 6
IIDs right: 6
Doing step: 242/500
IIDs left: 6
IIDs right: 6
Doing step: 243/500
IIDs left: 6
IIDs right: 6
Doing step: 244/500
IIDs left: 6
IIDs right: 6
Doing step: 245/500
IIDs left: 6
IIDs right: 6
Doing step: 246/500
IIDs left: 6
IIDs right: 6
Doing step: 247/500
IIDs left: 6
IIDs right: 6
Doing step: 248/500
IIDs left: 6
IIDs right: 6
Doing step: 249/500
IIDs left: 6
IIDs right: 6
Doing step: 250/500
IIDs left: 6
IIDs right: 6
Doing step: 251/500
IIDs left: 6
IIDs right: 6
Doing step: 252/500
IIDs left: 6
IIDs right: 6
Doing step: 253/500
IIDs left: 6
IIDs right: 6
Doing step: 254/500
IIDs left: 6
IIDs right: 6
Doing step: 255/500
IIDs left: 6
IIDs right: 6
Doing step: 256/500
IIDs left: 6
IIDs right: 6
Doing step: 257/500
IIDs left: 6
IIDs right: 6
Doing step: 258/500
IIDs left: 6
IIDs right: 6
Doing step: 259/500
IIDs left: 6
IIDs right: 6
Doing step: 260/500
IIDs left: 6
IIDs right: 6
Doing step: 261/500
IIDs left: 6
IIDs right: 6
Doing step: 262/500
IIDs left: 6
IIDs right: 6
Doing step: 263/500
IIDs left: 6
IIDs right: 6
Doing step: 264/500
IIDs left: 6
IIDs right: 6
Doing step: 265/500
IIDs left: 6
IIDs right: 6
Doing step: 266/500
IIDs left: 6
IIDs right: 6
Doing step: 267/500
IIDs left: 6
IIDs right: 6
Doing step: 268/500
IIDs left: 6
IIDs right: 6
Doing step: 269/500
IIDs left: 6
IIDs right: 6
Doing step: 270/500
IIDs left: 6
IIDs right: 6
Doing step: 271/500
IIDs left: 6
IIDs right: 6
Doing step: 272/500
IIDs left: 6
IIDs right: 6
Doing step: 273/500
IIDs left: 6
IIDs right: 6
Doing step: 274/500
IIDs left: 6
IIDs right: 6
Doing step: 275/500
IIDs left: 6
IIDs right: 6
Doing step: 276/500
IIDs left: 6
IIDs right: 6
Doing step: 277/500
IIDs left: 6
IIDs right: 6
Doing step: 278/500
IIDs left: 6
IIDs right: 6
Doing step: 279/500
IIDs left: 6
IIDs right: 6
Doing step: 280/500
IIDs left: 6
IIDs right: 6
Doing step: 281/500
IIDs left: 6
IIDs right: 6
Doing step: 282/500
IIDs left: 6
IIDs right: 6
Doing step: 283/500
IIDs left: 6
IIDs right: 6
Doing step: 284/500
IIDs left: 6
IIDs right: 6
Doing step: 285/500
IIDs left: 6
IIDs right: 6
Doing step: 286/500
IIDs left: 6
IIDs right: 6
Doing step: 287/500
IIDs left: 6
IIDs right: 6
Doing step: 288/500
IIDs left: 6
IIDs right: 6
Doing step: 289/500
IIDs left: 6
IIDs right: 6
Doing step: 290/500
IIDs left: 6
IIDs right: 6
Doing step: 291/500
IIDs left: 6
IIDs right: 6
Doing step: 292/500
IIDs left: 6
IIDs right: 6
Doing step: 293/500
IIDs left: 6
IIDs right: 6
Doing step: 294/500
IIDs left: 6
IIDs right: 6
Doing step: 295/500
IIDs left: 6
IIDs right: 6
Doing step: 296/500
IIDs left: 6
IIDs right: 6
Doing step: 297/500
IIDs left: 6
IIDs right: 6
Doing step: 298/500
IIDs left: 6
IIDs right: 6
Doing step: 299/500
IIDs left: 6
IIDs right: 6
Doing step: 300/500
IIDs left: 6
IIDs right: 6
Doing step: 301/500
IIDs left: 6
IIDs right: 6
Doing step: 302/500
IIDs left: 6
IIDs right: 6
Doing step: 303/500
IIDs left: 6
IIDs right: 6
Doing step: 304/500
IIDs left: 6
IIDs right: 6
Doing step: 305/500
IIDs left: 6
IIDs right: 6
Doing step: 306/500
IIDs left: 6
IIDs right: 6
Doing step: 307/500
IIDs left: 6
IIDs right: 6
Doing step: 308/500
IIDs left: 6
IIDs right: 6
Doing step: 309/500
IIDs left: 6
IIDs right: 6
Doing step: 310/500
IIDs left: 6
IIDs right: 6
Doing step: 311/500
IIDs left: 6
IIDs right: 6
Doing step: 312/500
IIDs left: 6
IIDs right: 6
Doing step: 313/500
IIDs left: 6
IIDs right: 6
Doing step: 314/500
IIDs left: 6
IIDs right: 6
Doing step: 315/500
IIDs left: 6
IIDs right: 6
Doing step: 316/500
IIDs left: 6
IIDs right: 6
Doing step: 317/500
IIDs left: 6
IIDs right: 6
Doing step: 318/500
IIDs left: 6
IIDs right: 6
Doing step: 319/500
IIDs left: 6
IIDs right: 6
Doing step: 320/500
IIDs left: 6
IIDs right: 6
Doing step: 321/500
IIDs left: 6
IIDs right: 6
Doing step: 322/500
IIDs left: 6
IIDs right: 6
Doing step: 323/500
IIDs left: 6
IIDs right: 6
Doing step: 324/500
IIDs left: 6
IIDs right: 6
Doing step: 325/500
IIDs left: 6
IIDs right: 6
Doing step: 326/500
IIDs left: 6
IIDs right: 6
Doing step: 327/500
IIDs left: 6
IIDs right: 6
Doing step: 328/500
IIDs left: 6
IIDs right: 6
Doing step: 329/500
IIDs left: 6
IIDs right: 6
Doing step: 330/500
IIDs left: 5
IIDs right: 5
Doing step: 331/500
IIDs left: 5
IIDs right: 5
Doing step: 332/500
IIDs left: 5
IIDs right: 5
Doing step: 333/500
IIDs left: 5
IIDs right: 5
Doing step: 334/500
IIDs left: 5
IIDs right: 5
Doing step: 335/500
IIDs left: 5
IIDs right: 5
Doing step: 336/500
IIDs left: 5
IIDs right: 5
Doing step: 337/500
IIDs left: 5
IIDs right: 5
Doing step: 338/500
IIDs left: 5
IIDs right: 5
Doing step: 339/500
IIDs left: 5
IIDs right: 5
Doing step: 340/500
IIDs left: 5
IIDs right: 5
Doing step: 341/500
IIDs left: 5
IIDs right: 5
Doing step: 342/500
IIDs left: 5
IIDs right: 5
Doing step: 343/500
IIDs left: 5
IIDs right: 5
Doing step: 344/500
IIDs left: 5
IIDs right: 5
Doing step: 345/500
IIDs left: 5
IIDs right: 5
Doing step: 346/500
IIDs left: 5
IIDs right: 5
Doing step: 347/500
IIDs left: 5
IIDs right: 5
Doing step: 348/500
IIDs left: 5
IIDs right: 5
Doing step: 349/500
IIDs left: 5
IIDs right: 5
Doing step: 350/500
IIDs left: 5
IIDs right: 5
Doing step: 351/500
IIDs left: 5
IIDs right: 5
Doing step: 352/500
IIDs left: 5
IIDs right: 5
Doing step: 353/500
IIDs left: 5
IIDs right: 5
Doing step: 354/500
IIDs left: 5
IIDs right: 5
Doing step: 355/500
IIDs left: 5
IIDs right: 5
Doing step: 356/500
IIDs left: 5
IIDs right: 5
Doing step: 357/500
IIDs left: 5
IIDs right: 5
Doing step: 358/500
IIDs left: 5
IIDs right: 5
Doing step: 359/500
IIDs left: 5
IIDs right: 5
Doing step: 360/500
IIDs left: 5
IIDs right: 5
Doing step: 361/500
IIDs left: 5
IIDs right: 5
Doing step: 362/500
IIDs left: 5
IIDs right: 5
Doing step: 363/500
IIDs left: 5
IIDs right: 5
Doing step: 364/500
IIDs left: 5
IIDs right: 5
Doing step: 365/500
IIDs left: 5
IIDs right: 5
Doing step: 366/500
IIDs left: 5
IIDs right: 5
Doing step: 367/500
IIDs left: 5
IIDs right: 5
Doing step: 368/500
IIDs left: 5
IIDs right: 5
Doing step: 369/500
IIDs left: 5
IIDs right: 5
Doing step: 370/500
IIDs left: 5
IIDs right: 5
Doing step: 371/500
IIDs left: 5
IIDs right: 5
Doing step: 372/500
IIDs left: 5
IIDs right: 5
Doing step: 373/500
IIDs left: 5
IIDs right: 5
Doing step: 374/500
IIDs left: 5
IIDs right: 5
Doing step: 375/500
IIDs left: 5
IIDs right: 5
Doing step: 376/500
IIDs left: 5
IIDs right: 5
Doing step: 377/500
IIDs left: 5
IIDs right: 5
Doing step: 378/500
IIDs left: 5
IIDs right: 5
Doing step: 379/500
IIDs left: 5
IIDs right: 5
Doing step: 380/500
IIDs left: 5
IIDs right: 5
Doing step: 381/500
IIDs left: 5
IIDs right: 5
Doing step: 382/500
IIDs left: 5
IIDs right: 5
Doing step: 383/500
IIDs left: 5
IIDs right: 5
Doing step: 384/500
IIDs left: 5
IIDs right: 5
Doing step: 385/500
IIDs left: 5
IIDs right: 5
Doing step: 386/500
IIDs left: 5
IIDs right: 5
Doing step: 387/500
IIDs left: 5
IIDs right: 5
Doing step: 388/500
IIDs left: 5
IIDs right: 5
Doing step: 389/500
IIDs left: 5
IIDs right: 5
Doing step: 390/500
IIDs left: 5
IIDs right: 5
Doing step: 391/500
IIDs left: 5
IIDs right: 5
Doing step: 392/500
IIDs left: 5
IIDs right: 5
Doing step: 393/500
IIDs left: 5
IIDs right: 5
Doing step: 394/500
IIDs left: 5
IIDs right: 5
Doing step: 395/500
IIDs left: 5
IIDs right: 5
Doing step: 396/500
IIDs left: 5
IIDs right: 5
Doing step: 397/500
IIDs left: 5
IIDs right: 5
Doing step: 398/500
IIDs left: 5
IIDs right: 5
Doing step: 399/500
IIDs left: 5
IIDs right: 5
Doing step: 400/500
IIDs left: 5
IIDs right: 5
Doing step: 401/500
IIDs left: 5
IIDs right: 5
Doing step: 402/500
IIDs left: 5
IIDs right: 5
Doing step: 403/500
IIDs left: 5
IIDs right: 5
Doing step: 404/500
IIDs left: 5
IIDs right: 5
Doing step: 405/500
IIDs left: 5
IIDs right: 5
Doing step: 406/500
IIDs left: 5
IIDs right: 5
Doing step: 407/500
IIDs left: 5
IIDs right: 5
Doing step: 408/500
IIDs left: 5
IIDs right: 5
Doing step: 409/500
IIDs left: 5
IIDs right: 5
Doing step: 410/500
IIDs left: 5
IIDs right: 5
Doing step: 411/500
IIDs left: 5
IIDs right: 5
Doing step: 412/500
IIDs left: 5
IIDs right: 5
Doing step: 413/500
IIDs left: 5
IIDs right: 5
Doing step: 414/500
IIDs left: 5
IIDs right: 5
Doing step: 415/500
IIDs left: 5
IIDs right: 5
Doing step: 416/500
IIDs left: 5
IIDs right: 5
Doing step: 417/500
IIDs left: 5
IIDs right: 5
Doing step: 418/500
IIDs left: 5
IIDs right: 5
Doing step: 419/500
IIDs left: 5
IIDs right: 5
Doing step: 420/500
IIDs left: 5
IIDs right: 5
Doing step: 421/500
IIDs left: 5
IIDs right: 5
Doing step: 422/500
IIDs left: 5
IIDs right: 5
Doing step: 423/500
IIDs left: 5
IIDs right: 5
Doing step: 424/500
IIDs left: 5
IIDs right: 5
Doing step: 425/500
IIDs left: 5
IIDs right: 5
Doing step: 426/500
IIDs left: 5
IIDs right: 5
Doing step: 427/500
IIDs left: 5
IIDs right: 5
Doing step: 428/500
IIDs left: 5
IIDs right: 5
Doing step: 429/500
IIDs left: 5
IIDs right: 5
Doing step: 430/500
IIDs left: 5
IIDs right: 5
Doing step: 431/500
IIDs left: 5
IIDs right: 5
Doing step: 432/500
IIDs left: 5
IIDs right: 5
Doing step: 433/500
IIDs left: 5
IIDs right: 5
Doing step: 434/500
IIDs left: 5
IIDs right: 5
Doing step: 435/500
IIDs left: 5
IIDs right: 5
Doing step: 436/500
IIDs left: 5
IIDs right: 5
Doing step: 437/500
IIDs left: 5
IIDs right: 5
Doing step: 438/500
IIDs left: 5
IIDs right: 5
Doing step: 439/500
IIDs left: 5
IIDs right: 5
Doing step: 440/500
IIDs left: 5
IIDs right: 5
Doing step: 441/500
IIDs left: 5
IIDs right: 5
Doing step: 442/500
IIDs left: 5
IIDs right: 5
Doing step: 443/500
IIDs left: 5
IIDs right: 5
Doing step: 444/500
IIDs left: 5
IIDs right: 5
Doing step: 445/500
IIDs left: 5
IIDs right: 5
Doing step: 446/500
IIDs left: 5
IIDs right: 5
Doing step: 447/500
IIDs left: 5
IIDs right: 5
Doing step: 448/500
IIDs left: 5
IIDs right: 5
Doing step: 449/500
IIDs left: 5
IIDs right: 5
Doing step: 450/500
IIDs left: 5
IIDs right: 5
Doing step: 451/500
IIDs left: 5
IIDs right: 5
Doing step: 452/500
IIDs left: 5
IIDs right: 5
Doing step: 453/500
IIDs left: 5
IIDs right: 5
Doing step: 454/500
IIDs left: 5
IIDs right: 5
Doing step: 455/500
IIDs left: 5
IIDs right: 5
Doing step: 456/500
IIDs left: 5
IIDs right: 5
Doing step: 457/500
IIDs left: 5
IIDs right: 5
Doing step: 458/500
IIDs left: 5
IIDs right: 5
Doing step: 459/500
IIDs left: 5
IIDs right: 5
Doing step: 460/500
IIDs left: 5
IIDs right: 5
Doing step: 461/500
IIDs left: 5
IIDs right: 5
Doing step: 462/500
IIDs left: 5
IIDs right: 5
Doing step: 463/500
IIDs left: 5
IIDs right: 5
Doing step: 464/500
IIDs left: 5
IIDs right: 5
Doing step: 465/500
IIDs left: 5
IIDs right: 5
Doing step: 466/500
IIDs left: 5
IIDs right: 5
Doing step: 467/500
IIDs left: 5
IIDs right: 5
Doing step: 468/500
IIDs left: 5
IIDs right: 5
Doing step: 469/500
IIDs left: 5
IIDs right: 5
Doing step: 470/500
IIDs left: 5
IIDs right: 5
Doing step: 471/500
IIDs left: 5
IIDs right: 5
Doing step: 472/500
IIDs left: 5
IIDs right: 5
Doing step: 473/500
IIDs left: 5
IIDs right: 5
Doing step: 474/500
IIDs left: 5
IIDs right: 5
Doing step: 475/500
IIDs left: 5
IIDs right: 5
Doing step: 476/500
IIDs left: 5
IIDs right: 5
Doing step: 477/500
IIDs left: 5
IIDs right: 5
Doing step: 478/500
IIDs left: 5
IIDs right: 5
Doing step: 479/500
IIDs left: 5
IIDs right: 5
Doing step: 480/500
IIDs left: 5
IIDs right: 5
Doing step: 481/500
IIDs left: 5
IIDs right: 5
Doing step: 482/500
IIDs left: 5
IIDs right: 5
Doing step: 483/500
IIDs left: 5
IIDs right: 5
Doing step: 484/500
IIDs left: 5
IIDs right: 5
Doing step: 485/500
IIDs left: 5
IIDs right: 5
Doing step: 486/500
IIDs left: 5
IIDs right: 5
Doing step: 487/500
IIDs left: 5
IIDs right: 5
Doing step: 488/500
IIDs left: 5
IIDs right: 5
Doing step: 489/500
IIDs left: 5
IIDs right: 5
Doing step: 490/500
IIDs left: 5
IIDs right: 5
Doing step: 491/500
IIDs left: 5
IIDs right: 5
Doing step: 492/500
IIDs left: 5
IIDs right: 5
Doing step: 493/500
IIDs left: 4
IIDs right: 4
Doing step: 494/500
IIDs left: 4
IIDs right: 4
Doing step: 495/500
IIDs left: 4
IIDs right: 4
Doing step: 496/500
IIDs left: 4
IIDs right: 4
Doing step: 497/500
IIDs left: 4
IIDs right: 4
Doing step: 498/500
IIDs left: 4
IIDs right: 4
Doing step: 499/500
IIDs left: 4
IIDs right: 4
Time elapsed: 209.832 seconds
IBD Blocks found: 16187
Length of Reduced Start List: 24
Total Block Nr. for Analysis: 13488
Initializing MLE-Object with Start Parameters: 
[100, 100, 0.5, 0.5, 0.5]
Barrier Pos.:
[100, 100]
Barrier Angle:
0
Transformed Position List:
[[ 98 102]
 [106 102]
 [ 94  94]
 [ 98 106]
 [110 106]
 [ 90  98]
 [110  98]
 [110  94]
 [ 94 106]
 [ 94 102]
 [106  94]
 [102 102]
 [ 98  94]
 [ 94  98]
 [ 90  94]
 [ 90 106]
 [110 102]
 [106 106]
 [102 106]
 [102  94]
 [102  98]
 [ 98  98]
 [ 90 102]
 [106  98]]
Step: 0.8432
L: 44.0000
Barycentric Coordinates:
  (1075, 0)	0.2335714762339999
  (1076, 0)	0.3946023267290085
  (1119, 0)	0.1382547208029917
  (1120, 0)	0.2335714762339999
  (1085, 1)	0.5556331772240176
  (1086, 1)	0.07254062573899074
  (1129, 1)	0.3288882316650084
  (1130, 1)	0.042937965371983175
  (630, 2)	0.013335305004975503
  (631, 2)	0.10214328610599842
  (674, 2)	0.10214328610599842
  (675, 2)	0.7823781227830277
  (1295, 3)	0.3288882316650084
  (1296, 3)	0.5556331772240176
  (1339, 3)	0.042937965371983175
  (1340, 3)	0.07254062573899074
  (1309, 4)	0.1246016594530116
  (1310, 4)	0.7599197494360145
  (1353, 4)	0.016267355362032165
  (1354, 4)	0.09921123574894175
  (846, 5)	0.31944740697796625
  (847, 5)	0.052378790059025356
  (890, 5)	0.53968357820699
  (891, 5)	0.08849022475601842
  (869, 6)	0.052378790059025356
  :	:
  (1350, 17)	0.013335305004975503
  (1300, 18)	0.5556331772240176
  (1301, 18)	0.3288882316650084
  (1344, 18)	0.07254062573899074
  (1345, 18)	0.042937965371983175
  (640, 19)	0.07254062573899074
  (641, 19)	0.042937965371983175
  (684, 19)	0.5556331772240176
  (685, 19)	0.3288882316650084
  (860, 20)	0.2335714762339999
  (861, 20)	0.1382547208029917
  (904, 20)	0.3946023267290085
  (905, 20)	0.2335714762339999
  (855, 21)	0.1382547208029917
  (856, 21)	0.2335714762339999
  (899, 21)	0.2335714762339999
  (900, 21)	0.3946023267290085
  (1066, 22)	0.53968357820699
  (1067, 22)	0.08849022475601842
  (1110, 22)	0.31944740697796625
  (1111, 22)	0.052378790059025356
  (865, 23)	0.3288882316650084
  (866, 23)	0.042937965371983175
  (909, 23)	0.5556331772240176
  (910, 23)	0.07254062573899074
Doing fit...
nl: 100.0000
nr: 100.0000
sigma_l: 0.5000
sigma_r: 0.5000
beta: 0.5000
Time for calculation: 0.8682
Total log likelihood: -73565.0470
nl: 105.0000
nr: 100.0000
sigma_l: 0.5000
sigma_r: 0.5000
beta: 0.5000
Time for calculation: 0.8773
Total log likelihood: -73561.2863
nl: 100.0000
nr: 105.0000
sigma_l: 0.5000
sigma_r: 0.5000
beta: 0.5000
Time for calculation: 0.8841
Total log likelihood: -73561.7956
nl: 100.0000
nr: 100.0000
sigma_l: 0.5250
sigma_r: 0.5000
beta: 0.5000
Time for calculation: 0.8793
Total log likelihood: -73328.7601
nl: 100.0000
nr: 100.0000
sigma_l: 0.5000
sigma_r: 0.5250
beta: 0.5000
Time for calculation: 0.8850
Total log likelihood: -73317.0911
nl: 100.0000
nr: 100.0000
sigma_l: 0.5000
sigma_r: 0.5000
beta: 0.5250
Time for calculation: 0.8868
Total log likelihood: -73636.1524
nl: 102.0000
nr: 102.0000
sigma_l: 0.5100
sigma_r: 0.5100
beta: 0.4750
Time for calculation: 0.8718
Total log likelihood: -73391.5897
nl: 102.8000
nr: 102.8000
sigma_l: 0.5140
sigma_r: 0.5140
beta: 0.4900
Time for calculation: 0.8795
Total log likelihood: -73277.5718
nl: 104.2000
nr: 104.2000
sigma_l: 0.5210
sigma_r: 0.5210
beta: 0.4850
Time for calculation: 0.8742
Total log likelihood: -73159.9355
nl: 104.4800
nr: 97.4800
sigma_l: 0.5224
sigma_r: 0.5224
beta: 0.4840
Time for calculation: 0.9107
Total log likelihood: -73133.2072
nl: 106.7200
nr: 93.7200
sigma_l: 0.5336
sigma_r: 0.5336
beta: 0.4760
Time for calculation: 0.8830
Total log likelihood: -72971.4667
nl: 100.1680
nr: 99.9680
sigma_l: 0.5358
sigma_r: 0.5358
beta: 0.4744
Time for calculation: 0.8684
Total log likelihood: -72904.6513
nl: 97.7520
nr: 99.9520
sigma_l: 0.5538
sigma_r: 0.5538
beta: 0.4616
Time for calculation: 0.8841
Total log likelihood: -72656.5545
nl: 101.4688
nr: 97.1488
sigma_l: 0.5433
sigma_r: 0.5433
beta: 0.4940
Time for calculation: 0.8719
Total log likelihood: -72778.6415
nl: 104.0563
nr: 98.0083
sigma_l: 0.5357
sigma_r: 0.5707
beta: 0.4667
Time for calculation: 0.8730
Total log likelihood: -72694.6539
nl: 105.6788
nr: 97.2116
sigma_l: 0.5750
sigma_r: 0.5640
beta: 0.4533
Time for calculation: 0.8773
Total log likelihood: -72513.8885
nl: 108.5183
nr: 95.8175
sigma_l: 0.6124
sigma_r: 0.5834
beta: 0.4300
Time for calculation: 1.0869
Total log likelihood: -72369.8018
nl: 103.2062
nr: 89.6586
sigma_l: 0.5905
sigma_r: 0.5929
beta: 0.4463
Time for calculation: 0.8827
Total log likelihood: -72249.3381
nl: 102.7092
nr: 82.3880
sigma_l: 0.6253
sigma_r: 0.6289
beta: 0.4270
Time for calculation: 1.0678
Total log likelihood: -72020.8454
nl: 99.0819
nr: 95.6058
sigma_l: 0.6146
sigma_r: 0.6184
beta: 0.4357
Time for calculation: 1.0699
Total log likelihood: -72056.3800
nl: 103.3783
nr: 91.5598
sigma_l: 0.6334
sigma_r: 0.6387
beta: 0.3943
Time for calculation: 1.0639
Total log likelihood: -72253.8391
nl: 100.5195
nr: 88.1209
sigma_l: 0.6801
sigma_r: 0.6386
beta: 0.3928
Time for calculation: 1.0733
Total log likelihood: -72041.4944
nl: 107.9309
nr: 81.4448
sigma_l: 0.7126
sigma_r: 0.6895
beta: 0.3703
Time for calculation: 1.0699
Total log likelihood: -72118.2419
nl: 96.9296
nr: 79.8302
sigma_l: 0.6939
sigma_r: 0.7022
beta: 0.3780
Time for calculation: 1.0767
Total log likelihood: -71858.2759
nl: 91.1353
nr: 71.8366
sigma_l: 0.7347
sigma_r: 0.7616
beta: 0.3521
Time for calculation: 1.0635
Total log likelihood: -71801.0439
nl: 97.1724
nr: 76.1986
sigma_l: 0.7135
sigma_r: 0.6961
beta: 0.3968
Time for calculation: 1.0733
Total log likelihood: -71689.7873
nl: 94.0695
nr: 68.5180
sigma_l: 0.7536
sigma_r: 0.7248
beta: 0.3980
Time for calculation: 1.0660
Total log likelihood: -71617.3836
nl: 87.0753
nr: 81.1429
sigma_l: 0.6508
sigma_r: 0.6595
beta: 0.4319
Time for calculation: 1.0677
Total log likelihood: -71696.2429
nl: 91.1217
nr: 61.1968
sigma_l: 0.7632
sigma_r: 0.7469
beta: 0.3650
Time for calculation: 1.0936
Total log likelihood: -71740.2998
nl: 85.9249
nr: 57.9120
sigma_l: 0.7309
sigma_r: 0.7701
beta: 0.3968
Time for calculation: 1.0854
Total log likelihood: -71934.6338
nl: 77.0215
nr: 53.8546
sigma_l: 0.8280
sigma_r: 0.8363
beta: 0.3506
Time for calculation: 1.3142
Total log likelihood: -71688.4029
nl: 90.2444
nr: 76.7076
sigma_l: 0.7612
sigma_r: 0.7216
beta: 0.3622
Time for calculation: 1.0613
Total log likelihood: -71744.4615
nl: 84.6777
nr: 64.7313
sigma_l: 0.7680
sigma_r: 0.7139
beta: 0.4110
Time for calculation: 1.0647
Total log likelihood: -71569.7251
nl: 81.4489
nr: 61.1787
sigma_l: 0.7846
sigma_r: 0.6901
beta: 0.4405
Time for calculation: 1.0670
Total log likelihood: -71879.1195
nl: 83.3419
nr: 55.0699
sigma_l: 0.7442
sigma_r: 0.7510
beta: 0.4204
Time for calculation: 1.0654
Total log likelihood: -72278.8819
nl: 88.5188
nr: 71.2981
sigma_l: 0.7569
sigma_r: 0.7289
beta: 0.3768
Time for calculation: 1.0751
Total log likelihood: -71573.2482
nl: 81.4234
nr: 74.6212
sigma_l: 0.7397
sigma_r: 0.7184
beta: 0.4223
Time for calculation: 1.0642
Total log likelihood: -71421.4722
nl: 76.5742
nr: 81.3335
sigma_l: 0.7280
sigma_r: 0.7042
beta: 0.4510
Time for calculation: 1.0883
Total log likelihood: -71515.1543
nl: 83.2090
nr: 52.0664
sigma_l: 0.8877
sigma_r: 0.8295
beta: 0.3516
Time for calculation: 1.3204
Total log likelihood: -71863.2117
nl: 86.1087
nr: 73.8738
sigma_l: 0.7100
sigma_r: 0.7020
beta: 0.4118
Time for calculation: 1.0866
Total log likelihood: -71522.8438
nl: 96.8978
nr: 87.3624
sigma_l: 0.6633
sigma_r: 0.5990
beta: 0.4574
Time for calculation: 1.0804
Total log likelihood: -71864.2843
nl: 81.9906
nr: 62.2315
sigma_l: 0.7868
sigma_r: 0.7769
beta: 0.3773
Time for calculation: 1.0861
Total log likelihood: -71529.5042
nl: 75.0181
nr: 70.1844
sigma_l: 0.7510
sigma_r: 0.7313
beta: 0.4017
Time for calculation: 1.0837
Total log likelihood: -71393.5481
nl: 65.4924
nr: 71.0176
sigma_l: 0.7497
sigma_r: 0.7346
beta: 0.4035
Time for calculation: 1.0882
Total log likelihood: -71450.6538
nl: 75.1686
nr: 66.9588
sigma_l: 0.7453
sigma_r: 0.7281
beta: 0.4329
Time for calculation: 1.0853
Total log likelihood: -71590.8441
nl: 85.1812
nr: 70.2133
sigma_l: 0.7540
sigma_r: 0.7287
beta: 0.3908
Time for calculation: 1.0862
Total log likelihood: -71482.9434
nl: 79.2112
nr: 75.7184
sigma_l: 0.7286
sigma_r: 0.7490
beta: 0.3905
Time for calculation: 1.0798
Total log likelihood: -71431.4816
nl: 80.7865
nr: 83.6129
sigma_l: 0.6865
sigma_r: 0.6748
beta: 0.4296
Time for calculation: 1.0772
Total log likelihood: -71553.7881
nl: 81.6895
nr: 67.5769
sigma_l: 0.7617
sigma_r: 0.7514
beta: 0.3904
Time for calculation: 1.0856
Total log likelihood: -71450.9166
nl: 74.9006
nr: 69.4519
sigma_l: 0.7840
sigma_r: 0.7696
beta: 0.3864
Time for calculation: 1.0784
Total log likelihood: -71354.1203
nl: 69.2966
nr: 67.2409
sigma_l: 0.8210
sigma_r: 0.8034
beta: 0.3737
Time for calculation: 1.3165
Total log likelihood: -71332.2266
nl: 69.4743
nr: 71.9234
sigma_l: 0.7668
sigma_r: 0.7727
beta: 0.4006
Time for calculation: 1.0833
Total log likelihood: -71348.5248
nl: 68.0799
nr: 76.2985
sigma_l: 0.7611
sigma_r: 0.7585
beta: 0.4052
Time for calculation: 1.0843
Total log likelihood: -71383.9144
nl: 66.1058
nr: 68.3890
sigma_l: 0.8073
sigma_r: 0.7647
beta: 0.4109
Time for calculation: 1.3353
Total log likelihood: -71421.9868
nl: 69.3821
nr: 70.2214
sigma_l: 0.7876
sigma_r: 0.7608
beta: 0.4058
Time for calculation: 1.0758
Total log likelihood: -71362.6153
nl: 59.0770
nr: 67.7262
sigma_l: 0.8153
sigma_r: 0.8122
beta: 0.3725
Time for calculation: 1.3268
Total log likelihood: -71378.7149
nl: 59.1058
nr: 71.1798
sigma_l: 0.8298
sigma_r: 0.8317
beta: 0.3815
Time for calculation: 1.3349
Total log likelihood: -71421.7809
nl: 71.0401
nr: 70.4332
sigma_l: 0.7707
sigma_r: 0.7564
beta: 0.3966
Time for calculation: 1.0742
Total log likelihood: -71349.3955
nl: 67.2281
nr: 62.7196
sigma_l: 0.8234
sigma_r: 0.8037
beta: 0.3745
Time for calculation: 1.3278
Total log likelihood: -71343.6200
nl: 79.4915
nr: 69.2892
sigma_l: 0.7725
sigma_r: 0.7465
beta: 0.4080
Time for calculation: 1.0909
Total log likelihood: -71400.0341
nl: 64.1806
nr: 68.1170
sigma_l: 0.8046
sigma_r: 0.7958
beta: 0.3814
Time for calculation: 1.3306
Total log likelihood: -71335.9744
nl: 67.1058
nr: 65.9523
sigma_l: 0.8070
sigma_r: 0.8120
beta: 0.3650
Time for calculation: 1.3373
Total log likelihood: -71334.7309
nl: 63.8741
nr: 63.9481
sigma_l: 0.8385
sigma_r: 0.8386
beta: 0.3615
Time for calculation: 1.3281
Total log likelihood: -71337.5529
nl: 63.1998
nr: 59.2677
sigma_l: 0.8710
sigma_r: 0.8487
beta: 0.3418
Time for calculation: 1.3361
Total log likelihood: -71375.1027
nl: 67.9057
nr: 68.7595
sigma_l: 0.7929
sigma_r: 0.7917
beta: 0.3859
Time for calculation: 1.0762
Total log likelihood: -71327.2353
nl: 65.7170
nr: 70.8875
sigma_l: 0.8022
sigma_r: 0.8129
beta: 0.3725
Time for calculation: 1.3249
Total log likelihood: -71338.3937
nl: 66.0948
nr: 68.8455
sigma_l: 0.8075
sigma_r: 0.8106
beta: 0.3730
Time for calculation: 1.3341
Total log likelihood: -71327.8812
nl: 69.9593
nr: 71.6181
sigma_l: 0.7747
sigma_r: 0.7668
beta: 0.3901
Time for calculation: 1.0971
Total log likelihood: -71337.7947
nl: 65.3954
nr: 65.8656
sigma_l: 0.8226
sigma_r: 0.8207
beta: 0.3686
Time for calculation: 1.3249
Total log likelihood: -71327.5886
nl: 70.1387
nr: 66.5486
sigma_l: 0.8158
sigma_r: 0.8195
beta: 0.3651
Time for calculation: 1.3278
Total log likelihood: -71360.1465
nl: 65.6701
nr: 67.7249
sigma_l: 0.8074
sigma_r: 0.8017
beta: 0.3773
Time for calculation: 1.3386
Total log likelihood: -71324.4804
nl: 66.6393
nr: 69.4222
sigma_l: 0.8135
sigma_r: 0.7992
beta: 0.3865
Time for calculation: 1.3350
Total log likelihood: -71326.5263
nl: 63.3855
nr: 69.0062
sigma_l: 0.7965
sigma_r: 0.8062
beta: 0.3828
Time for calculation: 1.3167
Total log likelihood: -71344.3193
nl: 67.8188
nr: 67.6822
sigma_l: 0.8149
sigma_r: 0.8041
beta: 0.3760
Time for calculation: 1.3312
Total log likelihood: -71324.7490
nl: 67.2769
nr: 66.9362
sigma_l: 0.8130
sigma_r: 0.7964
beta: 0.3848
Time for calculation: 1.3312
Total log likelihood: -71327.2992
nl: 68.7289
nr: 70.3445
sigma_l: 0.7941
sigma_r: 0.7766
beta: 0.3956
Time for calculation: 1.0844
Total log likelihood: -71334.2984
nl: 66.2288
nr: 66.9853
sigma_l: 0.8155
sigma_r: 0.8096
beta: 0.3754
Time for calculation: 1.3337
Total log likelihood: -71323.8413
nl: 66.4281
nr: 69.2934
sigma_l: 0.8047
sigma_r: 0.8062
beta: 0.3757
Time for calculation: 1.3194
Total log likelihood: -71326.7937
nl: 65.2084
nr: 67.6837
sigma_l: 0.8295
sigma_r: 0.8167
beta: 0.3704
Time for calculation: 1.3214
Total log likelihood: -71329.5799
nl: 67.2313
nr: 68.4906
sigma_l: 0.8020
sigma_r: 0.7979
beta: 0.3820
Time for calculation: 1.3448
Total log likelihood: -71323.9398
nl: 67.0072
nr: 66.8287
sigma_l: 0.8167
sigma_r: 0.7989
beta: 0.3832
Time for calculation: 1.3240
Total log likelihood: -71326.0842
nl: 66.9433
nr: 65.6624
sigma_l: 0.8091
sigma_r: 0.8057
beta: 0.3711
Time for calculation: 1.3221
Total log likelihood: -71327.4075
nl: 66.7153
nr: 68.4823
sigma_l: 0.8124
sigma_r: 0.8008
beta: 0.3826
Time for calculation: 1.3189
Total log likelihood: -71323.8355
nl: 66.4585
nr: 68.9175
sigma_l: 0.8042
sigma_r: 0.8068
beta: 0.3741
Time for calculation: 1.3198
Total log likelihood: -71326.9018
nl: 66.8700
nr: 67.3509
sigma_l: 0.8136
sigma_r: 0.8008
beta: 0.3809
Time for calculation: 1.3213
Total log likelihood: -71323.7114
nl: 65.2674
nr: 67.9313
sigma_l: 0.8054
sigma_r: 0.8003
beta: 0.3833
Time for calculation: 1.3284
Total log likelihood: -71330.6307
nl: 67.1810
nr: 67.7445
sigma_l: 0.8125
sigma_r: 0.8031
beta: 0.3778
Time for calculation: 1.3227
Total log likelihood: -71323.0726
nl: 68.0204
nr: 67.8965
sigma_l: 0.8150
sigma_r: 0.8032
beta: 0.3822
Time for calculation: 1.3196
Total log likelihood: -71323.1508
nl: 66.7748
nr: 66.8932
sigma_l: 0.8255
sigma_r: 0.8091
beta: 0.3775
Time for calculation: 1.3232
Total log likelihood: -71324.1585
nl: 67.1172
nr: 68.0912
sigma_l: 0.8079
sigma_r: 0.8007
beta: 0.3809
Time for calculation: 1.3365
Total log likelihood: -71323.1999
nl: 68.1328
nr: 68.8409
sigma_l: 0.8091
sigma_r: 0.7939
beta: 0.3865
Time for calculation: 1.3191
Total log likelihood: -71323.3270
nl: 68.2133
nr: 67.4873
sigma_l: 0.8108
sigma_r: 0.7999
beta: 0.3807
Time for calculation: 1.3420
Total log likelihood: -71324.0289
nl: 67.0898
nr: 68.2335
sigma_l: 0.8120
sigma_r: 0.8006
beta: 0.3822
Time for calculation: 1.3164
Total log likelihood: -71323.0984
nl: 68.1464
nr: 68.9718
sigma_l: 0.8091
sigma_r: 0.7998
beta: 0.3829
Time for calculation: 1.3177
Total log likelihood: -71322.6169
nl: 68.7846
nr: 69.7823
sigma_l: 0.8068
sigma_r: 0.7992
beta: 0.3839
Time for calculation: 1.3358
Total log likelihood: -71323.1479
nl: 66.8891
nr: 67.5342
sigma_l: 0.8135
sigma_r: 0.8091
beta: 0.3760
Time for calculation: 1.3374
Total log likelihood: -71324.0697
nl: 67.8219
nr: 68.5142
sigma_l: 0.8102
sigma_r: 0.7977
beta: 0.3838
Time for calculation: 1.3290
Total log likelihood: -71322.7964
nl: 68.1866
nr: 68.4530
sigma_l: 0.8156
sigma_r: 0.8010
beta: 0.3826
Time for calculation: 1.3184
Total log likelihood: -71322.5039
nl: 68.7212
nr: 68.6339
sigma_l: 0.8195
sigma_r: 0.8012
beta: 0.3835
Time for calculation: 1.3351
Total log likelihood: -71322.7158
nl: 67.3498
nr: 68.8703
sigma_l: 0.8088
sigma_r: 0.7977
beta: 0.3815
Time for calculation: 1.3278
Total log likelihood: -71322.9901
nl: 68.3845
nr: 68.7880
sigma_l: 0.8105
sigma_r: 0.7991
beta: 0.3813
Time for calculation: 1.3223
Total log likelihood: -71322.9936
nl: 68.7747
nr: 69.6944
sigma_l: 0.8091
sigma_r: 0.7950
beta: 0.3871
Time for calculation: 1.3255
Total log likelihood: -71322.3277
nl: 69.5716
nr: 70.6694
sigma_l: 0.8074
sigma_r: 0.7909
beta: 0.3917
Time for calculation: 1.3438
Total log likelihood: -71322.5809
nl: 67.7273
nr: 69.0135
sigma_l: 0.8106
sigma_r: 0.7973
beta: 0.3858
Time for calculation: 1.3429
Total log likelihood: -71323.1911
nl: 68.2202
nr: 68.8444
sigma_l: 0.8105
sigma_r: 0.7987
beta: 0.3825
Time for calculation: 1.3393
Total log likelihood: -71322.5559
nl: 69.1101
nr: 68.9208
sigma_l: 0.8130
sigma_r: 0.7992
beta: 0.3860
Time for calculation: 1.3263
Total log likelihood: -71322.6030
nl: 69.1533
nr: 69.4396
sigma_l: 0.8127
sigma_r: 0.7998
beta: 0.3846
Time for calculation: 1.3326
Total log likelihood: -71322.7285
nl: 68.8204
nr: 69.2082
sigma_l: 0.8121
sigma_r: 0.7993
beta: 0.3844
Time for calculation: 1.3264
Total log likelihood: -71322.4437
nl: 69.0984
nr: 69.0765
sigma_l: 0.8151
sigma_r: 0.7975
beta: 0.3861
Time for calculation: 1.3248
Total log likelihood: -71322.2544
nl: 69.5743
nr: 69.1289
sigma_l: 0.8181
sigma_r: 0.7963
beta: 0.3878
Time for calculation: 1.3389
Total log likelihood: -71322.4039
nl: 68.1300
nr: 69.1898
sigma_l: 0.8119
sigma_r: 0.7974
beta: 0.3831
Time for calculation: 1.3363
Total log likelihood: -71322.4690
nl: 68.9839
nr: 69.4044
sigma_l: 0.8150
sigma_r: 0.7974
beta: 0.3869
Time for calculation: 1.3290
Total log likelihood: -71322.0230
nl: 69.3657
nr: 69.6845
sigma_l: 0.8173
sigma_r: 0.7967
beta: 0.3891
Time for calculation: 1.3327
Total log likelihood: -71321.9373
nl: 69.4891
nr: 70.2884
sigma_l: 0.8106
sigma_r: 0.7933
beta: 0.3893
Time for calculation: 1.3231
Total log likelihood: -71322.0581
nl: 70.0893
nr: 69.9910
sigma_l: 0.8137
sigma_r: 0.7953
beta: 0.3913
Time for calculation: 1.3326
Total log likelihood: -71322.0554
nl: 69.9064
nr: 70.2857
sigma_l: 0.8142
sigma_r: 0.7919
beta: 0.3927
Time for calculation: 1.3285
Total log likelihood: -71322.1878
nl: 70.4049
nr: 70.0360
sigma_l: 0.8192
sigma_r: 0.7949
beta: 0.3924
Time for calculation: 1.3227
Total log likelihood: -71322.0906
nl: 70.6038
nr: 71.0377
sigma_l: 0.8150
sigma_r: 0.7913
beta: 0.3957
Time for calculation: 1.3320
Total log likelihood: -71321.9324
nl: 71.3565
nr: 72.0182
sigma_l: 0.8149
sigma_r: 0.7883
beta: 0.4005
Time for calculation: 1.3368
Total log likelihood: -71322.4108
nl: 70.0747
nr: 70.1293
sigma_l: 0.8161
sigma_r: 0.7968
beta: 0.3904
Time for calculation: 1.3230
Total log likelihood: -71321.8806
nl: 70.1588
nr: 70.0511
sigma_l: 0.8170
sigma_r: 0.7992
beta: 0.3892
Time for calculation: 1.3354
Total log likelihood: -71322.3196
nl: 69.4442
nr: 70.4163
sigma_l: 0.8098
sigma_r: 0.7945
beta: 0.3899
Time for calculation: 1.3305
Total log likelihood: -71322.0627
nl: 69.6844
nr: 70.3212
sigma_l: 0.8122
sigma_r: 0.7946
beta: 0.3905
Time for calculation: 1.3302
Total log likelihood: -71321.8658
nl: 70.4380
nr: 70.1771
sigma_l: 0.8191
sigma_r: 0.7966
beta: 0.3936
Time for calculation: 1.3514
Total log likelihood: -71322.1193
nl: 69.7263
nr: 70.2606
sigma_l: 0.8127
sigma_r: 0.7941
beta: 0.3903
Time for calculation: 1.3260
Total log likelihood: -71321.8591
nl: 69.6927
nr: 70.5823
sigma_l: 0.8156
sigma_r: 0.7941
beta: 0.3911
Time for calculation: 1.3238
Total log likelihood: -71321.8564
nl: 69.4943
nr: 70.8779
sigma_l: 0.8165
sigma_r: 0.7935
beta: 0.3910
Time for calculation: 1.3591
Total log likelihood: -71322.2756
nl: 70.5470
nr: 71.2480
sigma_l: 0.8113
sigma_r: 0.7916
beta: 0.3942
Time for calculation: 1.3298
Total log likelihood: -71321.7746
nl: 71.1377
nr: 72.0297
sigma_l: 0.8083
sigma_r: 0.7891
beta: 0.3967
Time for calculation: 1.3274
Total log likelihood: -71321.9995
nl: 69.2862
nr: 69.9789
sigma_l: 0.8122
sigma_r: 0.7971
beta: 0.3869
Time for calculation: 1.3235
Total log likelihood: -71322.1843
nl: 70.2744
nr: 70.7730
sigma_l: 0.8143
sigma_r: 0.7928
beta: 0.3935
Time for calculation: 1.3271
Total log likelihood: -71321.7671
nl: 69.8952
nr: 71.1447
sigma_l: 0.8103
sigma_r: 0.7901
beta: 0.3935
Time for calculation: 1.3264
Total log likelihood: -71322.4525
nl: 70.0298
nr: 70.3832
sigma_l: 0.8147
sigma_r: 0.7951
beta: 0.3911
Time for calculation: 1.3227
Total log likelihood: -71321.7373
nl: 70.4238
nr: 70.9775
sigma_l: 0.8152
sigma_r: 0.7925
beta: 0.3936
Time for calculation: 1.3264
Total log likelihood: -71321.6768
nl: 70.7935
nr: 71.3057
sigma_l: 0.8168
sigma_r: 0.7915
beta: 0.3951
Time for calculation: 1.3312
Total log likelihood: -71321.6568
nl: 70.8086
nr: 71.4563
sigma_l: 0.8163
sigma_r: 0.7919
beta: 0.3957
Time for calculation: 1.3362
Total log likelihood: -71321.6292
nl: 71.3497
nr: 72.0541
sigma_l: 0.8181
sigma_r: 0.7909
beta: 0.3983
Time for calculation: 1.3179
Total log likelihood: -71321.6548
nl: 71.2887
nr: 71.4841
sigma_l: 0.8138
sigma_r: 0.7911
beta: 0.3967
Time for calculation: 1.3207
Total log likelihood: -71321.6095
nl: 72.0867
nr: 71.9351
sigma_l: 0.8128
sigma_r: 0.7896
beta: 0.3995
Time for calculation: 1.3176
Total log likelihood: -71321.7113
nl: 70.7310
nr: 70.9129
sigma_l: 0.8190
sigma_r: 0.7933
beta: 0.3947
Time for calculation: 1.3308
Total log likelihood: -71321.6785
nl: 71.1862
nr: 71.4439
sigma_l: 0.8179
sigma_r: 0.7924
beta: 0.3958
Time for calculation: 1.3186
Total log likelihood: -71321.5572
nl: 71.6421
nr: 71.7794
sigma_l: 0.8198
sigma_r: 0.7922
beta: 0.3969
Time for calculation: 1.3309
Total log likelihood: -71321.6245
nl: 71.8934
nr: 72.2580
sigma_l: 0.8188
sigma_r: 0.7890
beta: 0.4000
Time for calculation: 1.3395
Total log likelihood: -71321.6753
nl: 71.6572
nr: 72.2663
sigma_l: 0.8145
sigma_r: 0.7890
beta: 0.3986
Time for calculation: 1.3442
Total log likelihood: -71321.6259
nl: 70.4003
nr: 70.9245
sigma_l: 0.8128
sigma_r: 0.7934
beta: 0.3927
Time for calculation: 1.3391
Total log likelihood: -71321.6905
nl: 71.5201
nr: 71.9246
sigma_l: 0.8173
sigma_r: 0.7901
beta: 0.3982
Time for calculation: 1.3397
Total log likelihood: -71321.5915
nl: 71.7909
nr: 72.1244
sigma_l: 0.8151
sigma_r: 0.7903
beta: 0.3989
Time for calculation: 1.3233
Total log likelihood: -71321.4673
nl: 72.2895
nr: 72.5338
sigma_l: 0.8143
sigma_r: 0.7897
beta: 0.4009
Time for calculation: 1.3508
Total log likelihood: -71321.4068
nl: 72.3681
nr: 72.4048
sigma_l: 0.8148
sigma_r: 0.7890
beta: 0.4004
Time for calculation: 1.3204
Total log likelihood: -71321.5060
nl: 71.8039
nr: 71.6502
sigma_l: 0.8168
sigma_r: 0.7919
beta: 0.3982
Time for calculation: 1.3254
Total log likelihood: -71321.5588
nl: 72.3784
nr: 72.4988
sigma_l: 0.8187
sigma_r: 0.7901
beta: 0.4007
Time for calculation: 1.3338
Total log likelihood: -71321.4595
nl: 72.4904
nr: 72.2880
sigma_l: 0.8157
sigma_r: 0.7912
beta: 0.4002
Time for calculation: 1.3268
Total log likelihood: -71321.4766
nl: 72.4812
nr: 72.8175
sigma_l: 0.8158
sigma_r: 0.7891
beta: 0.4010
Time for calculation: 1.3250
Total log likelihood: -71321.4505
nl: 73.6168
nr: 73.5732
sigma_l: 0.8138
sigma_r: 0.7873
beta: 0.4055
Time for calculation: 1.3296
Total log likelihood: -71321.4110
nl: 72.9345
nr: 73.0797
sigma_l: 0.8165
sigma_r: 0.7900
beta: 0.4029
Time for calculation: 1.3191
Total log likelihood: -71321.2910
nl: 73.2176
nr: 73.4171
sigma_l: 0.8174
sigma_r: 0.7905
beta: 0.4041
Time for calculation: 1.3241
Total log likelihood: -71321.2244
nl: 73.1031
nr: 73.6482
sigma_l: 0.8163
sigma_r: 0.7875
beta: 0.4047
Time for calculation: 1.3301
Total log likelihood: -71321.4715
nl: 72.9499
nr: 73.3081
sigma_l: 0.8162
sigma_r: 0.7884
beta: 0.4035
Time for calculation: 1.3167
Total log likelihood: -71321.3774
nl: 73.4436
nr: 73.7611
sigma_l: 0.8123
sigma_r: 0.7878
beta: 0.4053
Time for calculation: 1.3478
Total log likelihood: -71321.3291
nl: 73.7258
nr: 73.8199
sigma_l: 0.8138
sigma_r: 0.7884
beta: 0.4067
Time for calculation: 1.3220
Total log likelihood: -71321.2364
nl: 72.6338
nr: 73.1628
sigma_l: 0.8158
sigma_r: 0.7907
beta: 0.4027
Time for calculation: 1.3253
Total log likelihood: -71321.2417
nl: 74.0988
nr: 74.4538
sigma_l: 0.8159
sigma_r: 0.7886
beta: 0.4081
Time for calculation: 1.3174
Total log likelihood: -71321.1398
nl: 75.0034
nr: 75.4139
sigma_l: 0.8166
sigma_r: 0.7880
beta: 0.4116
Time for calculation: 1.3219
Total log likelihood: -71321.1022
nl: 74.2598
nr: 74.5218
sigma_l: 0.8142
sigma_r: 0.7897
beta: 0.4087
Time for calculation: 1.3286
Total log likelihood: -71320.9964
nl: 74.9147
nr: 75.1286
sigma_l: 0.8132
sigma_r: 0.7904
beta: 0.4112
Time for calculation: 1.3205
Total log likelihood: -71320.8679
nl: 74.3545
nr: 74.6158
sigma_l: 0.8184
sigma_r: 0.7913
beta: 0.4092
Time for calculation: 1.3256
Total log likelihood: -71320.9942
nl: 75.8527
nr: 75.7953
sigma_l: 0.8160
sigma_r: 0.7888
beta: 0.4144
Time for calculation: 1.3275
Total log likelihood: -71320.9313
nl: 75.6114
nr: 75.9284
sigma_l: 0.8188
sigma_r: 0.7912
beta: 0.4135
Time for calculation: 1.3238
Total log likelihood: -71321.0231
nl: 77.0770
nr: 77.3357
sigma_l: 0.8158
sigma_r: 0.7894
beta: 0.4199
Time for calculation: 1.3168
Total log likelihood: -71320.6959
nl: 79.0067
nr: 79.2950
sigma_l: 0.8150
sigma_r: 0.7889
beta: 0.4279
Time for calculation: 1.3405
Total log likelihood: -71320.5499
nl: 76.8926
nr: 76.8914
sigma_l: 0.8160
sigma_r: 0.7922
beta: 0.4189
Time for calculation: 1.3201
Total log likelihood: -71320.6792
nl: 76.7972
nr: 76.7620
sigma_l: 0.8126
sigma_r: 0.7895
beta: 0.4191
Time for calculation: 1.3396
Total log likelihood: -71320.7410
nl: 79.0310
nr: 78.9331
sigma_l: 0.8107
sigma_r: 0.7886
beta: 0.4274
Time for calculation: 1.3208
Total log likelihood: -71320.6648
nl: 78.8043
nr: 79.0087
sigma_l: 0.8110
sigma_r: 0.7911
beta: 0.4274
Time for calculation: 1.3224
Total log likelihood: -71320.4663
nl: 80.2801
nr: 80.6153
sigma_l: 0.8085
sigma_r: 0.7922
beta: 0.4338
Time for calculation: 1.3239
Total log likelihood: -71320.4819
nl: 81.2980
nr: 81.2274
sigma_l: 0.8129
sigma_r: 0.7897
beta: 0.4370
Time for calculation: 1.3695
Total log likelihood: -71320.5285
nl: 81.2159
nr: 81.3802
sigma_l: 0.8136
sigma_r: 0.7907
beta: 0.4363
Time for calculation: 1.3300
Total log likelihood: -71320.4486
nl: 83.4252
nr: 83.6893
sigma_l: 0.8141
sigma_r: 0.7914
beta: 0.4449
Time for calculation: 1.3183
Total log likelihood: -71320.5473
nl: 82.8497
nr: 83.0464
sigma_l: 0.8093
sigma_r: 0.7874
beta: 0.4435
Time for calculation: 1.3139
Total log likelihood: -71320.6353
nl: 82.2388
nr: 82.6500
sigma_l: 0.8141
sigma_r: 0.7906
beta: 0.4415
Time for calculation: 1.3299
Total log likelihood: -71320.4481
nl: 83.8427
nr: 84.5084
sigma_l: 0.8158
sigma_r: 0.7916
beta: 0.4485
Time for calculation: 1.3234
Total log likelihood: -71320.6837
nl: 78.1757
nr: 78.3781
sigma_l: 0.8173
sigma_r: 0.7930
beta: 0.4245
Time for calculation: 1.3304
Total log likelihood: -71320.5896
nl: 79.3442
nr: 79.5452
sigma_l: 0.8153
sigma_r: 0.7916
beta: 0.4293
Time for calculation: 1.3187
Total log likelihood: -71320.4637
nl: 82.1538
nr: 82.2296
sigma_l: 0.8118
sigma_r: 0.7926
beta: 0.4407
Time for calculation: 1.3403
Total log likelihood: -71320.5106
nl: 80.2048
nr: 80.6980
sigma_l: 0.8134
sigma_r: 0.7929
beta: 0.4330
Time for calculation: 1.3164
Total log likelihood: -71320.3872
nl: 79.6582
nr: 80.4333
sigma_l: 0.8136
sigma_r: 0.7945
beta: 0.4310
Time for calculation: 1.3190
Total log likelihood: -71320.4839
nl: 78.5694
nr: 79.0832
sigma_l: 0.8152
sigma_r: 0.7902
beta: 0.4263
Time for calculation: 1.3141
Total log likelihood: -71320.5570
nl: 81.2577
nr: 81.4430
sigma_l: 0.8126
sigma_r: 0.7920
beta: 0.4371
Time for calculation: 1.3463
Total log likelihood: -71320.4139
nl: 82.9003
nr: 83.2779
sigma_l: 0.8166
sigma_r: 0.7920
beta: 0.4435
Time for calculation: 1.3383
Total log likelihood: -71320.6066
nl: 79.8283
nr: 80.0760
sigma_l: 0.8124
sigma_r: 0.7913
beta: 0.4314
Time for calculation: 1.3192
Total log likelihood: -71320.3966
nl: 82.5539
nr: 82.9537
sigma_l: 0.8111
sigma_r: 0.7914
beta: 0.4424
Time for calculation: 1.3257
Total log likelihood: -71320.4141
nl: 81.2175
nr: 81.7481
sigma_l: 0.8118
sigma_r: 0.7925
beta: 0.4379
Time for calculation: 1.3396
Total log likelihood: -71320.3590
nl: 81.2183
nr: 81.9320
sigma_l: 0.8109
sigma_r: 0.7934
beta: 0.4386
Time for calculation: 1.3578
Total log likelihood: -71320.3954
nl: 79.7861
nr: 80.1176
sigma_l: 0.8105
sigma_r: 0.7935
beta: 0.4312
Time for calculation: 1.3222
Total log likelihood: -71320.4248
nl: 80.3993
nr: 80.7507
sigma_l: 0.8114
sigma_r: 0.7928
beta: 0.4338
Time for calculation: 1.3373
Total log likelihood: -71320.3785
nl: 78.6091
nr: 78.9326
sigma_l: 0.8135
sigma_r: 0.7932
beta: 0.4268
Time for calculation: 1.3333
Total log likelihood: -71320.4107
nl: 78.8459
nr: 79.4391
sigma_l: 0.8124
sigma_r: 0.7931
beta: 0.4281
Time for calculation: 1.3194
Total log likelihood: -71320.3723
nl: 81.5892
nr: 82.1521
sigma_l: 0.8110
sigma_r: 0.7918
beta: 0.4388
Time for calculation: 1.3263
Total log likelihood: -71320.3611
nl: 81.0744
nr: 81.8392
sigma_l: 0.8116
sigma_r: 0.7939
beta: 0.4372
Time for calculation: 1.3485
Total log likelihood: -71320.3693
nl: 81.0457
nr: 81.6737
sigma_l: 0.8099
sigma_r: 0.7928
beta: 0.4373
Time for calculation: 1.3344
Total log likelihood: -71320.3697
nl: 81.1098
nr: 81.9902
sigma_l: 0.8113
sigma_r: 0.7929
beta: 0.4379
Time for calculation: 1.3398
Total log likelihood: -71320.3666
nl: 83.5688
nr: 84.3222
sigma_l: 0.8098
sigma_r: 0.7925
beta: 0.4476
Time for calculation: 1.3712
Total log likelihood: -71320.5246
nl: 80.0266
nr: 80.6599
sigma_l: 0.8117
sigma_r: 0.7930
beta: 0.4329
Time for calculation: 1.3201
Total log likelihood: -71320.3404
nl: 80.9613
nr: 81.6822
sigma_l: 0.8131
sigma_r: 0.7929
beta: 0.4366
Time for calculation: 1.3280
Total log likelihood: -71320.3780
nl: 81.0246
nr: 81.6758
sigma_l: 0.8107
sigma_r: 0.7928
beta: 0.4371
Time for calculation: 1.3262
Total log likelihood: -71320.3501
nl: 80.9127
nr: 81.4512
sigma_l: 0.8110
sigma_r: 0.7913
beta: 0.4366
Time for calculation: 1.3193
Total log likelihood: -71320.3633
nl: 80.7984
nr: 81.0846
sigma_l: 0.8112
sigma_r: 0.7916
beta: 0.4354
Time for calculation: 1.3199
Total log likelihood: -71320.3878
nl: 81.0320
nr: 81.7638
sigma_l: 0.8113
sigma_r: 0.7926
beta: 0.4373
Time for calculation: 1.3287
Total log likelihood: -71320.3476
nl: 81.0432
nr: 81.7487
sigma_l: 0.8116
sigma_r: 0.7938
beta: 0.4370
Time for calculation: 1.3274
Total log likelihood: -71320.3644
nl: 80.9453
nr: 81.5256
sigma_l: 0.8112
sigma_r: 0.7919
beta: 0.4367
Time for calculation: 1.3292
Total log likelihood: -71320.3484
nl: 80.1092
nr: 80.7971
sigma_l: 0.8116
sigma_r: 0.7933
beta: 0.4340
Time for calculation: 1.3155
Total log likelihood: -71320.3459
nl: 80.0376
nr: 80.8208
sigma_l: 0.8108
sigma_r: 0.7929
beta: 0.4334
Time for calculation: 1.3331
Total log likelihood: -71320.3456
nl: 79.8357
nr: 80.5511
sigma_l: 0.8120
sigma_r: 0.7926
beta: 0.4326
Time for calculation: 1.3235
Total log likelihood: -71320.3404
nl: 79.4711
nr: 80.3115
sigma_l: 0.8118
sigma_r: 0.7938
beta: 0.4313
Time for calculation: 1.3249
Total log likelihood: -71320.3567
nl: 80.5768
nr: 81.2221
sigma_l: 0.8113
sigma_r: 0.7924
beta: 0.4354
Time for calculation: 1.3267
Total log likelihood: -71320.3391
nl: 79.2024
nr: 79.8566
sigma_l: 0.8117
sigma_r: 0.7931
beta: 0.4300
Time for calculation: 1.3286
Total log likelihood: -71320.3473
nl: 79.6598
nr: 80.3334
sigma_l: 0.8116
sigma_r: 0.7929
beta: 0.4318
Time for calculation: 1.3438
Total log likelihood: -71320.3395
nl: 79.9454
nr: 80.6378
sigma_l: 0.8113
sigma_r: 0.7923
beta: 0.4325
Time for calculation: 1.3400
Total log likelihood: -71320.3539
nl: 80.0682
nr: 80.7573
sigma_l: 0.8116
sigma_r: 0.7930
beta: 0.4336
Time for calculation: 1.3333
Total log likelihood: -71320.3384
nl: 80.0292
nr: 80.5887
sigma_l: 0.8125
sigma_r: 0.7927
beta: 0.4332
Time for calculation: 1.3350
Total log likelihood: -71320.3405
nl: 80.0313
nr: 80.6467
sigma_l: 0.8121
sigma_r: 0.7927
beta: 0.4332
Time for calculation: 1.3393
Total log likelihood: -71320.3368
nl: 80.3094
nr: 80.8966
sigma_l: 0.8113
sigma_r: 0.7930
beta: 0.4342
Time for calculation: 1.3260
Total log likelihood: -71320.3401
nl: 80.2316
nr: 80.8825
sigma_l: 0.8114
sigma_r: 0.7927
beta: 0.4343
Time for calculation: 1.3290
Total log likelihood: -71320.3453
nl: 80.0778
nr: 80.7156
sigma_l: 0.8117
sigma_r: 0.7929
beta: 0.4333
Time for calculation: 1.3247
Total log likelihood: -71320.3368
nl: 79.8562
nr: 80.5734
sigma_l: 0.8119
sigma_r: 0.7926
beta: 0.4327
Time for calculation: 1.3264
Total log likelihood: -71320.3406
nl: 80.1961
nr: 80.8158
sigma_l: 0.8115
sigma_r: 0.7929
beta: 0.4338
Time for calculation: 1.3384
Total log likelihood: -71320.3371
nl: 80.7203
nr: 81.3296
sigma_l: 0.8116
sigma_r: 0.7926
beta: 0.4359
Time for calculation: 1.3175
Total log likelihood: -71320.3405
nl: 79.9249
nr: 80.5824
sigma_l: 0.8116
sigma_r: 0.7929
beta: 0.4328
Time for calculation: 1.3282
Total log likelihood: -71320.3369
nl: 79.5426
nr: 80.1851
sigma_l: 0.8120
sigma_r: 0.7934
beta: 0.4313
Time for calculation: 1.3329
Total log likelihood: -71320.3417
nl: 80.3182
nr: 80.9628
sigma_l: 0.8115
sigma_r: 0.7926
beta: 0.4344
Time for calculation: 1.3285
Total log likelihood: -71320.3367
nl: 80.1511
nr: 80.7320
sigma_l: 0.8118
sigma_r: 0.7926
beta: 0.4334
Time for calculation: 1.3319
Total log likelihood: -71320.3382
nl: 80.1304
nr: 80.7384
sigma_l: 0.8117
sigma_r: 0.7927
beta: 0.4335
Time for calculation: 1.3348
Total log likelihood: -71320.3366
nl: 79.9970
nr: 80.6425
sigma_l: 0.8119
sigma_r: 0.7926
beta: 0.4330
Time for calculation: 1.3228
Total log likelihood: -71320.3367
nl: 80.2970
nr: 80.9000
sigma_l: 0.8119
sigma_r: 0.7926
beta: 0.4341
Time for calculation: 1.3269
Total log likelihood: -71320.3368
nl: 80.2969
nr: 80.9370
sigma_l: 0.8114
sigma_r: 0.7926
beta: 0.4341
Time for calculation: 1.3262
Total log likelihood: -71320.3373
nl: 80.0977
nr: 80.7193
sigma_l: 0.8119
sigma_r: 0.7927
beta: 0.4334
Time for calculation: 1.3302
Total log likelihood: -71320.3362
nl: 79.9515
nr: 80.6115
sigma_l: 0.8115
sigma_r: 0.7929
beta: 0.4329
Time for calculation: 1.3254
Total log likelihood: -71320.3369
nl: 80.2106
nr: 80.8278
sigma_l: 0.8118
sigma_r: 0.7926
beta: 0.4338
Time for calculation: 1.3584
Total log likelihood: -71320.3362
nl: 80.2237
nr: 80.8408
sigma_l: 0.8119
sigma_r: 0.7924
beta: 0.4340
Time for calculation: 1.3416
Total log likelihood: -71320.3369
nl: 80.1143
nr: 80.7469
sigma_l: 0.8117
sigma_r: 0.7928
beta: 0.4335
Time for calculation: 1.3258
Total log likelihood: -71320.3362
nl: 80.3515
nr: 80.9555
sigma_l: 0.8115
sigma_r: 0.7927
beta: 0.4344
Time for calculation: 1.3170
Total log likelihood: -71320.3373
nl: 80.0856
nr: 80.7208
sigma_l: 0.8118
sigma_r: 0.7927
beta: 0.4334
Time for calculation: 1.3321
Total log likelihood: -71320.3362
nl: 79.9372
nr: 80.5384
sigma_l: 0.8121
sigma_r: 0.7928
beta: 0.4327
Time for calculation: 1.3393
Total log likelihood: -71320.3385
nl: 80.2230
nr: 80.8567
sigma_l: 0.8116
sigma_r: 0.7927
beta: 0.4339
Time for calculation: 1.3204
Total log likelihood: -71320.3360
nl: 80.1621
nr: 80.8102
sigma_l: 0.8119
sigma_r: 0.7927
beta: 0.4337
Time for calculation: 1.3156
Total log likelihood: -71320.3361
nl: 80.0625
nr: 80.7137
sigma_l: 0.8117
sigma_r: 0.7928
beta: 0.4334
Time for calculation: 1.3273
Total log likelihood: -71320.3361
nl: 80.1380
nr: 80.7814
sigma_l: 0.8119
sigma_r: 0.7926
beta: 0.4337
Time for calculation: 1.3584
Total log likelihood: -71320.3365
nl: 80.1202
nr: 80.7555
sigma_l: 0.8118
sigma_r: 0.7927
beta: 0.4335
Time for calculation: 1.3339
Total log likelihood: -71320.3360
nl: 80.1637
nr: 80.8235
sigma_l: 0.8116
sigma_r: 0.7927
beta: 0.4337
Time for calculation: 1.3409
Total log likelihood: -71320.3361
nl: 80.2070
nr: 80.8631
sigma_l: 0.8116
sigma_r: 0.7928
beta: 0.4339
Time for calculation: 1.3286
Total log likelihood: -71320.3361
nl: 80.2879
nr: 80.9299
sigma_l: 0.8117
sigma_r: 0.7927
beta: 0.4342
Time for calculation: 1.3298
Total log likelihood: -71320.3361
nl: 80.1758
nr: 80.8073
sigma_l: 0.8118
sigma_r: 0.7926
beta: 0.4337
Time for calculation: 1.3205
Total log likelihood: -71320.3361
nl: 80.2261
nr: 80.8589
sigma_l: 0.8115
sigma_r: 0.7927
beta: 0.4339
Time for calculation: 1.3445
Total log likelihood: -71320.3363
nl: 80.1781
nr: 80.8224
sigma_l: 0.8118
sigma_r: 0.7927
beta: 0.4338
Time for calculation: 1.3287
Total log likelihood: -71320.3360
nl: 80.2134
nr: 80.8680
sigma_l: 0.8116
sigma_r: 0.7927
beta: 0.4340
Time for calculation: 1.3146
Total log likelihood: -71320.3361
nl: 80.1852
nr: 80.8224
sigma_l: 0.8117
sigma_r: 0.7927
beta: 0.4338
Time for calculation: 1.3249
Total log likelihood: -71320.3360
nl: 80.2341
nr: 80.8513
sigma_l: 0.8118
sigma_r: 0.7927
beta: 0.4339
Time for calculation: 1.3221
Total log likelihood: -71320.3362
nl: 80.1813
nr: 80.8304
sigma_l: 0.8117
sigma_r: 0.7927
beta: 0.4338
Time for calculation: 1.3435
Total log likelihood: -71320.3360
nl: 80.0672
nr: 80.7051
sigma_l: 0.8118
sigma_r: 0.7927
beta: 0.4333
Time for calculation: 1.3216
Total log likelihood: -71320.3361
nl: 80.2327
nr: 80.8737
sigma_l: 0.8117
sigma_r: 0.7927
beta: 0.4340
Time for calculation: 1.3287
Total log likelihood: -71320.3360
nl: 80.1360
nr: 80.7851
sigma_l: 0.8118
sigma_r: 0.7927
beta: 0.4336
Time for calculation: 1.3451
Total log likelihood: -71320.3361
nl: 80.2012
nr: 80.8388
sigma_l: 0.8117
sigma_r: 0.7927
beta: 0.4338
Time for calculation: 1.3193
Total log likelihood: -71320.3360
nl: 80.2712
nr: 80.9196
sigma_l: 0.8117
sigma_r: 0.7926
beta: 0.4341
Time for calculation: 1.3456
Total log likelihood: -71320.3361
nl: 80.1580
nr: 80.7965
sigma_l: 0.8117
sigma_r: 0.7927
beta: 0.4337
Time for calculation: 1.3230
Total log likelihood: -71320.3360
nl: 80.1953
nr: 80.8423
sigma_l: 0.8117
sigma_r: 0.7927
beta: 0.4339
Time for calculation: 1.3254
Total log likelihood: -71320.3360
nl: 80.1328
nr: 80.7785
sigma_l: 0.8117
sigma_r: 0.7927
beta: 0.4336
Time for calculation: 1.3156
Total log likelihood: -71320.3360
nl: 80.1649
nr: 80.8010
sigma_l: 0.8118
sigma_r: 0.7927
beta: 0.4337
Time for calculation: 1.3230
Total log likelihood: -71320.3360
nl: 80.2262
nr: 80.8619
sigma_l: 0.8117
sigma_r: 0.7927
beta: 0.4339
Time for calculation: 1.3334
Total log likelihood: -71320.3360
nl: 80.1562
nr: 80.7994
sigma_l: 0.8117
sigma_r: 0.7927
beta: 0.4337
Time for calculation: 1.3448
Total log likelihood: -71320.3359
nl: 80.1722
nr: 80.8088
sigma_l: 0.8117
sigma_r: 0.7927
beta: 0.4337
Time for calculation: 1.3391
Total log likelihood: -71320.3360
nl: 80.1766
nr: 80.8190
sigma_l: 0.8118
sigma_r: 0.7927
beta: 0.4338
Time for calculation: 1.3164
Total log likelihood: -71320.3359
nl: 80.1392
nr: 80.7845
sigma_l: 0.8118
sigma_r: 0.7927
beta: 0.4336
Time for calculation: 1.3285
Total log likelihood: -71320.3360
nl: 80.1226
nr: 80.7578
sigma_l: 0.8118
sigma_r: 0.7927
beta: 0.4335
Time for calculation: 1.3175
Total log likelihood: -71320.3360
nl: 80.1772
nr: 80.8212
sigma_l: 0.8117
sigma_r: 0.7927
beta: 0.4338
Time for calculation: 1.3345
Total log likelihood: -71320.3359
nl: 80.1940
nr: 80.8304
sigma_l: 0.8117
sigma_r: 0.7927
beta: 0.4338
Time for calculation: 1.3280
Total log likelihood: -71320.3360
nl: 80.1803
nr: 80.8189
sigma_l: 0.8117
sigma_r: 0.7927
beta: 0.4338
Time for calculation: 1.3357
Total log likelihood: -71320.3359
nl: 80.1744
nr: 80.8210
sigma_l: 0.8117
sigma_r: 0.7927
beta: 0.4338
Time for calculation: 1.3216
Total log likelihood: -71320.3360
nl: 80.1720
nr: 80.8160
sigma_l: 0.8117
sigma_r: 0.7927
beta: 0.4337
Time for calculation: 1.3262
Total log likelihood: -71320.3359
nl: 80.1869
nr: 80.8332
sigma_l: 0.8117
sigma_r: 0.7927
beta: 0.4338
Time for calculation: 1.3288
Total log likelihood: -71320.3360
nl: 80.1652
nr: 80.8057
sigma_l: 0.8117
sigma_r: 0.7927
beta: 0.4337
Time for calculation: 1.3227
Total log likelihood: -71320.3359
nl: 80.1923
nr: 80.8330
sigma_l: 0.8117
sigma_r: 0.7927
beta: 0.4338
Time for calculation: 1.3510
Total log likelihood: -71320.3359
nl: 80.2104
nr: 80.8498
sigma_l: 0.8117
sigma_r: 0.7927
beta: 0.4339
Time for calculation: 1.3357
Total log likelihood: -71320.3359
nl: 80.1731
nr: 80.8191
sigma_l: 0.8117
sigma_r: 0.7927
beta: 0.4338
Time for calculation: 1.3293
Total log likelihood: -71320.3359
nl: 80.1753
nr: 80.8190
sigma_l: 0.8117
sigma_r: 0.7927
beta: 0.4338
Time for calculation: 1.3319
Total log likelihood: -71320.3359
nl: 80.1756
nr: 80.8190
sigma_l: 0.8117
sigma_r: 0.7927
beta: 0.4338
Time for calculation: 1.3138
Total log likelihood: -71320.3359
nl: 80.1814
nr: 80.8232
sigma_l: 0.8117
sigma_r: 0.7927
beta: 0.4338
Time for calculation: 1.3308
Total log likelihood: -71320.3359
nl: 80.1860
nr: 80.8267
sigma_l: 0.8117
sigma_r: 0.7927
beta: 0.4338
Time for calculation: 1.3251
Total log likelihood: -71320.3359
nl: 80.1779
nr: 80.8187
sigma_l: 0.8117
sigma_r: 0.7927
beta: 0.4338
Time for calculation: 1.3246
Total log likelihood: -71320.3359
nl: 80.1773
nr: 80.8206
sigma_l: 0.8117
sigma_r: 0.7927
beta: 0.4338
Time for calculation: 1.3182
Total log likelihood: -71320.3359
nl: 80.1837
nr: 80.8215
sigma_l: 0.8117
sigma_r: 0.7927
beta: 0.4338
Time for calculation: 1.3242
Total log likelihood: -71320.3359
nl: 80.1757
nr: 80.8197
sigma_l: 0.8117
sigma_r: 0.7927
beta: 0.4338
Time for calculation: 1.3404
Total log likelihood: -71320.3359
nl: 80.1957
nr: 80.8404
sigma_l: 0.8117
sigma_r: 0.7927
beta: 0.4338
Time for calculation: 1.3343
Total log likelihood: -71320.3359
nl: 80.1728
nr: 80.8144
sigma_l: 0.8117
sigma_r: 0.7927
beta: 0.4337
Time for calculation: 1.3304
Total log likelihood: -71320.3359
nl: 80.1608
nr: 80.8057
sigma_l: 0.8117
sigma_r: 0.7927
beta: 0.4337
Time for calculation: 1.3332
Total log likelihood: -71320.3359
nl: 80.1687
nr: 80.8126
sigma_l: 0.8117
sigma_r: 0.7927
beta: 0.4337
Time for calculation: 1.3237
Total log likelihood: -71320.3359
nl: 80.1748
nr: 80.8172
sigma_l: 0.8117
sigma_r: 0.7927
beta: 0.4338
Time for calculation: 1.3245
Total log likelihood: -71320.3359
nl: 80.1750
nr: 80.8176
sigma_l: 0.8117
sigma_r: 0.7927
beta: 0.4338
Time for calculation: 1.3354
Total log likelihood: -71320.3359
nl: 80.1784
nr: 80.8230
sigma_l: 0.8117
sigma_r: 0.7927
beta: 0.4338
Time for calculation: 1.3338
Total log likelihood: -71320.3359
nl: 80.1742
nr: 80.8166
sigma_l: 0.8117
sigma_r: 0.7927
beta: 0.4338
Time for calculation: 1.3251
Total log likelihood: -71320.3359
nl: 80.1726
nr: 80.8152
sigma_l: 0.8117
sigma_r: 0.7927
beta: 0.4337
Time for calculation: 1.3238
Total log likelihood: -71320.3359
nl: 80.1730
nr: 80.8144
sigma_l: 0.8117
sigma_r: 0.7927
beta: 0.4338
Time for calculation: 1.3461
Total log likelihood: -71320.3359
nl: 80.1818
nr: 80.8222
sigma_l: 0.8117
sigma_r: 0.7927
beta: 0.4338
Time for calculation: 1.3240
Total log likelihood: -71320.3359
nl: 80.1785
nr: 80.8198
sigma_l: 0.8117
sigma_r: 0.7927
beta: 0.4338
Time for calculation: 1.3334
Total log likelihood: -71320.3359
nl: 80.1769
nr: 80.8180
sigma_l: 0.8117
sigma_r: 0.7927
beta: 0.4338
Time for calculation: 1.3312
Total log likelihood: -71320.3359
nl: 80.1779
nr: 80.8182
sigma_l: 0.8117
sigma_r: 0.7927
beta: 0.4338
Time for calculation: 1.3205
Total log likelihood: -71320.3359
nl: 80.1788
nr: 80.8197
sigma_l: 0.8117
sigma_r: 0.7927
beta: 0.4338
Time for calculation: 1.3257
Total log likelihood: -71320.3359
nl: 80.1746
nr: 80.8164
sigma_l: 0.8117
sigma_r: 0.7927
beta: 0.4338
Time for calculation: 1.3398
Total log likelihood: -71320.3359
nl: 80.1726
nr: 80.8147
sigma_l: 0.8117
sigma_r: 0.7927
beta: 0.4337
Time for calculation: 1.3236
Total log likelihood: -71320.3359
nl: 80.1799
nr: 80.8219
sigma_l: 0.8117
sigma_r: 0.7927
beta: 0.4338
Time for calculation: 1.3527
Total log likelihood: -71320.3359
nl: 80.1832
nr: 80.8238
sigma_l: 0.8117
sigma_r: 0.7927
beta: 0.4338
Time for calculation: 1.3177
Total log likelihood: -71320.3359
nl: 80.1753
nr: 80.8174
sigma_l: 0.8117
sigma_r: 0.7927
beta: 0.4338
Time for calculation: 1.3159
Total log likelihood: -71320.3359
nl: 80.1757
nr: 80.8184
sigma_l: 0.8117
sigma_r: 0.7927
beta: 0.4338
Time for calculation: 1.3327
Total log likelihood: -71320.3359
nl: 80.1708
nr: 80.8130
sigma_l: 0.8117
sigma_r: 0.7927
beta: 0.4337
Time for calculation: 1.3251
Total log likelihood: -71320.3359
nl: 80.1787
nr: 80.8206
sigma_l: 0.8117
sigma_r: 0.7927
beta: 0.4338
Time for calculation: 1.3223
Total log likelihood: -71320.3359
nl: 80.1777
nr: 80.8187
sigma_l: 0.8117
sigma_r: 0.7927
beta: 0.4338
Time for calculation: 1.3414
Total log likelihood: -71320.3359
nl: 80.1762
nr: 80.8185
sigma_l: 0.8117
sigma_r: 0.7927
beta: 0.4338
Time for calculation: 1.3243
Total log likelihood: -71320.3359
nl: 80.1761
nr: 80.8192
sigma_l: 0.8117
sigma_r: 0.7927
beta: 0.4338
Time for calculation: 1.3257
Total log likelihood: -71320.3359
nl: 80.1757
nr: 80.8198
sigma_l: 0.8117
sigma_r: 0.7927
beta: 0.4338
Time for calculation: 1.3447
Total log likelihood: -71320.3359
nl: 80.1781
nr: 80.8206
sigma_l: 0.8117
sigma_r: 0.7927
beta: 0.4338
Time for calculation: 1.3715
Total log likelihood: -71320.3359
nl: 80.1795
nr: 80.8222
sigma_l: 0.8117
sigma_r: 0.7927
beta: 0.4338
Time for calculation: 1.3217
Total log likelihood: -71320.3359
nl: 80.1744
nr: 80.8173
sigma_l: 0.8117
sigma_r: 0.7927
beta: 0.4338
Time for calculation: 1.3301
Total log likelihood: -71320.3359
nl: 80.1763
nr: 80.8190
sigma_l: 0.8117
sigma_r: 0.7927
beta: 0.4338
Time for calculation: 1.3189
Total log likelihood: -71320.3359
nl: 80.1711
nr: 80.8144
sigma_l: 0.8117
sigma_r: 0.7927
beta: 0.4337
Time for calculation: 1.3282
Total log likelihood: -71320.3359
nl: 80.1777
nr: 80.8201
sigma_l: 0.8117
sigma_r: 0.7927
beta: 0.4338
Time for calculation: 1.3311
Total log likelihood: -71320.3359
nl: 80.1805
nr: 80.8238
sigma_l: 0.8117
sigma_r: 0.7927
beta: 0.4338
Time for calculation: 1.3285
Total log likelihood: -71320.3359
nl: 80.1785
nr: 80.8215
sigma_l: 0.8117
sigma_r: 0.7927
beta: 0.4338
Time for calculation: 1.3238
Total log likelihood: -71320.3359
nl: 80.1779
nr: 80.8202
sigma_l: 0.8117
sigma_r: 0.7927
beta: 0.4338
Time for calculation: 1.3316
Total log likelihood: -71320.3359
nl: 80.1810
nr: 80.8232
sigma_l: 0.8117
sigma_r: 0.7927
beta: 0.4338
Time for calculation: 1.3416
Total log likelihood: -71320.3359
nl: 80.1790
nr: 80.8218
sigma_l: 0.8117
sigma_r: 0.7927
beta: 0.4338
Time for calculation: 1.3320
Total log likelihood: -71320.3359
nl: 80.1797
nr: 80.8227
sigma_l: 0.8117
sigma_r: 0.7927
beta: 0.4338
Time for calculation: 1.3294
Total log likelihood: -71320.3359
nl: 80.1784
nr: 80.8204
sigma_l: 0.8117
sigma_r: 0.7927
beta: 0.4338
Time for calculation: 1.3254
Total log likelihood: -71320.3359
nl: 80.1784
nr: 80.8207
sigma_l: 0.8117
sigma_r: 0.7927
beta: 0.4338
Time for calculation: 1.3304
Total log likelihood: -71320.3359
nl: 80.1749
nr: 80.8177
sigma_l: 0.8117
sigma_r: 0.7927
beta: 0.4338
Time for calculation: 1.3141
Total log likelihood: -71320.3359
nl: 80.1795
nr: 80.8219
sigma_l: 0.8117
sigma_r: 0.7927
beta: 0.4338
Time for calculation: 1.3380
Total log likelihood: -71320.3359
nl: 80.1786
nr: 80.8214
sigma_l: 0.8117
sigma_r: 0.7927
beta: 0.4338
Time for calculation: 1.3297
Total log likelihood: -71320.3359
nl: 80.1781
nr: 80.8205
sigma_l: 0.8117
sigma_r: 0.7927
beta: 0.4338
Time for calculation: 1.3339
Total log likelihood: -71320.3359
nl: 80.1809
nr: 80.8231
sigma_l: 0.8117
sigma_r: 0.7927
beta: 0.4338
Time for calculation: 1.3525
Total log likelihood: -71320.3359
nl: 80.1775
nr: 80.8201
sigma_l: 0.8117
sigma_r: 0.7927
beta: 0.4338
Time for calculation: 1.3317
Total log likelihood: -71320.3359
nl: 80.1789
nr: 80.8214
sigma_l: 0.8117
sigma_r: 0.7927
beta: 0.4338
Time for calculation: 1.3611
Total log likelihood: -71320.3359
nl: 80.1783
nr: 80.8208
sigma_l: 0.8117
sigma_r: 0.7927
beta: 0.4338
Time for calculation: 1.3384
Total log likelihood: -71320.3359
nl: 80.1785
nr: 80.8213
sigma_l: 0.8117
sigma_r: 0.7927
beta: 0.4338
Time for calculation: 1.3187
Total log likelihood: -71320.3359
nl: 80.1790
nr: 80.8218
sigma_l: 0.8117
sigma_r: 0.7927
beta: 0.4338
Time for calculation: 1.3228
Total log likelihood: -71320.3359
nl: 80.1783
nr: 80.8208
sigma_l: 0.8117
sigma_r: 0.7927
beta: 0.4338
Time for calculation: 1.3290
Total log likelihood: -71320.3359
nl: 80.1785
nr: 80.8208
sigma_l: 0.8117
sigma_r: 0.7927
beta: 0.4338
Time for calculation: 1.3213
Total log likelihood: -71320.3359
nl: 80.1785
nr: 80.8212
sigma_l: 0.8117
sigma_r: 0.7927
beta: 0.4338
Time for calculation: 1.3215
Total log likelihood: -71320.3359
nl: 80.1772
nr: 80.8200
sigma_l: 0.8117
sigma_r: 0.7927
beta: 0.4338
Time for calculation: 1.3227
Total log likelihood: -71320.3359
nl: 80.1789
nr: 80.8214
sigma_l: 0.8117
sigma_r: 0.7927
beta: 0.4338
Time for calculation: 1.3477
Total log likelihood: -71320.3359
nl: 80.1797
nr: 80.8223
sigma_l: 0.8117
sigma_r: 0.7927
beta: 0.4338
Time for calculation: 1.3208
Total log likelihood: -71320.3359
nl: 80.1795
nr: 80.8222
sigma_l: 0.8117
sigma_r: 0.7927
beta: 0.4338
Time for calculation: 1.3292
Total log likelihood: -71320.3359
nl: 80.1786
nr: 80.8212
sigma_l: 0.8117
sigma_r: 0.7927
beta: 0.4338
Time for calculation: 1.3181
Total log likelihood: -71320.3359
nl: 80.1786
nr: 80.8210
sigma_l: 0.8117
sigma_r: 0.7927
beta: 0.4338
Time for calculation: 1.3481
Total log likelihood: -71320.3359
nl: 80.1789
nr: 80.8216
sigma_l: 0.8117
sigma_r: 0.7927
beta: 0.4338
Time for calculation: 1.3244
Total log likelihood: -71320.3359
nl: 80.1775
nr: 80.8201
sigma_l: 0.8117
sigma_r: 0.7927
beta: 0.4338
Time for calculation: 1.3281
Total log likelihood: -71320.3359
nl: 80.1792
nr: 80.8218
sigma_l: 0.8117
sigma_r: 0.7927
beta: 0.4338
Time for calculation: 1.3256
Total log likelihood: -71320.3359
nl: 80.1793
nr: 80.8220
sigma_l: 0.8117
sigma_r: 0.7927
beta: 0.4338
Time for calculation: 1.3314
Total log likelihood: -71320.3359
nl: 80.1795
nr: 80.8220
sigma_l: 0.8117
sigma_r: 0.7927
beta: 0.4338
Time for calculation: 1.3289
Total log likelihood: -71320.3359
nl: 80.1787
nr: 80.8214
sigma_l: 0.8117
sigma_r: 0.7927
beta: 0.4338
Time for calculation: 1.3258
Total log likelihood: -71320.3359
nl: 80.1790
nr: 80.8218
sigma_l: 0.8117
sigma_r: 0.7927
beta: 0.4338
Time for calculation: 1.3244
Total log likelihood: -71320.3359
nl: 80.1785
nr: 80.8211
sigma_l: 0.8117
sigma_r: 0.7927
beta: 0.4338
Time for calculation: 1.3379
Total log likelihood: -71320.3359
nl: 80.1791
nr: 80.8219
sigma_l: 0.8117
sigma_r: 0.7927
beta: 0.4338
Time for calculation: 1.3230
Total log likelihood: -71320.3359
nl: 80.1795
nr: 80.8223
sigma_l: 0.8117
sigma_r: 0.7927
beta: 0.4338
Time for calculation: 1.3234
Total log likelihood: -71320.3359
nl: 80.1787
nr: 80.8214
sigma_l: 0.8117
sigma_r: 0.7927
beta: 0.4338
Time for calculation: 1.3339
Total log likelihood: -71320.3359
nl: 80.1789
nr: 80.8214
sigma_l: 0.8117
sigma_r: 0.7927
beta: 0.4338
Time for calculation: 1.3314
Total log likelihood: -71320.3359
nl: 80.1786
nr: 80.8211
sigma_l: 0.8117
sigma_r: 0.7927
beta: 0.4338
Time for calculation: 1.3311
Total log likelihood: -71320.3359
nl: 80.1790
nr: 80.8217
sigma_l: 0.8117
sigma_r: 0.7927
beta: 0.4338
Time for calculation: 1.3561
Total log likelihood: -71320.3359
nl: 80.1790
nr: 80.8217
sigma_l: 0.8117
sigma_r: 0.7927
beta: 0.4338
Time for calculation: 1.3311
Total log likelihood: -71320.3359
nl: 80.1789
nr: 80.8216
sigma_l: 0.8117
sigma_r: 0.7927
beta: 0.4338
Time for calculation: 1.3465
Total log likelihood: -71320.3359
nl: 80.1785
nr: 80.8213
sigma_l: 0.8117
sigma_r: 0.7927
beta: 0.4338
Time for calculation: 1.3195
Total log likelihood: -71320.3359
nl: 80.1790
nr: 80.8217
sigma_l: 0.8117
sigma_r: 0.7927
beta: 0.4338
Time for calculation: 1.3199
Total log likelihood: -71320.3359
nl: 80.1791
nr: 80.8218
sigma_l: 0.8117
sigma_r: 0.7927
beta: 0.4338
Time for calculation: 1.3250
Total log likelihood: -71320.3359
nl: 80.1788
nr: 80.8215
sigma_l: 0.8117
sigma_r: 0.7927
beta: 0.4338
Time for calculation: 1.3206
Total log likelihood: -71320.3359
nl: 80.1792
nr: 80.8219
sigma_l: 0.8117
sigma_r: 0.7927
beta: 0.4338
Time for calculation: 1.3424
Total log likelihood: -71320.3359
nl: 80.1789
nr: 80.8216
sigma_l: 0.8117
sigma_r: 0.7927
beta: 0.4338
Time for calculation: 1.3375
Total log likelihood: -71320.3359
nl: 80.1789
nr: 80.8215
sigma_l: 0.8117
sigma_r: 0.7927
beta: 0.4338
Time for calculation: 1.3429
Total log likelihood: -71320.3359
nl: 80.1790
nr: 80.8216
sigma_l: 0.8117
sigma_r: 0.7927
beta: 0.4338
Time for calculation: 1.3390
Total log likelihood: -71320.3359
nl: 80.1791
nr: 80.8217
sigma_l: 0.8117
sigma_r: 0.7927
beta: 0.4338
Time for calculation: 1.3362
Total log likelihood: -71320.3359
nl: 80.1790
nr: 80.8216
sigma_l: 0.8117
sigma_r: 0.7927
beta: 0.4338
Time for calculation: 1.3443
Total log likelihood: -71320.3359
nl: 80.1787
nr: 80.8213
sigma_l: 0.8117
sigma_r: 0.7927
beta: 0.4338
Time for calculation: 1.3266
Total log likelihood: -71320.3359
nl: 80.1788
nr: 80.8214
sigma_l: 0.8117
sigma_r: 0.7927
beta: 0.4338
Time for calculation: 1.3249
Total log likelihood: -71320.3359
nl: 80.1790
nr: 80.8216
sigma_l: 0.8117
sigma_r: 0.7927
beta: 0.4338
Time for calculation: 1.3219
Total log likelihood: -71320.3359
nl: 80.1787
nr: 80.8214
sigma_l: 0.8117
sigma_r: 0.7927
beta: 0.4338
Time for calculation: 1.3166
Total log likelihood: -71320.3359
nl: 80.1790
nr: 80.8217
sigma_l: 0.8117
sigma_r: 0.7927
beta: 0.4338
Time for calculation: 1.3316
Total log likelihood: -71320.3359
nl: 80.1788
nr: 80.8214
sigma_l: 0.8117
sigma_r: 0.7927
beta: 0.4338
Time for calculation: 1.3308
Total log likelihood: -71320.3359
nl: 80.1789
nr: 80.8216
sigma_l: 0.8117
sigma_r: 0.7927
beta: 0.4338
Time for calculation: 1.3223
Total log likelihood: -71320.3359
nl: 80.1791
nr: 80.8217
sigma_l: 0.8117
sigma_r: 0.7927
beta: 0.4338
Time for calculation: 1.3422
Total log likelihood: -71320.3359
nl: 80.1790
nr: 80.8216
sigma_l: 0.8117
sigma_r: 0.7927
beta: 0.4338
Time for calculation: 1.3181
Total log likelihood: -71320.3359
nl: 80.1789
nr: 80.8216
sigma_l: 0.8117
sigma_r: 0.7927
beta: 0.4338
Time for calculation: 1.3319
Total log likelihood: -71320.3359
nl: 80.1790
nr: 80.8216
sigma_l: 0.8117
sigma_r: 0.7927
beta: 0.4338
Time for calculation: 1.3234
Total log likelihood: -71320.3359
nl: 80.1789
nr: 80.8216
sigma_l: 0.8117
sigma_r: 0.7927
beta: 0.4338
Time for calculation: 1.3248
Total log likelihood: -71320.3359
nl: 80.1787
nr: 80.8214
sigma_l: 0.8117
sigma_r: 0.7927
beta: 0.4338
Time for calculation: 1.3218
Total log likelihood: -71320.3359
nl: 80.1790
nr: 80.8216
sigma_l: 0.8117
sigma_r: 0.7927
beta: 0.4338
Time for calculation: 1.3358
Total log likelihood: -71320.3359
nl: 80.1789
nr: 80.8216
sigma_l: 0.8117
sigma_r: 0.7927
beta: 0.4338
Time for calculation: 1.3253
Total log likelihood: -71320.3359
nl: 80.1789
nr: 80.8215
sigma_l: 0.8117
sigma_r: 0.7927
beta: 0.4338
Time for calculation: 1.3161
Total log likelihood: -71320.3359
nl: 80.1791
nr: 80.8218
sigma_l: 0.8117
sigma_r: 0.7927
beta: 0.4338
Time for calculation: 1.3580
Total log likelihood: -71320.3359
nl: 80.1789
nr: 80.8215
sigma_l: 0.8117
sigma_r: 0.7927
beta: 0.4338
Time for calculation: 1.3175
Total log likelihood: -71320.3359
Optimization terminated successfully.
         Current function value: 258.407014
         Iterations: 246
         Function evaluations: 395
nl: 80.1985
nr: 80.8216
sigma_l: 0.8117
sigma_r: 0.7927
beta: 0.4338
Time for calculation: 1.3323
Total log likelihood: -71320.3362
nl: 80.1789
nr: 80.8216
sigma_l: 0.8117
sigma_r: 0.7927
beta: 0.4338
Time for calculation: 1.3238
Total log likelihood: -71320.3359
nl: 80.1789
nr: 80.8216
sigma_l: 0.8117
sigma_r: 0.7927
beta: 0.4338
Time for calculation: 1.3301
Total log likelihood: -71320.3359
nl: 80.1593
nr: 80.8216
sigma_l: 0.8117
sigma_r: 0.7927
beta: 0.4338
Time for calculation: 1.3235
Total log likelihood: -71320.3362
nl: 80.1887
nr: 80.8314
sigma_l: 0.8117
sigma_r: 0.7927
beta: 0.4338
Time for calculation: 1.3315
Total log likelihood: -71320.3360
nl: 80.1887
nr: 80.8117
sigma_l: 0.8117
sigma_r: 0.7927
beta: 0.4338
Time for calculation: 1.3286
Total log likelihood: -71320.3361
nl: 80.1691
nr: 80.8314
sigma_l: 0.8117
sigma_r: 0.7927
beta: 0.4338
Time for calculation: 1.3393
Total log likelihood: -71320.3361
nl: 80.1691
nr: 80.8117
sigma_l: 0.8117
sigma_r: 0.7927
beta: 0.4338
Time for calculation: 1.3168
Total log likelihood: -71320.3360
nl: 80.1887
nr: 80.8216
sigma_l: 0.8118
sigma_r: 0.7927
beta: 0.4338
Time for calculation: 1.3380
Total log likelihood: -71320.3360
nl: 80.1887
nr: 80.8216
sigma_l: 0.8116
sigma_r: 0.7927
beta: 0.4338
Time for calculation: 1.3142
Total log likelihood: -71320.3361
nl: 80.1691
nr: 80.8216
sigma_l: 0.8118
sigma_r: 0.7927
beta: 0.4338
Time for calculation: 1.3323
Total log likelihood: -71320.3361
nl: 80.1691
nr: 80.8216
sigma_l: 0.8116
sigma_r: 0.7927
beta: 0.4338
Time for calculation: 1.3185
Total log likelihood: -71320.3360
nl: 80.1887
nr: 80.8216
sigma_l: 0.8117
sigma_r: 0.7928
beta: 0.4338
Time for calculation: 1.3199
Total log likelihood: -71320.3361
nl: 80.1887
nr: 80.8216
sigma_l: 0.8117
sigma_r: 0.7926
beta: 0.4338
Time for calculation: 1.3291
Total log likelihood: -71320.3360
nl: 80.1691
nr: 80.8216
sigma_l: 0.8117
sigma_r: 0.7928
beta: 0.4338
Time for calculation: 1.3302
Total log likelihood: -71320.3360
nl: 80.1691
nr: 80.8216
sigma_l: 0.8117
sigma_r: 0.7926
beta: 0.4338
Time for calculation: 1.3231
Total log likelihood: -71320.3361
nl: 80.1887
nr: 80.8216
sigma_l: 0.8117
sigma_r: 0.7927
beta: 0.4338
Time for calculation: 1.3250
Total log likelihood: -71320.3360
nl: 80.1887
nr: 80.8216
sigma_l: 0.8117
sigma_r: 0.7927
beta: 0.4337
Time for calculation: 1.3219
Total log likelihood: -71320.3363
nl: 80.1691
nr: 80.8216
sigma_l: 0.8117
sigma_r: 0.7927
beta: 0.4338
Time for calculation: 1.3205
Total log likelihood: -71320.3363
nl: 80.1691
nr: 80.8216
sigma_l: 0.8117
sigma_r: 0.7927
beta: 0.4337
Time for calculation: 1.3198
Total log likelihood: -71320.3360
nl: 80.1789
nr: 80.8413
sigma_l: 0.8117
sigma_r: 0.7927
beta: 0.4338
Time for calculation: 1.3246
Total log likelihood: -71320.3362
nl: 80.1789
nr: 80.8216
sigma_l: 0.8117
sigma_r: 0.7927
beta: 0.4338
Time for calculation: 1.3231
Total log likelihood: -71320.3359
nl: 80.1789
nr: 80.8216
sigma_l: 0.8117
sigma_r: 0.7927
beta: 0.4338
Time for calculation: 1.3332
Total log likelihood: -71320.3359
nl: 80.1789
nr: 80.8018
sigma_l: 0.8117
sigma_r: 0.7927
beta: 0.4338
Time for calculation: 1.3196
Total log likelihood: -71320.3362
nl: 80.1789
nr: 80.8314
sigma_l: 0.8118
sigma_r: 0.7927
beta: 0.4338
Time for calculation: 1.3248
Total log likelihood: -71320.3361
nl: 80.1789
nr: 80.8314
sigma_l: 0.8116
sigma_r: 0.7927
beta: 0.4338
Time for calculation: 1.3228
Total log likelihood: -71320.3360
nl: 80.1789
nr: 80.8117
sigma_l: 0.8118
sigma_r: 0.7927
beta: 0.4338
Time for calculation: 1.3320
Total log likelihood: -71320.3360
nl: 80.1789
nr: 80.8117
sigma_l: 0.8116
sigma_r: 0.7927
beta: 0.4338
Time for calculation: 1.3334
Total log likelihood: -71320.3361
nl: 80.1789
nr: 80.8314
sigma_l: 0.8117
sigma_r: 0.7928
beta: 0.4338
Time for calculation: 1.3420
Total log likelihood: -71320.3360
nl: 80.1789
nr: 80.8314
sigma_l: 0.8117
sigma_r: 0.7926
beta: 0.4338
Time for calculation: 1.3387
Total log likelihood: -71320.3361
nl: 80.1789
nr: 80.8117
sigma_l: 0.8117
sigma_r: 0.7928
beta: 0.4338
Time for calculation: 1.3349
Total log likelihood: -71320.3361
nl: 80.1789
nr: 80.8117
sigma_l: 0.8117
sigma_r: 0.7926
beta: 0.4338
Time for calculation: 1.3509
Total log likelihood: -71320.3360
nl: 80.1789
nr: 80.8314
sigma_l: 0.8117
sigma_r: 0.7927
beta: 0.4338
Time for calculation: 1.3213
Total log likelihood: -71320.3360
nl: 80.1789
nr: 80.8314
sigma_l: 0.8117
sigma_r: 0.7927
beta: 0.4337
Time for calculation: 1.3748
Total log likelihood: -71320.3363
nl: 80.1789
nr: 80.8117
sigma_l: 0.8117
sigma_r: 0.7927
beta: 0.4338
Time for calculation: 1.3200
Total log likelihood: -71320.3363
nl: 80.1789
nr: 80.8117
sigma_l: 0.8117
sigma_r: 0.7927
beta: 0.4337
Time for calculation: 1.3374
Total log likelihood: -71320.3360
nl: 80.1789
nr: 80.8216
sigma_l: 0.8119
sigma_r: 0.7927
beta: 0.4338
Time for calculation: 1.3178
Total log likelihood: -71320.3362
nl: 80.1789
nr: 80.8216
sigma_l: 0.8117
sigma_r: 0.7927
beta: 0.4338
Time for calculation: 1.3235
Total log likelihood: -71320.3359
nl: 80.1789
nr: 80.8216
sigma_l: 0.8117
sigma_r: 0.7927
beta: 0.4338
Time for calculation: 1.3296
Total log likelihood: -71320.3359
nl: 80.1789
nr: 80.8216
sigma_l: 0.8115
sigma_r: 0.7927
beta: 0.4338
Time for calculation: 1.3285
Total log likelihood: -71320.3362
nl: 80.1789
nr: 80.8216
sigma_l: 0.8118
sigma_r: 0.7928
beta: 0.4338
Time for calculation: 1.3278
Total log likelihood: -71320.3361
nl: 80.1789
nr: 80.8216
sigma_l: 0.8118
sigma_r: 0.7926
beta: 0.4338
Time for calculation: 1.3278
Total log likelihood: -71320.3361
nl: 80.1789
nr: 80.8216
sigma_l: 0.8116
sigma_r: 0.7928
beta: 0.4338
Time for calculation: 1.3159
Total log likelihood: -71320.3361
nl: 80.1789
nr: 80.8216
sigma_l: 0.8116
sigma_r: 0.7926
beta: 0.4338
Time for calculation: 1.3180
Total log likelihood: -71320.3361
nl: 80.1789
nr: 80.8216
sigma_l: 0.8118
sigma_r: 0.7927
beta: 0.4338
Time for calculation: 1.3382
Total log likelihood: -71320.3361
nl: 80.1789
nr: 80.8216
sigma_l: 0.8118
sigma_r: 0.7927
beta: 0.4337
Time for calculation: 1.3177
Total log likelihood: -71320.3362
nl: 80.1789
nr: 80.8216
sigma_l: 0.8116
sigma_r: 0.7927
beta: 0.4338
Time for calculation: 1.3543
Total log likelihood: -71320.3362
nl: 80.1789
nr: 80.8216
sigma_l: 0.8116
sigma_r: 0.7927
beta: 0.4337
Time for calculation: 1.3318
Total log likelihood: -71320.3361
nl: 80.1789
nr: 80.8216
sigma_l: 0.8117
sigma_r: 0.7929
beta: 0.4338
Time for calculation: 1.3247
Total log likelihood: -71320.3362
nl: 80.1789
nr: 80.8216
sigma_l: 0.8117
sigma_r: 0.7927
beta: 0.4338
Time for calculation: 1.3289
Total log likelihood: -71320.3359
nl: 80.1789
nr: 80.8216
sigma_l: 0.8117
sigma_r: 0.7927
beta: 0.4338
Time for calculation: 1.3237
Total log likelihood: -71320.3359
nl: 80.1789
nr: 80.8216
sigma_l: 0.8117
sigma_r: 0.7925
beta: 0.4338
Time for calculation: 1.3286
Total log likelihood: -71320.3362
nl: 80.1789
nr: 80.8216
sigma_l: 0.8117
sigma_r: 0.7928
beta: 0.4338
Time for calculation: 1.3402
Total log likelihood: -71320.3362
nl: 80.1789
nr: 80.8216
sigma_l: 0.8117
sigma_r: 0.7928
beta: 0.4337
Time for calculation: 1.3398
Total log likelihood: -71320.3362
nl: 80.1789
nr: 80.8216
sigma_l: 0.8117
sigma_r: 0.7926
beta: 0.4338
Time for calculation: 1.3243
Total log likelihood: -71320.3362
nl: 80.1789
nr: 80.8216
sigma_l: 0.8117
sigma_r: 0.7926
beta: 0.4337
Time for calculation: 1.3375
Total log likelihood: -71320.3362
nl: 80.1789
nr: 80.8216
sigma_l: 0.8117
sigma_r: 0.7927
beta: 0.4339
Time for calculation: 1.3303
Total log likelihood: -71320.3367
nl: 80.1789
nr: 80.8216
sigma_l: 0.8117
sigma_r: 0.7927
beta: 0.4338
Time for calculation: 1.3339
Total log likelihood: -71320.3359
nl: 80.1789
nr: 80.8216
sigma_l: 0.8117
sigma_r: 0.7927
beta: 0.4338
Time for calculation: 1.3234
Total log likelihood: -71320.3359
nl: 80.1789
nr: 80.8216
sigma_l: 0.8117
sigma_r: 0.7927
beta: 0.4337
Time for calculation: 1.3341
Total log likelihood: -71320.3367
nl: 80.1985
nr: 80.8216
sigma_l: 0.8117
sigma_r: 0.7927
beta: 0.4338
Time for calculation: 1.3824
Total log likelihood: -71320.3362
nl: 80.1789
nr: 80.8216
sigma_l: 0.8117
sigma_r: 0.7927
beta: 0.4338
Time for calculation: 1.3286
Total log likelihood: -71320.3359
nl: 80.1789
nr: 80.8216
sigma_l: 0.8117
sigma_r: 0.7927
beta: 0.4338
Time for calculation: 1.3331
Total log likelihood: -71320.3359
nl: 80.1593
nr: 80.8216
sigma_l: 0.8117
sigma_r: 0.7927
beta: 0.4338
Time for calculation: 1.3215
Total log likelihood: -71320.3362
nl: 80.1887
nr: 80.8314
sigma_l: 0.8117
sigma_r: 0.7927
beta: 0.4338
Time for calculation: 1.3329
Total log likelihood: -71320.3360
nl: 80.1887
nr: 80.8117
sigma_l: 0.8117
sigma_r: 0.7927
beta: 0.4338
Time for calculation: 1.3238
Total log likelihood: -71320.3361
nl: 80.1691
nr: 80.8314
sigma_l: 0.8117
sigma_r: 0.7927
beta: 0.4338
Time for calculation: 1.3637
Total log likelihood: -71320.3361
nl: 80.1691
nr: 80.8117
sigma_l: 0.8117
sigma_r: 0.7927
beta: 0.4338
Time for calculation: 1.3372
Total log likelihood: -71320.3360
nl: 80.1887
nr: 80.8216
sigma_l: 0.8118
sigma_r: 0.7927
beta: 0.4338
Time for calculation: 1.3337
Total log likelihood: -71320.3360
nl: 80.1887
nr: 80.8216
sigma_l: 0.8116
sigma_r: 0.7927
beta: 0.4338
Time for calculation: 1.3310
Total log likelihood: -71320.3361
nl: 80.1691
nr: 80.8216
sigma_l: 0.8118
sigma_r: 0.7927
beta: 0.4338
Time for calculation: 1.3263
Total log likelihood: -71320.3361
nl: 80.1691
nr: 80.8216
sigma_l: 0.8116
sigma_r: 0.7927
beta: 0.4338
Time for calculation: 1.3420
Total log likelihood: -71320.3360
nl: 80.1887
nr: 80.8216
sigma_l: 0.8117
sigma_r: 0.7928
beta: 0.4338
Time for calculation: 1.3500
Total log likelihood: -71320.3361
nl: 80.1887
nr: 80.8216
sigma_l: 0.8117
sigma_r: 0.7926
beta: 0.4338
Time for calculation: 1.3538
Total log likelihood: -71320.3360
nl: 80.1691
nr: 80.8216
sigma_l: 0.8117
sigma_r: 0.7928
beta: 0.4338
Time for calculation: 1.3520
Total log likelihood: -71320.3360
nl: 80.1691
nr: 80.8216
sigma_l: 0.8117
sigma_r: 0.7926
beta: 0.4338
Time for calculation: 1.3389
Total log likelihood: -71320.3361
nl: 80.1887
nr: 80.8216
sigma_l: 0.8117
sigma_r: 0.7927
beta: 0.4338
Time for calculation: 1.3452
Total log likelihood: -71320.3360
nl: 80.1887
nr: 80.8216
sigma_l: 0.8117
sigma_r: 0.7927
beta: 0.4337
Time for calculation: 1.3325
Total log likelihood: -71320.3363
nl: 80.1691
nr: 80.8216
sigma_l: 0.8117
sigma_r: 0.7927
beta: 0.4338
Time for calculation: 1.3566
Total log likelihood: -71320.3363
nl: 80.1691
nr: 80.8216
sigma_l: 0.8117
sigma_r: 0.7927
beta: 0.4337
Time for calculation: 1.3237
Total log likelihood: -71320.3360
nl: 80.1789
nr: 80.8413
sigma_l: 0.8117
sigma_r: 0.7927
beta: 0.4338
Time for calculation: 1.3220
Total log likelihood: -71320.3362
nl: 80.1789
nr: 80.8216
sigma_l: 0.8117
sigma_r: 0.7927
beta: 0.4338
Time for calculation: 1.3303
Total log likelihood: -71320.3359
nl: 80.1789
nr: 80.8216
sigma_l: 0.8117
sigma_r: 0.7927
beta: 0.4338
Time for calculation: 1.3355
Total log likelihood: -71320.3359
nl: 80.1789
nr: 80.8018
sigma_l: 0.8117
sigma_r: 0.7927
beta: 0.4338
Time for calculation: 1.3259
Total log likelihood: -71320.3362
nl: 80.1789
nr: 80.8314
sigma_l: 0.8118
sigma_r: 0.7927
beta: 0.4338
Time for calculation: 1.3462
Total log likelihood: -71320.3361
nl: 80.1789
nr: 80.8314
sigma_l: 0.8116
sigma_r: 0.7927
beta: 0.4338
Time for calculation: 1.3276
Total log likelihood: -71320.3360
nl: 80.1789
nr: 80.8117
sigma_l: 0.8118
sigma_r: 0.7927
beta: 0.4338
Time for calculation: 1.3476
Total log likelihood: -71320.3360
nl: 80.1789
nr: 80.8117
sigma_l: 0.8116
sigma_r: 0.7927
beta: 0.4338
Time for calculation: 1.3325
Total log likelihood: -71320.3361
nl: 80.1789
nr: 80.8314
sigma_l: 0.8117
sigma_r: 0.7928
beta: 0.4338
Time for calculation: 1.3451
Total log likelihood: -71320.3360
nl: 80.1789
nr: 80.8314
sigma_l: 0.8117
sigma_r: 0.7926
beta: 0.4338
Time for calculation: 1.3324
Total log likelihood: -71320.3361
nl: 80.1789
nr: 80.8117
sigma_l: 0.8117
sigma_r: 0.7928
beta: 0.4338
Time for calculation: 1.3213
Total log likelihood: -71320.3361
nl: 80.1789
nr: 80.8117
sigma_l: 0.8117
sigma_r: 0.7926
beta: 0.4338
Time for calculation: 1.3403
Total log likelihood: -71320.3360
nl: 80.1789
nr: 80.8314
sigma_l: 0.8117
sigma_r: 0.7927
beta: 0.4338
Time for calculation: 1.3291
Total log likelihood: -71320.3360
nl: 80.1789
nr: 80.8314
sigma_l: 0.8117
sigma_r: 0.7927
beta: 0.4337
Time for calculation: 1.3308
Total log likelihood: -71320.3363
nl: 80.1789
nr: 80.8117
sigma_l: 0.8117
sigma_r: 0.7927
beta: 0.4338
Time for calculation: 1.3411
Total log likelihood: -71320.3363
nl: 80.1789
nr: 80.8117
sigma_l: 0.8117
sigma_r: 0.7927
beta: 0.4337
Time for calculation: 1.3328
Total log likelihood: -71320.3360
nl: 80.1789
nr: 80.8216
sigma_l: 0.8119
sigma_r: 0.7927
beta: 0.4338
Time for calculation: 1.3256
Total log likelihood: -71320.3362
nl: 80.1789
nr: 80.8216
sigma_l: 0.8117
sigma_r: 0.7927
beta: 0.4338
Time for calculation: 1.3357
Total log likelihood: -71320.3359
nl: 80.1789
nr: 80.8216
sigma_l: 0.8117
sigma_r: 0.7927
beta: 0.4338
Time for calculation: 1.3310
Total log likelihood: -71320.3359
nl: 80.1789
nr: 80.8216
sigma_l: 0.8115
sigma_r: 0.7927
beta: 0.4338
Time for calculation: 1.3270
Total log likelihood: -71320.3362
nl: 80.1789
nr: 80.8216
sigma_l: 0.8118
sigma_r: 0.7928
beta: 0.4338
Time for calculation: 1.3216
Total log likelihood: -71320.3361
nl: 80.1789
nr: 80.8216
sigma_l: 0.8118
sigma_r: 0.7926
beta: 0.4338
Time for calculation: 1.3307
Total log likelihood: -71320.3361
nl: 80.1789
nr: 80.8216
sigma_l: 0.8116
sigma_r: 0.7928
beta: 0.4338
Time for calculation: 1.3364
Total log likelihood: -71320.3361
nl: 80.1789
nr: 80.8216
sigma_l: 0.8116
sigma_r: 0.7926
beta: 0.4338
Time for calculation: 1.3552
Total log likelihood: -71320.3361
nl: 80.1789
nr: 80.8216
sigma_l: 0.8118
sigma_r: 0.7927
beta: 0.4338
Time for calculation: 1.3490
Total log likelihood: -71320.3361
nl: 80.1789
nr: 80.8216
sigma_l: 0.8118
sigma_r: 0.7927
beta: 0.4337
Time for calculation: 1.3244
Total log likelihood: -71320.3362
nl: 80.1789
nr: 80.8216
sigma_l: 0.8116
sigma_r: 0.7927
beta: 0.4338
Time for calculation: 1.3315
Total log likelihood: -71320.3362
nl: 80.1789
nr: 80.8216
sigma_l: 0.8116
sigma_r: 0.7927
beta: 0.4337
Time for calculation: 1.3453
Total log likelihood: -71320.3361
nl: 80.1789
nr: 80.8216
sigma_l: 0.8117
sigma_r: 0.7929
beta: 0.4338
Time for calculation: 1.3328
Total log likelihood: -71320.3362
nl: 80.1789
nr: 80.8216
sigma_l: 0.8117
sigma_r: 0.7927
beta: 0.4338
Time for calculation: 1.3314
Total log likelihood: -71320.3359
nl: 80.1789
nr: 80.8216
sigma_l: 0.8117
sigma_r: 0.7927
beta: 0.4338
Time for calculation: 1.3296
Total log likelihood: -71320.3359
nl: 80.1789
nr: 80.8216
sigma_l: 0.8117
sigma_r: 0.7925
beta: 0.4338
Time for calculation: 1.3424
Total log likelihood: -71320.3362
nl: 80.1789
nr: 80.8216
sigma_l: 0.8117
sigma_r: 0.7928
beta: 0.4338
Time for calculation: 1.3489
Total log likelihood: -71320.3362
nl: 80.1789
nr: 80.8216
sigma_l: 0.8117
sigma_r: 0.7928
beta: 0.4337
Time for calculation: 1.3339
Total log likelihood: -71320.3362
nl: 80.1789
nr: 80.8216
sigma_l: 0.8117
sigma_r: 0.7926
beta: 0.4338
Time for calculation: 1.3451
Total log likelihood: -71320.3362
nl: 80.1789
nr: 80.8216
sigma_l: 0.8117
sigma_r: 0.7926
beta: 0.4337
Time for calculation: 1.3426
Total log likelihood: -71320.3362
nl: 80.1789
nr: 80.8216
sigma_l: 0.8117
sigma_r: 0.7927
beta: 0.4339
Time for calculation: 1.3378
Total log likelihood: -71320.3367
nl: 80.1789
nr: 80.8216
sigma_l: 0.8117
sigma_r: 0.7927
beta: 0.4338
Time for calculation: 1.3364
Total log likelihood: -71320.3359
nl: 80.1789
nr: 80.8216
sigma_l: 0.8117
sigma_r: 0.7927
beta: 0.4338
Time for calculation: 1.3345
Total log likelihood: -71320.3359
nl: 80.1789
nr: 80.8216
sigma_l: 0.8117
sigma_r: 0.7927
beta: 0.4337
Time for calculation: 1.3828
Total log likelihood: -71320.3367
[[ 1.          0.98289313 -0.22344519 -0.30114847  0.98974513]
 [ 0.98289313  1.         -0.27739354 -0.24492139  0.98984475]
 [-0.22344519 -0.27739354  1.          0.07344821 -0.22928165]
 [-0.30114847 -0.24492139  0.07344821  1.         -0.25453615]
 [ 0.98974513  0.98984475 -0.22928165 -0.25453615  1.        ]]
nl: 80.1789
nr: 80.8216
sigma_l: 0.8117
sigma_r: 0.7927
beta: 0.4338
Time for calculation: 1.3237
Total log likelihood: -71320.3359
                          MLE_Estim_Barrier Results                           
==============================================================================
Dep. Variable:                      y   Log-Likelihood:                -71320.
Model:              MLE_Estim_Barrier   AIC:                         1.426e+05
Method:            Maximum Likelihood   BIC:                         1.426e+05
Date:                Mon, 29 May 2023                                         
Time:                        18:11:43                                         
No. Observations:                 276                                         
Df Residuals:                     275                                         
Df Model:                           0                                         
==============================================================================
                 coef    std err          z      P>|z|      [0.025      0.975]
------------------------------------------------------------------------------
const         80.1789      6.727     11.919      0.000      66.994      93.364
par0          80.8216      6.781     11.919      0.000      67.531      94.112
par1           0.8117      0.010     82.557      0.000       0.792       0.831
par2           0.7927      0.009     88.627      0.000       0.775       0.810
par3           0.4338      0.026     16.761      0.000       0.383       0.484
==============================================================================

MLE Estimates:
Parameter 0: 80.178913
Parameter 1: 80.821559
Parameter 2: 0.811732
Parameter 3: 0.792723
Parameter 4: 0.433772
Saving Results to: /mnt/archgen/users/hringbauer/git/IBD-Analysis/ibd_analysis/blocksim/output/varyNe/scenario8/data_set_nr_19.tsv
[[80.17891273 66.99424863 93.36357684]
 [80.82155886 67.53132834 94.11178938]
 [ 0.81173249  0.7924613   0.83100368]
 [ 0.79272294  0.77519207  0.81025382]
 [ 0.4337723   0.38304952  0.48449508]]
Results have been successfully saved.
Run Complete. GOOD JOB!
Finished IBD simulation and estimation. Good Job!
Simulation Finished!
