Running Task 213
bionode51
/mnt/archgen/users/hringbauer/git/IBD-Analysis/ibd_analysis/blocksim
CPU Count: 128
Doing Complete Simulation run...
Loaded migration Matrix type: isotropic
Runtime Migration Matrix: 2.7388 
Size of Migration Matrix: 246016
Doing Pre-Calculations for cumulative Sums
Nr of total entries in precalculated cum-sums:
1228096
Runtime Pre-Calculations: 36.9372
Gridsize: 200
Loaded migration Matrix type: isotropic
Runtime Migration Matrix: 0.4081 
Size of Migration Matrix: 40000
Doing Pre-Calculations for cumulative Sums
Nr of total entries in precalculated cum-sums:
516004
Runtime Pre-Calculations: 5.9543
Simulated Sigmas: 
[0.8 0.8]
Simulated Initial Deme Ne: 
[100 100]
Simulated Beta:
0.5
Simulated Barrier Position: 100
Nr. Samples set: 240
Doing step: 0/500
IIDs left: 100
IIDs right: 100
Doing step: 1/500
IIDs left: 71
IIDs right: 71
Doing step: 2/500
IIDs left: 58
IIDs right: 58
Doing step: 3/500
IIDs left: 50
IIDs right: 50
Doing step: 4/500
IIDs left: 45
IIDs right: 45
Doing step: 5/500
IIDs left: 41
IIDs right: 41
Doing step: 6/500
IIDs left: 38
IIDs right: 38
Doing step: 7/500
IIDs left: 35
IIDs right: 35
Doing step: 8/500
IIDs left: 33
IIDs right: 33
Doing step: 9/500
IIDs left: 32
IIDs right: 32
Doing step: 10/500
IIDs left: 30
IIDs right: 30
Doing step: 11/500
IIDs left: 29
IIDs right: 29
Doing step: 12/500
IIDs left: 28
IIDs right: 28
Doing step: 13/500
IIDs left: 27
IIDs right: 27
Doing step: 14/500
IIDs left: 26
IIDs right: 26
Doing step: 15/500
IIDs left: 25
IIDs right: 25
Doing step: 16/500
IIDs left: 24
IIDs right: 24
Doing step: 17/500
IIDs left: 24
IIDs right: 24
Doing step: 18/500
IIDs left: 23
IIDs right: 23
Doing step: 19/500
IIDs left: 22
IIDs right: 22
Doing step: 20/500
IIDs left: 22
IIDs right: 22
Doing step: 21/500
IIDs left: 21
IIDs right: 21
Doing step: 22/500
IIDs left: 21
IIDs right: 21
Doing step: 23/500
IIDs left: 20
IIDs right: 20
Doing step: 24/500
IIDs left: 20
IIDs right: 20
Doing step: 25/500
IIDs left: 20
IIDs right: 20
Doing step: 26/500
IIDs left: 19
IIDs right: 19
Doing step: 27/500
IIDs left: 19
IIDs right: 19
Doing step: 28/500
IIDs left: 19
IIDs right: 19
Doing step: 29/500
IIDs left: 18
IIDs right: 18
Doing step: 30/500
IIDs left: 18
IIDs right: 18
Doing step: 31/500
IIDs left: 18
IIDs right: 18
Doing step: 32/500
IIDs left: 17
IIDs right: 17
Doing step: 33/500
IIDs left: 17
IIDs right: 17
Doing step: 34/500
IIDs left: 17
IIDs right: 17
Doing step: 35/500
IIDs left: 17
IIDs right: 17
Doing step: 36/500
IIDs left: 16
IIDs right: 16
Doing step: 37/500
IIDs left: 16
IIDs right: 16
Doing step: 38/500
IIDs left: 16
IIDs right: 16
Doing step: 39/500
IIDs left: 16
IIDs right: 16
Doing step: 40/500
IIDs left: 16
IIDs right: 16
Doing step: 41/500
IIDs left: 15
IIDs right: 15
Doing step: 42/500
IIDs left: 15
IIDs right: 15
Doing step: 43/500
IIDs left: 15
IIDs right: 15
Doing step: 44/500
IIDs left: 15
IIDs right: 15
Doing step: 45/500
IIDs left: 15
IIDs right: 15
Doing step: 46/500
IIDs left: 15
IIDs right: 15
Doing step: 47/500
IIDs left: 14
IIDs right: 14
Doing step: 48/500
IIDs left: 14
IIDs right: 14
Doing step: 49/500
IIDs left: 14
IIDs right: 14
Doing step: 50/500
IIDs left: 14
IIDs right: 14
Doing step: 51/500
IIDs left: 14
IIDs right: 14
Doing step: 52/500
IIDs left: 14
IIDs right: 14
Doing step: 53/500
IIDs left: 14
IIDs right: 14
Doing step: 54/500
IIDs left: 13
IIDs right: 13
Doing step: 55/500
IIDs left: 13
IIDs right: 13
Doing step: 56/500
IIDs left: 13
IIDs right: 13
Doing step: 57/500
IIDs left: 13
IIDs right: 13
Doing step: 58/500
IIDs left: 13
IIDs right: 13
Doing step: 59/500
IIDs left: 13
IIDs right: 13
Doing step: 60/500
IIDs left: 13
IIDs right: 13
Doing step: 61/500
IIDs left: 13
IIDs right: 13
Doing step: 62/500
IIDs left: 13
IIDs right: 13
Doing step: 63/500
IIDs left: 12
IIDs right: 12
Doing step: 64/500
IIDs left: 12
IIDs right: 12
Doing step: 65/500
IIDs left: 12
IIDs right: 12
Doing step: 66/500
IIDs left: 12
IIDs right: 12
Doing step: 67/500
IIDs left: 12
IIDs right: 12
Doing step: 68/500
IIDs left: 12
IIDs right: 12
Doing step: 69/500
IIDs left: 12
IIDs right: 12
Doing step: 70/500
IIDs left: 12
IIDs right: 12
Doing step: 71/500
IIDs left: 12
IIDs right: 12
Doing step: 72/500
IIDs left: 12
IIDs right: 12
Doing step: 73/500
IIDs left: 12
IIDs right: 12
Doing step: 74/500
IIDs left: 12
IIDs right: 12
Doing step: 75/500
IIDs left: 11
IIDs right: 11
Doing step: 76/500
IIDs left: 11
IIDs right: 11
Doing step: 77/500
IIDs left: 11
IIDs right: 11
Doing step: 78/500
IIDs left: 11
IIDs right: 11
Doing step: 79/500
IIDs left: 11
IIDs right: 11
Doing step: 80/500
IIDs left: 11
IIDs right: 11
Doing step: 81/500
IIDs left: 11
IIDs right: 11
Doing step: 82/500
IIDs left: 11
IIDs right: 11
Doing step: 83/500
IIDs left: 11
IIDs right: 11
Doing step: 84/500
IIDs left: 11
IIDs right: 11
Doing step: 85/500
IIDs left: 11
IIDs right: 11
Doing step: 86/500
IIDs left: 11
IIDs right: 11
Doing step: 87/500
IIDs left: 11
IIDs right: 11
Doing step: 88/500
IIDs left: 11
IIDs right: 11
Doing step: 89/500
IIDs left: 11
IIDs right: 11
Doing step: 90/500
IIDs left: 10
IIDs right: 10
Doing step: 91/500
IIDs left: 10
IIDs right: 10
Doing step: 92/500
IIDs left: 10
IIDs right: 10
Doing step: 93/500
IIDs left: 10
IIDs right: 10
Doing step: 94/500
IIDs left: 10
IIDs right: 10
Doing step: 95/500
IIDs left: 10
IIDs right: 10
Doing step: 96/500
IIDs left: 10
IIDs right: 10
Doing step: 97/500
IIDs left: 10
IIDs right: 10
Doing step: 98/500
IIDs left: 10
IIDs right: 10
Doing step: 99/500
IIDs left: 10
IIDs right: 10
Doing step: 100/500
IIDs left: 10
IIDs right: 10
Doing step: 101/500
IIDs left: 10
IIDs right: 10
Doing step: 102/500
IIDs left: 10
IIDs right: 10
Doing step: 103/500
IIDs left: 10
IIDs right: 10
Doing step: 104/500
IIDs left: 10
IIDs right: 10
Doing step: 105/500
IIDs left: 10
IIDs right: 10
Doing step: 106/500
IIDs left: 10
IIDs right: 10
Doing step: 107/500
IIDs left: 10
IIDs right: 10
Doing step: 108/500
IIDs left: 10
IIDs right: 10
Doing step: 109/500
IIDs left: 10
IIDs right: 10
Doing step: 110/500
IIDs left: 9
IIDs right: 9
Doing step: 111/500
IIDs left: 9
IIDs right: 9
Doing step: 112/500
IIDs left: 9
IIDs right: 9
Doing step: 113/500
IIDs left: 9
IIDs right: 9
Doing step: 114/500
IIDs left: 9
IIDs right: 9
Doing step: 115/500
IIDs left: 9
IIDs right: 9
Doing step: 116/500
IIDs left: 9
IIDs right: 9
Doing step: 117/500
IIDs left: 9
IIDs right: 9
Doing step: 118/500
IIDs left: 9
IIDs right: 9
Doing step: 119/500
IIDs left: 9
IIDs right: 9
Doing step: 120/500
IIDs left: 9
IIDs right: 9
Doing step: 121/500
IIDs left: 9
IIDs right: 9
Doing step: 122/500
IIDs left: 9
IIDs right: 9
Doing step: 123/500
IIDs left: 9
IIDs right: 9
Doing step: 124/500
IIDs left: 9
IIDs right: 9
Doing step: 125/500
IIDs left: 9
IIDs right: 9
Doing step: 126/500
IIDs left: 9
IIDs right: 9
Doing step: 127/500
IIDs left: 9
IIDs right: 9
Doing step: 128/500
IIDs left: 9
IIDs right: 9
Doing step: 129/500
IIDs left: 9
IIDs right: 9
Doing step: 130/500
IIDs left: 9
IIDs right: 9
Doing step: 131/500
IIDs left: 9
IIDs right: 9
Doing step: 132/500
IIDs left: 9
IIDs right: 9
Doing step: 133/500
IIDs left: 9
IIDs right: 9
Doing step: 134/500
IIDs left: 9
IIDs right: 9
Doing step: 135/500
IIDs left: 9
IIDs right: 9
Doing step: 136/500
IIDs left: 9
IIDs right: 9
Doing step: 137/500
IIDs left: 9
IIDs right: 9
Doing step: 138/500
IIDs left: 8
IIDs right: 8
Doing step: 139/500
IIDs left: 8
IIDs right: 8
Doing step: 140/500
IIDs left: 8
IIDs right: 8
Doing step: 141/500
IIDs left: 8
IIDs right: 8
Doing step: 142/500
IIDs left: 8
IIDs right: 8
Doing step: 143/500
IIDs left: 8
IIDs right: 8
Doing step: 144/500
IIDs left: 8
IIDs right: 8
Doing step: 145/500
IIDs left: 8
IIDs right: 8
Doing step: 146/500
IIDs left: 8
IIDs right: 8
Doing step: 147/500
IIDs left: 8
IIDs right: 8
Doing step: 148/500
IIDs left: 8
IIDs right: 8
Doing step: 149/500
IIDs left: 8
IIDs right: 8
Doing step: 150/500
IIDs left: 8
IIDs right: 8
Doing step: 151/500
IIDs left: 8
IIDs right: 8
Doing step: 152/500
IIDs left: 8
IIDs right: 8
Doing step: 153/500
IIDs left: 8
IIDs right: 8
Doing step: 154/500
IIDs left: 8
IIDs right: 8
Doing step: 155/500
IIDs left: 8
IIDs right: 8
Doing step: 156/500
IIDs left: 8
IIDs right: 8
Doing step: 157/500
IIDs left: 8
IIDs right: 8
Doing step: 158/500
IIDs left: 8
IIDs right: 8
Doing step: 159/500
IIDs left: 8
IIDs right: 8
Doing step: 160/500
IIDs left: 8
IIDs right: 8
Doing step: 161/500
IIDs left: 8
IIDs right: 8
Doing step: 162/500
IIDs left: 8
IIDs right: 8
Doing step: 163/500
IIDs left: 8
IIDs right: 8
Doing step: 164/500
IIDs left: 8
IIDs right: 8
Doing step: 165/500
IIDs left: 8
IIDs right: 8
Doing step: 166/500
IIDs left: 8
IIDs right: 8
Doing step: 167/500
IIDs left: 8
IIDs right: 8
Doing step: 168/500
IIDs left: 8
IIDs right: 8
Doing step: 169/500
IIDs left: 8
IIDs right: 8
Doing step: 170/500
IIDs left: 8
IIDs right: 8
Doing step: 171/500
IIDs left: 8
IIDs right: 8
Doing step: 172/500
IIDs left: 8
IIDs right: 8
Doing step: 173/500
IIDs left: 8
IIDs right: 8
Doing step: 174/500
IIDs left: 8
IIDs right: 8
Doing step: 175/500
IIDs left: 8
IIDs right: 8
Doing step: 176/500
IIDs left: 8
IIDs right: 8
Doing step: 177/500
IIDs left: 7
IIDs right: 7
Doing step: 178/500
IIDs left: 7
IIDs right: 7
Doing step: 179/500
IIDs left: 7
IIDs right: 7
Doing step: 180/500
IIDs left: 7
IIDs right: 7
Doing step: 181/500
IIDs left: 7
IIDs right: 7
Doing step: 182/500
IIDs left: 7
IIDs right: 7
Doing step: 183/500
IIDs left: 7
IIDs right: 7
Doing step: 184/500
IIDs left: 7
IIDs right: 7
Doing step: 185/500
IIDs left: 7
IIDs right: 7
Doing step: 186/500
IIDs left: 7
IIDs right: 7
Doing step: 187/500
IIDs left: 7
IIDs right: 7
Doing step: 188/500
IIDs left: 7
IIDs right: 7
Doing step: 189/500
IIDs left: 7
IIDs right: 7
Doing step: 190/500
IIDs left: 7
IIDs right: 7
Doing step: 191/500
IIDs left: 7
IIDs right: 7
Doing step: 192/500
IIDs left: 7
IIDs right: 7
Doing step: 193/500
IIDs left: 7
IIDs right: 7
Doing step: 194/500
IIDs left: 7
IIDs right: 7
Doing step: 195/500
IIDs left: 7
IIDs right: 7
Doing step: 196/500
IIDs left: 7
IIDs right: 7
Doing step: 197/500
IIDs left: 7
IIDs right: 7
Doing step: 198/500
IIDs left: 7
IIDs right: 7
Doing step: 199/500
IIDs left: 7
IIDs right: 7
Doing step: 200/500
IIDs left: 7
IIDs right: 7
Doing step: 201/500
IIDs left: 7
IIDs right: 7
Doing step: 202/500
IIDs left: 7
IIDs right: 7
Doing step: 203/500
IIDs left: 7
IIDs right: 7
Doing step: 204/500
IIDs left: 7
IIDs right: 7
Doing step: 205/500
IIDs left: 7
IIDs right: 7
Doing step: 206/500
IIDs left: 7
IIDs right: 7
Doing step: 207/500
IIDs left: 7
IIDs right: 7
Doing step: 208/500
IIDs left: 7
IIDs right: 7
Doing step: 209/500
IIDs left: 7
IIDs right: 7
Doing step: 210/500
IIDs left: 7
IIDs right: 7
Doing step: 211/500
IIDs left: 7
IIDs right: 7
Doing step: 212/500
IIDs left: 7
IIDs right: 7
Doing step: 213/500
IIDs left: 7
IIDs right: 7
Doing step: 214/500
IIDs left: 7
IIDs right: 7
Doing step: 215/500
IIDs left: 7
IIDs right: 7
Doing step: 216/500
IIDs left: 7
IIDs right: 7
Doing step: 217/500
IIDs left: 7
IIDs right: 7
Doing step: 218/500
IIDs left: 7
IIDs right: 7
Doing step: 219/500
IIDs left: 7
IIDs right: 7
Doing step: 220/500
IIDs left: 7
IIDs right: 7
Doing step: 221/500
IIDs left: 7
IIDs right: 7
Doing step: 222/500
IIDs left: 7
IIDs right: 7
Doing step: 223/500
IIDs left: 7
IIDs right: 7
Doing step: 224/500
IIDs left: 7
IIDs right: 7
Doing step: 225/500
IIDs left: 7
IIDs right: 7
Doing step: 226/500
IIDs left: 7
IIDs right: 7
Doing step: 227/500
IIDs left: 7
IIDs right: 7
Doing step: 228/500
IIDs left: 7
IIDs right: 7
Doing step: 229/500
IIDs left: 7
IIDs right: 7
Doing step: 230/500
IIDs left: 7
IIDs right: 7
Doing step: 231/500
IIDs left: 7
IIDs right: 7
Doing step: 232/500
IIDs left: 7
IIDs right: 7
Doing step: 233/500
IIDs left: 7
IIDs right: 7
Doing step: 234/500
IIDs left: 7
IIDs right: 7
Doing step: 235/500
IIDs left: 7
IIDs right: 7
Doing step: 236/500
IIDs left: 6
IIDs right: 6
Doing step: 237/500
IIDs left: 6
IIDs right: 6
Doing step: 238/500
IIDs left: 6
IIDs right: 6
Doing step: 239/500
IIDs left: 6
IIDs right: 6
Doing step: 240/500
IIDs left: 6
IIDs right: 6
Doing step: 241/500
IIDs left: 6
IIDs right: 6
Doing step: 242/500
IIDs left: 6
IIDs right: 6
Doing step: 243/500
IIDs left: 6
IIDs right: 6
Doing step: 244/500
IIDs left: 6
IIDs right: 6
Doing step: 245/500
IIDs left: 6
IIDs right: 6
Doing step: 246/500
IIDs left: 6
IIDs right: 6
Doing step: 247/500
IIDs left: 6
IIDs right: 6
Doing step: 248/500
IIDs left: 6
IIDs right: 6
Doing step: 249/500
IIDs left: 6
IIDs right: 6
Doing step: 250/500
IIDs left: 6
IIDs right: 6
Doing step: 251/500
IIDs left: 6
IIDs right: 6
Doing step: 252/500
IIDs left: 6
IIDs right: 6
Doing step: 253/500
IIDs left: 6
IIDs right: 6
Doing step: 254/500
IIDs left: 6
IIDs right: 6
Doing step: 255/500
IIDs left: 6
IIDs right: 6
Doing step: 256/500
IIDs left: 6
IIDs right: 6
Doing step: 257/500
IIDs left: 6
IIDs right: 6
Doing step: 258/500
IIDs left: 6
IIDs right: 6
Doing step: 259/500
IIDs left: 6
IIDs right: 6
Doing step: 260/500
IIDs left: 6
IIDs right: 6
Doing step: 261/500
IIDs left: 6
IIDs right: 6
Doing step: 262/500
IIDs left: 6
IIDs right: 6
Doing step: 263/500
IIDs left: 6
IIDs right: 6
Doing step: 264/500
IIDs left: 6
IIDs right: 6
Doing step: 265/500
IIDs left: 6
IIDs right: 6
Doing step: 266/500
IIDs left: 6
IIDs right: 6
Doing step: 267/500
IIDs left: 6
IIDs right: 6
Doing step: 268/500
IIDs left: 6
IIDs right: 6
Doing step: 269/500
IIDs left: 6
IIDs right: 6
Doing step: 270/500
IIDs left: 6
IIDs right: 6
Doing step: 271/500
IIDs left: 6
IIDs right: 6
Doing step: 272/500
IIDs left: 6
IIDs right: 6
Doing step: 273/500
IIDs left: 6
IIDs right: 6
Doing step: 274/500
IIDs left: 6
IIDs right: 6
Doing step: 275/500
IIDs left: 6
IIDs right: 6
Doing step: 276/500
IIDs left: 6
IIDs right: 6
Doing step: 277/500
IIDs left: 6
IIDs right: 6
Doing step: 278/500
IIDs left: 6
IIDs right: 6
Doing step: 279/500
IIDs left: 6
IIDs right: 6
Doing step: 280/500
IIDs left: 6
IIDs right: 6
Doing step: 281/500
IIDs left: 6
IIDs right: 6
Doing step: 282/500
IIDs left: 6
IIDs right: 6
Doing step: 283/500
IIDs left: 6
IIDs right: 6
Doing step: 284/500
IIDs left: 6
IIDs right: 6
Doing step: 285/500
IIDs left: 6
IIDs right: 6
Doing step: 286/500
IIDs left: 6
IIDs right: 6
Doing step: 287/500
IIDs left: 6
IIDs right: 6
Doing step: 288/500
IIDs left: 6
IIDs right: 6
Doing step: 289/500
IIDs left: 6
IIDs right: 6
Doing step: 290/500
IIDs left: 6
IIDs right: 6
Doing step: 291/500
IIDs left: 6
IIDs right: 6
Doing step: 292/500
IIDs left: 6
IIDs right: 6
Doing step: 293/500
IIDs left: 6
IIDs right: 6
Doing step: 294/500
IIDs left: 6
IIDs right: 6
Doing step: 295/500
IIDs left: 6
IIDs right: 6
Doing step: 296/500
IIDs left: 6
IIDs right: 6
Doing step: 297/500
IIDs left: 6
IIDs right: 6
Doing step: 298/500
IIDs left: 6
IIDs right: 6
Doing step: 299/500
IIDs left: 6
IIDs right: 6
Doing step: 300/500
IIDs left: 6
IIDs right: 6
Doing step: 301/500
IIDs left: 6
IIDs right: 6
Doing step: 302/500
IIDs left: 6
IIDs right: 6
Doing step: 303/500
IIDs left: 6
IIDs right: 6
Doing step: 304/500
IIDs left: 6
IIDs right: 6
Doing step: 305/500
IIDs left: 6
IIDs right: 6
Doing step: 306/500
IIDs left: 6
IIDs right: 6
Doing step: 307/500
IIDs left: 6
IIDs right: 6
Doing step: 308/500
IIDs left: 6
IIDs right: 6
Doing step: 309/500
IIDs left: 6
IIDs right: 6
Doing step: 310/500
IIDs left: 6
IIDs right: 6
Doing step: 311/500
IIDs left: 6
IIDs right: 6
Doing step: 312/500
IIDs left: 6
IIDs right: 6
Doing step: 313/500
IIDs left: 6
IIDs right: 6
Doing step: 314/500
IIDs left: 6
IIDs right: 6
Doing step: 315/500
IIDs left: 6
IIDs right: 6
Doing step: 316/500
IIDs left: 6
IIDs right: 6
Doing step: 317/500
IIDs left: 6
IIDs right: 6
Doing step: 318/500
IIDs left: 6
IIDs right: 6
Doing step: 319/500
IIDs left: 6
IIDs right: 6
Doing step: 320/500
IIDs left: 6
IIDs right: 6
Doing step: 321/500
IIDs left: 6
IIDs right: 6
Doing step: 322/500
IIDs left: 6
IIDs right: 6
Doing step: 323/500
IIDs left: 6
IIDs right: 6
Doing step: 324/500
IIDs left: 6
IIDs right: 6
Doing step: 325/500
IIDs left: 6
IIDs right: 6
Doing step: 326/500
IIDs left: 6
IIDs right: 6
Doing step: 327/500
IIDs left: 6
IIDs right: 6
Doing step: 328/500
IIDs left: 6
IIDs right: 6
Doing step: 329/500
IIDs left: 6
IIDs right: 6
Doing step: 330/500
IIDs left: 5
IIDs right: 5
Doing step: 331/500
IIDs left: 5
IIDs right: 5
Doing step: 332/500
IIDs left: 5
IIDs right: 5
Doing step: 333/500
IIDs left: 5
IIDs right: 5
Doing step: 334/500
IIDs left: 5
IIDs right: 5
Doing step: 335/500
IIDs left: 5
IIDs right: 5
Doing step: 336/500
IIDs left: 5
IIDs right: 5
Doing step: 337/500
IIDs left: 5
IIDs right: 5
Doing step: 338/500
IIDs left: 5
IIDs right: 5
Doing step: 339/500
IIDs left: 5
IIDs right: 5
Doing step: 340/500
IIDs left: 5
IIDs right: 5
Doing step: 341/500
IIDs left: 5
IIDs right: 5
Doing step: 342/500
IIDs left: 5
IIDs right: 5
Doing step: 343/500
IIDs left: 5
IIDs right: 5
Doing step: 344/500
IIDs left: 5
IIDs right: 5
Doing step: 345/500
IIDs left: 5
IIDs right: 5
Doing step: 346/500
IIDs left: 5
IIDs right: 5
Doing step: 347/500
IIDs left: 5
IIDs right: 5
Doing step: 348/500
IIDs left: 5
IIDs right: 5
Doing step: 349/500
IIDs left: 5
IIDs right: 5
Doing step: 350/500
IIDs left: 5
IIDs right: 5
Doing step: 351/500
IIDs left: 5
IIDs right: 5
Doing step: 352/500
IIDs left: 5
IIDs right: 5
Doing step: 353/500
IIDs left: 5
IIDs right: 5
Doing step: 354/500
IIDs left: 5
IIDs right: 5
Doing step: 355/500
IIDs left: 5
IIDs right: 5
Doing step: 356/500
IIDs left: 5
IIDs right: 5
Doing step: 357/500
IIDs left: 5
IIDs right: 5
Doing step: 358/500
IIDs left: 5
IIDs right: 5
Doing step: 359/500
IIDs left: 5
IIDs right: 5
Doing step: 360/500
IIDs left: 5
IIDs right: 5
Doing step: 361/500
IIDs left: 5
IIDs right: 5
Doing step: 362/500
IIDs left: 5
IIDs right: 5
Doing step: 363/500
IIDs left: 5
IIDs right: 5
Doing step: 364/500
IIDs left: 5
IIDs right: 5
Doing step: 365/500
IIDs left: 5
IIDs right: 5
Doing step: 366/500
IIDs left: 5
IIDs right: 5
Doing step: 367/500
IIDs left: 5
IIDs right: 5
Doing step: 368/500
IIDs left: 5
IIDs right: 5
Doing step: 369/500
IIDs left: 5
IIDs right: 5
Doing step: 370/500
IIDs left: 5
IIDs right: 5
Doing step: 371/500
IIDs left: 5
IIDs right: 5
Doing step: 372/500
IIDs left: 5
IIDs right: 5
Doing step: 373/500
IIDs left: 5
IIDs right: 5
Doing step: 374/500
IIDs left: 5
IIDs right: 5
Doing step: 375/500
IIDs left: 5
IIDs right: 5
Doing step: 376/500
IIDs left: 5
IIDs right: 5
Doing step: 377/500
IIDs left: 5
IIDs right: 5
Doing step: 378/500
IIDs left: 5
IIDs right: 5
Doing step: 379/500
IIDs left: 5
IIDs right: 5
Doing step: 380/500
IIDs left: 5
IIDs right: 5
Doing step: 381/500
IIDs left: 5
IIDs right: 5
Doing step: 382/500
IIDs left: 5
IIDs right: 5
Doing step: 383/500
IIDs left: 5
IIDs right: 5
Doing step: 384/500
IIDs left: 5
IIDs right: 5
Doing step: 385/500
IIDs left: 5
IIDs right: 5
Doing step: 386/500
IIDs left: 5
IIDs right: 5
Doing step: 387/500
IIDs left: 5
IIDs right: 5
Doing step: 388/500
IIDs left: 5
IIDs right: 5
Doing step: 389/500
IIDs left: 5
IIDs right: 5
Doing step: 390/500
IIDs left: 5
IIDs right: 5
Doing step: 391/500
IIDs left: 5
IIDs right: 5
Doing step: 392/500
IIDs left: 5
IIDs right: 5
Doing step: 393/500
IIDs left: 5
IIDs right: 5
Doing step: 394/500
IIDs left: 5
IIDs right: 5
Doing step: 395/500
IIDs left: 5
IIDs right: 5
Doing step: 396/500
IIDs left: 5
IIDs right: 5
Doing step: 397/500
IIDs left: 5
IIDs right: 5
Doing step: 398/500
IIDs left: 5
IIDs right: 5
Doing step: 399/500
IIDs left: 5
IIDs right: 5
Doing step: 400/500
IIDs left: 5
IIDs right: 5
Doing step: 401/500
IIDs left: 5
IIDs right: 5
Doing step: 402/500
IIDs left: 5
IIDs right: 5
Doing step: 403/500
IIDs left: 5
IIDs right: 5
Doing step: 404/500
IIDs left: 5
IIDs right: 5
Doing step: 405/500
IIDs left: 5
IIDs right: 5
Doing step: 406/500
IIDs left: 5
IIDs right: 5
Doing step: 407/500
IIDs left: 5
IIDs right: 5
Doing step: 408/500
IIDs left: 5
IIDs right: 5
Doing step: 409/500
IIDs left: 5
IIDs right: 5
Doing step: 410/500
IIDs left: 5
IIDs right: 5
Doing step: 411/500
IIDs left: 5
IIDs right: 5
Doing step: 412/500
IIDs left: 5
IIDs right: 5
Doing step: 413/500
IIDs left: 5
IIDs right: 5
Doing step: 414/500
IIDs left: 5
IIDs right: 5
Doing step: 415/500
IIDs left: 5
IIDs right: 5
Doing step: 416/500
IIDs left: 5
IIDs right: 5
Doing step: 417/500
IIDs left: 5
IIDs right: 5
Doing step: 418/500
IIDs left: 5
IIDs right: 5
Doing step: 419/500
IIDs left: 5
IIDs right: 5
Doing step: 420/500
IIDs left: 5
IIDs right: 5
Doing step: 421/500
IIDs left: 5
IIDs right: 5
Doing step: 422/500
IIDs left: 5
IIDs right: 5
Doing step: 423/500
IIDs left: 5
IIDs right: 5
Doing step: 424/500
IIDs left: 5
IIDs right: 5
Doing step: 425/500
IIDs left: 5
IIDs right: 5
Doing step: 426/500
IIDs left: 5
IIDs right: 5
Doing step: 427/500
IIDs left: 5
IIDs right: 5
Doing step: 428/500
IIDs left: 5
IIDs right: 5
Doing step: 429/500
IIDs left: 5
IIDs right: 5
Doing step: 430/500
IIDs left: 5
IIDs right: 5
Doing step: 431/500
IIDs left: 5
IIDs right: 5
Doing step: 432/500
IIDs left: 5
IIDs right: 5
Doing step: 433/500
IIDs left: 5
IIDs right: 5
Doing step: 434/500
IIDs left: 5
IIDs right: 5
Doing step: 435/500
IIDs left: 5
IIDs right: 5
Doing step: 436/500
IIDs left: 5
IIDs right: 5
Doing step: 437/500
IIDs left: 5
IIDs right: 5
Doing step: 438/500
IIDs left: 5
IIDs right: 5
Doing step: 439/500
IIDs left: 5
IIDs right: 5
Doing step: 440/500
IIDs left: 5
IIDs right: 5
Doing step: 441/500
IIDs left: 5
IIDs right: 5
Doing step: 442/500
IIDs left: 5
IIDs right: 5
Doing step: 443/500
IIDs left: 5
IIDs right: 5
Doing step: 444/500
IIDs left: 5
IIDs right: 5
Doing step: 445/500
IIDs left: 5
IIDs right: 5
Doing step: 446/500
IIDs left: 5
IIDs right: 5
Doing step: 447/500
IIDs left: 5
IIDs right: 5
Doing step: 448/500
IIDs left: 5
IIDs right: 5
Doing step: 449/500
IIDs left: 5
IIDs right: 5
Doing step: 450/500
IIDs left: 5
IIDs right: 5
Doing step: 451/500
IIDs left: 5
IIDs right: 5
Doing step: 452/500
IIDs left: 5
IIDs right: 5
Doing step: 453/500
IIDs left: 5
IIDs right: 5
Doing step: 454/500
IIDs left: 5
IIDs right: 5
Doing step: 455/500
IIDs left: 5
IIDs right: 5
Doing step: 456/500
IIDs left: 5
IIDs right: 5
Doing step: 457/500
IIDs left: 5
IIDs right: 5
Doing step: 458/500
IIDs left: 5
IIDs right: 5
Doing step: 459/500
IIDs left: 5
IIDs right: 5
Doing step: 460/500
IIDs left: 5
IIDs right: 5
Doing step: 461/500
IIDs left: 5
IIDs right: 5
Doing step: 462/500
IIDs left: 5
IIDs right: 5
Doing step: 463/500
IIDs left: 5
IIDs right: 5
Doing step: 464/500
IIDs left: 5
IIDs right: 5
Doing step: 465/500
IIDs left: 5
IIDs right: 5
Doing step: 466/500
IIDs left: 5
IIDs right: 5
Doing step: 467/500
IIDs left: 5
IIDs right: 5
Doing step: 468/500
IIDs left: 5
IIDs right: 5
Doing step: 469/500
IIDs left: 5
IIDs right: 5
Doing step: 470/500
IIDs left: 5
IIDs right: 5
Doing step: 471/500
IIDs left: 5
IIDs right: 5
Doing step: 472/500
IIDs left: 5
IIDs right: 5
Doing step: 473/500
IIDs left: 5
IIDs right: 5
Doing step: 474/500
IIDs left: 5
IIDs right: 5
Doing step: 475/500
IIDs left: 5
IIDs right: 5
Doing step: 476/500
IIDs left: 5
IIDs right: 5
Doing step: 477/500
IIDs left: 5
IIDs right: 5
Doing step: 478/500
IIDs left: 5
IIDs right: 5
Doing step: 479/500
IIDs left: 5
IIDs right: 5
Doing step: 480/500
IIDs left: 5
IIDs right: 5
Doing step: 481/500
IIDs left: 5
IIDs right: 5
Doing step: 482/500
IIDs left: 5
IIDs right: 5
Doing step: 483/500
IIDs left: 5
IIDs right: 5
Doing step: 484/500
IIDs left: 5
IIDs right: 5
Doing step: 485/500
IIDs left: 5
IIDs right: 5
Doing step: 486/500
IIDs left: 5
IIDs right: 5
Doing step: 487/500
IIDs left: 5
IIDs right: 5
Doing step: 488/500
IIDs left: 5
IIDs right: 5
Doing step: 489/500
IIDs left: 5
IIDs right: 5
Doing step: 490/500
IIDs left: 5
IIDs right: 5
Doing step: 491/500
IIDs left: 5
IIDs right: 5
Doing step: 492/500
IIDs left: 5
IIDs right: 5
Doing step: 493/500
IIDs left: 4
IIDs right: 4
Doing step: 494/500
IIDs left: 4
IIDs right: 4
Doing step: 495/500
IIDs left: 4
IIDs right: 4
Doing step: 496/500
IIDs left: 4
IIDs right: 4
Doing step: 497/500
IIDs left: 4
IIDs right: 4
Doing step: 498/500
IIDs left: 4
IIDs right: 4
Doing step: 499/500
IIDs left: 4
IIDs right: 4
Time elapsed: 220.270 seconds
IBD Blocks found: 15691
Length of Reduced Start List: 24
Total Block Nr. for Analysis: 13134
Initializing MLE-Object with Start Parameters: 
[100, 100, 0.5, 0.5, 0.5]
Barrier Pos.:
[100, 100]
Barrier Angle:
0
Transformed Position List:
[[ 98 102]
 [106 102]
 [ 94  94]
 [ 98 106]
 [110 106]
 [ 90  98]
 [110  98]
 [110  94]
 [ 94 106]
 [ 94 102]
 [106  94]
 [102 102]
 [ 98  94]
 [ 94  98]
 [ 90  94]
 [ 90 106]
 [110 102]
 [106 106]
 [102 106]
 [102  94]
 [102  98]
 [ 98  98]
 [ 90 102]
 [106  98]]
Step: 0.8432
L: 44.0000
Barycentric Coordinates:
  (1075, 0)	0.2335714762339999
  (1076, 0)	0.3946023267290085
  (1119, 0)	0.1382547208029917
  (1120, 0)	0.2335714762339999
  (1085, 1)	0.5556331772240176
  (1086, 1)	0.07254062573899074
  (1129, 1)	0.3288882316650084
  (1130, 1)	0.042937965371983175
  (630, 2)	0.013335305004975503
  (631, 2)	0.10214328610599842
  (674, 2)	0.10214328610599842
  (675, 2)	0.7823781227830277
  (1295, 3)	0.3288882316650084
  (1296, 3)	0.5556331772240176
  (1339, 3)	0.042937965371983175
  (1340, 3)	0.07254062573899074
  (1309, 4)	0.1246016594530116
  (1310, 4)	0.7599197494360145
  (1353, 4)	0.016267355362032165
  (1354, 4)	0.09921123574894175
  (846, 5)	0.31944740697796625
  (847, 5)	0.052378790059025356
  (890, 5)	0.53968357820699
  (891, 5)	0.08849022475601842
  (869, 6)	0.052378790059025356
  :	:
  (1350, 17)	0.013335305004975503
  (1300, 18)	0.5556331772240176
  (1301, 18)	0.3288882316650084
  (1344, 18)	0.07254062573899074
  (1345, 18)	0.042937965371983175
  (640, 19)	0.07254062573899074
  (641, 19)	0.042937965371983175
  (684, 19)	0.5556331772240176
  (685, 19)	0.3288882316650084
  (860, 20)	0.2335714762339999
  (861, 20)	0.1382547208029917
  (904, 20)	0.3946023267290085
  (905, 20)	0.2335714762339999
  (855, 21)	0.1382547208029917
  (856, 21)	0.2335714762339999
  (899, 21)	0.2335714762339999
  (900, 21)	0.3946023267290085
  (1066, 22)	0.53968357820699
  (1067, 22)	0.08849022475601842
  (1110, 22)	0.31944740697796625
  (1111, 22)	0.052378790059025356
  (865, 23)	0.3288882316650084
  (866, 23)	0.042937965371983175
  (909, 23)	0.5556331772240176
  (910, 23)	0.07254062573899074
Doing fit...
nl: 100.0000
nr: 100.0000
sigma_l: 0.5000
sigma_r: 0.5000
beta: 0.5000
Time for calculation: 0.9314
Total log likelihood: -72125.0488
nl: 105.0000
nr: 100.0000
sigma_l: 0.5000
sigma_r: 0.5000
beta: 0.5000
Time for calculation: 0.9330
Total log likelihood: -72116.4558
nl: 100.0000
nr: 105.0000
sigma_l: 0.5000
sigma_r: 0.5000
beta: 0.5000
Time for calculation: 0.9122
Total log likelihood: -72110.5621
nl: 100.0000
nr: 100.0000
sigma_l: 0.5250
sigma_r: 0.5000
beta: 0.5000
Time for calculation: 0.9548
Total log likelihood: -71901.0362
nl: 100.0000
nr: 100.0000
sigma_l: 0.5000
sigma_r: 0.5250
beta: 0.5000
Time for calculation: 0.9318
Total log likelihood: -71869.4244
nl: 100.0000
nr: 100.0000
sigma_l: 0.5000
sigma_r: 0.5000
beta: 0.5250
Time for calculation: 0.9491
Total log likelihood: -72220.4401
nl: 102.0000
nr: 102.0000
sigma_l: 0.5100
sigma_r: 0.5100
beta: 0.4750
Time for calculation: 0.9373
Total log likelihood: -71923.3981
nl: 102.8000
nr: 102.8000
sigma_l: 0.5140
sigma_r: 0.5140
beta: 0.4900
Time for calculation: 0.9347
Total log likelihood: -71822.1897
nl: 104.2000
nr: 104.2000
sigma_l: 0.5210
sigma_r: 0.5210
beta: 0.4850
Time for calculation: 0.9355
Total log likelihood: -71696.6792
nl: 97.4800
nr: 104.4800
sigma_l: 0.5224
sigma_r: 0.5224
beta: 0.4840
Time for calculation: 0.9172
Total log likelihood: -71674.9186
nl: 93.7200
nr: 106.7200
sigma_l: 0.5336
sigma_r: 0.5336
beta: 0.4760
Time for calculation: 0.9204
Total log likelihood: -71504.2257
nl: 99.9680
nr: 100.1680
sigma_l: 0.5358
sigma_r: 0.5358
beta: 0.4744
Time for calculation: 0.9067
Total log likelihood: -71445.7760
nl: 99.9520
nr: 97.7520
sigma_l: 0.5538
sigma_r: 0.5538
beta: 0.4616
Time for calculation: 0.8861
Total log likelihood: -71191.5865
nl: 97.1488
nr: 101.4688
sigma_l: 0.5433
sigma_r: 0.5433
beta: 0.4940
Time for calculation: 0.9370
Total log likelihood: -71336.8925
nl: 98.0083
nr: 104.0563
sigma_l: 0.5357
sigma_r: 0.5707
beta: 0.4667
Time for calculation: 0.9147
Total log likelihood: -71189.9991
nl: 97.0125
nr: 106.0845
sigma_l: 0.5410
sigma_r: 0.6060
beta: 0.4500
Time for calculation: 1.1900
Total log likelihood: -70998.9114
nl: 96.8133
nr: 106.4901
sigma_l: 0.5771
sigma_r: 0.5781
beta: 0.4466
Time for calculation: 0.9283
Total log likelihood: -70964.1673
nl: 95.2200
nr: 109.7352
sigma_l: 0.6156
sigma_r: 0.6046
beta: 0.4200
Time for calculation: 1.1766
Total log likelihood: -70838.3622
nl: 89.0213
nr: 104.5042
sigma_l: 0.5939
sigma_r: 0.6155
beta: 0.4356
Time for calculation: 1.1851
Total log likelihood: -70667.3794
nl: 81.4319
nr: 104.6563
sigma_l: 0.6304
sigma_r: 0.6628
beta: 0.4110
Time for calculation: 1.1840
Total log likelihood: -70436.2863
nl: 94.5861
nr: 101.1587
sigma_l: 0.6201
sigma_r: 0.6546
beta: 0.4186
Time for calculation: 1.1854
Total log likelihood: -70512.7340
nl: 90.1322
nr: 106.2858
sigma_l: 0.6410
sigma_r: 0.6894
beta: 0.3704
Time for calculation: 1.1828
Total log likelihood: -70820.9182
nl: 83.4011
nr: 113.4162
sigma_l: 0.6655
sigma_r: 0.7332
beta: 0.3664
Time for calculation: 1.2042
Total log likelihood: -70712.5917
nl: 80.8960
nr: 108.0164
sigma_l: 0.7280
sigma_r: 0.7319
beta: 0.3446
Time for calculation: 1.1837
Total log likelihood: -70765.7833
nl: 76.9590
nr: 103.6782
sigma_l: 0.6984
sigma_r: 0.7842
beta: 0.3444
Time for calculation: 1.1951
Total log likelihood: -70590.5247
nl: 76.7774
nr: 106.0844
sigma_l: 0.6959
sigma_r: 0.7373
beta: 0.3836
Time for calculation: 1.1841
Total log likelihood: -70300.9319
nl: 70.1001
nr: 105.9837
sigma_l: 0.7234
sigma_r: 0.7612
beta: 0.3901
Time for calculation: 1.1871
Total log likelihood: -70205.5798
nl: 81.6952
nr: 103.5408
sigma_l: 0.6071
sigma_r: 0.7066
beta: 0.4276
Time for calculation: 1.1782
Total log likelihood: -70304.5174
nl: 78.5078
nr: 94.1909
sigma_l: 0.6462
sigma_r: 0.6945
beta: 0.4303
Time for calculation: 1.1776
Total log likelihood: -70161.3693
nl: 76.0612
nr: 84.5783
sigma_l: 0.6366
sigma_r: 0.6751
beta: 0.4623
Time for calculation: 1.1834
Total log likelihood: -70394.9415
nl: 85.5695
nr: 100.1340
sigma_l: 0.5925
sigma_r: 0.6077
beta: 0.4867
Time for calculation: 1.1799
Total log likelihood: -70723.2440
nl: 79.1116
nr: 102.7921
sigma_l: 0.6719
sigma_r: 0.7400
beta: 0.3800
Time for calculation: 1.1774
Total log likelihood: -70334.1447
nl: 61.7526
nr: 103.3069
sigma_l: 0.6916
sigma_r: 0.7714
beta: 0.3970
Time for calculation: 1.1878
Total log likelihood: -70314.3776
nl: 67.0350
nr: 99.2695
sigma_l: 0.7057
sigma_r: 0.8067
beta: 0.3990
Time for calculation: 1.4704
Total log likelihood: -70079.6635
nl: 59.8365
nr: 96.5761
sigma_l: 0.7433
sigma_r: 0.8786
beta: 0.3931
Time for calculation: 1.4826
Total log likelihood: -70159.1098
nl: 64.5247
nr: 99.7246
sigma_l: 0.6777
sigma_r: 0.7561
beta: 0.4377
Time for calculation: 1.1693
Total log likelihood: -70352.2913
nl: 75.4649
nr: 102.0252
sigma_l: 0.6734
sigma_r: 0.7441
beta: 0.3944
Time for calculation: 1.1673
Total log likelihood: -70190.5386
nl: 87.3686
nr: 98.6972
sigma_l: 0.6507
sigma_r: 0.7138
beta: 0.4196
Time for calculation: 1.1913
Total log likelihood: -70184.2483
nl: 69.6953
nr: 96.5258
sigma_l: 0.7527
sigma_r: 0.7816
beta: 0.3858
Time for calculation: 1.1831
Total log likelihood: -70070.5440
nl: 63.6954
nr: 93.0183
sigma_l: 0.8255
sigma_r: 0.8190
beta: 0.3648
Time for calculation: 1.4518
Total log likelihood: -70143.1327
nl: 81.1286
nr: 90.2998
sigma_l: 0.6481
sigma_r: 0.7350
beta: 0.4215
Time for calculation: 1.1821
Total log likelihood: -70069.5600
nl: 86.6428
nr: 82.4578
sigma_l: 0.6104
sigma_r: 0.7219
beta: 0.4372
Time for calculation: 1.1916
Total log likelihood: -70263.4888
nl: 78.0293
nr: 89.5680
sigma_l: 0.6880
sigma_r: 0.7486
beta: 0.4281
Time for calculation: 1.1756
Total log likelihood: -69963.3696
nl: 79.3114
nr: 83.3394
sigma_l: 0.6953
sigma_r: 0.7508
beta: 0.4450
Time for calculation: 1.1795
Total log likelihood: -69978.2911
nl: 62.3898
nr: 89.2444
sigma_l: 0.7255
sigma_r: 0.7927
beta: 0.4063
Time for calculation: 1.1620
Total log likelihood: -70088.5041
nl: 64.8033
nr: 91.7721
sigma_l: 0.7617
sigma_r: 0.8513
beta: 0.3860
Time for calculation: 1.4742
Total log likelihood: -70006.9121
nl: 81.8868
nr: 97.7297
sigma_l: 0.6969
sigma_r: 0.7765
beta: 0.4019
Time for calculation: 1.1615
Total log likelihood: -70082.8465
nl: 77.0125
nr: 95.6084
sigma_l: 0.7041
sigma_r: 0.7806
beta: 0.4030
Time for calculation: 1.1894
Total log likelihood: -70012.4001
nl: 81.2326
nr: 86.2401
sigma_l: 0.7162
sigma_r: 0.7521
beta: 0.4107
Time for calculation: 1.1920
Total log likelihood: -69942.1367
nl: 88.3314
nr: 79.7254
sigma_l: 0.7214
sigma_r: 0.7248
beta: 0.4166
Time for calculation: 1.1895
Total log likelihood: -69992.4688
nl: 83.1872
nr: 84.8695
sigma_l: 0.6545
sigma_r: 0.7655
beta: 0.4340
Time for calculation: 1.1754
Total log likelihood: -70023.1297
nl: 72.5774
nr: 88.9235
sigma_l: 0.7618
sigma_r: 0.8242
beta: 0.4032
Time for calculation: 1.4775
Total log likelihood: -69903.3895
nl: 68.3018
nr: 88.2354
sigma_l: 0.8186
sigma_r: 0.8688
beta: 0.3940
Time for calculation: 1.4839
Total log likelihood: -69954.9638
nl: 66.2748
nr: 95.9753
sigma_l: 0.7982
sigma_r: 0.8172
beta: 0.3784
Time for calculation: 1.4381
Total log likelihood: -70101.8578
nl: 78.9591
nr: 87.6460
sigma_l: 0.6904
sigma_r: 0.7784
beta: 0.4201
Time for calculation: 1.1845
Total log likelihood: -69931.5544
nl: 73.2281
nr: 82.0515
sigma_l: 0.7432
sigma_r: 0.8013
beta: 0.4162
Time for calculation: 1.4735
Total log likelihood: -69865.2246
nl: 71.3360
nr: 75.2731
sigma_l: 0.7627
sigma_r: 0.8116
beta: 0.4229
Time for calculation: 1.4626
Total log likelihood: -69897.9537
nl: 88.8073
nr: 81.9996
sigma_l: 0.6781
sigma_r: 0.7105
beta: 0.4454
Time for calculation: 1.1722
Total log likelihood: -70076.2790
nl: 70.8043
nr: 89.3290
sigma_l: 0.7408
sigma_r: 0.8161
beta: 0.4008
Time for calculation: 1.5022
Total log likelihood: -69920.7414
nl: 72.6914
nr: 84.1080
sigma_l: 0.7729
sigma_r: 0.8403
beta: 0.3923
Time for calculation: 1.4512
Total log likelihood: -69893.0988
nl: 66.0715
nr: 86.5831
sigma_l: 0.7675
sigma_r: 0.8720
beta: 0.4023
Time for calculation: 1.4695
Total log likelihood: -69922.2516
nl: 63.1900
nr: 84.7520
sigma_l: 0.8240
sigma_r: 0.8831
beta: 0.3859
Time for calculation: 1.4628
Total log likelihood: -69975.7799
nl: 75.0168
nr: 86.9225
sigma_l: 0.7238
sigma_r: 0.8046
beta: 0.4115
Time for calculation: 1.4527
Total log likelihood: -69888.9075
nl: 79.6557
nr: 85.9507
sigma_l: 0.7295
sigma_r: 0.7626
beta: 0.4073
Time for calculation: 1.1707
Total log likelihood: -69922.7615
nl: 69.4676
nr: 86.4250
sigma_l: 0.7580
sigma_r: 0.8446
beta: 0.4036
Time for calculation: 1.4711
Total log likelihood: -69890.6437
nl: 74.3882
nr: 82.0432
sigma_l: 0.7630
sigma_r: 0.8299
beta: 0.4099
Time for calculation: 1.4385
Total log likelihood: -69848.6242
nl: 76.1802
nr: 78.4004
sigma_l: 0.7742
sigma_r: 0.8368
beta: 0.4145
Time for calculation: 1.4545
Total log likelihood: -69845.2068
nl: 74.0563
nr: 78.2394
sigma_l: 0.7471
sigma_r: 0.8268
beta: 0.4121
Time for calculation: 1.4558
Total log likelihood: -69854.7710
nl: 74.4882
nr: 80.7075
sigma_l: 0.7255
sigma_r: 0.8054
beta: 0.4309
Time for calculation: 1.4769
Total log likelihood: -69895.9324
nl: 73.1406
nr: 83.2579
sigma_l: 0.7611
sigma_r: 0.8316
beta: 0.4019
Time for calculation: 1.4508
Total log likelihood: -69864.1620
nl: 79.1812
nr: 77.1237
sigma_l: 0.7417
sigma_r: 0.7958
beta: 0.4189
Time for calculation: 1.1665
Total log likelihood: -69882.8131
nl: 75.2977
nr: 72.7067
sigma_l: 0.7830
sigma_r: 0.8323
beta: 0.4139
Time for calculation: 1.4539
Total log likelihood: -69875.4443
nl: 69.5799
nr: 80.7387
sigma_l: 0.7817
sigma_r: 0.8557
beta: 0.4045
Time for calculation: 1.4645
Total log likelihood: -69856.4375
nl: 71.1763
nr: 88.3685
sigma_l: 0.7398
sigma_r: 0.8286
beta: 0.4058
Time for calculation: 1.4639
Total log likelihood: -69899.8647
nl: 74.2674
nr: 76.6221
sigma_l: 0.7722
sigma_r: 0.8314
beta: 0.4119
Time for calculation: 1.4727
Total log likelihood: -69847.3611
nl: 73.6616
nr: 76.8519
sigma_l: 0.7913
sigma_r: 0.8716
beta: 0.4017
Time for calculation: 1.4287
Total log likelihood: -69855.7047
nl: 73.9575
nr: 73.0831
sigma_l: 0.7855
sigma_r: 0.8574
beta: 0.4159
Time for calculation: 1.4868
Total log likelihood: -69877.4956
nl: 73.3448
nr: 80.7142
sigma_l: 0.7672
sigma_r: 0.8380
beta: 0.4054
Time for calculation: 1.4635
Total log likelihood: -69848.2091
nl: 79.0242
nr: 75.5925
sigma_l: 0.7591
sigma_r: 0.8261
beta: 0.4137
Time for calculation: 1.4694
Total log likelihood: -69876.2528
nl: 71.9410
nr: 79.4521
sigma_l: 0.7760
sigma_r: 0.8483
beta: 0.4068
Time for calculation: 1.4537
Total log likelihood: -69844.8614
nl: 74.2543
nr: 80.5194
sigma_l: 0.7433
sigma_r: 0.8009
beta: 0.4186
Time for calculation: 1.4736
Total log likelihood: -69863.2150
nl: 73.8098
nr: 77.7688
sigma_l: 0.7793
sigma_r: 0.8539
beta: 0.4059
Time for calculation: 1.4476
Total log likelihood: -69846.1644
nl: 73.7610
nr: 78.9436
sigma_l: 0.8005
sigma_r: 0.8565
beta: 0.4057
Time for calculation: 1.4750
Total log likelihood: -69848.4006
nl: 73.8348
nr: 78.7676
sigma_l: 0.7871
sigma_r: 0.8491
beta: 0.4073
Time for calculation: 1.4456
Total log likelihood: -69843.6789
nl: 74.6684
nr: 75.6902
sigma_l: 0.7884
sigma_r: 0.8498
beta: 0.4131
Time for calculation: 1.4447
Total log likelihood: -69851.2814
nl: 73.6757
nr: 79.4582
sigma_l: 0.7725
sigma_r: 0.8409
beta: 0.4074
Time for calculation: 1.4915
Total log likelihood: -69843.9457
nl: 73.5092
nr: 80.9167
sigma_l: 0.7834
sigma_r: 0.8603
beta: 0.4049
Time for calculation: 1.4581
Total log likelihood: -69853.4943
nl: 74.0778
nr: 77.6958
sigma_l: 0.7750
sigma_r: 0.8386
beta: 0.4101
Time for calculation: 1.4438
Total log likelihood: -69843.3122
nl: 74.0741
nr: 79.7408
sigma_l: 0.7746
sigma_r: 0.8315
beta: 0.4125
Time for calculation: 1.4616
Total log likelihood: -69841.6655
nl: 74.2062
nr: 80.7269
sigma_l: 0.7722
sigma_r: 0.8204
beta: 0.4158
Time for calculation: 1.4539
Total log likelihood: -69843.8289
nl: 70.8612
nr: 79.6454
sigma_l: 0.7800
sigma_r: 0.8466
beta: 0.4032
Time for calculation: 1.4646
Total log likelihood: -69847.9004
nl: 74.8504
nr: 78.7116
sigma_l: 0.7756
sigma_r: 0.8392
beta: 0.4116
Time for calculation: 1.4541
Total log likelihood: -69842.6675
nl: 76.2642
nr: 78.2975
sigma_l: 0.7779
sigma_r: 0.8314
beta: 0.4128
Time for calculation: 1.4627
Total log likelihood: -69844.2935
nl: 75.1834
nr: 78.5861
sigma_l: 0.7774
sigma_r: 0.8357
beta: 0.4113
Time for calculation: 1.4566
Total log likelihood: -69842.5766
nl: 75.1325
nr: 77.9426
sigma_l: 0.7834
sigma_r: 0.8367
beta: 0.4138
Time for calculation: 1.4923
Total log likelihood: -69842.5478
nl: 75.4925
nr: 78.3032
sigma_l: 0.7673
sigma_r: 0.8236
beta: 0.4164
Time for calculation: 1.4814
Total log likelihood: -69846.7378
nl: 74.2492
nr: 78.6515
sigma_l: 0.7822
sigma_r: 0.8427
beta: 0.4096
Time for calculation: 1.4552
Total log likelihood: -69842.0468
nl: 75.3180
nr: 79.7573
sigma_l: 0.7823
sigma_r: 0.8358
beta: 0.4134
Time for calculation: 1.4678
Total log likelihood: -69840.9508
nl: 75.9381
nr: 80.7881
sigma_l: 0.7859
sigma_r: 0.8344
beta: 0.4150
Time for calculation: 1.4615
Total log likelihood: -69841.0770
nl: 74.7324
nr: 79.1597
sigma_l: 0.7844
sigma_r: 0.8337
beta: 0.4126
Time for calculation: 1.4542
Total log likelihood: -69840.5422
nl: 74.6734
nr: 79.3837
sigma_l: 0.7888
sigma_r: 0.8310
beta: 0.4131
Time for calculation: 1.4736
Total log likelihood: -69840.3595
nl: 74.1955
nr: 79.6042
sigma_l: 0.7871
sigma_r: 0.8354
beta: 0.4137
Time for calculation: 1.4783
Total log likelihood: -69840.5565
nl: 73.8716
nr: 80.9124
sigma_l: 0.7825
sigma_r: 0.8339
beta: 0.4111
Time for calculation: 1.4758
Total log likelihood: -69843.0263
nl: 74.8173
nr: 78.6850
sigma_l: 0.7832
sigma_r: 0.8360
beta: 0.4131
Time for calculation: 1.4749
Total log likelihood: -69841.0280
nl: 74.9821
nr: 80.2170
sigma_l: 0.7842
sigma_r: 0.8252
beta: 0.4167
Time for calculation: 1.4691
Total log likelihood: -69840.6672
nl: 75.5204
nr: 79.3181
sigma_l: 0.7956
sigma_r: 0.8338
beta: 0.4155
Time for calculation: 1.4477
Total log likelihood: -69840.5801
nl: 75.0585
nr: 80.6271
sigma_l: 0.7920
sigma_r: 0.8284
beta: 0.4158
Time for calculation: 1.4542
Total log likelihood: -69840.8055
nl: 74.4540
nr: 79.9027
sigma_l: 0.7968
sigma_r: 0.8257
beta: 0.4165
Time for calculation: 1.4497
Total log likelihood: -69841.9731
nl: 75.1020
nr: 79.7937
sigma_l: 0.7859
sigma_r: 0.8333
beta: 0.4142
Time for calculation: 1.4623
Total log likelihood: -69840.2901
nl: 74.7309
nr: 78.6996
sigma_l: 0.7847
sigma_r: 0.8350
beta: 0.4134
Time for calculation: 1.4540
Total log likelihood: -69840.7970
nl: 74.8128
nr: 79.1815
sigma_l: 0.7865
sigma_r: 0.8334
beta: 0.4140
Time for calculation: 1.4443
Total log likelihood: -69840.3326
nl: 74.7396
nr: 78.6955
sigma_l: 0.7933
sigma_r: 0.8416
beta: 0.4115
Time for calculation: 1.4490
Total log likelihood: -69841.5688
nl: 74.9214
nr: 79.8366
sigma_l: 0.7865
sigma_r: 0.8293
beta: 0.4154
Time for calculation: 1.4694
Total log likelihood: -69840.2301
nl: 73.9616
nr: 79.8018
sigma_l: 0.7783
sigma_r: 0.8311
beta: 0.4127
Time for calculation: 1.4507
Total log likelihood: -69841.3110
nl: 75.1307
nr: 79.4390
sigma_l: 0.7913
sigma_r: 0.8331
beta: 0.4148
Time for calculation: 1.4669
Total log likelihood: -69840.2427
nl: 75.6606
nr: 79.4496
sigma_l: 0.7885
sigma_r: 0.8286
beta: 0.4149
Time for calculation: 1.4742
Total log likelihood: -69840.3512
nl: 75.5776
nr: 79.6964
sigma_l: 0.7867
sigma_r: 0.8320
beta: 0.4162
Time for calculation: 1.4509
Total log likelihood: -69840.1143
nl: 76.0297
nr: 79.8527
sigma_l: 0.7856
sigma_r: 0.8326
beta: 0.4178
Time for calculation: 1.4541
Total log likelihood: -69840.1998
nl: 74.5572
nr: 79.7293
sigma_l: 0.7862
sigma_r: 0.8358
beta: 0.4149
Time for calculation: 1.4670
Total log likelihood: -69840.3637
nl: 75.3848
nr: 79.5195
sigma_l: 0.7879
sigma_r: 0.8304
beta: 0.4149
Time for calculation: 1.4469
Total log likelihood: -69840.1948
nl: 75.6338
nr: 80.1326
sigma_l: 0.7888
sigma_r: 0.8299
beta: 0.4162
Time for calculation: 1.4473
Total log likelihood: -69840.0334
nl: 76.0444
nr: 80.6082
sigma_l: 0.7900
sigma_r: 0.8281
beta: 0.4173
Time for calculation: 1.4545
Total log likelihood: -69840.0751
nl: 75.5574
nr: 79.6560
sigma_l: 0.7906
sigma_r: 0.8286
beta: 0.4168
Time for calculation: 1.4561
Total log likelihood: -69840.1400
nl: 75.6993
nr: 80.0974
sigma_l: 0.7849
sigma_r: 0.8270
beta: 0.4171
Time for calculation: 1.4474
Total log likelihood: -69840.0902
nl: 76.2197
nr: 79.8041
sigma_l: 0.7891
sigma_r: 0.8299
beta: 0.4171
Time for calculation: 1.4523
Total log likelihood: -69840.2267
nl: 75.8951
nr: 79.8123
sigma_l: 0.7884
sigma_r: 0.8297
beta: 0.4167
Time for calculation: 1.4388
Total log likelihood: -69840.0869
nl: 75.9605
nr: 80.2384
sigma_l: 0.7879
sigma_r: 0.8285
beta: 0.4183
Time for calculation: 1.4836
Total log likelihood: -69839.8758
nl: 76.2484
nr: 80.5978
sigma_l: 0.7878
sigma_r: 0.8276
beta: 0.4200
Time for calculation: 1.4566
Total log likelihood: -69839.7822
nl: 76.0644
nr: 80.4786
sigma_l: 0.7841
sigma_r: 0.8299
beta: 0.4176
Time for calculation: 1.4430
Total log likelihood: -69839.9690
nl: 76.2388
nr: 80.7511
sigma_l: 0.7870
sigma_r: 0.8255
beta: 0.4187
Time for calculation: 1.4346
Total log likelihood: -69839.9091
nl: 76.3329
nr: 80.6115
sigma_l: 0.7895
sigma_r: 0.8301
beta: 0.4186
Time for calculation: 1.4520
Total log likelihood: -69839.8118
nl: 76.3122
nr: 81.2164
sigma_l: 0.7864
sigma_r: 0.8274
beta: 0.4198
Time for calculation: 1.4484
Total log likelihood: -69839.7464
nl: 76.5207
nr: 81.9185
sigma_l: 0.7854
sigma_r: 0.8263
beta: 0.4213
Time for calculation: 1.4445
Total log likelihood: -69839.8510
nl: 76.8448
nr: 81.3296
sigma_l: 0.7851
sigma_r: 0.8263
beta: 0.4217
Time for calculation: 1.4579
Total log likelihood: -69839.5967
nl: 77.4504
nr: 81.9281
sigma_l: 0.7833
sigma_r: 0.8245
beta: 0.4244
Time for calculation: 1.4550
Total log likelihood: -69839.5507
nl: 76.9687
nr: 81.5634
sigma_l: 0.7895
sigma_r: 0.8242
beta: 0.4230
Time for calculation: 1.4550
Total log likelihood: -69839.6986
nl: 77.0863
nr: 81.6158
sigma_l: 0.7877
sigma_r: 0.8280
beta: 0.4236
Time for calculation: 1.4431
Total log likelihood: -69839.3771
nl: 77.5100
nr: 82.0481
sigma_l: 0.7880
sigma_r: 0.8292
beta: 0.4260
Time for calculation: 1.4623
Total log likelihood: -69839.2374
nl: 77.4629
nr: 82.3300
sigma_l: 0.7845
sigma_r: 0.8231
beta: 0.4266
Time for calculation: 1.4298
Total log likelihood: -69839.8022
nl: 77.1804
nr: 81.9004
sigma_l: 0.7857
sigma_r: 0.8248
beta: 0.4246
Time for calculation: 1.4509
Total log likelihood: -69839.5788
nl: 77.9203
nr: 82.8647
sigma_l: 0.7854
sigma_r: 0.8245
beta: 0.4272
Time for calculation: 1.4540
Total log likelihood: -69839.2431
nl: 78.4997
nr: 82.9055
sigma_l: 0.7863
sigma_r: 0.8235
beta: 0.4303
Time for calculation: 1.4721
Total log likelihood: -69839.4592
nl: 78.4555
nr: 83.0953
sigma_l: 0.7820
sigma_r: 0.8264
beta: 0.4300
Time for calculation: 1.4436
Total log likelihood: -69839.2553
nl: 78.7539
nr: 83.2363
sigma_l: 0.7842
sigma_r: 0.8264
beta: 0.4305
Time for calculation: 1.4441
Total log likelihood: -69838.9830
nl: 79.5406
nr: 83.9043
sigma_l: 0.7835
sigma_r: 0.8272
beta: 0.4335
Time for calculation: 1.4723
Total log likelihood: -69838.7926
nl: 79.3201
nr: 83.9991
sigma_l: 0.7868
sigma_r: 0.8278
beta: 0.4344
Time for calculation: 1.4567
Total log likelihood: -69838.8910
nl: 78.5989
nr: 83.4592
sigma_l: 0.7839
sigma_r: 0.8305
beta: 0.4301
Time for calculation: 1.4583
Total log likelihood: -69838.7686
nl: 78.6485
nr: 83.7360
sigma_l: 0.7828
sigma_r: 0.8341
beta: 0.4300
Time for calculation: 1.4494
Total log likelihood: -69838.8295
nl: 78.7004
nr: 83.4148
sigma_l: 0.7891
sigma_r: 0.8293
beta: 0.4304
Time for calculation: 1.4616
Total log likelihood: -69838.7476
nl: 78.8228
nr: 83.5746
sigma_l: 0.7926
sigma_r: 0.8307
beta: 0.4306
Time for calculation: 1.4710
Total log likelihood: -69838.8596
nl: 79.5477
nr: 83.8655
sigma_l: 0.7871
sigma_r: 0.8331
beta: 0.4346
Time for calculation: 1.4576
Total log likelihood: -69838.8755
nl: 80.7731
nr: 85.4090
sigma_l: 0.7841
sigma_r: 0.8300
beta: 0.4392
Time for calculation: 1.4508
Total log likelihood: -69838.3187
nl: 82.4047
nr: 87.0895
sigma_l: 0.7822
sigma_r: 0.8303
beta: 0.4458
Time for calculation: 1.4615
Total log likelihood: -69838.1120
nl: 80.1968
nr: 84.6942
sigma_l: 0.7835
sigma_r: 0.8324
beta: 0.4354
Time for calculation: 1.4420
Total log likelihood: -69838.4433
nl: 80.2288
nr: 85.1593
sigma_l: 0.7817
sigma_r: 0.8268
beta: 0.4355
Time for calculation: 1.4967
Total log likelihood: -69838.3707
nl: 80.5112
nr: 85.6225
sigma_l: 0.7847
sigma_r: 0.8326
beta: 0.4374
Time for calculation: 1.4643
Total log likelihood: -69838.1196
nl: 82.2179
nr: 86.9329
sigma_l: 0.7846
sigma_r: 0.8300
beta: 0.4437
Time for calculation: 1.4468
Total log likelihood: -69837.7400
nl: 84.0274
nr: 88.6698
sigma_l: 0.7849
sigma_r: 0.8297
beta: 0.4505
Time for calculation: 1.4790
Total log likelihood: -69837.4000
nl: 84.2472
nr: 89.0793
sigma_l: 0.7778
sigma_r: 0.8315
beta: 0.4514
Time for calculation: 1.4460
Total log likelihood: -69837.8046
nl: 84.3709
nr: 89.5540
sigma_l: 0.7810
sigma_r: 0.8280
beta: 0.4529
Time for calculation: 1.4616
Total log likelihood: -69837.3856
nl: 86.4580
nr: 91.9838
sigma_l: 0.7797
sigma_r: 0.8258
beta: 0.4616
Time for calculation: 1.4607
Total log likelihood: -69837.3180
nl: 86.8306
nr: 91.8187
sigma_l: 0.7820
sigma_r: 0.8332
beta: 0.4632
Time for calculation: 1.4657
Total log likelihood: -69837.6497
nl: 89.0759
nr: 93.8339
sigma_l: 0.7779
sigma_r: 0.8276
beta: 0.4716
Time for calculation: 1.4796
Total log likelihood: -69838.3812
nl: 82.6524
nr: 87.6754
sigma_l: 0.7830
sigma_r: 0.8313
beta: 0.4459
Time for calculation: 1.4668
Total log likelihood: -69837.6363
nl: 87.2815
nr: 92.6013
sigma_l: 0.7808
sigma_r: 0.8303
beta: 0.4632
Time for calculation: 1.4917
Total log likelihood: -69836.8657
nl: 89.7200
nr: 95.3572
sigma_l: 0.7800
sigma_r: 0.8302
beta: 0.4720
Time for calculation: 1.4609
Total log likelihood: -69836.5677
nl: 87.6281
nr: 93.1227
sigma_l: 0.7861
sigma_r: 0.8286
beta: 0.4659
Time for calculation: 1.4788
Total log likelihood: -69836.9707
nl: 85.3638
nr: 90.9049
sigma_l: 0.7835
sigma_r: 0.8251
beta: 0.4552
Time for calculation: 1.4666
Total log likelihood: -69837.0308
nl: 90.6265
nr: 96.3400
sigma_l: 0.7827
sigma_r: 0.8245
beta: 0.4761
Time for calculation: 1.4697
Total log likelihood: -69836.7110
nl: 91.8911
nr: 98.4136
sigma_l: 0.7799
sigma_r: 0.8239
beta: 0.4818
Time for calculation: 1.4795
Total log likelihood: -69836.9939
nl: 91.6338
nr: 97.6716
sigma_l: 0.7852
sigma_r: 0.8272
beta: 0.4788
Time for calculation: 1.4708
Total log likelihood: -69836.3616
nl: 94.2217
nr: 100.5154
sigma_l: 0.7879
sigma_r: 0.8278
beta: 0.4873
Time for calculation: 1.4842
Total log likelihood: -69836.4990
nl: 95.2360
nr: 101.4572
sigma_l: 0.7821
sigma_r: 0.8286
beta: 0.4946
Time for calculation: 1.4627
Total log likelihood: -69837.8930
nl: 87.8318
nr: 93.5430
sigma_l: 0.7831
sigma_r: 0.8260
beta: 0.4650
Time for calculation: 1.4752
Total log likelihood: -69836.6231
nl: 87.0850
nr: 92.0002
sigma_l: 0.7869
sigma_r: 0.8306
beta: 0.4613
Time for calculation: 1.4870
Total log likelihood: -69836.8231
nl: 91.1307
nr: 96.8421
sigma_l: 0.7811
sigma_r: 0.8268
beta: 0.4754
Time for calculation: 1.4762
Total log likelihood: -69836.2249
nl: 92.8821
nr: 98.7018
sigma_l: 0.7786
sigma_r: 0.8259
beta: 0.4802
Time for calculation: 1.4616
Total log likelihood: -69836.2337
nl: 93.2922
nr: 99.9014
sigma_l: 0.7779
sigma_r: 0.8232
beta: 0.4856
Time for calculation: 1.4632
Total log likelihood: -69836.7296
nl: 91.7404
nr: 97.9261
sigma_l: 0.7802
sigma_r: 0.8251
beta: 0.4795
Time for calculation: 1.4704
Total log likelihood: -69836.4427
nl: 90.1962
nr: 96.1960
sigma_l: 0.7812
sigma_r: 0.8296
beta: 0.4722
Time for calculation: 1.4842
Total log likelihood: -69836.3918
nl: 93.9366
nr: 100.0542
sigma_l: 0.7799
sigma_r: 0.8295
beta: 0.4861
Time for calculation: 1.4507
Total log likelihood: -69836.2514
nl: 93.7351
nr: 100.1187
sigma_l: 0.7830
sigma_r: 0.8250
beta: 0.4848
Time for calculation: 1.4647
Total log likelihood: -69836.2135
nl: 95.7427
nr: 102.4995
sigma_l: 0.7844
sigma_r: 0.8225
beta: 0.4913
Time for calculation: 1.4852
Total log likelihood: -69836.4870
nl: 92.5126
nr: 98.4269
sigma_l: 0.7839
sigma_r: 0.8302
beta: 0.4794
Time for calculation: 1.4671
Total log likelihood: -69836.3384
nl: 94.9834
nr: 101.0495
sigma_l: 0.7840
sigma_r: 0.8259
beta: 0.4896
Time for calculation: 1.4692
Total log likelihood: -69836.2284
nl: 94.8856
nr: 100.9250
sigma_l: 0.7796
sigma_r: 0.8278
beta: 0.4874
Time for calculation: 1.4391
Total log likelihood: -69836.1418
nl: 96.5114
nr: 102.5518
sigma_l: 0.7768
sigma_r: 0.8281
beta: 0.4917
Time for calculation: 1.4634
Total log likelihood: -69836.3615
nl: 94.9559
nr: 101.1689
sigma_l: 0.7791
sigma_r: 0.8238
beta: 0.4900
Time for calculation: 1.4617
Total log likelihood: -69836.3503
nl: 93.1234
nr: 99.1124
sigma_l: 0.7827
sigma_r: 0.8286
beta: 0.4820
Time for calculation: 1.4659
Total log likelihood: -69836.1691
nl: 93.2067
nr: 99.1649
sigma_l: 0.7843
sigma_r: 0.8241
beta: 0.4816
Time for calculation: 1.4588
Total log likelihood: -69836.2379
nl: 93.3892
nr: 99.3872
sigma_l: 0.7832
sigma_r: 0.8255
beta: 0.4827
Time for calculation: 1.4839
Total log likelihood: -69836.1389
nl: 91.5223
nr: 97.5047
sigma_l: 0.7798
sigma_r: 0.8276
beta: 0.4753
Time for calculation: 1.4554
Total log likelihood: -69836.4328
nl: 94.1181
nr: 100.1633
sigma_l: 0.7830
sigma_r: 0.8263
beta: 0.4861
Time for calculation: 1.4841
Total log likelihood: -69836.1188
nl: 96.5698
nr: 103.0406
sigma_l: 0.7835
sigma_r: 0.8265
beta: 0.4938
Time for calculation: 1.4758
Total log likelihood: -69836.2090
nl: 95.0993
nr: 100.9327
sigma_l: 0.7818
sigma_r: 0.8288
beta: 0.4880
Time for calculation: 1.4335
Total log likelihood: -69836.1546
nl: 91.6764
nr: 97.1677
sigma_l: 0.7806
sigma_r: 0.8283
beta: 0.4767
Time for calculation: 1.4492
Total log likelihood: -69836.2476
nl: 95.3465
nr: 101.5724
sigma_l: 0.7828
sigma_r: 0.8270
beta: 0.4895
Time for calculation: 1.4556
Total log likelihood: -69836.1253
nl: 96.0120
nr: 102.0798
sigma_l: 0.7814
sigma_r: 0.8255
beta: 0.4914
Time for calculation: 1.4463
Total log likelihood: -69836.0618
nl: 97.4562
nr: 103.5635
sigma_l: 0.7808
sigma_r: 0.8240
beta: 0.4961
Time for calculation: 1.4584
Total log likelihood: -69836.0838
nl: 94.4012
nr: 100.7184
sigma_l: 0.7822
sigma_r: 0.8240
beta: 0.4869
Time for calculation: 1.4449
Total log likelihood: -69836.1712
nl: 94.9248
nr: 100.8791
sigma_l: 0.7819
sigma_r: 0.8276
beta: 0.4877
Time for calculation: 1.4507
Total log likelihood: -69836.0989
nl: 94.6306
nr: 100.7077
sigma_l: 0.7853
sigma_r: 0.8249
beta: 0.4876
Time for calculation: 1.4655
Total log likelihood: -69836.2102
nl: 94.8218
nr: 100.8707
sigma_l: 0.7810
sigma_r: 0.8271
beta: 0.4874
Time for calculation: 1.4763
Total log likelihood: -69836.0913
nl: 96.7001
nr: 102.8389
sigma_l: 0.7809
sigma_r: 0.8279
beta: 0.4941
Time for calculation: 1.4493
Total log likelihood: -69836.1301
nl: 95.8724
nr: 101.9760
sigma_l: 0.7814
sigma_r: 0.8273
beta: 0.4913
Time for calculation: 1.4905
Total log likelihood: -69836.0917
nl: 94.9531
nr: 100.8152
sigma_l: 0.7807
sigma_r: 0.8266
beta: 0.4880
Time for calculation: 1.4706
Total log likelihood: -69836.0699
nl: 96.5155
nr: 102.4850
sigma_l: 0.7796
sigma_r: 0.8274
beta: 0.4923
Time for calculation: 1.4830
Total log likelihood: -69836.1415
nl: 94.7174
nr: 100.7437
sigma_l: 0.7821
sigma_r: 0.8266
beta: 0.4876
Time for calculation: 1.4555
Total log likelihood: -69836.0804
nl: 95.6259
nr: 101.7150
sigma_l: 0.7808
sigma_r: 0.8256
beta: 0.4906
Time for calculation: 1.4856
Total log likelihood: -69836.0710
nl: 94.5798
nr: 100.5138
sigma_l: 0.7810
sigma_r: 0.8253
beta: 0.4868
Time for calculation: 1.4543
Total log likelihood: -69836.0633
nl: 95.5335
nr: 101.4763
sigma_l: 0.7814
sigma_r: 0.8247
beta: 0.4904
Time for calculation: 1.4816
Total log likelihood: -69836.0770
nl: 95.9643
nr: 101.8963
sigma_l: 0.7800
sigma_r: 0.8245
beta: 0.4913
Time for calculation: 1.4815
Total log likelihood: -69836.0629
nl: 95.3206
nr: 101.3317
sigma_l: 0.7802
sigma_r: 0.8263
beta: 0.4889
Time for calculation: 1.4643
Total log likelihood: -69836.0768
nl: 95.3738
nr: 101.3679
sigma_l: 0.7805
sigma_r: 0.8259
beta: 0.4893
Time for calculation: 1.4567
Total log likelihood: -69836.0614
nl: 95.1273
nr: 100.9542
sigma_l: 0.7807
sigma_r: 0.8255
beta: 0.4881
Time for calculation: 1.4754
Total log likelihood: -69836.0572
nl: 94.8779
nr: 100.5738
sigma_l: 0.7806
sigma_r: 0.8254
beta: 0.4868
Time for calculation: 1.4531
Total log likelihood: -69836.0771
nl: 95.8697
nr: 101.9096
sigma_l: 0.7807
sigma_r: 0.8241
beta: 0.4907
Time for calculation: 1.4652
Total log likelihood: -69836.0645
nl: 95.6405
nr: 101.6360
sigma_l: 0.7807
sigma_r: 0.8247
beta: 0.4900
Time for calculation: 1.4990
Total log likelihood: -69836.0555
nl: 96.6674
nr: 102.6599
sigma_l: 0.7803
sigma_r: 0.8252
beta: 0.4933
Time for calculation: 1.4945
Total log likelihood: -69836.0608
nl: 95.5641
nr: 101.5828
sigma_l: 0.7814
sigma_r: 0.8262
beta: 0.4896
Time for calculation: 1.4449
Total log likelihood: -69836.0787
nl: 95.8642
nr: 101.8180
sigma_l: 0.7804
sigma_r: 0.8250
beta: 0.4909
Time for calculation: 1.4993
Total log likelihood: -69836.0540
nl: 95.4573
nr: 101.2946
sigma_l: 0.7796
sigma_r: 0.8250
beta: 0.4892
Time for calculation: 1.4792
Total log likelihood: -69836.0690
nl: 95.8733
nr: 101.8835
sigma_l: 0.7810
sigma_r: 0.8254
beta: 0.4909
Time for calculation: 1.4768
Total log likelihood: -69836.0547
nl: 96.2953
nr: 102.2127
sigma_l: 0.7807
sigma_r: 0.8244
beta: 0.4920
Time for calculation: 1.4778
Total log likelihood: -69836.0509
nl: 96.7560
nr: 102.6351
sigma_l: 0.7808
sigma_r: 0.8237
beta: 0.4933
Time for calculation: 1.4891
Total log likelihood: -69836.0573
nl: 94.8529
nr: 100.7419
sigma_l: 0.7811
sigma_r: 0.8248
beta: 0.4875
Time for calculation: 1.4755
Total log likelihood: -69836.0567
nl: 96.2832
nr: 102.3626
sigma_l: 0.7809
sigma_r: 0.8242
beta: 0.4924
Time for calculation: 1.5145
Total log likelihood: -69836.0661
nl: 95.4163
nr: 101.3063
sigma_l: 0.7807
sigma_r: 0.8252
beta: 0.4892
Time for calculation: 1.4960
Total log likelihood: -69836.0516
nl: 96.7830
nr: 102.8007
sigma_l: 0.7803
sigma_r: 0.8251
beta: 0.4937
Time for calculation: 1.4832
Total log likelihood: -69836.0620
nl: 95.3354
nr: 101.2566
sigma_l: 0.7809
sigma_r: 0.8249
beta: 0.4890
Time for calculation: 1.5122
Total log likelihood: -69836.0518
nl: 95.8732
nr: 101.7548
sigma_l: 0.7807
sigma_r: 0.8252
beta: 0.4907
Time for calculation: 1.4967
Total log likelihood: -69836.0490
nl: 95.9896
nr: 101.8142
sigma_l: 0.7808
sigma_r: 0.8255
beta: 0.4911
Time for calculation: 1.4775
Total log likelihood: -69836.0512
nl: 95.6405
nr: 101.4558
sigma_l: 0.7804
sigma_r: 0.8244
beta: 0.4898
Time for calculation: 1.4930
Total log likelihood: -69836.0523
nl: 95.5600
nr: 101.3765
sigma_l: 0.7810
sigma_r: 0.8247
beta: 0.4894
Time for calculation: 1.4990
Total log likelihood: -69836.0487
nl: 95.4079
nr: 101.1558
sigma_l: 0.7813
sigma_r: 0.8246
beta: 0.4887
Time for calculation: 1.5264
Total log likelihood: -69836.0532
nl: 95.7516
nr: 101.7069
sigma_l: 0.7812
sigma_r: 0.8253
beta: 0.4903
Time for calculation: 1.4833
Total log likelihood: -69836.0525
nl: 95.6683
nr: 101.5186
sigma_l: 0.7806
sigma_r: 0.8247
beta: 0.4900
Time for calculation: 1.4721
Total log likelihood: -69836.0494
nl: 96.1898
nr: 102.0110
sigma_l: 0.7806
sigma_r: 0.8248
beta: 0.4915
Time for calculation: 1.5020
Total log likelihood: -69836.0501
nl: 96.4184
nr: 102.2432
sigma_l: 0.7808
sigma_r: 0.8243
beta: 0.4923
Time for calculation: 1.4869
Total log likelihood: -69836.0497
nl: 95.5886
nr: 101.3489
sigma_l: 0.7808
sigma_r: 0.8251
beta: 0.4896
Time for calculation: 1.4811
Total log likelihood: -69836.0494
nl: 95.4536
nr: 101.2858
sigma_l: 0.7809
sigma_r: 0.8248
beta: 0.4893
Time for calculation: 1.5071
Total log likelihood: -69836.0477
nl: 95.0855
nr: 100.9232
sigma_l: 0.7811
sigma_r: 0.8248
beta: 0.4882
Time for calculation: 1.4656
Total log likelihood: -69836.0510
nl: 94.8391
nr: 100.6707
sigma_l: 0.7809
sigma_r: 0.8254
beta: 0.4873
Time for calculation: 1.4682
Total log likelihood: -69836.0558
nl: 96.0236
nr: 101.8501
sigma_l: 0.7808
sigma_r: 0.8246
beta: 0.4910
Time for calculation: 1.4761
Total log likelihood: -69836.0474
nl: 95.8429
nr: 101.7654
sigma_l: 0.7808
sigma_r: 0.8245
beta: 0.4906
Time for calculation: 1.4813
Total log likelihood: -69836.0499
nl: 95.6522
nr: 101.4531
sigma_l: 0.7808
sigma_r: 0.8249
beta: 0.4898
Time for calculation: 1.5042
Total log likelihood: -69836.0478
nl: 95.7568
nr: 101.5695
sigma_l: 0.7811
sigma_r: 0.8250
beta: 0.4902
Time for calculation: 1.4784
Total log likelihood: -69836.0463
nl: 95.8011
nr: 101.5949
sigma_l: 0.7814
sigma_r: 0.8252
beta: 0.4903
Time for calculation: 1.5024
Total log likelihood: -69836.0471
nl: 95.5052
nr: 101.2592
sigma_l: 0.7811
sigma_r: 0.8244
beta: 0.4892
Time for calculation: 1.4367
Total log likelihood: -69836.0492
nl: 95.7812
nr: 101.6309
sigma_l: 0.7808
sigma_r: 0.8250
beta: 0.4903
Time for calculation: 1.4390
Total log likelihood: -69836.0473
nl: 95.9069
nr: 101.7392
sigma_l: 0.7808
sigma_r: 0.8250
beta: 0.4908
Time for calculation: 1.4426
Total log likelihood: -69836.0481
nl: 95.8202
nr: 101.6485
sigma_l: 0.7808
sigma_r: 0.8250
beta: 0.4905
Time for calculation: 1.4392
Total log likelihood: -69836.0470
nl: 95.8820
nr: 101.7409
sigma_l: 0.7810
sigma_r: 0.8248
beta: 0.4907
Time for calculation: 1.4447
Total log likelihood: -69836.0463
nl: 95.9969
nr: 101.8848
sigma_l: 0.7811
sigma_r: 0.8248
beta: 0.4911
Time for calculation: 1.4194
Total log likelihood: -69836.0471
nl: 96.2519
nr: 102.0901
sigma_l: 0.7809
sigma_r: 0.8250
beta: 0.4918
Time for calculation: 1.4098
Total log likelihood: -69836.0486
nl: 95.6532
nr: 101.4869
sigma_l: 0.7809
sigma_r: 0.8248
beta: 0.4899
Time for calculation: 1.4330
Total log likelihood: -69836.0467
nl: 95.5338
nr: 101.3806
sigma_l: 0.7811
sigma_r: 0.8252
beta: 0.4896
Time for calculation: 1.4690
Total log likelihood: -69836.0472
nl: 95.6771
nr: 101.4997
sigma_l: 0.7811
sigma_r: 0.8249
beta: 0.4900
Time for calculation: 1.4355
Total log likelihood: -69836.0456
nl: 95.6251
nr: 101.4340
sigma_l: 0.7813
sigma_r: 0.8249
beta: 0.4899
Time for calculation: 1.4703
Total log likelihood: -69836.0453
nl: 95.9611
nr: 101.7713
sigma_l: 0.7810
sigma_r: 0.8246
beta: 0.4908
Time for calculation: 1.4648
Total log likelihood: -69836.0462
nl: 95.7311
nr: 101.5525
sigma_l: 0.7813
sigma_r: 0.8247
beta: 0.4901
Time for calculation: 1.4585
Total log likelihood: -69836.0457
nl: 95.9293
nr: 101.7404
sigma_l: 0.7814
sigma_r: 0.8248
beta: 0.4908
Time for calculation: 1.4526
Total log likelihood: -69836.0455
nl: 95.8946
nr: 101.7262
sigma_l: 0.7813
sigma_r: 0.8245
beta: 0.4907
Time for calculation: 1.4399
Total log likelihood: -69836.0461
nl: 95.7745
nr: 101.5489
sigma_l: 0.7815
sigma_r: 0.8246
beta: 0.4902
Time for calculation: 1.4589
Total log likelihood: -69836.0454
nl: 95.6207
nr: 101.4295
sigma_l: 0.7817
sigma_r: 0.8248
beta: 0.4898
Time for calculation: 1.4576
Total log likelihood: -69836.0460
nl: 95.5776
nr: 101.3560
sigma_l: 0.7816
sigma_r: 0.8250
beta: 0.4896
Time for calculation: 1.4818
Total log likelihood: -69836.0462
nl: 95.8154
nr: 101.6336
sigma_l: 0.7813
sigma_r: 0.8246
beta: 0.4904
Time for calculation: 1.4747
Total log likelihood: -69836.0454
nl: 95.9294
nr: 101.7343
sigma_l: 0.7810
sigma_r: 0.8246
beta: 0.4907
Time for calculation: 1.4413
Total log likelihood: -69836.0461
nl: 95.6979
nr: 101.5057
sigma_l: 0.7815
sigma_r: 0.8248
beta: 0.4901
Time for calculation: 1.4585
Total log likelihood: -69836.0454
nl: 95.8057
nr: 101.5925
sigma_l: 0.7815
sigma_r: 0.8247
beta: 0.4904
Time for calculation: 1.4668
Total log likelihood: -69836.0452
nl: 95.8431
nr: 101.6126
sigma_l: 0.7816
sigma_r: 0.8248
beta: 0.4906
Time for calculation: 1.4632
Total log likelihood: -69836.0458
nl: 95.5582
nr: 101.3455
sigma_l: 0.7815
sigma_r: 0.8247
beta: 0.4896
Time for calculation: 1.3768
Total log likelihood: -69836.0457
nl: 95.8365
nr: 101.6417
sigma_l: 0.7814
sigma_r: 0.8247
beta: 0.4905
Time for calculation: 1.3895
Total log likelihood: -69836.0452
nl: 95.7378
nr: 101.5741
sigma_l: 0.7814
sigma_r: 0.8250
beta: 0.4903
Time for calculation: 1.4594
Total log likelihood: -69836.0456
nl: 95.7653
nr: 101.5552
sigma_l: 0.7814
sigma_r: 0.8247
beta: 0.4902
Time for calculation: 1.4167
Total log likelihood: -69836.0452
nl: 95.6768
nr: 101.4581
sigma_l: 0.7815
sigma_r: 0.8249
beta: 0.4900
Time for calculation: 1.4711
Total log likelihood: -69836.0452
nl: 95.7859
nr: 101.5669
sigma_l: 0.7813
sigma_r: 0.8248
beta: 0.4903
Time for calculation: 1.4734
Total log likelihood: -69836.0451
nl: 95.8299
nr: 101.5975
sigma_l: 0.7813
sigma_r: 0.8249
beta: 0.4905
Time for calculation: 1.3993
Total log likelihood: -69836.0455
nl: 95.9230
nr: 101.6917
sigma_l: 0.7816
sigma_r: 0.8246
beta: 0.4907
Time for calculation: 1.4484
Total log likelihood: -69836.0457
nl: 95.6996
nr: 101.4985
sigma_l: 0.7814
sigma_r: 0.8248
beta: 0.4901
Time for calculation: 1.4355
Total log likelihood: -69836.0451
nl: 95.8804
nr: 101.6839
sigma_l: 0.7813
sigma_r: 0.8246
beta: 0.4906
Time for calculation: 1.4540
Total log likelihood: -69836.0453
nl: 95.7277
nr: 101.5145
sigma_l: 0.7815
sigma_r: 0.8248
beta: 0.4901
Time for calculation: 1.4624
Total log likelihood: -69836.0451
nl: 95.7202
nr: 101.5182
sigma_l: 0.7813
sigma_r: 0.8248
beta: 0.4901
Time for calculation: 1.4608
Total log likelihood: -69836.0452
nl: 95.7416
nr: 101.5368
sigma_l: 0.7814
sigma_r: 0.8248
beta: 0.4902
Time for calculation: 1.4109
Total log likelihood: -69836.0451
nl: 95.7512
nr: 101.5481
sigma_l: 0.7813
sigma_r: 0.8250
beta: 0.4902
Time for calculation: 1.4388
Total log likelihood: -69836.0452
nl: 95.7618
nr: 101.5534
sigma_l: 0.7814
sigma_r: 0.8247
beta: 0.4902
Time for calculation: 1.4418
Total log likelihood: -69836.0451
nl: 95.6502
nr: 101.4264
sigma_l: 0.7814
sigma_r: 0.8249
beta: 0.4899
Time for calculation: 1.4639
Total log likelihood: -69836.0451
nl: 95.6967
nr: 101.4802
sigma_l: 0.7814
sigma_r: 0.8248
beta: 0.4900
Time for calculation: 1.4275
Total log likelihood: -69836.0450
nl: 95.6651
nr: 101.4664
sigma_l: 0.7815
sigma_r: 0.8248
beta: 0.4899
Time for calculation: 1.4480
Total log likelihood: -69836.0452
nl: 95.7557
nr: 101.5418
sigma_l: 0.7814
sigma_r: 0.8248
beta: 0.4902
Time for calculation: 1.4526
Total log likelihood: -69836.0450
nl: 95.7344
nr: 101.5297
sigma_l: 0.7813
sigma_r: 0.8248
beta: 0.4902
Time for calculation: 1.4569
Total log likelihood: -69836.0451
nl: 95.7177
nr: 101.5047
sigma_l: 0.7814
sigma_r: 0.8248
beta: 0.4901
Time for calculation: 1.4294
Total log likelihood: -69836.0450
nl: 95.7181
nr: 101.5017
sigma_l: 0.7815
sigma_r: 0.8248
beta: 0.4901
Time for calculation: 1.4576
Total log likelihood: -69836.0451
nl: 95.7304
nr: 101.5227
sigma_l: 0.7813
sigma_r: 0.8248
beta: 0.4901
Time for calculation: 1.4622
Total log likelihood: -69836.0450
nl: 95.6782
nr: 101.4657
sigma_l: 0.7813
sigma_r: 0.8249
beta: 0.4900
Time for calculation: 1.4289
Total log likelihood: -69836.0452
nl: 95.7409
nr: 101.5315
sigma_l: 0.7814
sigma_r: 0.8248
beta: 0.4902
Time for calculation: 1.4286
Total log likelihood: -69836.0450
nl: 95.7570
nr: 101.5339
sigma_l: 0.7814
sigma_r: 0.8248
beta: 0.4902
Time for calculation: 1.4188
Total log likelihood: -69836.0450
nl: 95.7839
nr: 101.5737
sigma_l: 0.7814
sigma_r: 0.8247
beta: 0.4903
Time for calculation: 1.4615
Total log likelihood: -69836.0450
nl: 95.7895
nr: 101.5767
sigma_l: 0.7814
sigma_r: 0.8248
beta: 0.4903
Time for calculation: 1.4692
Total log likelihood: -69836.0450
nl: 95.7356
nr: 101.5227
sigma_l: 0.7814
sigma_r: 0.8248
beta: 0.4902
Time for calculation: 1.4659
Total log likelihood: -69836.0450
nl: 95.7416
nr: 101.5431
sigma_l: 0.7814
sigma_r: 0.8248
beta: 0.4902
Time for calculation: 1.4646
Total log likelihood: -69836.0450
nl: 95.7531
nr: 101.5362
sigma_l: 0.7814
sigma_r: 0.8248
beta: 0.4902
Time for calculation: 1.4785
Total log likelihood: -69836.0450
nl: 95.7773
nr: 101.5596
sigma_l: 0.7814
sigma_r: 0.8248
beta: 0.4903
Time for calculation: 1.4718
Total log likelihood: -69836.0450
nl: 95.7421
nr: 101.5320
sigma_l: 0.7814
sigma_r: 0.8248
beta: 0.4902
Time for calculation: 1.4412
Total log likelihood: -69836.0450
nl: 95.7071
nr: 101.4920
sigma_l: 0.7814
sigma_r: 0.8248
beta: 0.4901
Time for calculation: 1.4969
Total log likelihood: -69836.0450
nl: 95.7647
nr: 101.5532
sigma_l: 0.7814
sigma_r: 0.8248
beta: 0.4903
Time for calculation: 1.4618
Total log likelihood: -69836.0450
nl: 95.7389
nr: 101.5284
sigma_l: 0.7814
sigma_r: 0.8247
beta: 0.4902
Time for calculation: 1.4769
Total log likelihood: -69836.0450
nl: 95.7515
nr: 101.5385
sigma_l: 0.7814
sigma_r: 0.8248
beta: 0.4902
Time for calculation: 1.4800
Total log likelihood: -69836.0450
nl: 95.7579
nr: 101.5415
sigma_l: 0.7813
sigma_r: 0.8248
beta: 0.4902
Time for calculation: 1.4935
Total log likelihood: -69836.0450
nl: 95.7452
nr: 101.5340
sigma_l: 0.7814
sigma_r: 0.8248
beta: 0.4902
Time for calculation: 1.4941
Total log likelihood: -69836.0450
nl: 95.7670
nr: 101.5548
sigma_l: 0.7814
sigma_r: 0.8248
beta: 0.4902
Time for calculation: 1.4788
Total log likelihood: -69836.0450
nl: 95.7435
nr: 101.5307
sigma_l: 0.7814
sigma_r: 0.8248
beta: 0.4902
Time for calculation: 1.4627
Total log likelihood: -69836.0450
nl: 95.7456
nr: 101.5392
sigma_l: 0.7814
sigma_r: 0.8248
beta: 0.4902
Time for calculation: 1.4601
Total log likelihood: -69836.0450
nl: 95.7513
nr: 101.5369
sigma_l: 0.7814
sigma_r: 0.8248
beta: 0.4902
Time for calculation: 1.4710
Total log likelihood: -69836.0450
nl: 95.7603
nr: 101.5454
sigma_l: 0.7814
sigma_r: 0.8248
beta: 0.4902
Time for calculation: 1.4938
Total log likelihood: -69836.0450
nl: 95.7558
nr: 101.5420
sigma_l: 0.7814
sigma_r: 0.8248
beta: 0.4902
Time for calculation: 1.4221
Total log likelihood: -69836.0450
nl: 95.7342
nr: 101.5196
sigma_l: 0.7814
sigma_r: 0.8248
beta: 0.4902
Time for calculation: 1.4370
Total log likelihood: -69836.0450
nl: 95.7571
nr: 101.5448
sigma_l: 0.7814
sigma_r: 0.8248
beta: 0.4902
Time for calculation: 1.4457
Total log likelihood: -69836.0450
nl: 95.7496
nr: 101.5370
sigma_l: 0.7814
sigma_r: 0.8248
beta: 0.4902
Time for calculation: 1.4741
Total log likelihood: -69836.0450
nl: 95.7501
nr: 101.5373
sigma_l: 0.7814
sigma_r: 0.8248
beta: 0.4902
Time for calculation: 1.4457
Total log likelihood: -69836.0450
nl: 95.7603
nr: 101.5473
sigma_l: 0.7814
sigma_r: 0.8248
beta: 0.4902
Time for calculation: 1.4608
Total log likelihood: -69836.0450
nl: 95.7477
nr: 101.5349
sigma_l: 0.7814
sigma_r: 0.8248
beta: 0.4902
Time for calculation: 1.4666
Total log likelihood: -69836.0450
nl: 95.7596
nr: 101.5444
sigma_l: 0.7814
sigma_r: 0.8248
beta: 0.4902
Time for calculation: 1.4533
Total log likelihood: -69836.0450
nl: 95.7488
nr: 101.5366
sigma_l: 0.7814
sigma_r: 0.8248
beta: 0.4902
Time for calculation: 1.4798
Total log likelihood: -69836.0450
nl: 95.7525
nr: 101.5414
sigma_l: 0.7814
sigma_r: 0.8248
beta: 0.4902
Time for calculation: 1.5018
Total log likelihood: -69836.0450
nl: 95.7516
nr: 101.5380
sigma_l: 0.7814
sigma_r: 0.8248
beta: 0.4902
Time for calculation: 1.4929
Total log likelihood: -69836.0450
nl: 95.7463
nr: 101.5346
sigma_l: 0.7814
sigma_r: 0.8248
beta: 0.4902
Time for calculation: 1.4668
Total log likelihood: -69836.0450
nl: 95.7534
nr: 101.5402
sigma_l: 0.7814
sigma_r: 0.8248
beta: 0.4902
Time for calculation: 1.4661
Total log likelihood: -69836.0450
nl: 95.7435
nr: 101.5300
sigma_l: 0.7814
sigma_r: 0.8248
beta: 0.4902
Time for calculation: 1.4686
Total log likelihood: -69836.0450
nl: 95.7479
nr: 101.5345
sigma_l: 0.7814
sigma_r: 0.8248
beta: 0.4902
Time for calculation: 1.4766
Total log likelihood: -69836.0450
nl: 95.7504
nr: 101.5369
sigma_l: 0.7814
sigma_r: 0.8248
beta: 0.4902
Time for calculation: 1.4620
Total log likelihood: -69836.0450
nl: 95.7460
nr: 101.5332
sigma_l: 0.7814
sigma_r: 0.8248
beta: 0.4902
Time for calculation: 1.4647
Total log likelihood: -69836.0450
nl: 95.7412
nr: 101.5283
sigma_l: 0.7814
sigma_r: 0.8248
beta: 0.4902
Time for calculation: 1.4833
Total log likelihood: -69836.0450
nl: 95.7441
nr: 101.5315
sigma_l: 0.7814
sigma_r: 0.8248
beta: 0.4902
Time for calculation: 1.4855
Total log likelihood: -69836.0450
nl: 95.7469
nr: 101.5338
sigma_l: 0.7814
sigma_r: 0.8248
beta: 0.4902
Time for calculation: 1.4855
Total log likelihood: -69836.0450
nl: 95.7530
nr: 101.5399
sigma_l: 0.7814
sigma_r: 0.8248
beta: 0.4902
Time for calculation: 1.4827
Total log likelihood: -69836.0450
nl: 95.7501
nr: 101.5370
sigma_l: 0.7814
sigma_r: 0.8248
beta: 0.4902
Time for calculation: 1.4783
Total log likelihood: -69836.0450
nl: 95.7534
nr: 101.5410
sigma_l: 0.7814
sigma_r: 0.8248
beta: 0.4902
Time for calculation: 1.4525
Total log likelihood: -69836.0450
nl: 95.7460
nr: 101.5327
sigma_l: 0.7814
sigma_r: 0.8248
beta: 0.4902
Time for calculation: 1.4725
Total log likelihood: -69836.0450
nl: 95.7508
nr: 101.5376
sigma_l: 0.7814
sigma_r: 0.8248
beta: 0.4902
Time for calculation: 1.4552
Total log likelihood: -69836.0450
nl: 95.7472
nr: 101.5343
sigma_l: 0.7814
sigma_r: 0.8248
beta: 0.4902
Time for calculation: 1.4681
Total log likelihood: -69836.0450
nl: 95.7452
nr: 101.5329
sigma_l: 0.7814
sigma_r: 0.8248
beta: 0.4902
Time for calculation: 1.4639
Total log likelihood: -69836.0450
nl: 95.7491
nr: 101.5359
sigma_l: 0.7814
sigma_r: 0.8248
beta: 0.4902
Time for calculation: 1.4720
Total log likelihood: -69836.0450
nl: 95.7470
nr: 101.5329
sigma_l: 0.7814
sigma_r: 0.8248
beta: 0.4902
Time for calculation: 1.4658
Total log likelihood: -69836.0450
nl: 95.7483
nr: 101.5357
sigma_l: 0.7814
sigma_r: 0.8248
beta: 0.4902
Time for calculation: 1.4501
Total log likelihood: -69836.0450
nl: 95.7449
nr: 101.5320
sigma_l: 0.7814
sigma_r: 0.8248
beta: 0.4902
Time for calculation: 1.4996
Total log likelihood: -69836.0450
nl: 95.7486
nr: 101.5359
sigma_l: 0.7814
sigma_r: 0.8248
beta: 0.4902
Time for calculation: 1.4576
Total log likelihood: -69836.0450
nl: 95.7483
nr: 101.5357
sigma_l: 0.7814
sigma_r: 0.8248
beta: 0.4902
Time for calculation: 1.4385
Total log likelihood: -69836.0450
nl: 95.7473
nr: 101.5343
sigma_l: 0.7814
sigma_r: 0.8248
beta: 0.4902
Time for calculation: 1.4684
Total log likelihood: -69836.0450
nl: 95.7513
nr: 101.5384
sigma_l: 0.7814
sigma_r: 0.8248
beta: 0.4902
Time for calculation: 1.4141
Total log likelihood: -69836.0450
nl: 95.7465
nr: 101.5336
sigma_l: 0.7814
sigma_r: 0.8248
beta: 0.4902
Time for calculation: 1.4023
Total log likelihood: -69836.0450
nl: 95.7467
nr: 101.5336
sigma_l: 0.7814
sigma_r: 0.8248
beta: 0.4902
Time for calculation: 1.4216
Total log likelihood: -69836.0450
nl: 95.7482
nr: 101.5353
sigma_l: 0.7814
sigma_r: 0.8248
beta: 0.4902
Time for calculation: 1.4645
Total log likelihood: -69836.0450
nl: 95.7485
nr: 101.5356
sigma_l: 0.7814
sigma_r: 0.8248
beta: 0.4902
Time for calculation: 1.4106
Total log likelihood: -69836.0450
nl: 95.7492
nr: 101.5362
sigma_l: 0.7814
sigma_r: 0.8248
beta: 0.4902
Time for calculation: 1.4595
Total log likelihood: -69836.0450
nl: 95.7464
nr: 101.5339
sigma_l: 0.7814
sigma_r: 0.8248
beta: 0.4902
Time for calculation: 1.4173
Total log likelihood: -69836.0450
nl: 95.7484
nr: 101.5354
sigma_l: 0.7814
sigma_r: 0.8248
beta: 0.4902
Time for calculation: 1.4052
Total log likelihood: -69836.0450
nl: 95.7473
nr: 101.5340
sigma_l: 0.7814
sigma_r: 0.8248
beta: 0.4902
Time for calculation: 1.3964
Total log likelihood: -69836.0450
nl: 95.7480
nr: 101.5352
sigma_l: 0.7814
sigma_r: 0.8248
beta: 0.4902
Time for calculation: 1.4434
Total log likelihood: -69836.0450
nl: 95.7497
nr: 101.5367
sigma_l: 0.7814
sigma_r: 0.8248
beta: 0.4902
Time for calculation: 1.4299
Total log likelihood: -69836.0450
nl: 95.7473
nr: 101.5344
sigma_l: 0.7814
sigma_r: 0.8248
beta: 0.4902
Time for calculation: 1.4758
Total log likelihood: -69836.0450
nl: 95.7489
nr: 101.5361
sigma_l: 0.7814
sigma_r: 0.8248
beta: 0.4902
Time for calculation: 1.3994
Total log likelihood: -69836.0450
nl: 95.7477
nr: 101.5347
sigma_l: 0.7814
sigma_r: 0.8248
beta: 0.4902
Time for calculation: 1.4260
Total log likelihood: -69836.0450
nl: 95.7478
nr: 101.5348
sigma_l: 0.7814
sigma_r: 0.8248
beta: 0.4902
Time for calculation: 1.4215
Total log likelihood: -69836.0450
nl: 95.7472
nr: 101.5342
sigma_l: 0.7814
sigma_r: 0.8248
beta: 0.4902
Time for calculation: 1.4271
Total log likelihood: -69836.0450
nl: 95.7482
nr: 101.5352
sigma_l: 0.7814
sigma_r: 0.8248
beta: 0.4902
Time for calculation: 1.4349
Total log likelihood: -69836.0450
nl: 95.7472
nr: 101.5344
sigma_l: 0.7814
sigma_r: 0.8248
beta: 0.4902
Time for calculation: 1.4589
Total log likelihood: -69836.0450
nl: 95.7483
nr: 101.5354
sigma_l: 0.7814
sigma_r: 0.8248
beta: 0.4902
Time for calculation: 1.4028
Total log likelihood: -69836.0450
nl: 95.7479
nr: 101.5352
sigma_l: 0.7814
sigma_r: 0.8248
beta: 0.4902
Time for calculation: 1.4318
Total log likelihood: -69836.0450
nl: 95.7482
nr: 101.5354
sigma_l: 0.7814
sigma_r: 0.8248
beta: 0.4902
Time for calculation: 1.4401
Total log likelihood: -69836.0450
nl: 95.7478
nr: 101.5349
sigma_l: 0.7814
sigma_r: 0.8248
beta: 0.4902
Time for calculation: 1.4846
Total log likelihood: -69836.0450
nl: 95.7479
nr: 101.5349
sigma_l: 0.7814
sigma_r: 0.8248
beta: 0.4902
Time for calculation: 1.4247
Total log likelihood: -69836.0450
nl: 95.7479
nr: 101.5351
sigma_l: 0.7814
sigma_r: 0.8248
beta: 0.4902
Time for calculation: 1.4470
Total log likelihood: -69836.0450
nl: 95.7474
nr: 101.5346
sigma_l: 0.7814
sigma_r: 0.8248
beta: 0.4902
Time for calculation: 1.4401
Total log likelihood: -69836.0450
nl: 95.7481
nr: 101.5352
sigma_l: 0.7814
sigma_r: 0.8248
beta: 0.4902
Time for calculation: 1.4638
Total log likelihood: -69836.0450
nl: 95.7474
nr: 101.5347
sigma_l: 0.7814
sigma_r: 0.8248
beta: 0.4902
Time for calculation: 1.3902
Total log likelihood: -69836.0450
nl: 95.7485
nr: 101.5357
sigma_l: 0.7814
sigma_r: 0.8248
beta: 0.4902
Time for calculation: 1.4113
Total log likelihood: -69836.0450
nl: 95.7487
nr: 101.5358
sigma_l: 0.7814
sigma_r: 0.8248
beta: 0.4902
Time for calculation: 1.4213
Total log likelihood: -69836.0450
nl: 95.7477
nr: 101.5349
sigma_l: 0.7814
sigma_r: 0.8248
beta: 0.4902
Time for calculation: 1.4145
Total log likelihood: -69836.0450
nl: 95.7473
nr: 101.5345
sigma_l: 0.7814
sigma_r: 0.8248
beta: 0.4902
Time for calculation: 1.4681
Total log likelihood: -69836.0450
nl: 95.7482
nr: 101.5354
sigma_l: 0.7814
sigma_r: 0.8248
beta: 0.4902
Time for calculation: 1.4337
Total log likelihood: -69836.0450
nl: 95.7479
nr: 101.5350
sigma_l: 0.7814
sigma_r: 0.8248
beta: 0.4902
Time for calculation: 1.4107
Total log likelihood: -69836.0450
nl: 95.7480
nr: 101.5352
sigma_l: 0.7814
sigma_r: 0.8248
beta: 0.4902
Time for calculation: 1.3889
Total log likelihood: -69836.0450
nl: 95.7482
nr: 101.5354
sigma_l: 0.7814
sigma_r: 0.8248
beta: 0.4902
Time for calculation: 1.4138
Total log likelihood: -69836.0450
nl: 95.7479
nr: 101.5350
sigma_l: 0.7814
sigma_r: 0.8248
beta: 0.4902
Time for calculation: 1.4196
Total log likelihood: -69836.0450
nl: 95.7480
nr: 101.5352
sigma_l: 0.7814
sigma_r: 0.8248
beta: 0.4902
Time for calculation: 1.3967
Total log likelihood: -69836.0450
nl: 95.7479
nr: 101.5351
sigma_l: 0.7814
sigma_r: 0.8248
beta: 0.4902
Time for calculation: 1.4512
Total log likelihood: -69836.0450
nl: 95.7480
nr: 101.5352
sigma_l: 0.7814
sigma_r: 0.8248
beta: 0.4902
Time for calculation: 1.4369
Total log likelihood: -69836.0450
nl: 95.7477
nr: 101.5348
sigma_l: 0.7814
sigma_r: 0.8248
beta: 0.4902
Time for calculation: 1.4783
Total log likelihood: -69836.0450
nl: 95.7477
nr: 101.5349
sigma_l: 0.7814
sigma_r: 0.8248
beta: 0.4902
Time for calculation: 1.4503
Total log likelihood: -69836.0450
nl: 95.7480
nr: 101.5351
sigma_l: 0.7814
sigma_r: 0.8248
beta: 0.4902
Time for calculation: 1.4417
Total log likelihood: -69836.0450
nl: 95.7481
nr: 101.5352
sigma_l: 0.7814
sigma_r: 0.8248
beta: 0.4902
Time for calculation: 1.4228
Total log likelihood: -69836.0450
nl: 95.7478
nr: 101.5350
sigma_l: 0.7814
sigma_r: 0.8248
beta: 0.4902
Time for calculation: 1.4660
Total log likelihood: -69836.0450
nl: 95.7479
nr: 101.5351
sigma_l: 0.7814
sigma_r: 0.8248
beta: 0.4902
Time for calculation: 1.4370
Total log likelihood: -69836.0450
nl: 95.7479
nr: 101.5350
sigma_l: 0.7814
sigma_r: 0.8248
beta: 0.4902
Time for calculation: 1.4519
Total log likelihood: -69836.0450
nl: 95.7478
nr: 101.5349
sigma_l: 0.7814
sigma_r: 0.8248
beta: 0.4902
Time for calculation: 1.4607
Total log likelihood: -69836.0450
nl: 95.7478
nr: 101.5349
sigma_l: 0.7814
sigma_r: 0.8248
beta: 0.4902
Time for calculation: 1.4446
Total log likelihood: -69836.0450
nl: 95.7481
nr: 101.5353
sigma_l: 0.7814
sigma_r: 0.8248
beta: 0.4902
Time for calculation: 1.4458
Total log likelihood: -69836.0450
nl: 95.7478
nr: 101.5349
sigma_l: 0.7814
sigma_r: 0.8248
beta: 0.4902
Time for calculation: 1.3811
Total log likelihood: -69836.0450
nl: 95.7480
nr: 101.5351
sigma_l: 0.7814
sigma_r: 0.8248
beta: 0.4902
Time for calculation: 1.4045
Total log likelihood: -69836.0450
nl: 95.7479
nr: 101.5350
sigma_l: 0.7814
sigma_r: 0.8248
beta: 0.4902
Time for calculation: 1.4254
Total log likelihood: -69836.0450
nl: 95.7477
nr: 101.5349
sigma_l: 0.7814
sigma_r: 0.8248
beta: 0.4902
Time for calculation: 1.4106
Total log likelihood: -69836.0450
nl: 95.7479
nr: 101.5351
sigma_l: 0.7814
sigma_r: 0.8248
beta: 0.4902
Time for calculation: 1.4017
Total log likelihood: -69836.0450
nl: 95.7478
nr: 101.5350
sigma_l: 0.7814
sigma_r: 0.8248
beta: 0.4902
Time for calculation: 1.4030
Total log likelihood: -69836.0450
nl: 95.7479
nr: 101.5350
sigma_l: 0.7814
sigma_r: 0.8248
beta: 0.4902
Time for calculation: 1.3972
Total log likelihood: -69836.0450
nl: 95.7478
nr: 101.5349
sigma_l: 0.7814
sigma_r: 0.8248
beta: 0.4902
Time for calculation: 1.4721
Total log likelihood: -69836.0450
nl: 95.7479
nr: 101.5351
sigma_l: 0.7814
sigma_r: 0.8248
beta: 0.4902
Time for calculation: 1.4108
Total log likelihood: -69836.0450
nl: 95.7479
nr: 101.5351
sigma_l: 0.7814
sigma_r: 0.8248
beta: 0.4902
Time for calculation: 1.4154
Total log likelihood: -69836.0450
nl: 95.7478
nr: 101.5350
sigma_l: 0.7814
sigma_r: 0.8248
beta: 0.4902
Time for calculation: 1.4179
Total log likelihood: -69836.0450
nl: 95.7480
nr: 101.5351
sigma_l: 0.7814
sigma_r: 0.8248
beta: 0.4902
Time for calculation: 1.4230
Total log likelihood: -69836.0450
nl: 95.7479
nr: 101.5351
sigma_l: 0.7814
sigma_r: 0.8248
beta: 0.4902
Time for calculation: 1.4425
Total log likelihood: -69836.0450
Optimization terminated successfully.
         Current function value: 253.029149
         Iterations: 249
         Function evaluations: 411
nl: 95.7713
nr: 101.5351
sigma_l: 0.7814
sigma_r: 0.8248
beta: 0.4902
Time for calculation: 1.4326
Total log likelihood: -69836.0452
nl: 95.7479
nr: 101.5351
sigma_l: 0.7814
sigma_r: 0.8248
beta: 0.4902
Time for calculation: 1.4333
Total log likelihood: -69836.0450
nl: 95.7479
nr: 101.5351
sigma_l: 0.7814
sigma_r: 0.8248
beta: 0.4902
Time for calculation: 1.4468
Total log likelihood: -69836.0450
nl: 95.7246
nr: 101.5351
sigma_l: 0.7814
sigma_r: 0.8248
beta: 0.4902
Time for calculation: 1.4282
Total log likelihood: -69836.0452
nl: 95.7596
nr: 101.5475
sigma_l: 0.7814
sigma_r: 0.8248
beta: 0.4902
Time for calculation: 1.4382
Total log likelihood: -69836.0451
nl: 95.7596
nr: 101.5227
sigma_l: 0.7814
sigma_r: 0.8248
beta: 0.4902
Time for calculation: 1.4356
Total log likelihood: -69836.0451
nl: 95.7363
nr: 101.5475
sigma_l: 0.7814
sigma_r: 0.8248
beta: 0.4902
Time for calculation: 1.4380
Total log likelihood: -69836.0451
nl: 95.7363
nr: 101.5227
sigma_l: 0.7814
sigma_r: 0.8248
beta: 0.4902
Time for calculation: 1.4486
Total log likelihood: -69836.0451
nl: 95.7596
nr: 101.5351
sigma_l: 0.7815
sigma_r: 0.8248
beta: 0.4902
Time for calculation: 1.4653
Total log likelihood: -69836.0451
nl: 95.7596
nr: 101.5351
sigma_l: 0.7813
sigma_r: 0.8248
beta: 0.4902
Time for calculation: 1.4272
Total log likelihood: -69836.0451
nl: 95.7363
nr: 101.5351
sigma_l: 0.7815
sigma_r: 0.8248
beta: 0.4902
Time for calculation: 1.4346
Total log likelihood: -69836.0451
nl: 95.7363
nr: 101.5351
sigma_l: 0.7813
sigma_r: 0.8248
beta: 0.4902
Time for calculation: 1.4289
Total log likelihood: -69836.0451
nl: 95.7596
nr: 101.5351
sigma_l: 0.7814
sigma_r: 0.8249
beta: 0.4902
Time for calculation: 1.4330
Total log likelihood: -69836.0452
nl: 95.7596
nr: 101.5351
sigma_l: 0.7814
sigma_r: 0.8247
beta: 0.4902
Time for calculation: 1.4460
Total log likelihood: -69836.0451
nl: 95.7363
nr: 101.5351
sigma_l: 0.7814
sigma_r: 0.8249
beta: 0.4902
Time for calculation: 1.4357
Total log likelihood: -69836.0451
nl: 95.7363
nr: 101.5351
sigma_l: 0.7814
sigma_r: 0.8247
beta: 0.4902
Time for calculation: 1.4390
Total log likelihood: -69836.0452
nl: 95.7596
nr: 101.5351
sigma_l: 0.7814
sigma_r: 0.8248
beta: 0.4903
Time for calculation: 1.4393
Total log likelihood: -69836.0451
nl: 95.7596
nr: 101.5351
sigma_l: 0.7814
sigma_r: 0.8248
beta: 0.4901
Time for calculation: 1.4474
Total log likelihood: -69836.0455
nl: 95.7363
nr: 101.5351
sigma_l: 0.7814
sigma_r: 0.8248
beta: 0.4903
Time for calculation: 1.4364
Total log likelihood: -69836.0455
nl: 95.7363
nr: 101.5351
sigma_l: 0.7814
sigma_r: 0.8248
beta: 0.4901
Time for calculation: 1.4431
Total log likelihood: -69836.0451
nl: 95.7479
nr: 101.5599
sigma_l: 0.7814
sigma_r: 0.8248
beta: 0.4902
Time for calculation: 1.4147
Total log likelihood: -69836.0452
nl: 95.7479
nr: 101.5351
sigma_l: 0.7814
sigma_r: 0.8248
beta: 0.4902
Time for calculation: 1.4737
Total log likelihood: -69836.0450
nl: 95.7479
nr: 101.5351
sigma_l: 0.7814
sigma_r: 0.8248
beta: 0.4902
Time for calculation: 1.4434
Total log likelihood: -69836.0450
nl: 95.7479
nr: 101.5103
sigma_l: 0.7814
sigma_r: 0.8248
beta: 0.4902
Time for calculation: 1.4698
Total log likelihood: -69836.0452
nl: 95.7479
nr: 101.5475
sigma_l: 0.7815
sigma_r: 0.8248
beta: 0.4902
Time for calculation: 1.4402
Total log likelihood: -69836.0452
nl: 95.7479
nr: 101.5475
sigma_l: 0.7813
sigma_r: 0.8248
beta: 0.4902
Time for calculation: 1.4148
Total log likelihood: -69836.0451
nl: 95.7479
nr: 101.5227
sigma_l: 0.7815
sigma_r: 0.8248
beta: 0.4902
Time for calculation: 1.4429
Total log likelihood: -69836.0451
nl: 95.7479
nr: 101.5227
sigma_l: 0.7813
sigma_r: 0.8248
beta: 0.4902
Time for calculation: 1.4404
Total log likelihood: -69836.0452
nl: 95.7479
nr: 101.5475
sigma_l: 0.7814
sigma_r: 0.8249
beta: 0.4902
Time for calculation: 1.4267
Total log likelihood: -69836.0451
nl: 95.7479
nr: 101.5475
sigma_l: 0.7814
sigma_r: 0.8247
beta: 0.4902
Time for calculation: 1.4756
Total log likelihood: -69836.0451
nl: 95.7479
nr: 101.5227
sigma_l: 0.7814
sigma_r: 0.8249
beta: 0.4902
Time for calculation: 1.4323
Total log likelihood: -69836.0451
nl: 95.7479
nr: 101.5227
sigma_l: 0.7814
sigma_r: 0.8247
beta: 0.4902
Time for calculation: 1.4744
Total log likelihood: -69836.0451
nl: 95.7479
nr: 101.5475
sigma_l: 0.7814
sigma_r: 0.8248
beta: 0.4903
Time for calculation: 1.4781
Total log likelihood: -69836.0451
nl: 95.7479
nr: 101.5475
sigma_l: 0.7814
sigma_r: 0.8248
beta: 0.4901
Time for calculation: 1.4535
Total log likelihood: -69836.0454
nl: 95.7479
nr: 101.5227
sigma_l: 0.7814
sigma_r: 0.8248
beta: 0.4903
Time for calculation: 1.4395
Total log likelihood: -69836.0454
nl: 95.7479
nr: 101.5227
sigma_l: 0.7814
sigma_r: 0.8248
beta: 0.4901
Time for calculation: 1.4691
Total log likelihood: -69836.0452
nl: 95.7479
nr: 101.5351
sigma_l: 0.7816
sigma_r: 0.8248
beta: 0.4902
Time for calculation: 1.4233
Total log likelihood: -69836.0453
nl: 95.7479
nr: 101.5351
sigma_l: 0.7814
sigma_r: 0.8248
beta: 0.4902
Time for calculation: 1.4530
Total log likelihood: -69836.0450
nl: 95.7479
nr: 101.5351
sigma_l: 0.7814
sigma_r: 0.8248
beta: 0.4902
Time for calculation: 1.4261
Total log likelihood: -69836.0450
nl: 95.7479
nr: 101.5351
sigma_l: 0.7812
sigma_r: 0.8248
beta: 0.4902
Time for calculation: 1.4299
Total log likelihood: -69836.0453
nl: 95.7479
nr: 101.5351
sigma_l: 0.7815
sigma_r: 0.8249
beta: 0.4902
Time for calculation: 1.4049
Total log likelihood: -69836.0451
nl: 95.7479
nr: 101.5351
sigma_l: 0.7815
sigma_r: 0.8247
beta: 0.4902
Time for calculation: 1.3938
Total log likelihood: -69836.0451
nl: 95.7479
nr: 101.5351
sigma_l: 0.7813
sigma_r: 0.8249
beta: 0.4902
Time for calculation: 1.4164
Total log likelihood: -69836.0451
nl: 95.7479
nr: 101.5351
sigma_l: 0.7813
sigma_r: 0.8247
beta: 0.4902
Time for calculation: 1.4517
Total log likelihood: -69836.0451
nl: 95.7479
nr: 101.5351
sigma_l: 0.7815
sigma_r: 0.8248
beta: 0.4903
Time for calculation: 1.4490
Total log likelihood: -69836.0453
nl: 95.7479
nr: 101.5351
sigma_l: 0.7815
sigma_r: 0.8248
beta: 0.4901
Time for calculation: 1.4360
Total log likelihood: -69836.0453
nl: 95.7479
nr: 101.5351
sigma_l: 0.7813
sigma_r: 0.8248
beta: 0.4903
Time for calculation: 1.4154
Total log likelihood: -69836.0453
nl: 95.7479
nr: 101.5351
sigma_l: 0.7813
sigma_r: 0.8248
beta: 0.4901
Time for calculation: 1.4305
Total log likelihood: -69836.0453
nl: 95.7479
nr: 101.5351
sigma_l: 0.7814
sigma_r: 0.8250
beta: 0.4902
Time for calculation: 1.3917
Total log likelihood: -69836.0453
nl: 95.7479
nr: 101.5351
sigma_l: 0.7814
sigma_r: 0.8248
beta: 0.4902
Time for calculation: 1.4160
Total log likelihood: -69836.0450
nl: 95.7479
nr: 101.5351
sigma_l: 0.7814
sigma_r: 0.8248
beta: 0.4902
Time for calculation: 1.3906
Total log likelihood: -69836.0450
nl: 95.7479
nr: 101.5351
sigma_l: 0.7814
sigma_r: 0.8246
beta: 0.4902
Time for calculation: 1.4236
Total log likelihood: -69836.0453
nl: 95.7479
nr: 101.5351
sigma_l: 0.7814
sigma_r: 0.8249
beta: 0.4903
Time for calculation: 1.4408
Total log likelihood: -69836.0453
nl: 95.7479
nr: 101.5351
sigma_l: 0.7814
sigma_r: 0.8249
beta: 0.4901
Time for calculation: 1.4467
Total log likelihood: -69836.0454
nl: 95.7479
nr: 101.5351
sigma_l: 0.7814
sigma_r: 0.8247
beta: 0.4903
Time for calculation: 1.4569
Total log likelihood: -69836.0454
nl: 95.7479
nr: 101.5351
sigma_l: 0.7814
sigma_r: 0.8247
beta: 0.4901
Time for calculation: 1.4472
Total log likelihood: -69836.0453
nl: 95.7479
nr: 101.5351
sigma_l: 0.7814
sigma_r: 0.8248
beta: 0.4903
Time for calculation: 1.4236
Total log likelihood: -69836.0460
nl: 95.7479
nr: 101.5351
sigma_l: 0.7814
sigma_r: 0.8248
beta: 0.4902
Time for calculation: 1.4465
Total log likelihood: -69836.0450
nl: 95.7479
nr: 101.5351
sigma_l: 0.7814
sigma_r: 0.8248
beta: 0.4902
Time for calculation: 1.4222
Total log likelihood: -69836.0450
nl: 95.7479
nr: 101.5351
sigma_l: 0.7814
sigma_r: 0.8248
beta: 0.4901
Time for calculation: 1.4396
Total log likelihood: -69836.0460
nl: 95.7713
nr: 101.5351
sigma_l: 0.7814
sigma_r: 0.8248
beta: 0.4902
Time for calculation: 1.5115
Total log likelihood: -69836.0452
nl: 95.7479
nr: 101.5351
sigma_l: 0.7814
sigma_r: 0.8248
beta: 0.4902
Time for calculation: 1.4394
Total log likelihood: -69836.0450
nl: 95.7479
nr: 101.5351
sigma_l: 0.7814
sigma_r: 0.8248
beta: 0.4902
Time for calculation: 1.4061
Total log likelihood: -69836.0450
nl: 95.7246
nr: 101.5351
sigma_l: 0.7814
sigma_r: 0.8248
beta: 0.4902
Time for calculation: 1.4328
Total log likelihood: -69836.0452
nl: 95.7596
nr: 101.5475
sigma_l: 0.7814
sigma_r: 0.8248
beta: 0.4902
Time for calculation: 1.4148
Total log likelihood: -69836.0451
nl: 95.7596
nr: 101.5227
sigma_l: 0.7814
sigma_r: 0.8248
beta: 0.4902
Time for calculation: 1.4652
Total log likelihood: -69836.0451
nl: 95.7363
nr: 101.5475
sigma_l: 0.7814
sigma_r: 0.8248
beta: 0.4902
Time for calculation: 1.4399
Total log likelihood: -69836.0451
nl: 95.7363
nr: 101.5227
sigma_l: 0.7814
sigma_r: 0.8248
beta: 0.4902
Time for calculation: 1.4584
Total log likelihood: -69836.0451
nl: 95.7596
nr: 101.5351
sigma_l: 0.7815
sigma_r: 0.8248
beta: 0.4902
Time for calculation: 1.4592
Total log likelihood: -69836.0451
nl: 95.7596
nr: 101.5351
sigma_l: 0.7813
sigma_r: 0.8248
beta: 0.4902
Time for calculation: 1.4367
Total log likelihood: -69836.0451
nl: 95.7363
nr: 101.5351
sigma_l: 0.7815
sigma_r: 0.8248
beta: 0.4902
Time for calculation: 1.4587
Total log likelihood: -69836.0451
nl: 95.7363
nr: 101.5351
sigma_l: 0.7813
sigma_r: 0.8248
beta: 0.4902
Time for calculation: 1.4106
Total log likelihood: -69836.0451
nl: 95.7596
nr: 101.5351
sigma_l: 0.7814
sigma_r: 0.8249
beta: 0.4902
Time for calculation: 1.4493
Total log likelihood: -69836.0452
nl: 95.7596
nr: 101.5351
sigma_l: 0.7814
sigma_r: 0.8247
beta: 0.4902
Time for calculation: 1.4352
Total log likelihood: -69836.0451
nl: 95.7363
nr: 101.5351
sigma_l: 0.7814
sigma_r: 0.8249
beta: 0.4902
Time for calculation: 1.4566
Total log likelihood: -69836.0451
nl: 95.7363
nr: 101.5351
sigma_l: 0.7814
sigma_r: 0.8247
beta: 0.4902
Time for calculation: 1.4370
Total log likelihood: -69836.0452
nl: 95.7596
nr: 101.5351
sigma_l: 0.7814
sigma_r: 0.8248
beta: 0.4903
Time for calculation: 1.4154
Total log likelihood: -69836.0451
nl: 95.7596
nr: 101.5351
sigma_l: 0.7814
sigma_r: 0.8248
beta: 0.4901
Time for calculation: 1.4759
Total log likelihood: -69836.0455
nl: 95.7363
nr: 101.5351
sigma_l: 0.7814
sigma_r: 0.8248
beta: 0.4903
Time for calculation: 1.4580
Total log likelihood: -69836.0455
nl: 95.7363
nr: 101.5351
sigma_l: 0.7814
sigma_r: 0.8248
beta: 0.4901
Time for calculation: 1.4271
Total log likelihood: -69836.0451
nl: 95.7479
nr: 101.5599
sigma_l: 0.7814
sigma_r: 0.8248
beta: 0.4902
Time for calculation: 1.4869
Total log likelihood: -69836.0452
nl: 95.7479
nr: 101.5351
sigma_l: 0.7814
sigma_r: 0.8248
beta: 0.4902
Time for calculation: 1.4270
Total log likelihood: -69836.0450
nl: 95.7479
nr: 101.5351
sigma_l: 0.7814
sigma_r: 0.8248
beta: 0.4902
Time for calculation: 1.4275
Total log likelihood: -69836.0450
nl: 95.7479
nr: 101.5103
sigma_l: 0.7814
sigma_r: 0.8248
beta: 0.4902
Time for calculation: 1.4484
Total log likelihood: -69836.0452
nl: 95.7479
nr: 101.5475
sigma_l: 0.7815
sigma_r: 0.8248
beta: 0.4902
Time for calculation: 1.4431
Total log likelihood: -69836.0452
nl: 95.7479
nr: 101.5475
sigma_l: 0.7813
sigma_r: 0.8248
beta: 0.4902
Time for calculation: 1.4369
Total log likelihood: -69836.0451
nl: 95.7479
nr: 101.5227
sigma_l: 0.7815
sigma_r: 0.8248
beta: 0.4902
Time for calculation: 1.4217
Total log likelihood: -69836.0451
nl: 95.7479
nr: 101.5227
sigma_l: 0.7813
sigma_r: 0.8248
beta: 0.4902
Time for calculation: 1.4275
Total log likelihood: -69836.0452
nl: 95.7479
nr: 101.5475
sigma_l: 0.7814
sigma_r: 0.8249
beta: 0.4902
Time for calculation: 1.4330
Total log likelihood: -69836.0451
nl: 95.7479
nr: 101.5475
sigma_l: 0.7814
sigma_r: 0.8247
beta: 0.4902
Time for calculation: 1.4257
Total log likelihood: -69836.0451
nl: 95.7479
nr: 101.5227
sigma_l: 0.7814
sigma_r: 0.8249
beta: 0.4902
Time for calculation: 1.4459
Total log likelihood: -69836.0451
nl: 95.7479
nr: 101.5227
sigma_l: 0.7814
sigma_r: 0.8247
beta: 0.4902
Time for calculation: 1.4423
Total log likelihood: -69836.0451
nl: 95.7479
nr: 101.5475
sigma_l: 0.7814
sigma_r: 0.8248
beta: 0.4903
Time for calculation: 1.4531
Total log likelihood: -69836.0451
nl: 95.7479
nr: 101.5475
sigma_l: 0.7814
sigma_r: 0.8248
beta: 0.4901
Time for calculation: 1.4302
Total log likelihood: -69836.0454
nl: 95.7479
nr: 101.5227
sigma_l: 0.7814
sigma_r: 0.8248
beta: 0.4903
Time for calculation: 1.4483
Total log likelihood: -69836.0454
nl: 95.7479
nr: 101.5227
sigma_l: 0.7814
sigma_r: 0.8248
beta: 0.4901
Time for calculation: 1.4849
Total log likelihood: -69836.0452
nl: 95.7479
nr: 101.5351
sigma_l: 0.7816
sigma_r: 0.8248
beta: 0.4902
Time for calculation: 1.5116
Total log likelihood: -69836.0453
nl: 95.7479
nr: 101.5351
sigma_l: 0.7814
sigma_r: 0.8248
beta: 0.4902
Time for calculation: 1.4484
Total log likelihood: -69836.0450
nl: 95.7479
nr: 101.5351
sigma_l: 0.7814
sigma_r: 0.8248
beta: 0.4902
Time for calculation: 1.4211
Total log likelihood: -69836.0450
nl: 95.7479
nr: 101.5351
sigma_l: 0.7812
sigma_r: 0.8248
beta: 0.4902
Time for calculation: 1.4313
Total log likelihood: -69836.0453
nl: 95.7479
nr: 101.5351
sigma_l: 0.7815
sigma_r: 0.8249
beta: 0.4902
Time for calculation: 1.4507
Total log likelihood: -69836.0451
nl: 95.7479
nr: 101.5351
sigma_l: 0.7815
sigma_r: 0.8247
beta: 0.4902
Time for calculation: 1.4233
Total log likelihood: -69836.0451
nl: 95.7479
nr: 101.5351
sigma_l: 0.7813
sigma_r: 0.8249
beta: 0.4902
Time for calculation: 1.4372
Total log likelihood: -69836.0451
nl: 95.7479
nr: 101.5351
sigma_l: 0.7813
sigma_r: 0.8247
beta: 0.4902
Time for calculation: 1.4235
Total log likelihood: -69836.0451
nl: 95.7479
nr: 101.5351
sigma_l: 0.7815
sigma_r: 0.8248
beta: 0.4903
Time for calculation: 1.4477
Total log likelihood: -69836.0453
nl: 95.7479
nr: 101.5351
sigma_l: 0.7815
sigma_r: 0.8248
beta: 0.4901
Time for calculation: 1.3928
Total log likelihood: -69836.0453
nl: 95.7479
nr: 101.5351
sigma_l: 0.7813
sigma_r: 0.8248
beta: 0.4903
Time for calculation: 1.4440
Total log likelihood: -69836.0453
nl: 95.7479
nr: 101.5351
sigma_l: 0.7813
sigma_r: 0.8248
beta: 0.4901
Time for calculation: 1.4407
Total log likelihood: -69836.0453
nl: 95.7479
nr: 101.5351
sigma_l: 0.7814
sigma_r: 0.8250
beta: 0.4902
Time for calculation: 1.4869
Total log likelihood: -69836.0453
nl: 95.7479
nr: 101.5351
sigma_l: 0.7814
sigma_r: 0.8248
beta: 0.4902
Time for calculation: 1.4229
Total log likelihood: -69836.0450
nl: 95.7479
nr: 101.5351
sigma_l: 0.7814
sigma_r: 0.8248
beta: 0.4902
Time for calculation: 1.4166
Total log likelihood: -69836.0450
nl: 95.7479
nr: 101.5351
sigma_l: 0.7814
sigma_r: 0.8246
beta: 0.4902
Time for calculation: 1.4390
Total log likelihood: -69836.0453
nl: 95.7479
nr: 101.5351
sigma_l: 0.7814
sigma_r: 0.8249
beta: 0.4903
Time for calculation: 1.4398
Total log likelihood: -69836.0453
nl: 95.7479
nr: 101.5351
sigma_l: 0.7814
sigma_r: 0.8249
beta: 0.4901
Time for calculation: 1.4379
Total log likelihood: -69836.0454
nl: 95.7479
nr: 101.5351
sigma_l: 0.7814
sigma_r: 0.8247
beta: 0.4903
Time for calculation: 1.4390
Total log likelihood: -69836.0454
nl: 95.7479
nr: 101.5351
sigma_l: 0.7814
sigma_r: 0.8247
beta: 0.4901
Time for calculation: 1.4576
Total log likelihood: -69836.0453
nl: 95.7479
nr: 101.5351
sigma_l: 0.7814
sigma_r: 0.8248
beta: 0.4903
Time for calculation: 1.4527
Total log likelihood: -69836.0460
nl: 95.7479
nr: 101.5351
sigma_l: 0.7814
sigma_r: 0.8248
beta: 0.4902
Time for calculation: 1.4468
Total log likelihood: -69836.0450
nl: 95.7479
nr: 101.5351
sigma_l: 0.7814
sigma_r: 0.8248
beta: 0.4902
Time for calculation: 1.4325
Total log likelihood: -69836.0450
nl: 95.7479
nr: 101.5351
sigma_l: 0.7814
sigma_r: 0.8248
beta: 0.4901
Time for calculation: 1.4338
Total log likelihood: -69836.0460
[[ 1.          0.98191175 -0.23333536 -0.29462031  0.98986338]
 [ 0.98191175  1.         -0.28592144 -0.23981727  0.98954508]
 [-0.23333536 -0.28592144  1.          0.08239868 -0.24162128]
 [-0.29462031 -0.23981727  0.08239868  1.         -0.2445818 ]
 [ 0.98986338  0.98954508 -0.24162128 -0.2445818   1.        ]]
nl: 95.7479
nr: 101.5351
sigma_l: 0.7814
sigma_r: 0.8248
beta: 0.4902
Time for calculation: 1.4323
Total log likelihood: -69836.0450
                          MLE_Estim_Barrier Results                           
==============================================================================
Dep. Variable:                      y   Log-Likelihood:                -69836.
Model:              MLE_Estim_Barrier   AIC:                         1.397e+05
Method:            Maximum Likelihood   BIC:                         1.397e+05
Date:                Mon, 29 May 2023                                         
Time:                        18:13:16                                         
No. Observations:                 276                                         
Df Residuals:                     275                                         
Df Model:                           0                                         
==============================================================================
                 coef    std err          z      P>|z|      [0.025      0.975]
------------------------------------------------------------------------------
const         95.7479      8.284     11.558      0.000      79.511     111.984
par0         101.5351      8.768     11.581      0.000      84.351     118.719
par1           0.7814      0.009     84.965      0.000       0.763       0.799
par2           0.8248      0.010     84.912      0.000       0.806       0.844
par3           0.4902      0.026     18.524      0.000       0.438       0.542
==============================================================================

MLE Estimates:
Parameter 0: 95.747938
Parameter 1: 101.535082
Parameter 2: 0.781383
Parameter 3: 0.824782
Parameter 4: 0.490198
Saving Results to: /mnt/archgen/users/hringbauer/git/IBD-Analysis/ibd_analysis/blocksim/output/varyNe/scenario8/data_set_nr_12.tsv
[[ 95.74793833  79.511485   111.98439167]
 [101.53508193  84.35086064 118.71930322]
 [  0.78138276   0.76335788   0.79940765]
 [  0.8247817    0.80574375   0.84381966]
 [  0.49019811   0.43833116   0.54206507]]
Results have been successfully saved.
Run Complete. GOOD JOB!
Finished IBD simulation and estimation. Good Job!
Simulation Finished!
