Running Task 209
bionode51
/mnt/archgen/users/hringbauer/git/IBD-Analysis/ibd_analysis/blocksim
CPU Count: 128
Doing Complete Simulation run...
Loaded migration Matrix type: isotropic
Runtime Migration Matrix: 2.6047 
Size of Migration Matrix: 246016
Doing Pre-Calculations for cumulative Sums
Nr of total entries in precalculated cum-sums:
1228096
Runtime Pre-Calculations: 37.0060
Gridsize: 200
Loaded migration Matrix type: isotropic
Runtime Migration Matrix: 0.3952 
Size of Migration Matrix: 40000
Doing Pre-Calculations for cumulative Sums
Nr of total entries in precalculated cum-sums:
516004
Runtime Pre-Calculations: 5.9579
Simulated Sigmas: 
[0.8 0.8]
Simulated Initial Deme Ne: 
[100 100]
Simulated Beta:
0.5
Simulated Barrier Position: 100
Nr. Samples set: 240
Doing step: 0/500
IIDs left: 100
IIDs right: 100
Doing step: 1/500
IIDs left: 71
IIDs right: 71
Doing step: 2/500
IIDs left: 58
IIDs right: 58
Doing step: 3/500
IIDs left: 50
IIDs right: 50
Doing step: 4/500
IIDs left: 45
IIDs right: 45
Doing step: 5/500
IIDs left: 41
IIDs right: 41
Doing step: 6/500
IIDs left: 38
IIDs right: 38
Doing step: 7/500
IIDs left: 35
IIDs right: 35
Doing step: 8/500
IIDs left: 33
IIDs right: 33
Doing step: 9/500
IIDs left: 32
IIDs right: 32
Doing step: 10/500
IIDs left: 30
IIDs right: 30
Doing step: 11/500
IIDs left: 29
IIDs right: 29
Doing step: 12/500
IIDs left: 28
IIDs right: 28
Doing step: 13/500
IIDs left: 27
IIDs right: 27
Doing step: 14/500
IIDs left: 26
IIDs right: 26
Doing step: 15/500
IIDs left: 25
IIDs right: 25
Doing step: 16/500
IIDs left: 24
IIDs right: 24
Doing step: 17/500
IIDs left: 24
IIDs right: 24
Doing step: 18/500
IIDs left: 23
IIDs right: 23
Doing step: 19/500
IIDs left: 22
IIDs right: 22
Doing step: 20/500
IIDs left: 22
IIDs right: 22
Doing step: 21/500
IIDs left: 21
IIDs right: 21
Doing step: 22/500
IIDs left: 21
IIDs right: 21
Doing step: 23/500
IIDs left: 20
IIDs right: 20
Doing step: 24/500
IIDs left: 20
IIDs right: 20
Doing step: 25/500
IIDs left: 20
IIDs right: 20
Doing step: 26/500
IIDs left: 19
IIDs right: 19
Doing step: 27/500
IIDs left: 19
IIDs right: 19
Doing step: 28/500
IIDs left: 19
IIDs right: 19
Doing step: 29/500
IIDs left: 18
IIDs right: 18
Doing step: 30/500
IIDs left: 18
IIDs right: 18
Doing step: 31/500
IIDs left: 18
IIDs right: 18
Doing step: 32/500
IIDs left: 17
IIDs right: 17
Doing step: 33/500
IIDs left: 17
IIDs right: 17
Doing step: 34/500
IIDs left: 17
IIDs right: 17
Doing step: 35/500
IIDs left: 17
IIDs right: 17
Doing step: 36/500
IIDs left: 16
IIDs right: 16
Doing step: 37/500
IIDs left: 16
IIDs right: 16
Doing step: 38/500
IIDs left: 16
IIDs right: 16
Doing step: 39/500
IIDs left: 16
IIDs right: 16
Doing step: 40/500
IIDs left: 16
IIDs right: 16
Doing step: 41/500
IIDs left: 15
IIDs right: 15
Doing step: 42/500
IIDs left: 15
IIDs right: 15
Doing step: 43/500
IIDs left: 15
IIDs right: 15
Doing step: 44/500
IIDs left: 15
IIDs right: 15
Doing step: 45/500
IIDs left: 15
IIDs right: 15
Doing step: 46/500
IIDs left: 15
IIDs right: 15
Doing step: 47/500
IIDs left: 14
IIDs right: 14
Doing step: 48/500
IIDs left: 14
IIDs right: 14
Doing step: 49/500
IIDs left: 14
IIDs right: 14
Doing step: 50/500
IIDs left: 14
IIDs right: 14
Doing step: 51/500
IIDs left: 14
IIDs right: 14
Doing step: 52/500
IIDs left: 14
IIDs right: 14
Doing step: 53/500
IIDs left: 14
IIDs right: 14
Doing step: 54/500
IIDs left: 13
IIDs right: 13
Doing step: 55/500
IIDs left: 13
IIDs right: 13
Doing step: 56/500
IIDs left: 13
IIDs right: 13
Doing step: 57/500
IIDs left: 13
IIDs right: 13
Doing step: 58/500
IIDs left: 13
IIDs right: 13
Doing step: 59/500
IIDs left: 13
IIDs right: 13
Doing step: 60/500
IIDs left: 13
IIDs right: 13
Doing step: 61/500
IIDs left: 13
IIDs right: 13
Doing step: 62/500
IIDs left: 13
IIDs right: 13
Doing step: 63/500
IIDs left: 12
IIDs right: 12
Doing step: 64/500
IIDs left: 12
IIDs right: 12
Doing step: 65/500
IIDs left: 12
IIDs right: 12
Doing step: 66/500
IIDs left: 12
IIDs right: 12
Doing step: 67/500
IIDs left: 12
IIDs right: 12
Doing step: 68/500
IIDs left: 12
IIDs right: 12
Doing step: 69/500
IIDs left: 12
IIDs right: 12
Doing step: 70/500
IIDs left: 12
IIDs right: 12
Doing step: 71/500
IIDs left: 12
IIDs right: 12
Doing step: 72/500
IIDs left: 12
IIDs right: 12
Doing step: 73/500
IIDs left: 12
IIDs right: 12
Doing step: 74/500
IIDs left: 12
IIDs right: 12
Doing step: 75/500
IIDs left: 11
IIDs right: 11
Doing step: 76/500
IIDs left: 11
IIDs right: 11
Doing step: 77/500
IIDs left: 11
IIDs right: 11
Doing step: 78/500
IIDs left: 11
IIDs right: 11
Doing step: 79/500
IIDs left: 11
IIDs right: 11
Doing step: 80/500
IIDs left: 11
IIDs right: 11
Doing step: 81/500
IIDs left: 11
IIDs right: 11
Doing step: 82/500
IIDs left: 11
IIDs right: 11
Doing step: 83/500
IIDs left: 11
IIDs right: 11
Doing step: 84/500
IIDs left: 11
IIDs right: 11
Doing step: 85/500
IIDs left: 11
IIDs right: 11
Doing step: 86/500
IIDs left: 11
IIDs right: 11
Doing step: 87/500
IIDs left: 11
IIDs right: 11
Doing step: 88/500
IIDs left: 11
IIDs right: 11
Doing step: 89/500
IIDs left: 11
IIDs right: 11
Doing step: 90/500
IIDs left: 10
IIDs right: 10
Doing step: 91/500
IIDs left: 10
IIDs right: 10
Doing step: 92/500
IIDs left: 10
IIDs right: 10
Doing step: 93/500
IIDs left: 10
IIDs right: 10
Doing step: 94/500
IIDs left: 10
IIDs right: 10
Doing step: 95/500
IIDs left: 10
IIDs right: 10
Doing step: 96/500
IIDs left: 10
IIDs right: 10
Doing step: 97/500
IIDs left: 10
IIDs right: 10
Doing step: 98/500
IIDs left: 10
IIDs right: 10
Doing step: 99/500
IIDs left: 10
IIDs right: 10
Doing step: 100/500
IIDs left: 10
IIDs right: 10
Doing step: 101/500
IIDs left: 10
IIDs right: 10
Doing step: 102/500
IIDs left: 10
IIDs right: 10
Doing step: 103/500
IIDs left: 10
IIDs right: 10
Doing step: 104/500
IIDs left: 10
IIDs right: 10
Doing step: 105/500
IIDs left: 10
IIDs right: 10
Doing step: 106/500
IIDs left: 10
IIDs right: 10
Doing step: 107/500
IIDs left: 10
IIDs right: 10
Doing step: 108/500
IIDs left: 10
IIDs right: 10
Doing step: 109/500
IIDs left: 10
IIDs right: 10
Doing step: 110/500
IIDs left: 9
IIDs right: 9
Doing step: 111/500
IIDs left: 9
IIDs right: 9
Doing step: 112/500
IIDs left: 9
IIDs right: 9
Doing step: 113/500
IIDs left: 9
IIDs right: 9
Doing step: 114/500
IIDs left: 9
IIDs right: 9
Doing step: 115/500
IIDs left: 9
IIDs right: 9
Doing step: 116/500
IIDs left: 9
IIDs right: 9
Doing step: 117/500
IIDs left: 9
IIDs right: 9
Doing step: 118/500
IIDs left: 9
IIDs right: 9
Doing step: 119/500
IIDs left: 9
IIDs right: 9
Doing step: 120/500
IIDs left: 9
IIDs right: 9
Doing step: 121/500
IIDs left: 9
IIDs right: 9
Doing step: 122/500
IIDs left: 9
IIDs right: 9
Doing step: 123/500
IIDs left: 9
IIDs right: 9
Doing step: 124/500
IIDs left: 9
IIDs right: 9
Doing step: 125/500
IIDs left: 9
IIDs right: 9
Doing step: 126/500
IIDs left: 9
IIDs right: 9
Doing step: 127/500
IIDs left: 9
IIDs right: 9
Doing step: 128/500
IIDs left: 9
IIDs right: 9
Doing step: 129/500
IIDs left: 9
IIDs right: 9
Doing step: 130/500
IIDs left: 9
IIDs right: 9
Doing step: 131/500
IIDs left: 9
IIDs right: 9
Doing step: 132/500
IIDs left: 9
IIDs right: 9
Doing step: 133/500
IIDs left: 9
IIDs right: 9
Doing step: 134/500
IIDs left: 9
IIDs right: 9
Doing step: 135/500
IIDs left: 9
IIDs right: 9
Doing step: 136/500
IIDs left: 9
IIDs right: 9
Doing step: 137/500
IIDs left: 9
IIDs right: 9
Doing step: 138/500
IIDs left: 8
IIDs right: 8
Doing step: 139/500
IIDs left: 8
IIDs right: 8
Doing step: 140/500
IIDs left: 8
IIDs right: 8
Doing step: 141/500
IIDs left: 8
IIDs right: 8
Doing step: 142/500
IIDs left: 8
IIDs right: 8
Doing step: 143/500
IIDs left: 8
IIDs right: 8
Doing step: 144/500
IIDs left: 8
IIDs right: 8
Doing step: 145/500
IIDs left: 8
IIDs right: 8
Doing step: 146/500
IIDs left: 8
IIDs right: 8
Doing step: 147/500
IIDs left: 8
IIDs right: 8
Doing step: 148/500
IIDs left: 8
IIDs right: 8
Doing step: 149/500
IIDs left: 8
IIDs right: 8
Doing step: 150/500
IIDs left: 8
IIDs right: 8
Doing step: 151/500
IIDs left: 8
IIDs right: 8
Doing step: 152/500
IIDs left: 8
IIDs right: 8
Doing step: 153/500
IIDs left: 8
IIDs right: 8
Doing step: 154/500
IIDs left: 8
IIDs right: 8
Doing step: 155/500
IIDs left: 8
IIDs right: 8
Doing step: 156/500
IIDs left: 8
IIDs right: 8
Doing step: 157/500
IIDs left: 8
IIDs right: 8
Doing step: 158/500
IIDs left: 8
IIDs right: 8
Doing step: 159/500
IIDs left: 8
IIDs right: 8
Doing step: 160/500
IIDs left: 8
IIDs right: 8
Doing step: 161/500
IIDs left: 8
IIDs right: 8
Doing step: 162/500
IIDs left: 8
IIDs right: 8
Doing step: 163/500
IIDs left: 8
IIDs right: 8
Doing step: 164/500
IIDs left: 8
IIDs right: 8
Doing step: 165/500
IIDs left: 8
IIDs right: 8
Doing step: 166/500
IIDs left: 8
IIDs right: 8
Doing step: 167/500
IIDs left: 8
IIDs right: 8
Doing step: 168/500
IIDs left: 8
IIDs right: 8
Doing step: 169/500
IIDs left: 8
IIDs right: 8
Doing step: 170/500
IIDs left: 8
IIDs right: 8
Doing step: 171/500
IIDs left: 8
IIDs right: 8
Doing step: 172/500
IIDs left: 8
IIDs right: 8
Doing step: 173/500
IIDs left: 8
IIDs right: 8
Doing step: 174/500
IIDs left: 8
IIDs right: 8
Doing step: 175/500
IIDs left: 8
IIDs right: 8
Doing step: 176/500
IIDs left: 8
IIDs right: 8
Doing step: 177/500
IIDs left: 7
IIDs right: 7
Doing step: 178/500
IIDs left: 7
IIDs right: 7
Doing step: 179/500
IIDs left: 7
IIDs right: 7
Doing step: 180/500
IIDs left: 7
IIDs right: 7
Doing step: 181/500
IIDs left: 7
IIDs right: 7
Doing step: 182/500
IIDs left: 7
IIDs right: 7
Doing step: 183/500
IIDs left: 7
IIDs right: 7
Doing step: 184/500
IIDs left: 7
IIDs right: 7
Doing step: 185/500
IIDs left: 7
IIDs right: 7
Doing step: 186/500
IIDs left: 7
IIDs right: 7
Doing step: 187/500
IIDs left: 7
IIDs right: 7
Doing step: 188/500
IIDs left: 7
IIDs right: 7
Doing step: 189/500
IIDs left: 7
IIDs right: 7
Doing step: 190/500
IIDs left: 7
IIDs right: 7
Doing step: 191/500
IIDs left: 7
IIDs right: 7
Doing step: 192/500
IIDs left: 7
IIDs right: 7
Doing step: 193/500
IIDs left: 7
IIDs right: 7
Doing step: 194/500
IIDs left: 7
IIDs right: 7
Doing step: 195/500
IIDs left: 7
IIDs right: 7
Doing step: 196/500
IIDs left: 7
IIDs right: 7
Doing step: 197/500
IIDs left: 7
IIDs right: 7
Doing step: 198/500
IIDs left: 7
IIDs right: 7
Doing step: 199/500
IIDs left: 7
IIDs right: 7
Doing step: 200/500
IIDs left: 7
IIDs right: 7
Doing step: 201/500
IIDs left: 7
IIDs right: 7
Doing step: 202/500
IIDs left: 7
IIDs right: 7
Doing step: 203/500
IIDs left: 7
IIDs right: 7
Doing step: 204/500
IIDs left: 7
IIDs right: 7
Doing step: 205/500
IIDs left: 7
IIDs right: 7
Doing step: 206/500
IIDs left: 7
IIDs right: 7
Doing step: 207/500
IIDs left: 7
IIDs right: 7
Doing step: 208/500
IIDs left: 7
IIDs right: 7
Doing step: 209/500
IIDs left: 7
IIDs right: 7
Doing step: 210/500
IIDs left: 7
IIDs right: 7
Doing step: 211/500
IIDs left: 7
IIDs right: 7
Doing step: 212/500
IIDs left: 7
IIDs right: 7
Doing step: 213/500
IIDs left: 7
IIDs right: 7
Doing step: 214/500
IIDs left: 7
IIDs right: 7
Doing step: 215/500
IIDs left: 7
IIDs right: 7
Doing step: 216/500
IIDs left: 7
IIDs right: 7
Doing step: 217/500
IIDs left: 7
IIDs right: 7
Doing step: 218/500
IIDs left: 7
IIDs right: 7
Doing step: 219/500
IIDs left: 7
IIDs right: 7
Doing step: 220/500
IIDs left: 7
IIDs right: 7
Doing step: 221/500
IIDs left: 7
IIDs right: 7
Doing step: 222/500
IIDs left: 7
IIDs right: 7
Doing step: 223/500
IIDs left: 7
IIDs right: 7
Doing step: 224/500
IIDs left: 7
IIDs right: 7
Doing step: 225/500
IIDs left: 7
IIDs right: 7
Doing step: 226/500
IIDs left: 7
IIDs right: 7
Doing step: 227/500
IIDs left: 7
IIDs right: 7
Doing step: 228/500
IIDs left: 7
IIDs right: 7
Doing step: 229/500
IIDs left: 7
IIDs right: 7
Doing step: 230/500
IIDs left: 7
IIDs right: 7
Doing step: 231/500
IIDs left: 7
IIDs right: 7
Doing step: 232/500
IIDs left: 7
IIDs right: 7
Doing step: 233/500
IIDs left: 7
IIDs right: 7
Doing step: 234/500
IIDs left: 7
IIDs right: 7
Doing step: 235/500
IIDs left: 7
IIDs right: 7
Doing step: 236/500
IIDs left: 6
IIDs right: 6
Doing step: 237/500
IIDs left: 6
IIDs right: 6
Doing step: 238/500
IIDs left: 6
IIDs right: 6
Doing step: 239/500
IIDs left: 6
IIDs right: 6
Doing step: 240/500
IIDs left: 6
IIDs right: 6
Doing step: 241/500
IIDs left: 6
IIDs right: 6
Doing step: 242/500
IIDs left: 6
IIDs right: 6
Doing step: 243/500
IIDs left: 6
IIDs right: 6
Doing step: 244/500
IIDs left: 6
IIDs right: 6
Doing step: 245/500
IIDs left: 6
IIDs right: 6
Doing step: 246/500
IIDs left: 6
IIDs right: 6
Doing step: 247/500
IIDs left: 6
IIDs right: 6
Doing step: 248/500
IIDs left: 6
IIDs right: 6
Doing step: 249/500
IIDs left: 6
IIDs right: 6
Doing step: 250/500
IIDs left: 6
IIDs right: 6
Doing step: 251/500
IIDs left: 6
IIDs right: 6
Doing step: 252/500
IIDs left: 6
IIDs right: 6
Doing step: 253/500
IIDs left: 6
IIDs right: 6
Doing step: 254/500
IIDs left: 6
IIDs right: 6
Doing step: 255/500
IIDs left: 6
IIDs right: 6
Doing step: 256/500
IIDs left: 6
IIDs right: 6
Doing step: 257/500
IIDs left: 6
IIDs right: 6
Doing step: 258/500
IIDs left: 6
IIDs right: 6
Doing step: 259/500
IIDs left: 6
IIDs right: 6
Doing step: 260/500
IIDs left: 6
IIDs right: 6
Doing step: 261/500
IIDs left: 6
IIDs right: 6
Doing step: 262/500
IIDs left: 6
IIDs right: 6
Doing step: 263/500
IIDs left: 6
IIDs right: 6
Doing step: 264/500
IIDs left: 6
IIDs right: 6
Doing step: 265/500
IIDs left: 6
IIDs right: 6
Doing step: 266/500
IIDs left: 6
IIDs right: 6
Doing step: 267/500
IIDs left: 6
IIDs right: 6
Doing step: 268/500
IIDs left: 6
IIDs right: 6
Doing step: 269/500
IIDs left: 6
IIDs right: 6
Doing step: 270/500
IIDs left: 6
IIDs right: 6
Doing step: 271/500
IIDs left: 6
IIDs right: 6
Doing step: 272/500
IIDs left: 6
IIDs right: 6
Doing step: 273/500
IIDs left: 6
IIDs right: 6
Doing step: 274/500
IIDs left: 6
IIDs right: 6
Doing step: 275/500
IIDs left: 6
IIDs right: 6
Doing step: 276/500
IIDs left: 6
IIDs right: 6
Doing step: 277/500
IIDs left: 6
IIDs right: 6
Doing step: 278/500
IIDs left: 6
IIDs right: 6
Doing step: 279/500
IIDs left: 6
IIDs right: 6
Doing step: 280/500
IIDs left: 6
IIDs right: 6
Doing step: 281/500
IIDs left: 6
IIDs right: 6
Doing step: 282/500
IIDs left: 6
IIDs right: 6
Doing step: 283/500
IIDs left: 6
IIDs right: 6
Doing step: 284/500
IIDs left: 6
IIDs right: 6
Doing step: 285/500
IIDs left: 6
IIDs right: 6
Doing step: 286/500
IIDs left: 6
IIDs right: 6
Doing step: 287/500
IIDs left: 6
IIDs right: 6
Doing step: 288/500
IIDs left: 6
IIDs right: 6
Doing step: 289/500
IIDs left: 6
IIDs right: 6
Doing step: 290/500
IIDs left: 6
IIDs right: 6
Doing step: 291/500
IIDs left: 6
IIDs right: 6
Doing step: 292/500
IIDs left: 6
IIDs right: 6
Doing step: 293/500
IIDs left: 6
IIDs right: 6
Doing step: 294/500
IIDs left: 6
IIDs right: 6
Doing step: 295/500
IIDs left: 6
IIDs right: 6
Doing step: 296/500
IIDs left: 6
IIDs right: 6
Doing step: 297/500
IIDs left: 6
IIDs right: 6
Doing step: 298/500
IIDs left: 6
IIDs right: 6
Doing step: 299/500
IIDs left: 6
IIDs right: 6
Doing step: 300/500
IIDs left: 6
IIDs right: 6
Doing step: 301/500
IIDs left: 6
IIDs right: 6
Doing step: 302/500
IIDs left: 6
IIDs right: 6
Doing step: 303/500
IIDs left: 6
IIDs right: 6
Doing step: 304/500
IIDs left: 6
IIDs right: 6
Doing step: 305/500
IIDs left: 6
IIDs right: 6
Doing step: 306/500
IIDs left: 6
IIDs right: 6
Doing step: 307/500
IIDs left: 6
IIDs right: 6
Doing step: 308/500
IIDs left: 6
IIDs right: 6
Doing step: 309/500
IIDs left: 6
IIDs right: 6
Doing step: 310/500
IIDs left: 6
IIDs right: 6
Doing step: 311/500
IIDs left: 6
IIDs right: 6
Doing step: 312/500
IIDs left: 6
IIDs right: 6
Doing step: 313/500
IIDs left: 6
IIDs right: 6
Doing step: 314/500
IIDs left: 6
IIDs right: 6
Doing step: 315/500
IIDs left: 6
IIDs right: 6
Doing step: 316/500
IIDs left: 6
IIDs right: 6
Doing step: 317/500
IIDs left: 6
IIDs right: 6
Doing step: 318/500
IIDs left: 6
IIDs right: 6
Doing step: 319/500
IIDs left: 6
IIDs right: 6
Doing step: 320/500
IIDs left: 6
IIDs right: 6
Doing step: 321/500
IIDs left: 6
IIDs right: 6
Doing step: 322/500
IIDs left: 6
IIDs right: 6
Doing step: 323/500
IIDs left: 6
IIDs right: 6
Doing step: 324/500
IIDs left: 6
IIDs right: 6
Doing step: 325/500
IIDs left: 6
IIDs right: 6
Doing step: 326/500
IIDs left: 6
IIDs right: 6
Doing step: 327/500
IIDs left: 6
IIDs right: 6
Doing step: 328/500
IIDs left: 6
IIDs right: 6
Doing step: 329/500
IIDs left: 6
IIDs right: 6
Doing step: 330/500
IIDs left: 5
IIDs right: 5
Doing step: 331/500
IIDs left: 5
IIDs right: 5
Doing step: 332/500
IIDs left: 5
IIDs right: 5
Doing step: 333/500
IIDs left: 5
IIDs right: 5
Doing step: 334/500
IIDs left: 5
IIDs right: 5
Doing step: 335/500
IIDs left: 5
IIDs right: 5
Doing step: 336/500
IIDs left: 5
IIDs right: 5
Doing step: 337/500
IIDs left: 5
IIDs right: 5
Doing step: 338/500
IIDs left: 5
IIDs right: 5
Doing step: 339/500
IIDs left: 5
IIDs right: 5
Doing step: 340/500
IIDs left: 5
IIDs right: 5
Doing step: 341/500
IIDs left: 5
IIDs right: 5
Doing step: 342/500
IIDs left: 5
IIDs right: 5
Doing step: 343/500
IIDs left: 5
IIDs right: 5
Doing step: 344/500
IIDs left: 5
IIDs right: 5
Doing step: 345/500
IIDs left: 5
IIDs right: 5
Doing step: 346/500
IIDs left: 5
IIDs right: 5
Doing step: 347/500
IIDs left: 5
IIDs right: 5
Doing step: 348/500
IIDs left: 5
IIDs right: 5
Doing step: 349/500
IIDs left: 5
IIDs right: 5
Doing step: 350/500
IIDs left: 5
IIDs right: 5
Doing step: 351/500
IIDs left: 5
IIDs right: 5
Doing step: 352/500
IIDs left: 5
IIDs right: 5
Doing step: 353/500
IIDs left: 5
IIDs right: 5
Doing step: 354/500
IIDs left: 5
IIDs right: 5
Doing step: 355/500
IIDs left: 5
IIDs right: 5
Doing step: 356/500
IIDs left: 5
IIDs right: 5
Doing step: 357/500
IIDs left: 5
IIDs right: 5
Doing step: 358/500
IIDs left: 5
IIDs right: 5
Doing step: 359/500
IIDs left: 5
IIDs right: 5
Doing step: 360/500
IIDs left: 5
IIDs right: 5
Doing step: 361/500
IIDs left: 5
IIDs right: 5
Doing step: 362/500
IIDs left: 5
IIDs right: 5
Doing step: 363/500
IIDs left: 5
IIDs right: 5
Doing step: 364/500
IIDs left: 5
IIDs right: 5
Doing step: 365/500
IIDs left: 5
IIDs right: 5
Doing step: 366/500
IIDs left: 5
IIDs right: 5
Doing step: 367/500
IIDs left: 5
IIDs right: 5
Doing step: 368/500
IIDs left: 5
IIDs right: 5
Doing step: 369/500
IIDs left: 5
IIDs right: 5
Doing step: 370/500
IIDs left: 5
IIDs right: 5
Doing step: 371/500
IIDs left: 5
IIDs right: 5
Doing step: 372/500
IIDs left: 5
IIDs right: 5
Doing step: 373/500
IIDs left: 5
IIDs right: 5
Doing step: 374/500
IIDs left: 5
IIDs right: 5
Doing step: 375/500
IIDs left: 5
IIDs right: 5
Doing step: 376/500
IIDs left: 5
IIDs right: 5
Doing step: 377/500
IIDs left: 5
IIDs right: 5
Doing step: 378/500
IIDs left: 5
IIDs right: 5
Doing step: 379/500
IIDs left: 5
IIDs right: 5
Doing step: 380/500
IIDs left: 5
IIDs right: 5
Doing step: 381/500
IIDs left: 5
IIDs right: 5
Doing step: 382/500
IIDs left: 5
IIDs right: 5
Doing step: 383/500
IIDs left: 5
IIDs right: 5
Doing step: 384/500
IIDs left: 5
IIDs right: 5
Doing step: 385/500
IIDs left: 5
IIDs right: 5
Doing step: 386/500
IIDs left: 5
IIDs right: 5
Doing step: 387/500
IIDs left: 5
IIDs right: 5
Doing step: 388/500
IIDs left: 5
IIDs right: 5
Doing step: 389/500
IIDs left: 5
IIDs right: 5
Doing step: 390/500
IIDs left: 5
IIDs right: 5
Doing step: 391/500
IIDs left: 5
IIDs right: 5
Doing step: 392/500
IIDs left: 5
IIDs right: 5
Doing step: 393/500
IIDs left: 5
IIDs right: 5
Doing step: 394/500
IIDs left: 5
IIDs right: 5
Doing step: 395/500
IIDs left: 5
IIDs right: 5
Doing step: 396/500
IIDs left: 5
IIDs right: 5
Doing step: 397/500
IIDs left: 5
IIDs right: 5
Doing step: 398/500
IIDs left: 5
IIDs right: 5
Doing step: 399/500
IIDs left: 5
IIDs right: 5
Doing step: 400/500
IIDs left: 5
IIDs right: 5
Doing step: 401/500
IIDs left: 5
IIDs right: 5
Doing step: 402/500
IIDs left: 5
IIDs right: 5
Doing step: 403/500
IIDs left: 5
IIDs right: 5
Doing step: 404/500
IIDs left: 5
IIDs right: 5
Doing step: 405/500
IIDs left: 5
IIDs right: 5
Doing step: 406/500
IIDs left: 5
IIDs right: 5
Doing step: 407/500
IIDs left: 5
IIDs right: 5
Doing step: 408/500
IIDs left: 5
IIDs right: 5
Doing step: 409/500
IIDs left: 5
IIDs right: 5
Doing step: 410/500
IIDs left: 5
IIDs right: 5
Doing step: 411/500
IIDs left: 5
IIDs right: 5
Doing step: 412/500
IIDs left: 5
IIDs right: 5
Doing step: 413/500
IIDs left: 5
IIDs right: 5
Doing step: 414/500
IIDs left: 5
IIDs right: 5
Doing step: 415/500
IIDs left: 5
IIDs right: 5
Doing step: 416/500
IIDs left: 5
IIDs right: 5
Doing step: 417/500
IIDs left: 5
IIDs right: 5
Doing step: 418/500
IIDs left: 5
IIDs right: 5
Doing step: 419/500
IIDs left: 5
IIDs right: 5
Doing step: 420/500
IIDs left: 5
IIDs right: 5
Doing step: 421/500
IIDs left: 5
IIDs right: 5
Doing step: 422/500
IIDs left: 5
IIDs right: 5
Doing step: 423/500
IIDs left: 5
IIDs right: 5
Doing step: 424/500
IIDs left: 5
IIDs right: 5
Doing step: 425/500
IIDs left: 5
IIDs right: 5
Doing step: 426/500
IIDs left: 5
IIDs right: 5
Doing step: 427/500
IIDs left: 5
IIDs right: 5
Doing step: 428/500
IIDs left: 5
IIDs right: 5
Doing step: 429/500
IIDs left: 5
IIDs right: 5
Doing step: 430/500
IIDs left: 5
IIDs right: 5
Doing step: 431/500
IIDs left: 5
IIDs right: 5
Doing step: 432/500
IIDs left: 5
IIDs right: 5
Doing step: 433/500
IIDs left: 5
IIDs right: 5
Doing step: 434/500
IIDs left: 5
IIDs right: 5
Doing step: 435/500
IIDs left: 5
IIDs right: 5
Doing step: 436/500
IIDs left: 5
IIDs right: 5
Doing step: 437/500
IIDs left: 5
IIDs right: 5
Doing step: 438/500
IIDs left: 5
IIDs right: 5
Doing step: 439/500
IIDs left: 5
IIDs right: 5
Doing step: 440/500
IIDs left: 5
IIDs right: 5
Doing step: 441/500
IIDs left: 5
IIDs right: 5
Doing step: 442/500
IIDs left: 5
IIDs right: 5
Doing step: 443/500
IIDs left: 5
IIDs right: 5
Doing step: 444/500
IIDs left: 5
IIDs right: 5
Doing step: 445/500
IIDs left: 5
IIDs right: 5
Doing step: 446/500
IIDs left: 5
IIDs right: 5
Doing step: 447/500
IIDs left: 5
IIDs right: 5
Doing step: 448/500
IIDs left: 5
IIDs right: 5
Doing step: 449/500
IIDs left: 5
IIDs right: 5
Doing step: 450/500
IIDs left: 5
IIDs right: 5
Doing step: 451/500
IIDs left: 5
IIDs right: 5
Doing step: 452/500
IIDs left: 5
IIDs right: 5
Doing step: 453/500
IIDs left: 5
IIDs right: 5
Doing step: 454/500
IIDs left: 5
IIDs right: 5
Doing step: 455/500
IIDs left: 5
IIDs right: 5
Doing step: 456/500
IIDs left: 5
IIDs right: 5
Doing step: 457/500
IIDs left: 5
IIDs right: 5
Doing step: 458/500
IIDs left: 5
IIDs right: 5
Doing step: 459/500
IIDs left: 5
IIDs right: 5
Doing step: 460/500
IIDs left: 5
IIDs right: 5
Doing step: 461/500
IIDs left: 5
IIDs right: 5
Doing step: 462/500
IIDs left: 5
IIDs right: 5
Doing step: 463/500
IIDs left: 5
IIDs right: 5
Doing step: 464/500
IIDs left: 5
IIDs right: 5
Doing step: 465/500
IIDs left: 5
IIDs right: 5
Doing step: 466/500
IIDs left: 5
IIDs right: 5
Doing step: 467/500
IIDs left: 5
IIDs right: 5
Doing step: 468/500
IIDs left: 5
IIDs right: 5
Doing step: 469/500
IIDs left: 5
IIDs right: 5
Doing step: 470/500
IIDs left: 5
IIDs right: 5
Doing step: 471/500
IIDs left: 5
IIDs right: 5
Doing step: 472/500
IIDs left: 5
IIDs right: 5
Doing step: 473/500
IIDs left: 5
IIDs right: 5
Doing step: 474/500
IIDs left: 5
IIDs right: 5
Doing step: 475/500
IIDs left: 5
IIDs right: 5
Doing step: 476/500
IIDs left: 5
IIDs right: 5
Doing step: 477/500
IIDs left: 5
IIDs right: 5
Doing step: 478/500
IIDs left: 5
IIDs right: 5
Doing step: 479/500
IIDs left: 5
IIDs right: 5
Doing step: 480/500
IIDs left: 5
IIDs right: 5
Doing step: 481/500
IIDs left: 5
IIDs right: 5
Doing step: 482/500
IIDs left: 5
IIDs right: 5
Doing step: 483/500
IIDs left: 5
IIDs right: 5
Doing step: 484/500
IIDs left: 5
IIDs right: 5
Doing step: 485/500
IIDs left: 5
IIDs right: 5
Doing step: 486/500
IIDs left: 5
IIDs right: 5
Doing step: 487/500
IIDs left: 5
IIDs right: 5
Doing step: 488/500
IIDs left: 5
IIDs right: 5
Doing step: 489/500
IIDs left: 5
IIDs right: 5
Doing step: 490/500
IIDs left: 5
IIDs right: 5
Doing step: 491/500
IIDs left: 5
IIDs right: 5
Doing step: 492/500
IIDs left: 5
IIDs right: 5
Doing step: 493/500
IIDs left: 4
IIDs right: 4
Doing step: 494/500
IIDs left: 4
IIDs right: 4
Doing step: 495/500
IIDs left: 4
IIDs right: 4
Doing step: 496/500
IIDs left: 4
IIDs right: 4
Doing step: 497/500
IIDs left: 4
IIDs right: 4
Doing step: 498/500
IIDs left: 4
IIDs right: 4
Doing step: 499/500
IIDs left: 4
IIDs right: 4
Time elapsed: 220.990 seconds
IBD Blocks found: 16201
Length of Reduced Start List: 24
Total Block Nr. for Analysis: 13608
Initializing MLE-Object with Start Parameters: 
[100, 100, 0.5, 0.5, 0.5]
Barrier Pos.:
[100, 100]
Barrier Angle:
0
Transformed Position List:
[[ 98 102]
 [106 102]
 [ 94  94]
 [ 98 106]
 [110 106]
 [ 90  98]
 [110  98]
 [110  94]
 [ 94 106]
 [ 94 102]
 [106  94]
 [102 102]
 [ 98  94]
 [ 94  98]
 [ 90  94]
 [ 90 106]
 [110 102]
 [106 106]
 [102 106]
 [102  94]
 [102  98]
 [ 98  98]
 [ 90 102]
 [106  98]]
Step: 0.8432
L: 44.0000
Barycentric Coordinates:
  (1075, 0)	0.2335714762339999
  (1076, 0)	0.3946023267290085
  (1119, 0)	0.1382547208029917
  (1120, 0)	0.2335714762339999
  (1085, 1)	0.5556331772240176
  (1086, 1)	0.07254062573899074
  (1129, 1)	0.3288882316650084
  (1130, 1)	0.042937965371983175
  (630, 2)	0.013335305004975503
  (631, 2)	0.10214328610599842
  (674, 2)	0.10214328610599842
  (675, 2)	0.7823781227830277
  (1295, 3)	0.3288882316650084
  (1296, 3)	0.5556331772240176
  (1339, 3)	0.042937965371983175
  (1340, 3)	0.07254062573899074
  (1309, 4)	0.1246016594530116
  (1310, 4)	0.7599197494360145
  (1353, 4)	0.016267355362032165
  (1354, 4)	0.09921123574894175
  (846, 5)	0.31944740697796625
  (847, 5)	0.052378790059025356
  (890, 5)	0.53968357820699
  (891, 5)	0.08849022475601842
  (869, 6)	0.052378790059025356
  :	:
  (1350, 17)	0.013335305004975503
  (1300, 18)	0.5556331772240176
  (1301, 18)	0.3288882316650084
  (1344, 18)	0.07254062573899074
  (1345, 18)	0.042937965371983175
  (640, 19)	0.07254062573899074
  (641, 19)	0.042937965371983175
  (684, 19)	0.5556331772240176
  (685, 19)	0.3288882316650084
  (860, 20)	0.2335714762339999
  (861, 20)	0.1382547208029917
  (904, 20)	0.3946023267290085
  (905, 20)	0.2335714762339999
  (855, 21)	0.1382547208029917
  (856, 21)	0.2335714762339999
  (899, 21)	0.2335714762339999
  (900, 21)	0.3946023267290085
  (1066, 22)	0.53968357820699
  (1067, 22)	0.08849022475601842
  (1110, 22)	0.31944740697796625
  (1111, 22)	0.052378790059025356
  (865, 23)	0.3288882316650084
  (866, 23)	0.042937965371983175
  (909, 23)	0.5556331772240176
  (910, 23)	0.07254062573899074
Doing fit...
nl: 100.0000
nr: 100.0000
sigma_l: 0.5000
sigma_r: 0.5000
beta: 0.5000
Time for calculation: 0.9278
Total log likelihood: -74144.7422
nl: 105.0000
nr: 100.0000
sigma_l: 0.5000
sigma_r: 0.5000
beta: 0.5000
Time for calculation: 0.9364
Total log likelihood: -74139.1767
nl: 100.0000
nr: 105.0000
sigma_l: 0.5000
sigma_r: 0.5000
beta: 0.5000
Time for calculation: 0.9202
Total log likelihood: -74149.3990
nl: 100.0000
nr: 100.0000
sigma_l: 0.5250
sigma_r: 0.5000
beta: 0.5000
Time for calculation: 0.9445
Total log likelihood: -73905.1053
nl: 100.0000
nr: 100.0000
sigma_l: 0.5000
sigma_r: 0.5250
beta: 0.5000
Time for calculation: 0.9243
Total log likelihood: -73886.4150
nl: 100.0000
nr: 100.0000
sigma_l: 0.5000
sigma_r: 0.5000
beta: 0.5250
Time for calculation: 0.9709
Total log likelihood: -74202.5758
nl: 102.0000
nr: 102.0000
sigma_l: 0.5100
sigma_r: 0.5100
beta: 0.4750
Time for calculation: 0.8950
Total log likelihood: -73981.5327
nl: 102.8000
nr: 95.8000
sigma_l: 0.5140
sigma_r: 0.5140
beta: 0.4900
Time for calculation: 0.8944
Total log likelihood: -73858.1757
nl: 104.2000
nr: 91.2000
sigma_l: 0.5210
sigma_r: 0.5210
beta: 0.4850
Time for calculation: 0.8947
Total log likelihood: -73750.4312
nl: 104.4800
nr: 97.2800
sigma_l: 0.5224
sigma_r: 0.5224
beta: 0.4840
Time for calculation: 0.9111
Total log likelihood: -73703.1210
nl: 106.7200
nr: 95.9200
sigma_l: 0.5336
sigma_r: 0.5336
beta: 0.4760
Time for calculation: 0.9133
Total log likelihood: -73529.0230
nl: 100.1680
nr: 95.6480
sigma_l: 0.5358
sigma_r: 0.5358
beta: 0.4744
Time for calculation: 0.9469
Total log likelihood: -73469.0519
nl: 97.7520
nr: 93.4720
sigma_l: 0.5538
sigma_r: 0.5538
beta: 0.4616
Time for calculation: 0.9184
Total log likelihood: -73202.8424
nl: 101.4688
nr: 90.2368
sigma_l: 0.5433
sigma_r: 0.5433
beta: 0.4940
Time for calculation: 0.9362
Total log likelihood: -73385.8717
nl: 104.0563
nr: 88.3315
sigma_l: 0.5357
sigma_r: 0.5707
beta: 0.4667
Time for calculation: 0.9330
Total log likelihood: -73282.7408
nl: 105.6788
nr: 83.6641
sigma_l: 0.5750
sigma_r: 0.5640
beta: 0.4533
Time for calculation: 0.9032
Total log likelihood: -73076.4144
nl: 108.5183
nr: 75.4962
sigma_l: 0.6124
sigma_r: 0.5834
beta: 0.4300
Time for calculation: 1.1344
Total log likelihood: -72894.6596
nl: 103.2062
nr: 86.1826
sigma_l: 0.5905
sigma_r: 0.5929
beta: 0.4463
Time for calculation: 0.9027
Total log likelihood: -72793.2006
nl: 102.7092
nr: 83.6739
sigma_l: 0.6253
sigma_r: 0.6289
beta: 0.4270
Time for calculation: 1.1116
Total log likelihood: -72547.0047
nl: 99.0819
nr: 76.5642
sigma_l: 0.6146
sigma_r: 0.6184
beta: 0.4357
Time for calculation: 1.1392
Total log likelihood: -72622.0624
nl: 103.3783
nr: 76.7783
sigma_l: 0.6334
sigma_r: 0.6387
beta: 0.3943
Time for calculation: 1.1259
Total log likelihood: -72656.0820
nl: 100.5195
nr: 74.0623
sigma_l: 0.6801
sigma_r: 0.6386
beta: 0.3928
Time for calculation: 1.1050
Total log likelihood: -72454.9797
nl: 98.7511
nr: 66.9277
sigma_l: 0.7523
sigma_r: 0.6726
beta: 0.3558
Time for calculation: 1.1531
Total log likelihood: -72419.0890
nl: 107.2235
nr: 58.3041
sigma_l: 0.7414
sigma_r: 0.7031
beta: 0.3555
Time for calculation: 1.1563
Total log likelihood: -72657.5405
nl: 95.9393
nr: 69.4031
sigma_l: 0.7344
sigma_r: 0.7213
beta: 0.3573
Time for calculation: 1.1165
Total log likelihood: -72348.4423
nl: 89.6499
nr: 66.3565
sigma_l: 0.7953
sigma_r: 0.7902
beta: 0.3210
Time for calculation: 1.1407
Total log likelihood: -72464.0825
nl: 92.7204
nr: 91.0348
sigma_l: 0.6025
sigma_r: 0.6089
beta: 0.4325
Time for calculation: 1.1250
Total log likelihood: -72642.2316
nl: 92.3025
nr: 78.2631
sigma_l: 0.6983
sigma_r: 0.6613
beta: 0.4090
Time for calculation: 1.0862
Total log likelihood: -72183.8844
nl: 86.7646
nr: 79.0056
sigma_l: 0.7307
sigma_r: 0.6726
beta: 0.4164
Time for calculation: 1.0875
Total log likelihood: -72038.6686
nl: 100.5781
nr: 59.1950
sigma_l: 0.7804
sigma_r: 0.7166
beta: 0.3643
Time for calculation: 1.1239
Total log likelihood: -72421.7893
nl: 94.8151
nr: 66.7179
sigma_l: 0.8346
sigma_r: 0.7463
beta: 0.3326
Time for calculation: 1.4270
Total log likelihood: -72458.4248
nl: 88.0301
nr: 52.8258
sigma_l: 0.9077
sigma_r: 0.7829
beta: 0.3037
Time for calculation: 1.4796
Total log likelihood: -72454.3699
nl: 93.2102
nr: 64.2249
sigma_l: 0.7276
sigma_r: 0.6800
beta: 0.3864
Time for calculation: 1.1218
Total log likelihood: -72259.9477
nl: 102.0673
nr: 82.6767
sigma_l: 0.5825
sigma_r: 0.6024
beta: 0.4485
Time for calculation: 1.1266
Total log likelihood: -72813.5355
nl: 91.5394
nr: 60.2885
sigma_l: 0.8264
sigma_r: 0.7377
beta: 0.3399
Time for calculation: 1.4285
Total log likelihood: -72282.4915
nl: 85.9038
nr: 76.7449
sigma_l: 0.7282
sigma_r: 0.6771
beta: 0.3780
Time for calculation: 1.1676
Total log likelihood: -72185.3014
nl: 82.5918
nr: 72.9391
sigma_l: 0.7466
sigma_r: 0.7229
beta: 0.3954
Time for calculation: 1.1151
Total log likelihood: -71959.1825
nl: 74.5121
nr: 75.9448
sigma_l: 0.7437
sigma_r: 0.7480
beta: 0.4151
Time for calculation: 1.1070
Total log likelihood: -71886.0105
nl: 76.8327
nr: 73.0804
sigma_l: 0.7682
sigma_r: 0.6849
beta: 0.4169
Time for calculation: 1.1248
Total log likelihood: -71961.9901
nl: 75.3500
nr: 87.3117
sigma_l: 0.6530
sigma_r: 0.6473
beta: 0.4653
Time for calculation: 1.1257
Total log likelihood: -72427.1985
nl: 87.4920
nr: 67.0443
sigma_l: 0.7830
sigma_r: 0.7151
beta: 0.3712
Time for calculation: 1.1183
Total log likelihood: -72082.0429
nl: 71.3920
nr: 84.5031
sigma_l: 0.7740
sigma_r: 0.7191
beta: 0.4127
Time for calculation: 1.1203
Total log likelihood: -71994.7388
nl: 72.8936
nr: 75.0863
sigma_l: 0.7917
sigma_r: 0.7388
beta: 0.4350
Time for calculation: 1.1265
Total log likelihood: -71928.1641
nl: 65.4660
nr: 88.0037
sigma_l: 0.7403
sigma_r: 0.7102
beta: 0.4672
Time for calculation: 1.1557
Total log likelihood: -72549.9073
nl: 81.9855
nr: 72.2842
sigma_l: 0.7724
sigma_r: 0.7139
beta: 0.3952
Time for calculation: 1.1151
Total log likelihood: -71941.9860
nl: 64.2817
nr: 73.3540
sigma_l: 0.8093
sigma_r: 0.7693
beta: 0.4136
Time for calculation: 1.3941
Total log likelihood: -71966.2783
nl: 76.8103
nr: 63.3968
sigma_l: 0.7801
sigma_r: 0.7429
beta: 0.4176
Time for calculation: 1.1070
Total log likelihood: -72029.4633
nl: 72.7465
nr: 79.2265
sigma_l: 0.7755
sigma_r: 0.7250
beta: 0.4139
Time for calculation: 1.2160
Total log likelihood: -71918.6845
nl: 87.3065
nr: 76.8949
sigma_l: 0.7313
sigma_r: 0.6750
beta: 0.4169
Time for calculation: 1.1360
Total log likelihood: -72032.4787
nl: 70.0379
nr: 74.2392
sigma_l: 0.7898
sigma_r: 0.7457
beta: 0.4144
Time for calculation: 1.1437
Total log likelihood: -71894.3186
nl: 72.0375
nr: 77.6320
sigma_l: 0.7810
sigma_r: 0.7837
beta: 0.4125
Time for calculation: 1.1289
Total log likelihood: -71853.2827
nl: 69.6400
nr: 79.9078
sigma_l: 0.7874
sigma_r: 0.8331
beta: 0.4103
Time for calculation: 1.4896
Total log likelihood: -71874.2477
nl: 62.9056
nr: 80.5674
sigma_l: 0.7803
sigma_r: 0.7826
beta: 0.4411
Time for calculation: 1.1005
Total log likelihood: -72208.1131
nl: 77.2155
nr: 74.3550
sigma_l: 0.7743
sigma_r: 0.7311
beta: 0.4067
Time for calculation: 1.1166
Total log likelihood: -71878.9211
nl: 73.7263
nr: 77.4727
sigma_l: 0.7540
sigma_r: 0.7546
beta: 0.3901
Time for calculation: 1.0976
Total log likelihood: -71909.4345
nl: 74.2652
nr: 72.6310
sigma_l: 0.7616
sigma_r: 0.7802
beta: 0.4016
Time for calculation: 1.0991
Total log likelihood: -71854.7309
nl: 73.5011
nr: 72.4481
sigma_l: 0.7862
sigma_r: 0.7609
beta: 0.4300
Time for calculation: 1.0898
Total log likelihood: -71897.2402
nl: 73.5574
nr: 73.7043
sigma_l: 0.7781
sigma_r: 0.7593
beta: 0.4200
Time for calculation: 1.1790
Total log likelihood: -71865.9852
nl: 78.5972
nr: 75.4676
sigma_l: 0.7457
sigma_r: 0.7752
beta: 0.4080
Time for calculation: 1.1464
Total log likelihood: -71878.0990
nl: 75.7570
nr: 73.5711
sigma_l: 0.7926
sigma_r: 0.7838
beta: 0.4044
Time for calculation: 1.1430
Total log likelihood: -71839.5001
nl: 76.3795
nr: 72.3843
sigma_l: 0.8171
sigma_r: 0.8016
beta: 0.3991
Time for calculation: 1.4213
Total log likelihood: -71846.3198
nl: 72.4702
nr: 74.8474
sigma_l: 0.7693
sigma_r: 0.8218
beta: 0.4119
Time for calculation: 1.3931
Total log likelihood: -71846.1741
nl: 68.6377
nr: 73.4867
sigma_l: 0.8073
sigma_r: 0.7963
beta: 0.4122
Time for calculation: 1.4015
Total log likelihood: -71860.2857
nl: 71.7097
nr: 75.1630
sigma_l: 0.7866
sigma_r: 0.8270
beta: 0.3970
Time for calculation: 1.4658
Total log likelihood: -71850.8039
nl: 77.8582
nr: 76.0511
sigma_l: 0.7491
sigma_r: 0.8023
beta: 0.3988
Time for calculation: 1.4546
Total log likelihood: -71892.1185
nl: 70.9428
nr: 74.1278
sigma_l: 0.7928
sigma_r: 0.7978
beta: 0.4089
Time for calculation: 1.1985
Total log likelihood: -71840.1445
nl: 70.9017
nr: 77.5056
sigma_l: 0.8073
sigma_r: 0.8254
beta: 0.4123
Time for calculation: 1.4502
Total log likelihood: -71849.6305
nl: 72.6751
nr: 72.4540
sigma_l: 0.7985
sigma_r: 0.8386
beta: 0.4013
Time for calculation: 1.4029
Total log likelihood: -71842.9569
nl: 73.3890
nr: 73.8393
sigma_l: 0.7976
sigma_r: 0.8000
beta: 0.4185
Time for calculation: 1.4140
Total log likelihood: -71837.6837
nl: 74.2286
nr: 73.1775
sigma_l: 0.8030
sigma_r: 0.7864
beta: 0.4292
Time for calculation: 1.4387
Total log likelihood: -71860.7573
nl: 75.1919
nr: 70.0303
sigma_l: 0.7730
sigma_r: 0.7914
beta: 0.4057
Time for calculation: 1.1748
Total log likelihood: -71860.0825
nl: 71.9743
nr: 75.6368
sigma_l: 0.7987
sigma_r: 0.8169
beta: 0.4106
Time for calculation: 1.4414
Total log likelihood: -71836.9194
nl: 73.4251
nr: 73.0042
sigma_l: 0.8228
sigma_r: 0.7930
beta: 0.4056
Time for calculation: 1.4623
Total log likelihood: -71831.0579
nl: 73.9025
nr: 72.0826
sigma_l: 0.8495
sigma_r: 0.7786
beta: 0.4024
Time for calculation: 1.4806
Total log likelihood: -71841.5079
nl: 73.5202
nr: 75.6177
sigma_l: 0.8033
sigma_r: 0.7580
beta: 0.4179
Time for calculation: 1.4139
Total log likelihood: -71854.5247
nl: 72.8863
nr: 73.2449
sigma_l: 0.7997
sigma_r: 0.8185
beta: 0.4054
Time for calculation: 1.4392
Total log likelihood: -71833.4285
nl: 76.0298
nr: 73.5907
sigma_l: 0.8118
sigma_r: 0.8070
beta: 0.4090
Time for calculation: 1.4868
Total log likelihood: -71833.6747
nl: 71.3248
nr: 74.1552
sigma_l: 0.8196
sigma_r: 0.8304
beta: 0.4152
Time for calculation: 1.4324
Total log likelihood: -71840.5437
nl: 74.6490
nr: 73.7172
sigma_l: 0.7994
sigma_r: 0.7954
beta: 0.4071
Time for calculation: 1.1462
Total log likelihood: -71832.5785
nl: 74.1968
nr: 73.8382
sigma_l: 0.8153
sigma_r: 0.8124
beta: 0.3966
Time for calculation: 1.4158
Total log likelihood: -71846.6881
nl: 73.5910
nr: 73.8390
sigma_l: 0.8020
sigma_r: 0.8031
beta: 0.4130
Time for calculation: 1.4424
Total log likelihood: -71831.2617
nl: 76.2582
nr: 71.3216
sigma_l: 0.8155
sigma_r: 0.7899
beta: 0.4054
Time for calculation: 1.4956
Total log likelihood: -71838.0469
nl: 73.0453
nr: 74.5580
sigma_l: 0.8029
sigma_r: 0.8102
beta: 0.4093
Time for calculation: 1.4903
Total log likelihood: -71831.7696
nl: 71.0088
nr: 73.7546
sigma_l: 0.7989
sigma_r: 0.8010
beta: 0.4072
Time for calculation: 1.4414
Total log likelihood: -71836.3552
nl: 74.7746
nr: 73.6317
sigma_l: 0.8086
sigma_r: 0.8055
beta: 0.4085
Time for calculation: 1.4443
Total log likelihood: -71830.9596
nl: 74.9076
nr: 74.2551
sigma_l: 0.8146
sigma_r: 0.7844
beta: 0.4120
Time for calculation: 1.4582
Total log likelihood: -71831.2479
nl: 73.2484
nr: 73.9980
sigma_l: 0.8210
sigma_r: 0.8031
beta: 0.4122
Time for calculation: 1.4431
Total log likelihood: -71830.5575
nl: 72.5481
nr: 74.1385
sigma_l: 0.8318
sigma_r: 0.8069
beta: 0.4148
Time for calculation: 1.4386
Total log likelihood: -71835.0290
nl: 74.9334
nr: 72.9332
sigma_l: 0.8246
sigma_r: 0.7855
beta: 0.4112
Time for calculation: 1.4930
Total log likelihood: -71831.3664
nl: 74.4614
nr: 73.3394
sigma_l: 0.8192
sigma_r: 0.7917
beta: 0.4107
Time for calculation: 1.5172
Total log likelihood: -71829.9139
nl: 74.7358
nr: 73.4523
sigma_l: 0.8324
sigma_r: 0.7880
beta: 0.4066
Time for calculation: 1.5111
Total log likelihood: -71834.0892
nl: 73.8772
nr: 73.7424
sigma_l: 0.8096
sigma_r: 0.7993
beta: 0.4114
Time for calculation: 1.4630
Total log likelihood: -71829.6951
nl: 73.0071
nr: 72.8312
sigma_l: 0.8179
sigma_r: 0.8126
beta: 0.4074
Time for calculation: 1.5073
Total log likelihood: -71830.2992
nl: 74.3224
nr: 74.0129
sigma_l: 0.8077
sigma_r: 0.8118
beta: 0.4146
Time for calculation: 1.5066
Total log likelihood: -71830.5377
nl: 72.7920
nr: 73.5379
sigma_l: 0.8216
sigma_r: 0.8018
beta: 0.4140
Time for calculation: 1.4810
Total log likelihood: -71832.6148
nl: 74.2789
nr: 73.6082
sigma_l: 0.8118
sigma_r: 0.8046
beta: 0.4099
Time for calculation: 1.4283
Total log likelihood: -71829.5950
nl: 74.7303
nr: 73.0156
sigma_l: 0.8055
sigma_r: 0.8050
beta: 0.4094
Time for calculation: 1.4757
Total log likelihood: -71831.3364
nl: 73.6189
nr: 73.7524
sigma_l: 0.8171
sigma_r: 0.8035
beta: 0.4115
Time for calculation: 1.4180
Total log likelihood: -71829.5616
nl: 73.3750
nr: 72.8966
sigma_l: 0.8225
sigma_r: 0.7928
beta: 0.4058
Time for calculation: 1.4922
Total log likelihood: -71830.8380
nl: 74.0855
nr: 73.7338
sigma_l: 0.8114
sigma_r: 0.8071
beta: 0.4124
Time for calculation: 1.4881
Total log likelihood: -71829.5971
nl: 75.1217
nr: 74.4393
sigma_l: 0.8098
sigma_r: 0.7899
beta: 0.4150
Time for calculation: 1.4707
Total log likelihood: -71830.0918
nl: 74.5930
nr: 74.0373
sigma_l: 0.8118
sigma_r: 0.7956
beta: 0.4131
Time for calculation: 1.4798
Total log likelihood: -71829.4493
nl: 73.7201
nr: 74.2102
sigma_l: 0.8055
sigma_r: 0.8124
beta: 0.4126
Time for calculation: 1.4572
Total log likelihood: -71830.6999
nl: 74.2760
nr: 73.5571
sigma_l: 0.8158
sigma_r: 0.7968
beta: 0.4112
Time for calculation: 1.4836
Total log likelihood: -71829.3627
nl: 74.4638
nr: 73.7332
sigma_l: 0.8176
sigma_r: 0.8037
beta: 0.4118
Time for calculation: 1.4561
Total log likelihood: -71829.1653
nl: 74.7571
nr: 73.7286
sigma_l: 0.8215
sigma_r: 0.8060
beta: 0.4120
Time for calculation: 1.4798
Total log likelihood: -71829.4636
nl: 74.4067
nr: 73.7415
sigma_l: 0.8182
sigma_r: 0.7946
beta: 0.4106
Time for calculation: 1.4189
Total log likelihood: -71829.6257
nl: 74.1658
nr: 73.7357
sigma_l: 0.8131
sigma_r: 0.8040
beta: 0.4120
Time for calculation: 1.4114
Total log likelihood: -71829.2911
nl: 74.1681
nr: 73.9181
sigma_l: 0.8183
sigma_r: 0.7968
beta: 0.4139
Time for calculation: 1.4313
Total log likelihood: -71829.7553
nl: 74.2512
nr: 73.6857
sigma_l: 0.8134
sigma_r: 0.8027
beta: 0.4109
Time for calculation: 1.4873
Total log likelihood: -71829.2747
nl: 75.0811
nr: 73.7472
sigma_l: 0.8116
sigma_r: 0.7976
beta: 0.4121
Time for calculation: 1.4480
Total log likelihood: -71829.5432
nl: 74.7155
nr: 73.7485
sigma_l: 0.8130
sigma_r: 0.7991
beta: 0.4119
Time for calculation: 1.4185
Total log likelihood: -71829.2698
nl: 74.1559
nr: 73.3468
sigma_l: 0.8173
sigma_r: 0.8070
beta: 0.4100
Time for calculation: 1.4746
Total log likelihood: -71829.5490
nl: 74.4838
nr: 73.8647
sigma_l: 0.8132
sigma_r: 0.7984
beta: 0.4123
Time for calculation: 1.4350
Total log likelihood: -71829.2348
nl: 74.5560
nr: 73.9500
sigma_l: 0.8123
sigma_r: 0.8063
beta: 0.4124
Time for calculation: 1.3799
Total log likelihood: -71829.3623
nl: 74.4860
nr: 73.8518
sigma_l: 0.8132
sigma_r: 0.8039
beta: 0.4121
Time for calculation: 1.4492
Total log likelihood: -71829.2218
nl: 74.7943
nr: 73.8178
sigma_l: 0.8150
sigma_r: 0.7992
beta: 0.4117
Time for calculation: 1.4407
Total log likelihood: -71829.2277
nl: 74.9261
nr: 73.9207
sigma_l: 0.8153
sigma_r: 0.7991
beta: 0.4130
Time for calculation: 1.4893
Total log likelihood: -71829.0893
nl: 75.2636
nr: 74.0382
sigma_l: 0.8163
sigma_r: 0.7973
beta: 0.4141
Time for calculation: 1.4311
Total log likelihood: -71829.0963
nl: 74.5461
nr: 73.9268
sigma_l: 0.8168
sigma_r: 0.8027
beta: 0.4124
Time for calculation: 1.4217
Total log likelihood: -71829.0704
nl: 74.4613
nr: 74.0159
sigma_l: 0.8187
sigma_r: 0.8045
beta: 0.4127
Time for calculation: 1.3605
Total log likelihood: -71829.1316
nl: 74.8028
nr: 73.8354
sigma_l: 0.8179
sigma_r: 0.8050
beta: 0.4121
Time for calculation: 1.2969
Total log likelihood: -71829.2919
nl: 74.5635
nr: 73.8574
sigma_l: 0.8144
sigma_r: 0.8001
beta: 0.4123
Time for calculation: 1.3288
Total log likelihood: -71829.1274
nl: 74.3999
nr: 73.8981
sigma_l: 0.8159
sigma_r: 0.8046
beta: 0.4130
Time for calculation: 1.3687
Total log likelihood: -71829.1503
nl: 74.6737
nr: 73.8827
sigma_l: 0.8188
sigma_r: 0.8001
beta: 0.4129
Time for calculation: 1.3353
Total log likelihood: -71829.0677
nl: 74.7676
nr: 73.8981
sigma_l: 0.8215
sigma_r: 0.7982
beta: 0.4134
Time for calculation: 1.4273
Total log likelihood: -71829.2068
nl: 74.7800
nr: 74.0610
sigma_l: 0.8149
sigma_r: 0.7989
beta: 0.4136
Time for calculation: 1.4169
Total log likelihood: -71829.0581
nl: 74.9380
nr: 74.2249
sigma_l: 0.8135
sigma_r: 0.7964
beta: 0.4145
Time for calculation: 1.4941
Total log likelihood: -71829.1884
nl: 74.9959
nr: 73.9613
sigma_l: 0.8162
sigma_r: 0.7957
beta: 0.4127
Time for calculation: 1.4856
Total log likelihood: -71829.2461
nl: 74.5489
nr: 73.9139
sigma_l: 0.8159
sigma_r: 0.8024
beta: 0.4129
Time for calculation: 1.4844
Total log likelihood: -71829.0615
nl: 74.8264
nr: 74.0246
sigma_l: 0.8183
sigma_r: 0.8012
beta: 0.4137
Time for calculation: 1.4042
Total log likelihood: -71828.9881
nl: 74.9579
nr: 74.1083
sigma_l: 0.8202
sigma_r: 0.8017
beta: 0.4144
Time for calculation: 1.3686
Total log likelihood: -71828.9948
nl: 74.4239
nr: 74.0029
sigma_l: 0.8185
sigma_r: 0.8030
beta: 0.4132
Time for calculation: 1.4072
Total log likelihood: -71829.1054
nl: 74.8006
nr: 73.9412
sigma_l: 0.8161
sigma_r: 0.8001
beta: 0.4131
Time for calculation: 1.4774
Total log likelihood: -71829.0357
nl: 74.9058
nr: 74.0026
sigma_l: 0.8168
sigma_r: 0.7984
beta: 0.4141
Time for calculation: 1.4749
Total log likelihood: -71829.0572
nl: 74.8709
nr: 74.0947
sigma_l: 0.8141
sigma_r: 0.8002
beta: 0.4140
Time for calculation: 1.3644
Total log likelihood: -71829.0348
nl: 75.1245
nr: 74.1358
sigma_l: 0.8161
sigma_r: 0.7971
beta: 0.4145
Time for calculation: 1.3902
Total log likelihood: -71829.0527
nl: 75.0313
nr: 74.0186
sigma_l: 0.8177
sigma_r: 0.7999
beta: 0.4141
Time for calculation: 1.4734
Total log likelihood: -71828.9919
nl: 74.9557
nr: 74.0834
sigma_l: 0.8161
sigma_r: 0.8010
beta: 0.4137
Time for calculation: 1.4309
Total log likelihood: -71828.9721
nl: 74.9807
nr: 74.1237
sigma_l: 0.8157
sigma_r: 0.8023
beta: 0.4135
Time for calculation: 1.4386
Total log likelihood: -71828.9966
nl: 74.6694
nr: 73.9292
sigma_l: 0.8168
sigma_r: 0.8039
beta: 0.4130
Time for calculation: 1.4613
Total log likelihood: -71829.0739
nl: 75.0108
nr: 74.0842
sigma_l: 0.8163
sigma_r: 0.7988
beta: 0.4141
Time for calculation: 1.5141
Total log likelihood: -71828.9995
nl: 75.0775
nr: 74.1810
sigma_l: 0.8168
sigma_r: 0.8004
beta: 0.4148
Time for calculation: 1.4881
Total log likelihood: -71828.9313
nl: 75.2159
nr: 74.3008
sigma_l: 0.8172
sigma_r: 0.8005
beta: 0.4157
Time for calculation: 1.4998
Total log likelihood: -71828.9012
nl: 75.1452
nr: 74.1099
sigma_l: 0.8202
sigma_r: 0.8003
beta: 0.4145
Time for calculation: 1.4997
Total log likelihood: -71828.9865
nl: 75.0591
nr: 74.1308
sigma_l: 0.8195
sigma_r: 0.8024
beta: 0.4146
Time for calculation: 1.5113
Total log likelihood: -71828.9692
nl: 75.0496
nr: 74.2412
sigma_l: 0.8188
sigma_r: 0.8023
beta: 0.4147
Time for calculation: 1.4795
Total log likelihood: -71828.9160
nl: 75.3438
nr: 74.3218
sigma_l: 0.8184
sigma_r: 0.8014
beta: 0.4156
Time for calculation: 1.4159
Total log likelihood: -71828.8748
nl: 75.6025
nr: 74.4704
sigma_l: 0.8185
sigma_r: 0.8016
beta: 0.4165
Time for calculation: 1.4421
Total log likelihood: -71828.8394
nl: 75.2080
nr: 74.3807
sigma_l: 0.8158
sigma_r: 0.8028
beta: 0.4156
Time for calculation: 1.4252
Total log likelihood: -71828.8855
nl: 75.4983
nr: 74.5262
sigma_l: 0.8198
sigma_r: 0.8028
beta: 0.4171
Time for calculation: 1.4467
Total log likelihood: -71828.8818
nl: 75.5706
nr: 74.6369
sigma_l: 0.8166
sigma_r: 0.8016
beta: 0.4172
Time for calculation: 1.4551
Total log likelihood: -71828.7936
nl: 75.8264
nr: 74.8900
sigma_l: 0.8151
sigma_r: 0.8012
beta: 0.4186
Time for calculation: 1.4655
Total log likelihood: -71828.7735
nl: 75.8908
nr: 74.7860
sigma_l: 0.8158
sigma_r: 0.8013
beta: 0.4186
Time for calculation: 1.4996
Total log likelihood: -71828.8415
nl: 75.9944
nr: 74.9205
sigma_l: 0.8168
sigma_r: 0.8034
beta: 0.4189
Time for calculation: 1.5133
Total log likelihood: -71828.7692
nl: 76.3837
nr: 75.2303
sigma_l: 0.8166
sigma_r: 0.8048
beta: 0.4204
Time for calculation: 1.4796
Total log likelihood: -71828.7844
nl: 76.3170
nr: 75.0565
sigma_l: 0.8186
sigma_r: 0.8013
beta: 0.4203
Time for calculation: 1.5381
Total log likelihood: -71828.7742
nl: 76.3542
nr: 75.1232
sigma_l: 0.8141
sigma_r: 0.8007
beta: 0.4200
Time for calculation: 1.3860
Total log likelihood: -71828.7925
nl: 76.1470
nr: 74.9982
sigma_l: 0.8174
sigma_r: 0.8020
beta: 0.4191
Time for calculation: 1.4509
Total log likelihood: -71828.6836
nl: 76.2751
nr: 75.1043
sigma_l: 0.8182
sigma_r: 0.8023
beta: 0.4193
Time for calculation: 1.5192
Total log likelihood: -71828.6399
nl: 76.7044
nr: 75.5674
sigma_l: 0.8146
sigma_r: 0.8020
beta: 0.4223
Time for calculation: 1.4914
Total log likelihood: -71828.7206
nl: 76.0928
nr: 75.0923
sigma_l: 0.8193
sigma_r: 0.8034
beta: 0.4197
Time for calculation: 1.5249
Total log likelihood: -71828.7206
nl: 76.0402
nr: 75.1733
sigma_l: 0.8151
sigma_r: 0.8035
beta: 0.4192
Time for calculation: 1.4615
Total log likelihood: -71828.6632
nl: 76.6164
nr: 75.4531
sigma_l: 0.8185
sigma_r: 0.8046
beta: 0.4212
Time for calculation: 1.4891
Total log likelihood: -71828.6589
nl: 76.6971
nr: 75.6357
sigma_l: 0.8175
sigma_r: 0.8029
beta: 0.4219
Time for calculation: 1.4817
Total log likelihood: -71828.5074
nl: 77.0484
nr: 75.9934
sigma_l: 0.8178
sigma_r: 0.8027
beta: 0.4234
Time for calculation: 1.4500
Total log likelihood: -71828.3888
nl: 76.9810
nr: 75.8243
sigma_l: 0.8144
sigma_r: 0.8027
beta: 0.4225
Time for calculation: 1.4818
Total log likelihood: -71828.5062
nl: 76.4801
nr: 75.4519
sigma_l: 0.8189
sigma_r: 0.8044
beta: 0.4199
Time for calculation: 1.4614
Total log likelihood: -71828.5912
nl: 77.3202
nr: 75.9575
sigma_l: 0.8201
sigma_r: 0.8031
beta: 0.4233
Time for calculation: 1.4528
Total log likelihood: -71828.4834
nl: 77.0256
nr: 75.8794
sigma_l: 0.8173
sigma_r: 0.8015
beta: 0.4221
Time for calculation: 1.4259
Total log likelihood: -71828.3405
nl: 77.2302
nr: 76.0925
sigma_l: 0.8167
sigma_r: 0.7999
beta: 0.4226
Time for calculation: 1.5002
Total log likelihood: -71828.2501
nl: 77.7488
nr: 76.6235
sigma_l: 0.8170
sigma_r: 0.8028
beta: 0.4254
Time for calculation: 1.4554
Total log likelihood: -71828.1546
nl: 78.4857
nr: 77.3831
sigma_l: 0.8163
sigma_r: 0.8031
beta: 0.4284
Time for calculation: 1.4503
Total log likelihood: -71827.9466
nl: 78.3461
nr: 77.0484
sigma_l: 0.8152
sigma_r: 0.8002
beta: 0.4281
Time for calculation: 1.4544
Total log likelihood: -71828.1308
nl: 78.3912
nr: 77.1657
sigma_l: 0.8200
sigma_r: 0.8010
beta: 0.4278
Time for calculation: 1.4214
Total log likelihood: -71828.0041
nl: 78.4805
nr: 77.5157
sigma_l: 0.8143
sigma_r: 0.7997
beta: 0.4288
Time for calculation: 1.4128
Total log likelihood: -71827.8541
nl: 79.0606
nr: 78.2949
sigma_l: 0.8114
sigma_r: 0.7980
beta: 0.4316
Time for calculation: 1.4198
Total log likelihood: -71827.7778
nl: 79.5571
nr: 78.4005
sigma_l: 0.8140
sigma_r: 0.7982
beta: 0.4320
Time for calculation: 1.4459
Total log likelihood: -71827.5957
nl: 80.8114
nr: 79.6041
sigma_l: 0.8122
sigma_r: 0.7959
beta: 0.4363
Time for calculation: 1.4150
Total log likelihood: -71827.3857
nl: 80.8079
nr: 79.7059
sigma_l: 0.8133
sigma_r: 0.7994
beta: 0.4383
Time for calculation: 1.4026
Total log likelihood: -71827.4231
nl: 80.6766
nr: 79.8131
sigma_l: 0.8141
sigma_r: 0.7987
beta: 0.4369
Time for calculation: 1.4331
Total log likelihood: -71827.1886
nl: 81.8418
nr: 81.1954
sigma_l: 0.8136
sigma_r: 0.7979
beta: 0.4413
Time for calculation: 1.4045
Total log likelihood: -71826.9249
nl: 82.0118
nr: 81.3077
sigma_l: 0.8067
sigma_r: 0.7967
beta: 0.4426
Time for calculation: 1.4981
Total log likelihood: -71827.2843
nl: 83.3278
nr: 82.6600
sigma_l: 0.8066
sigma_r: 0.7920
beta: 0.4477
Time for calculation: 1.3700
Total log likelihood: -71827.2993
nl: 84.4597
nr: 83.4943
sigma_l: 0.8096
sigma_r: 0.7947
beta: 0.4508
Time for calculation: 1.4722
Total log likelihood: -71826.6732
nl: 87.1592
nr: 86.0941
sigma_l: 0.8086
sigma_r: 0.7931
beta: 0.4604
Time for calculation: 1.3953
Total log likelihood: -71826.4233
nl: 85.2529
nr: 84.6386
sigma_l: 0.8058
sigma_r: 0.7909
beta: 0.4530
Time for calculation: 1.3876
Total log likelihood: -71827.0177
nl: 87.0260
nr: 86.7542
sigma_l: 0.8044
sigma_r: 0.7923
beta: 0.4616
Time for calculation: 1.4145
Total log likelihood: -71826.7908
nl: 85.9889
nr: 85.3360
sigma_l: 0.8091
sigma_r: 0.7964
beta: 0.4559
Time for calculation: 1.4624
Total log likelihood: -71826.4154
nl: 87.3195
nr: 86.6739
sigma_l: 0.8103
sigma_r: 0.7985
beta: 0.4599
Time for calculation: 1.4259
Total log likelihood: -71826.4040
nl: 89.4279
nr: 88.8348
sigma_l: 0.8103
sigma_r: 0.7924
beta: 0.4679
Time for calculation: 1.4382
Total log likelihood: -71826.2442
nl: 93.1360
nr: 92.5984
sigma_l: 0.8121
sigma_r: 0.7903
beta: 0.4806
Time for calculation: 1.3637
Total log likelihood: -71826.3632
nl: 87.8568
nr: 87.1824
sigma_l: 0.8131
sigma_r: 0.7989
beta: 0.4635
Time for calculation: 1.3891
Total log likelihood: -71826.1504
nl: 89.1588
nr: 88.4543
sigma_l: 0.8168
sigma_r: 0.8029
beta: 0.4688
Time for calculation: 1.4362
Total log likelihood: -71826.4514
nl: 93.6739
nr: 93.0204
sigma_l: 0.8051
sigma_r: 0.7922
beta: 0.4841
Time for calculation: 1.4675
Total log likelihood: -71826.3420
nl: 91.1490
nr: 89.9680
sigma_l: 0.8146
sigma_r: 0.7977
beta: 0.4728
Time for calculation: 1.3735
Total log likelihood: -71826.2862
nl: 92.6117
nr: 92.1777
sigma_l: 0.8127
sigma_r: 0.7988
beta: 0.4789
Time for calculation: 1.3889
Total log likelihood: -71826.3255
nl: 94.5683
nr: 93.7994
sigma_l: 0.8121
sigma_r: 0.7935
beta: 0.4869
Time for calculation: 1.3563
Total log likelihood: -71826.1510
nl: 88.5716
nr: 87.7646
sigma_l: 0.8201
sigma_r: 0.8003
beta: 0.4639
Time for calculation: 1.3766
Total log likelihood: -71827.0128
nl: 92.3984
nr: 91.7065
sigma_l: 0.8088
sigma_r: 0.7942
beta: 0.4791
Time for calculation: 1.3608
Total log likelihood: -71826.0300
nl: 89.5484
nr: 88.4187
sigma_l: 0.8109
sigma_r: 0.7919
beta: 0.4692
Time for calculation: 1.4442
Total log likelihood: -71826.2406
nl: 90.3709
nr: 90.0087
sigma_l: 0.8075
sigma_r: 0.7906
beta: 0.4739
Time for calculation: 1.4214
Total log likelihood: -71826.5385
nl: 90.9545
nr: 89.9782
sigma_l: 0.8128
sigma_r: 0.7960
beta: 0.4730
Time for calculation: 1.3835
Total log likelihood: -71826.0582
nl: 92.7026
nr: 91.5993
sigma_l: 0.8128
sigma_r: 0.7974
beta: 0.4808
Time for calculation: 1.4085
Total log likelihood: -71826.1722
nl: 93.8438
nr: 93.2876
sigma_l: 0.8130
sigma_r: 0.8001
beta: 0.4841
Time for calculation: 1.4476
Total log likelihood: -71826.2631
nl: 90.6223
nr: 89.6359
sigma_l: 0.8114
sigma_r: 0.7939
beta: 0.4729
Time for calculation: 1.4051
Total log likelihood: -71826.0515
nl: 89.8575
nr: 89.3217
sigma_l: 0.8105
sigma_r: 0.7932
beta: 0.4694
Time for calculation: 1.4208
Total log likelihood: -71826.2081
nl: 91.9913
nr: 91.0299
sigma_l: 0.8122
sigma_r: 0.7963
beta: 0.4779
Time for calculation: 1.3659
Total log likelihood: -71826.0346
nl: 86.9610
nr: 86.0137
sigma_l: 0.8113
sigma_r: 0.7983
beta: 0.4597
Time for calculation: 1.3567
Total log likelihood: -71826.2461
nl: 92.6665
nr: 91.8530
sigma_l: 0.8119
sigma_r: 0.7947
beta: 0.4801
Time for calculation: 1.4861
Total log likelihood: -71826.0204
nl: 95.5963
nr: 94.4990
sigma_l: 0.8097
sigma_r: 0.7912
beta: 0.4897
Time for calculation: 1.4828
Total log likelihood: -71826.2650
nl: 89.7917
nr: 89.0116
sigma_l: 0.8123
sigma_r: 0.7969
beta: 0.4701
Time for calculation: 1.4270
Total log likelihood: -71826.0286
nl: 92.0336
nr: 91.3165
sigma_l: 0.8098
sigma_r: 0.7945
beta: 0.4790
Time for calculation: 1.4219
Total log likelihood: -71826.1250
nl: 91.2243
nr: 90.3128
sigma_l: 0.8121
sigma_r: 0.7956
beta: 0.4745
Time for calculation: 1.4377
Total log likelihood: -71826.0059
nl: 92.6066
nr: 91.9295
sigma_l: 0.8115
sigma_r: 0.7972
beta: 0.4797
Time for calculation: 1.4414
Total log likelihood: -71826.0293
nl: 91.4836
nr: 90.8955
sigma_l: 0.8104
sigma_r: 0.7951
beta: 0.4755
Time for calculation: 1.4660
Total log likelihood: -71826.0384
nl: 91.8644
nr: 90.9963
sigma_l: 0.8118
sigma_r: 0.7960
beta: 0.4773
Time for calculation: 1.4443
Total log likelihood: -71826.0028
nl: 90.8630
nr: 89.9348
sigma_l: 0.8150
sigma_r: 0.7979
beta: 0.4736
Time for calculation: 1.4396
Total log likelihood: -71826.1055
nl: 92.0145
nr: 91.2635
sigma_l: 0.8104
sigma_r: 0.7952
beta: 0.4777
Time for calculation: 1.4532
Total log likelihood: -71825.9959
nl: 90.4180
nr: 89.4453
sigma_l: 0.8118
sigma_r: 0.7942
beta: 0.4721
Time for calculation: 1.4529
Total log likelihood: -71826.0427
nl: 92.0594
nr: 91.3085
sigma_l: 0.8116
sigma_r: 0.7964
beta: 0.4778
Time for calculation: 1.4798
Total log likelihood: -71826.0020
nl: 94.1399
nr: 93.2821
sigma_l: 0.8108
sigma_r: 0.7942
beta: 0.4849
Time for calculation: 1.4507
Total log likelihood: -71826.0583
nl: 90.8788
nr: 90.0792
sigma_l: 0.8119
sigma_r: 0.7963
beta: 0.4738
Time for calculation: 1.5092
Total log likelihood: -71826.0006
nl: 90.5501
nr: 89.7311
sigma_l: 0.8112
sigma_r: 0.7971
beta: 0.4724
Time for calculation: 1.4822
Total log likelihood: -71826.0200
nl: 91.0792
nr: 90.2616
sigma_l: 0.8114
sigma_r: 0.7965
beta: 0.4743
Time for calculation: 1.4797
Total log likelihood: -71826.0005
nl: 91.9343
nr: 91.2508
sigma_l: 0.8107
sigma_r: 0.7966
beta: 0.4778
Time for calculation: 1.3759
Total log likelihood: -71826.0040
nl: 91.7568
nr: 91.0163
sigma_l: 0.8111
sigma_r: 0.7963
beta: 0.4770
Time for calculation: 1.4843
Total log likelihood: -71825.9958
nl: 91.2511
nr: 90.5754
sigma_l: 0.8108
sigma_r: 0.7962
beta: 0.4749
Time for calculation: 1.4998
Total log likelihood: -71826.0031
nl: 91.7111
nr: 90.8910
sigma_l: 0.8115
sigma_r: 0.7961
beta: 0.4767
Time for calculation: 1.4927
Total log likelihood: -71825.9955
nl: 90.9167
nr: 90.0962
sigma_l: 0.8109
sigma_r: 0.7957
beta: 0.4740
Time for calculation: 1.3408
Total log likelihood: -71825.9991
nl: 92.1125
nr: 91.3323
sigma_l: 0.8102
sigma_r: 0.7956
beta: 0.4781
Time for calculation: 1.4508
Total log likelihood: -71825.9977
nl: 92.3254
nr: 91.5782
sigma_l: 0.8102
sigma_r: 0.7951
beta: 0.4791
Time for calculation: 1.3885
Total log likelihood: -71826.0112
nl: 91.3907
nr: 90.5907
sigma_l: 0.8111
sigma_r: 0.7961
beta: 0.4755
Time for calculation: 1.4229
Total log likelihood: -71825.9934
nl: 92.6775
nr: 91.9414
sigma_l: 0.8108
sigma_r: 0.7960
beta: 0.4801
Time for calculation: 1.4369
Total log likelihood: -71826.0044
nl: 91.3569
nr: 90.5575
sigma_l: 0.8109
sigma_r: 0.7958
beta: 0.4755
Time for calculation: 1.4514
Total log likelihood: -71825.9935
nl: 91.1795
nr: 90.3954
sigma_l: 0.8118
sigma_r: 0.7961
beta: 0.4749
Time for calculation: 1.4765
Total log likelihood: -71825.9967
nl: 91.4127
nr: 90.6296
sigma_l: 0.8114
sigma_r: 0.7960
beta: 0.4757
Time for calculation: 1.4895
Total log likelihood: -71825.9932
nl: 91.0368
nr: 90.2105
sigma_l: 0.8120
sigma_r: 0.7970
beta: 0.4745
Time for calculation: 1.4293
Total log likelihood: -71826.0083
nl: 91.7701
nr: 91.0003
sigma_l: 0.8108
sigma_r: 0.7956
beta: 0.4769
Time for calculation: 1.4115
Total log likelihood: -71825.9921
nl: 91.2999
nr: 90.4513
sigma_l: 0.8112
sigma_r: 0.7955
beta: 0.4751
Time for calculation: 1.4637
Total log likelihood: -71825.9942
nl: 91.1811
nr: 90.4007
sigma_l: 0.8106
sigma_r: 0.7956
beta: 0.4747
Time for calculation: 1.4412
Total log likelihood: -71825.9957
nl: 91.5786
nr: 90.7685
sigma_l: 0.8113
sigma_r: 0.7960
beta: 0.4762
Time for calculation: 1.4543
Total log likelihood: -71825.9930
nl: 91.7038
nr: 90.9673
sigma_l: 0.8110
sigma_r: 0.7963
beta: 0.4768
Time for calculation: 1.4522
Total log likelihood: -71825.9948
nl: 91.4008
nr: 90.5803
sigma_l: 0.8111
sigma_r: 0.7957
beta: 0.4755
Time for calculation: 1.4480
Total log likelihood: -71825.9926
nl: 91.6643
nr: 90.8703
sigma_l: 0.8114
sigma_r: 0.7960
beta: 0.4764
Time for calculation: 1.4687
Total log likelihood: -71825.9933
nl: 91.7398
nr: 90.9489
sigma_l: 0.8113
sigma_r: 0.7956
beta: 0.4768
Time for calculation: 1.4344
Total log likelihood: -71825.9931
nl: 91.4965
nr: 90.7007
sigma_l: 0.8110
sigma_r: 0.7956
beta: 0.4760
Time for calculation: 1.4533
Total log likelihood: -71825.9936
nl: 91.6223
nr: 90.8279
sigma_l: 0.8113
sigma_r: 0.7959
beta: 0.4763
Time for calculation: 1.3730
Total log likelihood: -71825.9923
nl: 91.8319
nr: 91.0207
sigma_l: 0.8109
sigma_r: 0.7955
beta: 0.4770
Time for calculation: 1.4745
Total log likelihood: -71825.9924
nl: 91.5416
nr: 90.7302
sigma_l: 0.8109
sigma_r: 0.7959
beta: 0.4760
Time for calculation: 1.4845
Total log likelihood: -71825.9924
nl: 91.6882
nr: 90.8953
sigma_l: 0.8107
sigma_r: 0.7955
beta: 0.4765
Time for calculation: 1.4769
Total log likelihood: -71825.9922
nl: 91.9808
nr: 91.2095
sigma_l: 0.8107
sigma_r: 0.7956
beta: 0.4776
Time for calculation: 1.4991
Total log likelihood: -71825.9927
nl: 91.5458
nr: 90.7376
sigma_l: 0.8110
sigma_r: 0.7957
beta: 0.4760
Time for calculation: 1.4016
Total log likelihood: -71825.9919
nl: 91.8417
nr: 91.0625
sigma_l: 0.8110
sigma_r: 0.7954
beta: 0.4771
Time for calculation: 1.4222
Total log likelihood: -71825.9929
nl: 91.6167
nr: 90.8133
sigma_l: 0.8109
sigma_r: 0.7958
beta: 0.4763
Time for calculation: 1.4255
Total log likelihood: -71825.9918
nl: 91.4653
nr: 90.6890
sigma_l: 0.8110
sigma_r: 0.7959
beta: 0.4758
Time for calculation: 1.4303
Total log likelihood: -71825.9921
nl: 91.6121
nr: 90.8263
sigma_l: 0.8105
sigma_r: 0.7955
beta: 0.4763
Time for calculation: 1.4494
Total log likelihood: -71825.9934
nl: 91.6198
nr: 90.8275
sigma_l: 0.8111
sigma_r: 0.7958
beta: 0.4763
Time for calculation: 1.4059
Total log likelihood: -71825.9917
nl: 91.5189
nr: 90.7318
sigma_l: 0.8112
sigma_r: 0.7960
beta: 0.4760
Time for calculation: 1.4202
Total log likelihood: -71825.9925
nl: 91.6458
nr: 90.8544
sigma_l: 0.8108
sigma_r: 0.7956
beta: 0.4764
Time for calculation: 1.4457
Total log likelihood: -71825.9917
nl: 91.3873
nr: 90.5685
sigma_l: 0.8111
sigma_r: 0.7959
beta: 0.4754
Time for calculation: 1.4134
Total log likelihood: -71825.9930
nl: 91.6744
nr: 90.8923
sigma_l: 0.8109
sigma_r: 0.7957
beta: 0.4765
Time for calculation: 1.3809
Total log likelihood: -71825.9917
nl: 91.7757
nr: 90.9610
sigma_l: 0.8109
sigma_r: 0.7955
beta: 0.4768
Time for calculation: 1.4470
Total log likelihood: -71825.9922
nl: 91.5429
nr: 90.7570
sigma_l: 0.8109
sigma_r: 0.7958
beta: 0.4760
Time for calculation: 1.4018
Total log likelihood: -71825.9917
nl: 91.6940
nr: 90.9202
sigma_l: 0.8108
sigma_r: 0.7958
beta: 0.4766
Time for calculation: 1.4479
Total log likelihood: -71825.9917
nl: 91.7681
nr: 91.0115
sigma_l: 0.8107
sigma_r: 0.7958
beta: 0.4768
Time for calculation: 1.4506
Total log likelihood: -71825.9920
nl: 91.6541
nr: 90.8873
sigma_l: 0.8109
sigma_r: 0.7957
beta: 0.4765
Time for calculation: 1.4510
Total log likelihood: -71825.9916
nl: 91.6728
nr: 90.9243
sigma_l: 0.8109
sigma_r: 0.7957
beta: 0.4765
Time for calculation: 1.4671
Total log likelihood: -71825.9920
nl: 91.7723
nr: 90.9957
sigma_l: 0.8109
sigma_r: 0.7956
beta: 0.4769
Time for calculation: 1.4636
Total log likelihood: -71825.9918
nl: 91.6003
nr: 90.8167
sigma_l: 0.8109
sigma_r: 0.7958
beta: 0.4762
Time for calculation: 1.4710
Total log likelihood: -71825.9916
nl: 91.6512
nr: 90.8832
sigma_l: 0.8110
sigma_r: 0.7959
beta: 0.4765
Time for calculation: 1.3804
Total log likelihood: -71825.9918
nl: 91.6472
nr: 90.8616
sigma_l: 0.8109
sigma_r: 0.7957
beta: 0.4764
Time for calculation: 1.4378
Total log likelihood: -71825.9916
nl: 91.6882
nr: 90.9238
sigma_l: 0.8107
sigma_r: 0.7956
beta: 0.4766
Time for calculation: 1.4013
Total log likelihood: -71825.9920
nl: 91.6369
nr: 90.8516
sigma_l: 0.8110
sigma_r: 0.7958
beta: 0.4764
Time for calculation: 1.4207
Total log likelihood: -71825.9916
nl: 91.6186
nr: 90.8426
sigma_l: 0.8109
sigma_r: 0.7958
beta: 0.4763
Time for calculation: 1.4348
Total log likelihood: -71825.9916
nl: 91.5688
nr: 90.7837
sigma_l: 0.8110
sigma_r: 0.7957
beta: 0.4761
Time for calculation: 1.3931
Total log likelihood: -71825.9916
nl: 91.6001
nr: 90.8178
sigma_l: 0.8110
sigma_r: 0.7957
beta: 0.4762
Time for calculation: 1.5053
Total log likelihood: -71825.9916
nl: 91.5871
nr: 90.7888
sigma_l: 0.8110
sigma_r: 0.7958
beta: 0.4762
Time for calculation: 1.4099
Total log likelihood: -71825.9917
nl: 91.6373
nr: 90.8627
sigma_l: 0.8109
sigma_r: 0.7957
beta: 0.4764
Time for calculation: 1.4268
Total log likelihood: -71825.9916
nl: 91.6301
nr: 90.8415
sigma_l: 0.8109
sigma_r: 0.7957
beta: 0.4764
Time for calculation: 1.4556
Total log likelihood: -71825.9917
nl: 91.6215
nr: 90.8424
sigma_l: 0.8109
sigma_r: 0.7958
beta: 0.4763
Time for calculation: 1.4006
Total log likelihood: -71825.9916
nl: 91.6569
nr: 90.8777
sigma_l: 0.8110
sigma_r: 0.7957
beta: 0.4764
Time for calculation: 1.4235
Total log likelihood: -71825.9916
nl: 91.6853
nr: 90.9083
sigma_l: 0.8110
sigma_r: 0.7957
beta: 0.4765
Time for calculation: 1.5007
Total log likelihood: -71825.9916
nl: 91.6139
nr: 90.8393
sigma_l: 0.8110
sigma_r: 0.7958
beta: 0.4763
Time for calculation: 1.4303
Total log likelihood: -71825.9917
nl: 91.6389
nr: 90.8560
sigma_l: 0.8109
sigma_r: 0.7957
beta: 0.4764
Time for calculation: 1.4189
Total log likelihood: -71825.9916
nl: 91.6765
nr: 90.8983
sigma_l: 0.8109
sigma_r: 0.7957
beta: 0.4765
Time for calculation: 1.4332
Total log likelihood: -71825.9916
nl: 91.6771
nr: 90.8962
sigma_l: 0.8109
sigma_r: 0.7957
beta: 0.4765
Time for calculation: 1.4334
Total log likelihood: -71825.9916
nl: 91.6772
nr: 90.8892
sigma_l: 0.8110
sigma_r: 0.7957
beta: 0.4765
Time for calculation: 1.4899
Total log likelihood: -71825.9916
nl: 91.6971
nr: 90.9025
sigma_l: 0.8110
sigma_r: 0.7957
beta: 0.4766
Time for calculation: 1.4443
Total log likelihood: -71825.9916
nl: 91.6374
nr: 90.8530
sigma_l: 0.8110
sigma_r: 0.7957
beta: 0.4764
Time for calculation: 1.4270
Total log likelihood: -71825.9916
nl: 91.6175
nr: 90.8314
sigma_l: 0.8110
sigma_r: 0.7958
beta: 0.4763
Time for calculation: 1.4348
Total log likelihood: -71825.9916
nl: 91.6779
nr: 90.8982
sigma_l: 0.8109
sigma_r: 0.7957
beta: 0.4765
Time for calculation: 1.4166
Total log likelihood: -71825.9916
nl: 91.6471
nr: 90.8632
sigma_l: 0.8110
sigma_r: 0.7957
beta: 0.4764
Time for calculation: 1.4473
Total log likelihood: -71825.9916
nl: 91.6265
nr: 90.8374
sigma_l: 0.8110
sigma_r: 0.7957
beta: 0.4763
Time for calculation: 1.4006
Total log likelihood: -71825.9916
nl: 91.6640
nr: 90.8831
sigma_l: 0.8109
sigma_r: 0.7957
beta: 0.4765
Time for calculation: 1.4354
Total log likelihood: -71825.9916
nl: 91.6489
nr: 90.8601
sigma_l: 0.8109
sigma_r: 0.7958
beta: 0.4764
Time for calculation: 1.4216
Total log likelihood: -71825.9916
nl: 91.6549
nr: 90.8733
sigma_l: 0.8110
sigma_r: 0.7957
beta: 0.4764
Time for calculation: 1.4409
Total log likelihood: -71825.9916
nl: 91.6734
nr: 90.8887
sigma_l: 0.8110
sigma_r: 0.7957
beta: 0.4765
Time for calculation: 1.4390
Total log likelihood: -71825.9916
nl: 91.6475
nr: 90.8642
sigma_l: 0.8109
sigma_r: 0.7957
beta: 0.4764
Time for calculation: 1.4316
Total log likelihood: -71825.9916
nl: 91.6232
nr: 90.8455
sigma_l: 0.8109
sigma_r: 0.7957
beta: 0.4763
Time for calculation: 1.4743
Total log likelihood: -71825.9916
nl: 91.6637
nr: 90.8783
sigma_l: 0.8110
sigma_r: 0.7957
beta: 0.4765
Time for calculation: 1.4689
Total log likelihood: -71825.9916
nl: 91.6735
nr: 90.8919
sigma_l: 0.8109
sigma_r: 0.7957
beta: 0.4765
Time for calculation: 1.4530
Total log likelihood: -71825.9916
nl: 91.6464
nr: 90.8627
sigma_l: 0.8109
sigma_r: 0.7957
beta: 0.4764
Time for calculation: 1.4964
Total log likelihood: -71825.9916
nl: 91.6635
nr: 90.8814
sigma_l: 0.8109
sigma_r: 0.7957
beta: 0.4765
Time for calculation: 1.4392
Total log likelihood: -71825.9916
nl: 91.6464
nr: 90.8609
sigma_l: 0.8110
sigma_r: 0.7957
beta: 0.4764
Time for calculation: 1.4636
Total log likelihood: -71825.9916
nl: 91.6376
nr: 90.8498
sigma_l: 0.8110
sigma_r: 0.7957
beta: 0.4764
Time for calculation: 1.4773
Total log likelihood: -71825.9916
nl: 91.6625
nr: 90.8785
sigma_l: 0.8110
sigma_r: 0.7957
beta: 0.4765
Time for calculation: 1.4939
Total log likelihood: -71825.9915
nl: 91.6700
nr: 90.8856
sigma_l: 0.8110
sigma_r: 0.7957
beta: 0.4765
Time for calculation: 1.4371
Total log likelihood: -71825.9916
nl: 91.6700
nr: 90.8863
sigma_l: 0.8109
sigma_r: 0.7957
beta: 0.4765
Time for calculation: 1.4996
Total log likelihood: -71825.9916
nl: 91.6523
nr: 90.8686
sigma_l: 0.8109
sigma_r: 0.7957
beta: 0.4764
Time for calculation: 1.4329
Total log likelihood: -71825.9916
nl: 91.6484
nr: 90.8624
sigma_l: 0.8110
sigma_r: 0.7957
beta: 0.4764
Time for calculation: 1.4160
Total log likelihood: -71825.9916
nl: 91.6597
nr: 90.8767
sigma_l: 0.8109
sigma_r: 0.7957
beta: 0.4764
Time for calculation: 1.4690
Total log likelihood: -71825.9916
nl: 91.6466
nr: 90.8649
sigma_l: 0.8109
sigma_r: 0.7957
beta: 0.4764
Time for calculation: 1.4452
Total log likelihood: -71825.9916
nl: 91.6594
nr: 90.8749
sigma_l: 0.8110
sigma_r: 0.7957
beta: 0.4764
Time for calculation: 1.4156
Total log likelihood: -71825.9916
nl: 91.6572
nr: 90.8705
sigma_l: 0.8109
sigma_r: 0.7957
beta: 0.4764
Time for calculation: 1.4491
Total log likelihood: -71825.9916
nl: 91.6700
nr: 90.8868
sigma_l: 0.8109
sigma_r: 0.7957
beta: 0.4765
Time for calculation: 1.4603
Total log likelihood: -71825.9916
nl: 91.6641
nr: 90.8803
sigma_l: 0.8109
sigma_r: 0.7957
beta: 0.4765
Time for calculation: 1.4662
Total log likelihood: -71825.9915
nl: 91.6620
nr: 90.8811
sigma_l: 0.8109
sigma_r: 0.7957
beta: 0.4765
Time for calculation: 1.4369
Total log likelihood: -71825.9916
nl: 91.6584
nr: 90.8731
sigma_l: 0.8109
sigma_r: 0.7957
beta: 0.4764
Time for calculation: 1.4370
Total log likelihood: -71825.9915
nl: 91.6693
nr: 90.8848
sigma_l: 0.8109
sigma_r: 0.7957
beta: 0.4765
Time for calculation: 1.4445
Total log likelihood: -71825.9915
nl: 91.6658
nr: 90.8800
sigma_l: 0.8110
sigma_r: 0.7957
beta: 0.4765
Time for calculation: 1.4518
Total log likelihood: -71825.9916
nl: 91.6612
nr: 90.8775
sigma_l: 0.8109
sigma_r: 0.7957
beta: 0.4764
Time for calculation: 1.4595
Total log likelihood: -71825.9915
nl: 91.6668
nr: 90.8827
sigma_l: 0.8109
sigma_r: 0.7957
beta: 0.4765
Time for calculation: 1.4322
Total log likelihood: -71825.9915
nl: 91.6705
nr: 90.8867
sigma_l: 0.8109
sigma_r: 0.7957
beta: 0.4765
Time for calculation: 1.4337
Total log likelihood: -71825.9915
nl: 91.6632
nr: 90.8784
sigma_l: 0.8110
sigma_r: 0.7957
beta: 0.4765
Time for calculation: 1.4146
Total log likelihood: -71825.9915
nl: 91.6627
nr: 90.8774
sigma_l: 0.8110
sigma_r: 0.7957
beta: 0.4764
Time for calculation: 1.4764
Total log likelihood: -71825.9915
nl: 91.6555
nr: 90.8713
sigma_l: 0.8110
sigma_r: 0.7957
beta: 0.4764
Time for calculation: 1.4180
Total log likelihood: -71825.9915
nl: 91.6653
nr: 90.8822
sigma_l: 0.8110
sigma_r: 0.7957
beta: 0.4765
Time for calculation: 1.4672
Total log likelihood: -71825.9915
nl: 91.6601
nr: 90.8754
sigma_l: 0.8109
sigma_r: 0.7957
beta: 0.4764
Time for calculation: 1.4058
Total log likelihood: -71825.9915
nl: 91.6620
nr: 90.8770
sigma_l: 0.8110
sigma_r: 0.7957
beta: 0.4764
Time for calculation: 1.4605
Total log likelihood: -71825.9915
nl: 91.6703
nr: 90.8855
sigma_l: 0.8110
sigma_r: 0.7957
beta: 0.4765
Time for calculation: 1.4182
Total log likelihood: -71825.9915
nl: 91.6665
nr: 90.8812
sigma_l: 0.8109
sigma_r: 0.7957
beta: 0.4765
Time for calculation: 1.4276
Total log likelihood: -71825.9915
nl: 91.6685
nr: 90.8825
sigma_l: 0.8109
sigma_r: 0.7957
beta: 0.4765
Time for calculation: 1.4283
Total log likelihood: -71825.9915
nl: 91.6571
nr: 90.8724
sigma_l: 0.8109
sigma_r: 0.7957
beta: 0.4764
Time for calculation: 1.4363
Total log likelihood: -71825.9915
nl: 91.6670
nr: 90.8822
sigma_l: 0.8110
sigma_r: 0.7957
beta: 0.4765
Time for calculation: 1.5097
Total log likelihood: -71825.9915
nl: 91.6675
nr: 90.8830
sigma_l: 0.8109
sigma_r: 0.7957
beta: 0.4765
Time for calculation: 1.4361
Total log likelihood: -71825.9915
nl: 91.6634
nr: 90.8785
sigma_l: 0.8110
sigma_r: 0.7957
beta: 0.4765
Time for calculation: 1.4697
Total log likelihood: -71825.9915
nl: 91.6613
nr: 90.8755
sigma_l: 0.8110
sigma_r: 0.7957
beta: 0.4764
Time for calculation: 1.4625
Total log likelihood: -71825.9915
nl: 91.6684
nr: 90.8829
sigma_l: 0.8110
sigma_r: 0.7957
beta: 0.4765
Time for calculation: 1.4354
Total log likelihood: -71825.9915
nl: 91.6663
nr: 90.8810
sigma_l: 0.8110
sigma_r: 0.7957
beta: 0.4765
Time for calculation: 1.4254
Total log likelihood: -71825.9915
nl: 91.6693
nr: 90.8850
sigma_l: 0.8109
sigma_r: 0.7957
beta: 0.4765
Time for calculation: 1.4536
Total log likelihood: -71825.9915
nl: 91.6633
nr: 90.8779
sigma_l: 0.8110
sigma_r: 0.7957
beta: 0.4765
Time for calculation: 1.4570
Total log likelihood: -71825.9915
nl: 91.6674
nr: 90.8820
sigma_l: 0.8110
sigma_r: 0.7957
beta: 0.4765
Time for calculation: 1.4555
Total log likelihood: -71825.9915
nl: 91.6637
nr: 90.8780
sigma_l: 0.8110
sigma_r: 0.7957
beta: 0.4765
Time for calculation: 1.4350
Total log likelihood: -71825.9915
nl: 91.6676
nr: 90.8815
sigma_l: 0.8109
sigma_r: 0.7957
beta: 0.4765
Time for calculation: 1.4314
Total log likelihood: -71825.9915
nl: 91.6644
nr: 90.8792
sigma_l: 0.8110
sigma_r: 0.7957
beta: 0.4765
Time for calculation: 1.4489
Total log likelihood: -71825.9915
nl: 91.6623
nr: 90.8770
sigma_l: 0.8110
sigma_r: 0.7957
beta: 0.4764
Time for calculation: 1.4375
Total log likelihood: -71825.9915
nl: 91.6661
nr: 90.8807
sigma_l: 0.8110
sigma_r: 0.7957
beta: 0.4765
Time for calculation: 1.4560
Total log likelihood: -71825.9915
nl: 91.6633
nr: 90.8778
sigma_l: 0.8109
sigma_r: 0.7957
beta: 0.4764
Time for calculation: 1.4671
Total log likelihood: -71825.9915
nl: 91.6656
nr: 90.8802
sigma_l: 0.8110
sigma_r: 0.7957
beta: 0.4765
Time for calculation: 1.4797
Total log likelihood: -71825.9915
nl: 91.6673
nr: 90.8818
sigma_l: 0.8109
sigma_r: 0.7957
beta: 0.4765
Time for calculation: 1.4953
Total log likelihood: -71825.9915
nl: 91.6643
nr: 90.8789
sigma_l: 0.8110
sigma_r: 0.7957
beta: 0.4765
Time for calculation: 1.4425
Total log likelihood: -71825.9915
nl: 91.6670
nr: 90.8821
sigma_l: 0.8110
sigma_r: 0.7957
beta: 0.4765
Time for calculation: 1.5020
Total log likelihood: -71825.9915
nl: 91.6646
nr: 90.8790
sigma_l: 0.8110
sigma_r: 0.7957
beta: 0.4765
Time for calculation: 1.5173
Total log likelihood: -71825.9915
nl: 91.6635
nr: 90.8781
sigma_l: 0.8110
sigma_r: 0.7957
beta: 0.4765
Time for calculation: 1.4568
Total log likelihood: -71825.9915
nl: 91.6658
nr: 90.8804
sigma_l: 0.8109
sigma_r: 0.7957
beta: 0.4765
Time for calculation: 1.5011
Total log likelihood: -71825.9915
nl: 91.6645
nr: 90.8791
sigma_l: 0.8110
sigma_r: 0.7957
beta: 0.4765
Time for calculation: 1.4763
Total log likelihood: -71825.9915
nl: 91.6648
nr: 90.8794
sigma_l: 0.8110
sigma_r: 0.7957
beta: 0.4765
Time for calculation: 1.4934
Total log likelihood: -71825.9915
nl: 91.6634
nr: 90.8780
sigma_l: 0.8110
sigma_r: 0.7957
beta: 0.4765
Time for calculation: 1.4889
Total log likelihood: -71825.9915
nl: 91.6647
nr: 90.8790
sigma_l: 0.8109
sigma_r: 0.7957
beta: 0.4765
Time for calculation: 1.5077
Total log likelihood: -71825.9915
nl: 91.6645
nr: 90.8792
sigma_l: 0.8110
sigma_r: 0.7957
beta: 0.4765
Time for calculation: 1.4876
Total log likelihood: -71825.9915
nl: 91.6645
nr: 90.8793
sigma_l: 0.8110
sigma_r: 0.7957
beta: 0.4765
Time for calculation: 1.4081
Total log likelihood: -71825.9915
nl: 91.6661
nr: 90.8808
sigma_l: 0.8110
sigma_r: 0.7957
beta: 0.4765
Time for calculation: 1.4985
Total log likelihood: -71825.9915
nl: 91.6660
nr: 90.8808
sigma_l: 0.8110
sigma_r: 0.7957
beta: 0.4765
Time for calculation: 1.4379
Total log likelihood: -71825.9915
nl: 91.6647
nr: 90.8793
sigma_l: 0.8110
sigma_r: 0.7957
beta: 0.4765
Time for calculation: 1.4176
Total log likelihood: -71825.9915
nl: 91.6635
nr: 90.8782
sigma_l: 0.8110
sigma_r: 0.7957
beta: 0.4765
Time for calculation: 1.4263
Total log likelihood: -71825.9915
nl: 91.6642
nr: 90.8789
sigma_l: 0.8110
sigma_r: 0.7957
beta: 0.4765
Time for calculation: 1.4777
Total log likelihood: -71825.9915
nl: 91.6633
nr: 90.8781
sigma_l: 0.8110
sigma_r: 0.7957
beta: 0.4765
Time for calculation: 1.4476
Total log likelihood: -71825.9915
nl: 91.6651
nr: 90.8798
sigma_l: 0.8110
sigma_r: 0.7957
beta: 0.4765
Time for calculation: 1.4857
Total log likelihood: -71825.9915
nl: 91.6648
nr: 90.8793
sigma_l: 0.8110
sigma_r: 0.7957
beta: 0.4765
Time for calculation: 1.4741
Total log likelihood: -71825.9915
nl: 91.6646
nr: 90.8793
sigma_l: 0.8110
sigma_r: 0.7957
beta: 0.4765
Time for calculation: 1.4697
Total log likelihood: -71825.9915
nl: 91.6645
nr: 90.8793
sigma_l: 0.8110
sigma_r: 0.7957
beta: 0.4765
Time for calculation: 1.4540
Total log likelihood: -71825.9915
nl: 91.6647
nr: 90.8793
sigma_l: 0.8110
sigma_r: 0.7957
beta: 0.4765
Time for calculation: 1.4615
Total log likelihood: -71825.9915
nl: 91.6648
nr: 90.8795
sigma_l: 0.8110
sigma_r: 0.7957
beta: 0.4765
Time for calculation: 1.3930
Total log likelihood: -71825.9915
nl: 91.6646
nr: 90.8793
sigma_l: 0.8110
sigma_r: 0.7957
beta: 0.4765
Time for calculation: 1.4900
Total log likelihood: -71825.9915
nl: 91.6653
nr: 90.8800
sigma_l: 0.8110
sigma_r: 0.7957
beta: 0.4765
Time for calculation: 1.4439
Total log likelihood: -71825.9915
nl: 91.6650
nr: 90.8797
sigma_l: 0.8110
sigma_r: 0.7957
beta: 0.4765
Time for calculation: 1.4642
Total log likelihood: -71825.9915
nl: 91.6648
nr: 90.8794
sigma_l: 0.8110
sigma_r: 0.7957
beta: 0.4765
Time for calculation: 1.4102
Total log likelihood: -71825.9915
nl: 91.6642
nr: 90.8789
sigma_l: 0.8110
sigma_r: 0.7957
beta: 0.4765
Time for calculation: 1.4724
Total log likelihood: -71825.9915
nl: 91.6650
nr: 90.8797
sigma_l: 0.8110
sigma_r: 0.7957
beta: 0.4765
Time for calculation: 1.4388
Total log likelihood: -71825.9915
nl: 91.6643
nr: 90.8790
sigma_l: 0.8110
sigma_r: 0.7957
beta: 0.4765
Time for calculation: 1.4370
Total log likelihood: -71825.9915
nl: 91.6649
nr: 90.8796
sigma_l: 0.8110
sigma_r: 0.7957
beta: 0.4765
Time for calculation: 1.4442
Total log likelihood: -71825.9915
nl: 91.6649
nr: 90.8796
sigma_l: 0.8110
sigma_r: 0.7957
beta: 0.4765
Time for calculation: 1.4303
Total log likelihood: -71825.9915
nl: 91.6647
nr: 90.8794
sigma_l: 0.8110
sigma_r: 0.7957
beta: 0.4765
Time for calculation: 1.4408
Total log likelihood: -71825.9915
nl: 91.6650
nr: 90.8796
sigma_l: 0.8110
sigma_r: 0.7957
beta: 0.4765
Time for calculation: 1.4280
Total log likelihood: -71825.9915
nl: 91.6647
nr: 90.8794
sigma_l: 0.8110
sigma_r: 0.7957
beta: 0.4765
Time for calculation: 1.4247
Total log likelihood: -71825.9915
nl: 91.6651
nr: 90.8798
sigma_l: 0.8110
sigma_r: 0.7957
beta: 0.4765
Time for calculation: 1.3510
Total log likelihood: -71825.9915
nl: 91.6647
nr: 90.8794
sigma_l: 0.8110
sigma_r: 0.7957
beta: 0.4765
Time for calculation: 1.4636
Total log likelihood: -71825.9915
nl: 91.6648
nr: 90.8796
sigma_l: 0.8110
sigma_r: 0.7957
beta: 0.4765
Time for calculation: 1.3911
Total log likelihood: -71825.9915
nl: 91.6645
nr: 90.8792
sigma_l: 0.8110
sigma_r: 0.7957
beta: 0.4765
Time for calculation: 1.4255
Total log likelihood: -71825.9915
nl: 91.6649
nr: 90.8796
sigma_l: 0.8110
sigma_r: 0.7957
beta: 0.4765
Time for calculation: 1.3603
Total log likelihood: -71825.9915
nl: 91.6647
nr: 90.8794
sigma_l: 0.8110
sigma_r: 0.7957
beta: 0.4765
Time for calculation: 1.3525
Total log likelihood: -71825.9915
nl: 91.6648
nr: 90.8795
sigma_l: 0.8110
sigma_r: 0.7957
beta: 0.4765
Time for calculation: 1.3718
Total log likelihood: -71825.9915
nl: 91.6649
nr: 90.8796
sigma_l: 0.8110
sigma_r: 0.7957
beta: 0.4765
Time for calculation: 1.4575
Total log likelihood: -71825.9915
nl: 91.6650
nr: 90.8797
sigma_l: 0.8110
sigma_r: 0.7957
beta: 0.4765
Time for calculation: 1.4413
Total log likelihood: -71825.9915
nl: 91.6647
nr: 90.8794
sigma_l: 0.8110
sigma_r: 0.7957
beta: 0.4765
Time for calculation: 1.3743
Total log likelihood: -71825.9915
nl: 91.6649
nr: 90.8796
sigma_l: 0.8110
sigma_r: 0.7957
beta: 0.4765
Time for calculation: 1.4459
Total log likelihood: -71825.9915
nl: 91.6650
nr: 90.8797
sigma_l: 0.8110
sigma_r: 0.7957
beta: 0.4765
Time for calculation: 1.4515
Total log likelihood: -71825.9915
nl: 91.6648
nr: 90.8795
sigma_l: 0.8110
sigma_r: 0.7957
beta: 0.4765
Time for calculation: 1.3865
Total log likelihood: -71825.9915
nl: 91.6647
nr: 90.8794
sigma_l: 0.8110
sigma_r: 0.7957
beta: 0.4765
Time for calculation: 1.4735
Total log likelihood: -71825.9915
nl: 91.6646
nr: 90.8793
sigma_l: 0.8110
sigma_r: 0.7957
beta: 0.4765
Time for calculation: 1.4809
Total log likelihood: -71825.9915
nl: 91.6649
nr: 90.8796
sigma_l: 0.8110
sigma_r: 0.7957
beta: 0.4765
Time for calculation: 1.4649
Total log likelihood: -71825.9915
nl: 91.6647
nr: 90.8794
sigma_l: 0.8110
sigma_r: 0.7957
beta: 0.4765
Time for calculation: 1.4555
Total log likelihood: -71825.9915
nl: 91.6648
nr: 90.8795
sigma_l: 0.8110
sigma_r: 0.7957
beta: 0.4765
Time for calculation: 1.4467
Total log likelihood: -71825.9915
nl: 91.6648
nr: 90.8795
sigma_l: 0.8110
sigma_r: 0.7957
beta: 0.4765
Time for calculation: 1.4316
Total log likelihood: -71825.9915
nl: 91.6647
nr: 90.8794
sigma_l: 0.8110
sigma_r: 0.7957
beta: 0.4765
Time for calculation: 1.4260
Total log likelihood: -71825.9915
nl: 91.6648
nr: 90.8795
sigma_l: 0.8110
sigma_r: 0.7957
beta: 0.4765
Time for calculation: 1.4116
Total log likelihood: -71825.9915
nl: 91.6648
nr: 90.8795
sigma_l: 0.8110
sigma_r: 0.7957
beta: 0.4765
Time for calculation: 1.3836
Total log likelihood: -71825.9915
nl: 91.6647
nr: 90.8794
sigma_l: 0.8110
sigma_r: 0.7957
beta: 0.4765
Time for calculation: 1.4560
Total log likelihood: -71825.9915
Optimization terminated successfully.
         Current function value: 260.239100
         Iterations: 248
         Function evaluations: 409
nl: 91.6871
nr: 90.8794
sigma_l: 0.8110
sigma_r: 0.7957
beta: 0.4765
Time for calculation: 1.4436
Total log likelihood: -71825.9918
nl: 91.6647
nr: 90.8794
sigma_l: 0.8110
sigma_r: 0.7957
beta: 0.4765
Time for calculation: 1.4250
Total log likelihood: -71825.9915
nl: 91.6647
nr: 90.8794
sigma_l: 0.8110
sigma_r: 0.7957
beta: 0.4765
Time for calculation: 1.4401
Total log likelihood: -71825.9915
nl: 91.6424
nr: 90.8794
sigma_l: 0.8110
sigma_r: 0.7957
beta: 0.4765
Time for calculation: 1.3666
Total log likelihood: -71825.9918
nl: 91.6759
nr: 90.8905
sigma_l: 0.8110
sigma_r: 0.7957
beta: 0.4765
Time for calculation: 1.4384
Total log likelihood: -71825.9916
nl: 91.6759
nr: 90.8684
sigma_l: 0.8110
sigma_r: 0.7957
beta: 0.4765
Time for calculation: 1.3750
Total log likelihood: -71825.9917
nl: 91.6536
nr: 90.8905
sigma_l: 0.8110
sigma_r: 0.7957
beta: 0.4765
Time for calculation: 1.3906
Total log likelihood: -71825.9917
nl: 91.6536
nr: 90.8684
sigma_l: 0.8110
sigma_r: 0.7957
beta: 0.4765
Time for calculation: 1.4384
Total log likelihood: -71825.9916
nl: 91.6759
nr: 90.8794
sigma_l: 0.8111
sigma_r: 0.7957
beta: 0.4765
Time for calculation: 1.4500
Total log likelihood: -71825.9917
nl: 91.6759
nr: 90.8794
sigma_l: 0.8109
sigma_r: 0.7957
beta: 0.4765
Time for calculation: 1.3923
Total log likelihood: -71825.9917
nl: 91.6536
nr: 90.8794
sigma_l: 0.8111
sigma_r: 0.7957
beta: 0.4765
Time for calculation: 1.3956
Total log likelihood: -71825.9917
nl: 91.6536
nr: 90.8794
sigma_l: 0.8109
sigma_r: 0.7957
beta: 0.4765
Time for calculation: 1.4013
Total log likelihood: -71825.9917
nl: 91.6759
nr: 90.8794
sigma_l: 0.8110
sigma_r: 0.7958
beta: 0.4765
Time for calculation: 1.4523
Total log likelihood: -71825.9917
nl: 91.6759
nr: 90.8794
sigma_l: 0.8110
sigma_r: 0.7956
beta: 0.4765
Time for calculation: 1.4158
Total log likelihood: -71825.9916
nl: 91.6536
nr: 90.8794
sigma_l: 0.8110
sigma_r: 0.7958
beta: 0.4765
Time for calculation: 1.3773
Total log likelihood: -71825.9916
nl: 91.6536
nr: 90.8794
sigma_l: 0.8110
sigma_r: 0.7956
beta: 0.4765
Time for calculation: 1.3992
Total log likelihood: -71825.9917
nl: 91.6759
nr: 90.8794
sigma_l: 0.8110
sigma_r: 0.7957
beta: 0.4765
Time for calculation: 1.4811
Total log likelihood: -71825.9917
nl: 91.6759
nr: 90.8794
sigma_l: 0.8110
sigma_r: 0.7957
beta: 0.4764
Time for calculation: 1.3856
Total log likelihood: -71825.9920
nl: 91.6536
nr: 90.8794
sigma_l: 0.8110
sigma_r: 0.7957
beta: 0.4765
Time for calculation: 1.4094
Total log likelihood: -71825.9920
nl: 91.6536
nr: 90.8794
sigma_l: 0.8110
sigma_r: 0.7957
beta: 0.4764
Time for calculation: 1.4012
Total log likelihood: -71825.9917
nl: 91.6647
nr: 90.9016
sigma_l: 0.8110
sigma_r: 0.7957
beta: 0.4765
Time for calculation: 1.4198
Total log likelihood: -71825.9918
nl: 91.6647
nr: 90.8794
sigma_l: 0.8110
sigma_r: 0.7957
beta: 0.4765
Time for calculation: 1.4352
Total log likelihood: -71825.9915
nl: 91.6647
nr: 90.8794
sigma_l: 0.8110
sigma_r: 0.7957
beta: 0.4765
Time for calculation: 1.3821
Total log likelihood: -71825.9915
nl: 91.6647
nr: 90.8573
sigma_l: 0.8110
sigma_r: 0.7957
beta: 0.4765
Time for calculation: 1.3902
Total log likelihood: -71825.9918
nl: 91.6647
nr: 90.8905
sigma_l: 0.8111
sigma_r: 0.7957
beta: 0.4765
Time for calculation: 1.4185
Total log likelihood: -71825.9917
nl: 91.6647
nr: 90.8905
sigma_l: 0.8109
sigma_r: 0.7957
beta: 0.4765
Time for calculation: 1.4020
Total log likelihood: -71825.9916
nl: 91.6647
nr: 90.8684
sigma_l: 0.8111
sigma_r: 0.7957
beta: 0.4765
Time for calculation: 1.3897
Total log likelihood: -71825.9916
nl: 91.6647
nr: 90.8684
sigma_l: 0.8109
sigma_r: 0.7957
beta: 0.4765
Time for calculation: 1.4132
Total log likelihood: -71825.9917
nl: 91.6647
nr: 90.8905
sigma_l: 0.8110
sigma_r: 0.7958
beta: 0.4765
Time for calculation: 1.4523
Total log likelihood: -71825.9917
nl: 91.6647
nr: 90.8905
sigma_l: 0.8110
sigma_r: 0.7956
beta: 0.4765
Time for calculation: 1.4073
Total log likelihood: -71825.9917
nl: 91.6647
nr: 90.8684
sigma_l: 0.8110
sigma_r: 0.7958
beta: 0.4765
Time for calculation: 1.4165
Total log likelihood: -71825.9917
nl: 91.6647
nr: 90.8684
sigma_l: 0.8110
sigma_r: 0.7956
beta: 0.4765
Time for calculation: 1.3921
Total log likelihood: -71825.9917
nl: 91.6647
nr: 90.8905
sigma_l: 0.8110
sigma_r: 0.7957
beta: 0.4765
Time for calculation: 1.4534
Total log likelihood: -71825.9917
nl: 91.6647
nr: 90.8905
sigma_l: 0.8110
sigma_r: 0.7957
beta: 0.4764
Time for calculation: 1.4117
Total log likelihood: -71825.9920
nl: 91.6647
nr: 90.8684
sigma_l: 0.8110
sigma_r: 0.7957
beta: 0.4765
Time for calculation: 1.4308
Total log likelihood: -71825.9920
nl: 91.6647
nr: 90.8684
sigma_l: 0.8110
sigma_r: 0.7957
beta: 0.4764
Time for calculation: 1.3952
Total log likelihood: -71825.9917
nl: 91.6647
nr: 90.8794
sigma_l: 0.8111
sigma_r: 0.7957
beta: 0.4765
Time for calculation: 1.4219
Total log likelihood: -71825.9918
nl: 91.6647
nr: 90.8794
sigma_l: 0.8110
sigma_r: 0.7957
beta: 0.4765
Time for calculation: 1.4387
Total log likelihood: -71825.9915
nl: 91.6647
nr: 90.8794
sigma_l: 0.8110
sigma_r: 0.7957
beta: 0.4765
Time for calculation: 1.3679
Total log likelihood: -71825.9915
nl: 91.6647
nr: 90.8794
sigma_l: 0.8108
sigma_r: 0.7957
beta: 0.4765
Time for calculation: 1.3659
Total log likelihood: -71825.9918
nl: 91.6647
nr: 90.8794
sigma_l: 0.8111
sigma_r: 0.7958
beta: 0.4765
Time for calculation: 1.4729
Total log likelihood: -71825.9917
nl: 91.6647
nr: 90.8794
sigma_l: 0.8111
sigma_r: 0.7956
beta: 0.4765
Time for calculation: 1.3593
Total log likelihood: -71825.9917
nl: 91.6647
nr: 90.8794
sigma_l: 0.8109
sigma_r: 0.7958
beta: 0.4765
Time for calculation: 1.4472
Total log likelihood: -71825.9917
nl: 91.6647
nr: 90.8794
sigma_l: 0.8109
sigma_r: 0.7956
beta: 0.4765
Time for calculation: 1.4101
Total log likelihood: -71825.9917
nl: 91.6647
nr: 90.8794
sigma_l: 0.8111
sigma_r: 0.7957
beta: 0.4765
Time for calculation: 1.4310
Total log likelihood: -71825.9918
nl: 91.6647
nr: 90.8794
sigma_l: 0.8111
sigma_r: 0.7957
beta: 0.4764
Time for calculation: 1.4089
Total log likelihood: -71825.9919
nl: 91.6647
nr: 90.8794
sigma_l: 0.8109
sigma_r: 0.7957
beta: 0.4765
Time for calculation: 1.4093
Total log likelihood: -71825.9919
nl: 91.6647
nr: 90.8794
sigma_l: 0.8109
sigma_r: 0.7957
beta: 0.4764
Time for calculation: 1.4254
Total log likelihood: -71825.9918
nl: 91.6647
nr: 90.8794
sigma_l: 0.8110
sigma_r: 0.7959
beta: 0.4765
Time for calculation: 1.4842
Total log likelihood: -71825.9918
nl: 91.6647
nr: 90.8794
sigma_l: 0.8110
sigma_r: 0.7957
beta: 0.4765
Time for calculation: 1.4343
Total log likelihood: -71825.9915
nl: 91.6647
nr: 90.8794
sigma_l: 0.8110
sigma_r: 0.7957
beta: 0.4765
Time for calculation: 1.4221
Total log likelihood: -71825.9915
nl: 91.6647
nr: 90.8794
sigma_l: 0.8110
sigma_r: 0.7955
beta: 0.4765
Time for calculation: 1.4073
Total log likelihood: -71825.9918
nl: 91.6647
nr: 90.8794
sigma_l: 0.8110
sigma_r: 0.7958
beta: 0.4765
Time for calculation: 1.4429
Total log likelihood: -71825.9918
nl: 91.6647
nr: 90.8794
sigma_l: 0.8110
sigma_r: 0.7958
beta: 0.4764
Time for calculation: 1.4635
Total log likelihood: -71825.9919
nl: 91.6647
nr: 90.8794
sigma_l: 0.8110
sigma_r: 0.7956
beta: 0.4765
Time for calculation: 1.4006
Total log likelihood: -71825.9919
nl: 91.6647
nr: 90.8794
sigma_l: 0.8110
sigma_r: 0.7956
beta: 0.4764
Time for calculation: 1.4254
Total log likelihood: -71825.9918
nl: 91.6647
nr: 90.8794
sigma_l: 0.8110
sigma_r: 0.7957
beta: 0.4766
Time for calculation: 1.4478
Total log likelihood: -71825.9925
nl: 91.6647
nr: 90.8794
sigma_l: 0.8110
sigma_r: 0.7957
beta: 0.4765
Time for calculation: 1.4338
Total log likelihood: -71825.9915
nl: 91.6647
nr: 90.8794
sigma_l: 0.8110
sigma_r: 0.7957
beta: 0.4765
Time for calculation: 1.4273
Total log likelihood: -71825.9915
nl: 91.6647
nr: 90.8794
sigma_l: 0.8110
sigma_r: 0.7957
beta: 0.4763
Time for calculation: 1.3684
Total log likelihood: -71825.9925
nl: 91.6871
nr: 90.8794
sigma_l: 0.8110
sigma_r: 0.7957
beta: 0.4765
Time for calculation: 1.5274
Total log likelihood: -71825.9918
nl: 91.6647
nr: 90.8794
sigma_l: 0.8110
sigma_r: 0.7957
beta: 0.4765
Time for calculation: 1.4518
Total log likelihood: -71825.9915
nl: 91.6647
nr: 90.8794
sigma_l: 0.8110
sigma_r: 0.7957
beta: 0.4765
Time for calculation: 1.4183
Total log likelihood: -71825.9915
nl: 91.6424
nr: 90.8794
sigma_l: 0.8110
sigma_r: 0.7957
beta: 0.4765
Time for calculation: 1.4421
Total log likelihood: -71825.9918
nl: 91.6759
nr: 90.8905
sigma_l: 0.8110
sigma_r: 0.7957
beta: 0.4765
Time for calculation: 1.4323
Total log likelihood: -71825.9916
nl: 91.6759
nr: 90.8684
sigma_l: 0.8110
sigma_r: 0.7957
beta: 0.4765
Time for calculation: 1.4049
Total log likelihood: -71825.9917
nl: 91.6536
nr: 90.8905
sigma_l: 0.8110
sigma_r: 0.7957
beta: 0.4765
Time for calculation: 1.4073
Total log likelihood: -71825.9917
nl: 91.6536
nr: 90.8684
sigma_l: 0.8110
sigma_r: 0.7957
beta: 0.4765
Time for calculation: 1.3906
Total log likelihood: -71825.9916
nl: 91.6759
nr: 90.8794
sigma_l: 0.8111
sigma_r: 0.7957
beta: 0.4765
Time for calculation: 1.4463
Total log likelihood: -71825.9917
nl: 91.6759
nr: 90.8794
sigma_l: 0.8109
sigma_r: 0.7957
beta: 0.4765
Time for calculation: 1.3998
Total log likelihood: -71825.9917
nl: 91.6536
nr: 90.8794
sigma_l: 0.8111
sigma_r: 0.7957
beta: 0.4765
Time for calculation: 1.4053
Total log likelihood: -71825.9917
nl: 91.6536
nr: 90.8794
sigma_l: 0.8109
sigma_r: 0.7957
beta: 0.4765
Time for calculation: 1.4144
Total log likelihood: -71825.9917
nl: 91.6759
nr: 90.8794
sigma_l: 0.8110
sigma_r: 0.7958
beta: 0.4765
Time for calculation: 1.4483
Total log likelihood: -71825.9917
nl: 91.6759
nr: 90.8794
sigma_l: 0.8110
sigma_r: 0.7956
beta: 0.4765
Time for calculation: 1.3696
Total log likelihood: -71825.9916
nl: 91.6536
nr: 90.8794
sigma_l: 0.8110
sigma_r: 0.7958
beta: 0.4765
Time for calculation: 1.4199
Total log likelihood: -71825.9916
nl: 91.6536
nr: 90.8794
sigma_l: 0.8110
sigma_r: 0.7956
beta: 0.4765
Time for calculation: 1.3943
Total log likelihood: -71825.9917
nl: 91.6759
nr: 90.8794
sigma_l: 0.8110
sigma_r: 0.7957
beta: 0.4765
Time for calculation: 1.4034
Total log likelihood: -71825.9917
nl: 91.6759
nr: 90.8794
sigma_l: 0.8110
sigma_r: 0.7957
beta: 0.4764
Time for calculation: 1.3898
Total log likelihood: -71825.9920
nl: 91.6536
nr: 90.8794
sigma_l: 0.8110
sigma_r: 0.7957
beta: 0.4765
Time for calculation: 1.3860
Total log likelihood: -71825.9920
nl: 91.6536
nr: 90.8794
sigma_l: 0.8110
sigma_r: 0.7957
beta: 0.4764
Time for calculation: 1.4521
Total log likelihood: -71825.9917
nl: 91.6647
nr: 90.9016
sigma_l: 0.8110
sigma_r: 0.7957
beta: 0.4765
Time for calculation: 1.4427
Total log likelihood: -71825.9918
nl: 91.6647
nr: 90.8794
sigma_l: 0.8110
sigma_r: 0.7957
beta: 0.4765
Time for calculation: 1.4356
Total log likelihood: -71825.9915
nl: 91.6647
nr: 90.8794
sigma_l: 0.8110
sigma_r: 0.7957
beta: 0.4765
Time for calculation: 1.3787
Total log likelihood: -71825.9915
nl: 91.6647
nr: 90.8573
sigma_l: 0.8110
sigma_r: 0.7957
beta: 0.4765
Time for calculation: 1.4164
Total log likelihood: -71825.9918
nl: 91.6647
nr: 90.8905
sigma_l: 0.8111
sigma_r: 0.7957
beta: 0.4765
Time for calculation: 1.3470
Total log likelihood: -71825.9917
nl: 91.6647
nr: 90.8905
sigma_l: 0.8109
sigma_r: 0.7957
beta: 0.4765
Time for calculation: 1.4002
Total log likelihood: -71825.9916
nl: 91.6647
nr: 90.8684
sigma_l: 0.8111
sigma_r: 0.7957
beta: 0.4765
Time for calculation: 1.4814
Total log likelihood: -71825.9916
nl: 91.6647
nr: 90.8684
sigma_l: 0.8109
sigma_r: 0.7957
beta: 0.4765
Time for calculation: 1.3857
Total log likelihood: -71825.9917
nl: 91.6647
nr: 90.8905
sigma_l: 0.8110
sigma_r: 0.7958
beta: 0.4765
Time for calculation: 1.4013
Total log likelihood: -71825.9917
nl: 91.6647
nr: 90.8905
sigma_l: 0.8110
sigma_r: 0.7956
beta: 0.4765
Time for calculation: 1.4294
Total log likelihood: -71825.9917
nl: 91.6647
nr: 90.8684
sigma_l: 0.8110
sigma_r: 0.7958
beta: 0.4765
Time for calculation: 1.4200
Total log likelihood: -71825.9917
nl: 91.6647
nr: 90.8684
sigma_l: 0.8110
sigma_r: 0.7956
beta: 0.4765
Time for calculation: 1.3702
Total log likelihood: -71825.9917
nl: 91.6647
nr: 90.8905
sigma_l: 0.8110
sigma_r: 0.7957
beta: 0.4765
Time for calculation: 1.3663
Total log likelihood: -71825.9917
nl: 91.6647
nr: 90.8905
sigma_l: 0.8110
sigma_r: 0.7957
beta: 0.4764
Time for calculation: 1.4140
Total log likelihood: -71825.9920
nl: 91.6647
nr: 90.8684
sigma_l: 0.8110
sigma_r: 0.7957
beta: 0.4765
Time for calculation: 1.4207
Total log likelihood: -71825.9920
nl: 91.6647
nr: 90.8684
sigma_l: 0.8110
sigma_r: 0.7957
beta: 0.4764
Time for calculation: 1.4472
Total log likelihood: -71825.9917
nl: 91.6647
nr: 90.8794
sigma_l: 0.8111
sigma_r: 0.7957
beta: 0.4765
Time for calculation: 1.4571
Total log likelihood: -71825.9918
nl: 91.6647
nr: 90.8794
sigma_l: 0.8110
sigma_r: 0.7957
beta: 0.4765
Time for calculation: 1.3535
Total log likelihood: -71825.9915
nl: 91.6647
nr: 90.8794
sigma_l: 0.8110
sigma_r: 0.7957
beta: 0.4765
Time for calculation: 1.3466
Total log likelihood: -71825.9915
nl: 91.6647
nr: 90.8794
sigma_l: 0.8108
sigma_r: 0.7957
beta: 0.4765
Time for calculation: 1.3731
Total log likelihood: -71825.9918
nl: 91.6647
nr: 90.8794
sigma_l: 0.8111
sigma_r: 0.7958
beta: 0.4765
Time for calculation: 1.4088
Total log likelihood: -71825.9917
nl: 91.6647
nr: 90.8794
sigma_l: 0.8111
sigma_r: 0.7956
beta: 0.4765
Time for calculation: 1.3588
Total log likelihood: -71825.9917
nl: 91.6647
nr: 90.8794
sigma_l: 0.8109
sigma_r: 0.7958
beta: 0.4765
Time for calculation: 1.3682
Total log likelihood: -71825.9917
nl: 91.6647
nr: 90.8794
sigma_l: 0.8109
sigma_r: 0.7956
beta: 0.4765
Time for calculation: 1.3478
Total log likelihood: -71825.9917
nl: 91.6647
nr: 90.8794
sigma_l: 0.8111
sigma_r: 0.7957
beta: 0.4765
Time for calculation: 1.3241
Total log likelihood: -71825.9918
nl: 91.6647
nr: 90.8794
sigma_l: 0.8111
sigma_r: 0.7957
beta: 0.4764
Time for calculation: 1.4301
Total log likelihood: -71825.9919
nl: 91.6647
nr: 90.8794
sigma_l: 0.8109
sigma_r: 0.7957
beta: 0.4765
Time for calculation: 1.4261
Total log likelihood: -71825.9919
nl: 91.6647
nr: 90.8794
sigma_l: 0.8109
sigma_r: 0.7957
beta: 0.4764
Time for calculation: 1.4230
Total log likelihood: -71825.9918
nl: 91.6647
nr: 90.8794
sigma_l: 0.8110
sigma_r: 0.7959
beta: 0.4765
Time for calculation: 1.4659
Total log likelihood: -71825.9918
nl: 91.6647
nr: 90.8794
sigma_l: 0.8110
sigma_r: 0.7957
beta: 0.4765
Time for calculation: 1.4340
Total log likelihood: -71825.9915
nl: 91.6647
nr: 90.8794
sigma_l: 0.8110
sigma_r: 0.7957
beta: 0.4765
Time for calculation: 1.3507
Total log likelihood: -71825.9915
nl: 91.6647
nr: 90.8794
sigma_l: 0.8110
sigma_r: 0.7955
beta: 0.4765
Time for calculation: 1.4301
Total log likelihood: -71825.9918
nl: 91.6647
nr: 90.8794
sigma_l: 0.8110
sigma_r: 0.7958
beta: 0.4765
Time for calculation: 1.4418
Total log likelihood: -71825.9918
nl: 91.6647
nr: 90.8794
sigma_l: 0.8110
sigma_r: 0.7958
beta: 0.4764
Time for calculation: 1.3593
Total log likelihood: -71825.9919
nl: 91.6647
nr: 90.8794
sigma_l: 0.8110
sigma_r: 0.7956
beta: 0.4765
Time for calculation: 1.3449
Total log likelihood: -71825.9919
nl: 91.6647
nr: 90.8794
sigma_l: 0.8110
sigma_r: 0.7956
beta: 0.4764
Time for calculation: 1.3586
Total log likelihood: -71825.9918
nl: 91.6647
nr: 90.8794
sigma_l: 0.8110
sigma_r: 0.7957
beta: 0.4766
Time for calculation: 1.4340
Total log likelihood: -71825.9925
nl: 91.6647
nr: 90.8794
sigma_l: 0.8110
sigma_r: 0.7957
beta: 0.4765
Time for calculation: 1.4699
Total log likelihood: -71825.9915
nl: 91.6647
nr: 90.8794
sigma_l: 0.8110
sigma_r: 0.7957
beta: 0.4765
Time for calculation: 1.3697
Total log likelihood: -71825.9915
nl: 91.6647
nr: 90.8794
sigma_l: 0.8110
sigma_r: 0.7957
beta: 0.4763
Time for calculation: 1.3853
Total log likelihood: -71825.9925
[[ 1.          0.98333567 -0.22510723 -0.29799583  0.98958499]
 [ 0.98333567  1.         -0.27622275 -0.24308067  0.99042898]
 [-0.22510723 -0.27622275  1.          0.06571848 -0.22930629]
 [-0.29799583 -0.24308067  0.06571848  1.         -0.25105774]
 [ 0.98958499  0.99042898 -0.22930629 -0.25105774  1.        ]]
nl: 91.6647
nr: 90.8794
sigma_l: 0.8110
sigma_r: 0.7957
beta: 0.4765
Time for calculation: 1.4564
Total log likelihood: -71825.9915
                          MLE_Estim_Barrier Results                           
==============================================================================
Dep. Variable:                      y   Log-Likelihood:                -71826.
Model:              MLE_Estim_Barrier   AIC:                         1.437e+05
Method:            Maximum Likelihood   BIC:                         1.437e+05
Date:                Mon, 29 May 2023                                         
Time:                        18:13:01                                         
No. Observations:                 276                                         
Df Residuals:                     275                                         
Df Model:                           0                                         
==============================================================================
                 coef    std err          z      P>|z|      [0.025      0.975]
------------------------------------------------------------------------------
const         91.6647      7.752     11.824      0.000      76.470     106.859
par0          90.8794      7.688     11.822      0.000      75.812     105.947
par1           0.8110      0.010     83.017      0.000       0.792       0.830
par2           0.7957      0.009     88.087      0.000       0.778       0.813
par3           0.4765      0.026     18.359      0.000       0.426       0.527
==============================================================================

MLE Estimates:
Parameter 0: 91.664747
Parameter 1: 90.879449
Parameter 2: 0.810951
Parameter 3: 0.795707
Parameter 4: 0.476456
Saving Results to: /mnt/archgen/users/hringbauer/git/IBD-Analysis/ibd_analysis/blocksim/output/varyNe/scenario8/data_set_nr_08.tsv
[[ 91.66474737  76.47043598 106.85905876]
 [ 90.87944878  75.81200726 105.94689029]
 [  0.81095138   0.79180548   0.83009729]
 [  0.79570729   0.77800252   0.81341205]
 [  0.47645552   0.42559046   0.52732058]]
Results have been successfully saved.
Run Complete. GOOD JOB!
Finished IBD simulation and estimation. Good Job!
Simulation Finished!
