Running Task 216
bionode35
/mnt/archgen/users/hringbauer/git/IBD-Analysis/ibd_analysis/blocksim
CPU Count: 32
Doing Complete Simulation run...
Loaded migration Matrix type: isotropic
Runtime Migration Matrix: 2.2957 
Size of Migration Matrix: 246016
Doing Pre-Calculations for cumulative Sums
Nr of total entries in precalculated cum-sums:
1228096
Runtime Pre-Calculations: 44.2778
Gridsize: 200
Loaded migration Matrix type: isotropic
Runtime Migration Matrix: 0.3458 
Size of Migration Matrix: 40000
Doing Pre-Calculations for cumulative Sums
Nr of total entries in precalculated cum-sums:
516004
Runtime Pre-Calculations: 7.1976
Simulated Sigmas: 
[0.8 0.8]
Simulated Initial Deme Ne: 
[100 100]
Simulated Beta:
0.5
Simulated Barrier Position: 100
Nr. Samples set: 240
Doing step: 0/500
IIDs left: 100
IIDs right: 100
Doing step: 1/500
IIDs left: 71
IIDs right: 71
Doing step: 2/500
IIDs left: 58
IIDs right: 58
Doing step: 3/500
IIDs left: 50
IIDs right: 50
Doing step: 4/500
IIDs left: 45
IIDs right: 45
Doing step: 5/500
IIDs left: 41
IIDs right: 41
Doing step: 6/500
IIDs left: 38
IIDs right: 38
Doing step: 7/500
IIDs left: 35
IIDs right: 35
Doing step: 8/500
IIDs left: 33
IIDs right: 33
Doing step: 9/500
IIDs left: 32
IIDs right: 32
Doing step: 10/500
IIDs left: 30
IIDs right: 30
Doing step: 11/500
IIDs left: 29
IIDs right: 29
Doing step: 12/500
IIDs left: 28
IIDs right: 28
Doing step: 13/500
IIDs left: 27
IIDs right: 27
Doing step: 14/500
IIDs left: 26
IIDs right: 26
Doing step: 15/500
IIDs left: 25
IIDs right: 25
Doing step: 16/500
IIDs left: 24
IIDs right: 24
Doing step: 17/500
IIDs left: 24
IIDs right: 24
Doing step: 18/500
IIDs left: 23
IIDs right: 23
Doing step: 19/500
IIDs left: 22
IIDs right: 22
Doing step: 20/500
IIDs left: 22
IIDs right: 22
Doing step: 21/500
IIDs left: 21
IIDs right: 21
Doing step: 22/500
IIDs left: 21
IIDs right: 21
Doing step: 23/500
IIDs left: 20
IIDs right: 20
Doing step: 24/500
IIDs left: 20
IIDs right: 20
Doing step: 25/500
IIDs left: 20
IIDs right: 20
Doing step: 26/500
IIDs left: 19
IIDs right: 19
Doing step: 27/500
IIDs left: 19
IIDs right: 19
Doing step: 28/500
IIDs left: 19
IIDs right: 19
Doing step: 29/500
IIDs left: 18
IIDs right: 18
Doing step: 30/500
IIDs left: 18
IIDs right: 18
Doing step: 31/500
IIDs left: 18
IIDs right: 18
Doing step: 32/500
IIDs left: 17
IIDs right: 17
Doing step: 33/500
IIDs left: 17
IIDs right: 17
Doing step: 34/500
IIDs left: 17
IIDs right: 17
Doing step: 35/500
IIDs left: 17
IIDs right: 17
Doing step: 36/500
IIDs left: 16
IIDs right: 16
Doing step: 37/500
IIDs left: 16
IIDs right: 16
Doing step: 38/500
IIDs left: 16
IIDs right: 16
Doing step: 39/500
IIDs left: 16
IIDs right: 16
Doing step: 40/500
IIDs left: 16
IIDs right: 16
Doing step: 41/500
IIDs left: 15
IIDs right: 15
Doing step: 42/500
IIDs left: 15
IIDs right: 15
Doing step: 43/500
IIDs left: 15
IIDs right: 15
Doing step: 44/500
IIDs left: 15
IIDs right: 15
Doing step: 45/500
IIDs left: 15
IIDs right: 15
Doing step: 46/500
IIDs left: 15
IIDs right: 15
Doing step: 47/500
IIDs left: 14
IIDs right: 14
Doing step: 48/500
IIDs left: 14
IIDs right: 14
Doing step: 49/500
IIDs left: 14
IIDs right: 14
Doing step: 50/500
IIDs left: 14
IIDs right: 14
Doing step: 51/500
IIDs left: 14
IIDs right: 14
Doing step: 52/500
IIDs left: 14
IIDs right: 14
Doing step: 53/500
IIDs left: 14
IIDs right: 14
Doing step: 54/500
IIDs left: 13
IIDs right: 13
Doing step: 55/500
IIDs left: 13
IIDs right: 13
Doing step: 56/500
IIDs left: 13
IIDs right: 13
Doing step: 57/500
IIDs left: 13
IIDs right: 13
Doing step: 58/500
IIDs left: 13
IIDs right: 13
Doing step: 59/500
IIDs left: 13
IIDs right: 13
Doing step: 60/500
IIDs left: 13
IIDs right: 13
Doing step: 61/500
IIDs left: 13
IIDs right: 13
Doing step: 62/500
IIDs left: 13
IIDs right: 13
Doing step: 63/500
IIDs left: 12
IIDs right: 12
Doing step: 64/500
IIDs left: 12
IIDs right: 12
Doing step: 65/500
IIDs left: 12
IIDs right: 12
Doing step: 66/500
IIDs left: 12
IIDs right: 12
Doing step: 67/500
IIDs left: 12
IIDs right: 12
Doing step: 68/500
IIDs left: 12
IIDs right: 12
Doing step: 69/500
IIDs left: 12
IIDs right: 12
Doing step: 70/500
IIDs left: 12
IIDs right: 12
Doing step: 71/500
IIDs left: 12
IIDs right: 12
Doing step: 72/500
IIDs left: 12
IIDs right: 12
Doing step: 73/500
IIDs left: 12
IIDs right: 12
Doing step: 74/500
IIDs left: 12
IIDs right: 12
Doing step: 75/500
IIDs left: 11
IIDs right: 11
Doing step: 76/500
IIDs left: 11
IIDs right: 11
Doing step: 77/500
IIDs left: 11
IIDs right: 11
Doing step: 78/500
IIDs left: 11
IIDs right: 11
Doing step: 79/500
IIDs left: 11
IIDs right: 11
Doing step: 80/500
IIDs left: 11
IIDs right: 11
Doing step: 81/500
IIDs left: 11
IIDs right: 11
Doing step: 82/500
IIDs left: 11
IIDs right: 11
Doing step: 83/500
IIDs left: 11
IIDs right: 11
Doing step: 84/500
IIDs left: 11
IIDs right: 11
Doing step: 85/500
IIDs left: 11
IIDs right: 11
Doing step: 86/500
IIDs left: 11
IIDs right: 11
Doing step: 87/500
IIDs left: 11
IIDs right: 11
Doing step: 88/500
IIDs left: 11
IIDs right: 11
Doing step: 89/500
IIDs left: 11
IIDs right: 11
Doing step: 90/500
IIDs left: 10
IIDs right: 10
Doing step: 91/500
IIDs left: 10
IIDs right: 10
Doing step: 92/500
IIDs left: 10
IIDs right: 10
Doing step: 93/500
IIDs left: 10
IIDs right: 10
Doing step: 94/500
IIDs left: 10
IIDs right: 10
Doing step: 95/500
IIDs left: 10
IIDs right: 10
Doing step: 96/500
IIDs left: 10
IIDs right: 10
Doing step: 97/500
IIDs left: 10
IIDs right: 10
Doing step: 98/500
IIDs left: 10
IIDs right: 10
Doing step: 99/500
IIDs left: 10
IIDs right: 10
Doing step: 100/500
IIDs left: 10
IIDs right: 10
Doing step: 101/500
IIDs left: 10
IIDs right: 10
Doing step: 102/500
IIDs left: 10
IIDs right: 10
Doing step: 103/500
IIDs left: 10
IIDs right: 10
Doing step: 104/500
IIDs left: 10
IIDs right: 10
Doing step: 105/500
IIDs left: 10
IIDs right: 10
Doing step: 106/500
IIDs left: 10
IIDs right: 10
Doing step: 107/500
IIDs left: 10
IIDs right: 10
Doing step: 108/500
IIDs left: 10
IIDs right: 10
Doing step: 109/500
IIDs left: 10
IIDs right: 10
Doing step: 110/500
IIDs left: 9
IIDs right: 9
Doing step: 111/500
IIDs left: 9
IIDs right: 9
Doing step: 112/500
IIDs left: 9
IIDs right: 9
Doing step: 113/500
IIDs left: 9
IIDs right: 9
Doing step: 114/500
IIDs left: 9
IIDs right: 9
Doing step: 115/500
IIDs left: 9
IIDs right: 9
Doing step: 116/500
IIDs left: 9
IIDs right: 9
Doing step: 117/500
IIDs left: 9
IIDs right: 9
Doing step: 118/500
IIDs left: 9
IIDs right: 9
Doing step: 119/500
IIDs left: 9
IIDs right: 9
Doing step: 120/500
IIDs left: 9
IIDs right: 9
Doing step: 121/500
IIDs left: 9
IIDs right: 9
Doing step: 122/500
IIDs left: 9
IIDs right: 9
Doing step: 123/500
IIDs left: 9
IIDs right: 9
Doing step: 124/500
IIDs left: 9
IIDs right: 9
Doing step: 125/500
IIDs left: 9
IIDs right: 9
Doing step: 126/500
IIDs left: 9
IIDs right: 9
Doing step: 127/500
IIDs left: 9
IIDs right: 9
Doing step: 128/500
IIDs left: 9
IIDs right: 9
Doing step: 129/500
IIDs left: 9
IIDs right: 9
Doing step: 130/500
IIDs left: 9
IIDs right: 9
Doing step: 131/500
IIDs left: 9
IIDs right: 9
Doing step: 132/500
IIDs left: 9
IIDs right: 9
Doing step: 133/500
IIDs left: 9
IIDs right: 9
Doing step: 134/500
IIDs left: 9
IIDs right: 9
Doing step: 135/500
IIDs left: 9
IIDs right: 9
Doing step: 136/500
IIDs left: 9
IIDs right: 9
Doing step: 137/500
IIDs left: 9
IIDs right: 9
Doing step: 138/500
IIDs left: 8
IIDs right: 8
Doing step: 139/500
IIDs left: 8
IIDs right: 8
Doing step: 140/500
IIDs left: 8
IIDs right: 8
Doing step: 141/500
IIDs left: 8
IIDs right: 8
Doing step: 142/500
IIDs left: 8
IIDs right: 8
Doing step: 143/500
IIDs left: 8
IIDs right: 8
Doing step: 144/500
IIDs left: 8
IIDs right: 8
Doing step: 145/500
IIDs left: 8
IIDs right: 8
Doing step: 146/500
IIDs left: 8
IIDs right: 8
Doing step: 147/500
IIDs left: 8
IIDs right: 8
Doing step: 148/500
IIDs left: 8
IIDs right: 8
Doing step: 149/500
IIDs left: 8
IIDs right: 8
Doing step: 150/500
IIDs left: 8
IIDs right: 8
Doing step: 151/500
IIDs left: 8
IIDs right: 8
Doing step: 152/500
IIDs left: 8
IIDs right: 8
Doing step: 153/500
IIDs left: 8
IIDs right: 8
Doing step: 154/500
IIDs left: 8
IIDs right: 8
Doing step: 155/500
IIDs left: 8
IIDs right: 8
Doing step: 156/500
IIDs left: 8
IIDs right: 8
Doing step: 157/500
IIDs left: 8
IIDs right: 8
Doing step: 158/500
IIDs left: 8
IIDs right: 8
Doing step: 159/500
IIDs left: 8
IIDs right: 8
Doing step: 160/500
IIDs left: 8
IIDs right: 8
Doing step: 161/500
IIDs left: 8
IIDs right: 8
Doing step: 162/500
IIDs left: 8
IIDs right: 8
Doing step: 163/500
IIDs left: 8
IIDs right: 8
Doing step: 164/500
IIDs left: 8
IIDs right: 8
Doing step: 165/500
IIDs left: 8
IIDs right: 8
Doing step: 166/500
IIDs left: 8
IIDs right: 8
Doing step: 167/500
IIDs left: 8
IIDs right: 8
Doing step: 168/500
IIDs left: 8
IIDs right: 8
Doing step: 169/500
IIDs left: 8
IIDs right: 8
Doing step: 170/500
IIDs left: 8
IIDs right: 8
Doing step: 171/500
IIDs left: 8
IIDs right: 8
Doing step: 172/500
IIDs left: 8
IIDs right: 8
Doing step: 173/500
IIDs left: 8
IIDs right: 8
Doing step: 174/500
IIDs left: 8
IIDs right: 8
Doing step: 175/500
IIDs left: 8
IIDs right: 8
Doing step: 176/500
IIDs left: 8
IIDs right: 8
Doing step: 177/500
IIDs left: 7
IIDs right: 7
Doing step: 178/500
IIDs left: 7
IIDs right: 7
Doing step: 179/500
IIDs left: 7
IIDs right: 7
Doing step: 180/500
IIDs left: 7
IIDs right: 7
Doing step: 181/500
IIDs left: 7
IIDs right: 7
Doing step: 182/500
IIDs left: 7
IIDs right: 7
Doing step: 183/500
IIDs left: 7
IIDs right: 7
Doing step: 184/500
IIDs left: 7
IIDs right: 7
Doing step: 185/500
IIDs left: 7
IIDs right: 7
Doing step: 186/500
IIDs left: 7
IIDs right: 7
Doing step: 187/500
IIDs left: 7
IIDs right: 7
Doing step: 188/500
IIDs left: 7
IIDs right: 7
Doing step: 189/500
IIDs left: 7
IIDs right: 7
Doing step: 190/500
IIDs left: 7
IIDs right: 7
Doing step: 191/500
IIDs left: 7
IIDs right: 7
Doing step: 192/500
IIDs left: 7
IIDs right: 7
Doing step: 193/500
IIDs left: 7
IIDs right: 7
Doing step: 194/500
IIDs left: 7
IIDs right: 7
Doing step: 195/500
IIDs left: 7
IIDs right: 7
Doing step: 196/500
IIDs left: 7
IIDs right: 7
Doing step: 197/500
IIDs left: 7
IIDs right: 7
Doing step: 198/500
IIDs left: 7
IIDs right: 7
Doing step: 199/500
IIDs left: 7
IIDs right: 7
Doing step: 200/500
IIDs left: 7
IIDs right: 7
Doing step: 201/500
IIDs left: 7
IIDs right: 7
Doing step: 202/500
IIDs left: 7
IIDs right: 7
Doing step: 203/500
IIDs left: 7
IIDs right: 7
Doing step: 204/500
IIDs left: 7
IIDs right: 7
Doing step: 205/500
IIDs left: 7
IIDs right: 7
Doing step: 206/500
IIDs left: 7
IIDs right: 7
Doing step: 207/500
IIDs left: 7
IIDs right: 7
Doing step: 208/500
IIDs left: 7
IIDs right: 7
Doing step: 209/500
IIDs left: 7
IIDs right: 7
Doing step: 210/500
IIDs left: 7
IIDs right: 7
Doing step: 211/500
IIDs left: 7
IIDs right: 7
Doing step: 212/500
IIDs left: 7
IIDs right: 7
Doing step: 213/500
IIDs left: 7
IIDs right: 7
Doing step: 214/500
IIDs left: 7
IIDs right: 7
Doing step: 215/500
IIDs left: 7
IIDs right: 7
Doing step: 216/500
IIDs left: 7
IIDs right: 7
Doing step: 217/500
IIDs left: 7
IIDs right: 7
Doing step: 218/500
IIDs left: 7
IIDs right: 7
Doing step: 219/500
IIDs left: 7
IIDs right: 7
Doing step: 220/500
IIDs left: 7
IIDs right: 7
Doing step: 221/500
IIDs left: 7
IIDs right: 7
Doing step: 222/500
IIDs left: 7
IIDs right: 7
Doing step: 223/500
IIDs left: 7
IIDs right: 7
Doing step: 224/500
IIDs left: 7
IIDs right: 7
Doing step: 225/500
IIDs left: 7
IIDs right: 7
Doing step: 226/500
IIDs left: 7
IIDs right: 7
Doing step: 227/500
IIDs left: 7
IIDs right: 7
Doing step: 228/500
IIDs left: 7
IIDs right: 7
Doing step: 229/500
IIDs left: 7
IIDs right: 7
Doing step: 230/500
IIDs left: 7
IIDs right: 7
Doing step: 231/500
IIDs left: 7
IIDs right: 7
Doing step: 232/500
IIDs left: 7
IIDs right: 7
Doing step: 233/500
IIDs left: 7
IIDs right: 7
Doing step: 234/500
IIDs left: 7
IIDs right: 7
Doing step: 235/500
IIDs left: 7
IIDs right: 7
Doing step: 236/500
IIDs left: 6
IIDs right: 6
Doing step: 237/500
IIDs left: 6
IIDs right: 6
Doing step: 238/500
IIDs left: 6
IIDs right: 6
Doing step: 239/500
IIDs left: 6
IIDs right: 6
Doing step: 240/500
IIDs left: 6
IIDs right: 6
Doing step: 241/500
IIDs left: 6
IIDs right: 6
Doing step: 242/500
IIDs left: 6
IIDs right: 6
Doing step: 243/500
IIDs left: 6
IIDs right: 6
Doing step: 244/500
IIDs left: 6
IIDs right: 6
Doing step: 245/500
IIDs left: 6
IIDs right: 6
Doing step: 246/500
IIDs left: 6
IIDs right: 6
Doing step: 247/500
IIDs left: 6
IIDs right: 6
Doing step: 248/500
IIDs left: 6
IIDs right: 6
Doing step: 249/500
IIDs left: 6
IIDs right: 6
Doing step: 250/500
IIDs left: 6
IIDs right: 6
Doing step: 251/500
IIDs left: 6
IIDs right: 6
Doing step: 252/500
IIDs left: 6
IIDs right: 6
Doing step: 253/500
IIDs left: 6
IIDs right: 6
Doing step: 254/500
IIDs left: 6
IIDs right: 6
Doing step: 255/500
IIDs left: 6
IIDs right: 6
Doing step: 256/500
IIDs left: 6
IIDs right: 6
Doing step: 257/500
IIDs left: 6
IIDs right: 6
Doing step: 258/500
IIDs left: 6
IIDs right: 6
Doing step: 259/500
IIDs left: 6
IIDs right: 6
Doing step: 260/500
IIDs left: 6
IIDs right: 6
Doing step: 261/500
IIDs left: 6
IIDs right: 6
Doing step: 262/500
IIDs left: 6
IIDs right: 6
Doing step: 263/500
IIDs left: 6
IIDs right: 6
Doing step: 264/500
IIDs left: 6
IIDs right: 6
Doing step: 265/500
IIDs left: 6
IIDs right: 6
Doing step: 266/500
IIDs left: 6
IIDs right: 6
Doing step: 267/500
IIDs left: 6
IIDs right: 6
Doing step: 268/500
IIDs left: 6
IIDs right: 6
Doing step: 269/500
IIDs left: 6
IIDs right: 6
Doing step: 270/500
IIDs left: 6
IIDs right: 6
Doing step: 271/500
IIDs left: 6
IIDs right: 6
Doing step: 272/500
IIDs left: 6
IIDs right: 6
Doing step: 273/500
IIDs left: 6
IIDs right: 6
Doing step: 274/500
IIDs left: 6
IIDs right: 6
Doing step: 275/500
IIDs left: 6
IIDs right: 6
Doing step: 276/500
IIDs left: 6
IIDs right: 6
Doing step: 277/500
IIDs left: 6
IIDs right: 6
Doing step: 278/500
IIDs left: 6
IIDs right: 6
Doing step: 279/500
IIDs left: 6
IIDs right: 6
Doing step: 280/500
IIDs left: 6
IIDs right: 6
Doing step: 281/500
IIDs left: 6
IIDs right: 6
Doing step: 282/500
IIDs left: 6
IIDs right: 6
Doing step: 283/500
IIDs left: 6
IIDs right: 6
Doing step: 284/500
IIDs left: 6
IIDs right: 6
Doing step: 285/500
IIDs left: 6
IIDs right: 6
Doing step: 286/500
IIDs left: 6
IIDs right: 6
Doing step: 287/500
IIDs left: 6
IIDs right: 6
Doing step: 288/500
IIDs left: 6
IIDs right: 6
Doing step: 289/500
IIDs left: 6
IIDs right: 6
Doing step: 290/500
IIDs left: 6
IIDs right: 6
Doing step: 291/500
IIDs left: 6
IIDs right: 6
Doing step: 292/500
IIDs left: 6
IIDs right: 6
Doing step: 293/500
IIDs left: 6
IIDs right: 6
Doing step: 294/500
IIDs left: 6
IIDs right: 6
Doing step: 295/500
IIDs left: 6
IIDs right: 6
Doing step: 296/500
IIDs left: 6
IIDs right: 6
Doing step: 297/500
IIDs left: 6
IIDs right: 6
Doing step: 298/500
IIDs left: 6
IIDs right: 6
Doing step: 299/500
IIDs left: 6
IIDs right: 6
Doing step: 300/500
IIDs left: 6
IIDs right: 6
Doing step: 301/500
IIDs left: 6
IIDs right: 6
Doing step: 302/500
IIDs left: 6
IIDs right: 6
Doing step: 303/500
IIDs left: 6
IIDs right: 6
Doing step: 304/500
IIDs left: 6
IIDs right: 6
Doing step: 305/500
IIDs left: 6
IIDs right: 6
Doing step: 306/500
IIDs left: 6
IIDs right: 6
Doing step: 307/500
IIDs left: 6
IIDs right: 6
Doing step: 308/500
IIDs left: 6
IIDs right: 6
Doing step: 309/500
IIDs left: 6
IIDs right: 6
Doing step: 310/500
IIDs left: 6
IIDs right: 6
Doing step: 311/500
IIDs left: 6
IIDs right: 6
Doing step: 312/500
IIDs left: 6
IIDs right: 6
Doing step: 313/500
IIDs left: 6
IIDs right: 6
Doing step: 314/500
IIDs left: 6
IIDs right: 6
Doing step: 315/500
IIDs left: 6
IIDs right: 6
Doing step: 316/500
IIDs left: 6
IIDs right: 6
Doing step: 317/500
IIDs left: 6
IIDs right: 6
Doing step: 318/500
IIDs left: 6
IIDs right: 6
Doing step: 319/500
IIDs left: 6
IIDs right: 6
Doing step: 320/500
IIDs left: 6
IIDs right: 6
Doing step: 321/500
IIDs left: 6
IIDs right: 6
Doing step: 322/500
IIDs left: 6
IIDs right: 6
Doing step: 323/500
IIDs left: 6
IIDs right: 6
Doing step: 324/500
IIDs left: 6
IIDs right: 6
Doing step: 325/500
IIDs left: 6
IIDs right: 6
Doing step: 326/500
IIDs left: 6
IIDs right: 6
Doing step: 327/500
IIDs left: 6
IIDs right: 6
Doing step: 328/500
IIDs left: 6
IIDs right: 6
Doing step: 329/500
IIDs left: 6
IIDs right: 6
Doing step: 330/500
IIDs left: 5
IIDs right: 5
Doing step: 331/500
IIDs left: 5
IIDs right: 5
Doing step: 332/500
IIDs left: 5
IIDs right: 5
Doing step: 333/500
IIDs left: 5
IIDs right: 5
Doing step: 334/500
IIDs left: 5
IIDs right: 5
Doing step: 335/500
IIDs left: 5
IIDs right: 5
Doing step: 336/500
IIDs left: 5
IIDs right: 5
Doing step: 337/500
IIDs left: 5
IIDs right: 5
Doing step: 338/500
IIDs left: 5
IIDs right: 5
Doing step: 339/500
IIDs left: 5
IIDs right: 5
Doing step: 340/500
IIDs left: 5
IIDs right: 5
Doing step: 341/500
IIDs left: 5
IIDs right: 5
Doing step: 342/500
IIDs left: 5
IIDs right: 5
Doing step: 343/500
IIDs left: 5
IIDs right: 5
Doing step: 344/500
IIDs left: 5
IIDs right: 5
Doing step: 345/500
IIDs left: 5
IIDs right: 5
Doing step: 346/500
IIDs left: 5
IIDs right: 5
Doing step: 347/500
IIDs left: 5
IIDs right: 5
Doing step: 348/500
IIDs left: 5
IIDs right: 5
Doing step: 349/500
IIDs left: 5
IIDs right: 5
Doing step: 350/500
IIDs left: 5
IIDs right: 5
Doing step: 351/500
IIDs left: 5
IIDs right: 5
Doing step: 352/500
IIDs left: 5
IIDs right: 5
Doing step: 353/500
IIDs left: 5
IIDs right: 5
Doing step: 354/500
IIDs left: 5
IIDs right: 5
Doing step: 355/500
IIDs left: 5
IIDs right: 5
Doing step: 356/500
IIDs left: 5
IIDs right: 5
Doing step: 357/500
IIDs left: 5
IIDs right: 5
Doing step: 358/500
IIDs left: 5
IIDs right: 5
Doing step: 359/500
IIDs left: 5
IIDs right: 5
Doing step: 360/500
IIDs left: 5
IIDs right: 5
Doing step: 361/500
IIDs left: 5
IIDs right: 5
Doing step: 362/500
IIDs left: 5
IIDs right: 5
Doing step: 363/500
IIDs left: 5
IIDs right: 5
Doing step: 364/500
IIDs left: 5
IIDs right: 5
Doing step: 365/500
IIDs left: 5
IIDs right: 5
Doing step: 366/500
IIDs left: 5
IIDs right: 5
Doing step: 367/500
IIDs left: 5
IIDs right: 5
Doing step: 368/500
IIDs left: 5
IIDs right: 5
Doing step: 369/500
IIDs left: 5
IIDs right: 5
Doing step: 370/500
IIDs left: 5
IIDs right: 5
Doing step: 371/500
IIDs left: 5
IIDs right: 5
Doing step: 372/500
IIDs left: 5
IIDs right: 5
Doing step: 373/500
IIDs left: 5
IIDs right: 5
Doing step: 374/500
IIDs left: 5
IIDs right: 5
Doing step: 375/500
IIDs left: 5
IIDs right: 5
Doing step: 376/500
IIDs left: 5
IIDs right: 5
Doing step: 377/500
IIDs left: 5
IIDs right: 5
Doing step: 378/500
IIDs left: 5
IIDs right: 5
Doing step: 379/500
IIDs left: 5
IIDs right: 5
Doing step: 380/500
IIDs left: 5
IIDs right: 5
Doing step: 381/500
IIDs left: 5
IIDs right: 5
Doing step: 382/500
IIDs left: 5
IIDs right: 5
Doing step: 383/500
IIDs left: 5
IIDs right: 5
Doing step: 384/500
IIDs left: 5
IIDs right: 5
Doing step: 385/500
IIDs left: 5
IIDs right: 5
Doing step: 386/500
IIDs left: 5
IIDs right: 5
Doing step: 387/500
IIDs left: 5
IIDs right: 5
Doing step: 388/500
IIDs left: 5
IIDs right: 5
Doing step: 389/500
IIDs left: 5
IIDs right: 5
Doing step: 390/500
IIDs left: 5
IIDs right: 5
Doing step: 391/500
IIDs left: 5
IIDs right: 5
Doing step: 392/500
IIDs left: 5
IIDs right: 5
Doing step: 393/500
IIDs left: 5
IIDs right: 5
Doing step: 394/500
IIDs left: 5
IIDs right: 5
Doing step: 395/500
IIDs left: 5
IIDs right: 5
Doing step: 396/500
IIDs left: 5
IIDs right: 5
Doing step: 397/500
IIDs left: 5
IIDs right: 5
Doing step: 398/500
IIDs left: 5
IIDs right: 5
Doing step: 399/500
IIDs left: 5
IIDs right: 5
Doing step: 400/500
IIDs left: 5
IIDs right: 5
Doing step: 401/500
IIDs left: 5
IIDs right: 5
Doing step: 402/500
IIDs left: 5
IIDs right: 5
Doing step: 403/500
IIDs left: 5
IIDs right: 5
Doing step: 404/500
IIDs left: 5
IIDs right: 5
Doing step: 405/500
IIDs left: 5
IIDs right: 5
Doing step: 406/500
IIDs left: 5
IIDs right: 5
Doing step: 407/500
IIDs left: 5
IIDs right: 5
Doing step: 408/500
IIDs left: 5
IIDs right: 5
Doing step: 409/500
IIDs left: 5
IIDs right: 5
Doing step: 410/500
IIDs left: 5
IIDs right: 5
Doing step: 411/500
IIDs left: 5
IIDs right: 5
Doing step: 412/500
IIDs left: 5
IIDs right: 5
Doing step: 413/500
IIDs left: 5
IIDs right: 5
Doing step: 414/500
IIDs left: 5
IIDs right: 5
Doing step: 415/500
IIDs left: 5
IIDs right: 5
Doing step: 416/500
IIDs left: 5
IIDs right: 5
Doing step: 417/500
IIDs left: 5
IIDs right: 5
Doing step: 418/500
IIDs left: 5
IIDs right: 5
Doing step: 419/500
IIDs left: 5
IIDs right: 5
Doing step: 420/500
IIDs left: 5
IIDs right: 5
Doing step: 421/500
IIDs left: 5
IIDs right: 5
Doing step: 422/500
IIDs left: 5
IIDs right: 5
Doing step: 423/500
IIDs left: 5
IIDs right: 5
Doing step: 424/500
IIDs left: 5
IIDs right: 5
Doing step: 425/500
IIDs left: 5
IIDs right: 5
Doing step: 426/500
IIDs left: 5
IIDs right: 5
Doing step: 427/500
IIDs left: 5
IIDs right: 5
Doing step: 428/500
IIDs left: 5
IIDs right: 5
Doing step: 429/500
IIDs left: 5
IIDs right: 5
Doing step: 430/500
IIDs left: 5
IIDs right: 5
Doing step: 431/500
IIDs left: 5
IIDs right: 5
Doing step: 432/500
IIDs left: 5
IIDs right: 5
Doing step: 433/500
IIDs left: 5
IIDs right: 5
Doing step: 434/500
IIDs left: 5
IIDs right: 5
Doing step: 435/500
IIDs left: 5
IIDs right: 5
Doing step: 436/500
IIDs left: 5
IIDs right: 5
Doing step: 437/500
IIDs left: 5
IIDs right: 5
Doing step: 438/500
IIDs left: 5
IIDs right: 5
Doing step: 439/500
IIDs left: 5
IIDs right: 5
Doing step: 440/500
IIDs left: 5
IIDs right: 5
Doing step: 441/500
IIDs left: 5
IIDs right: 5
Doing step: 442/500
IIDs left: 5
IIDs right: 5
Doing step: 443/500
IIDs left: 5
IIDs right: 5
Doing step: 444/500
IIDs left: 5
IIDs right: 5
Doing step: 445/500
IIDs left: 5
IIDs right: 5
Doing step: 446/500
IIDs left: 5
IIDs right: 5
Doing step: 447/500
IIDs left: 5
IIDs right: 5
Doing step: 448/500
IIDs left: 5
IIDs right: 5
Doing step: 449/500
IIDs left: 5
IIDs right: 5
Doing step: 450/500
IIDs left: 5
IIDs right: 5
Doing step: 451/500
IIDs left: 5
IIDs right: 5
Doing step: 452/500
IIDs left: 5
IIDs right: 5
Doing step: 453/500
IIDs left: 5
IIDs right: 5
Doing step: 454/500
IIDs left: 5
IIDs right: 5
Doing step: 455/500
IIDs left: 5
IIDs right: 5
Doing step: 456/500
IIDs left: 5
IIDs right: 5
Doing step: 457/500
IIDs left: 5
IIDs right: 5
Doing step: 458/500
IIDs left: 5
IIDs right: 5
Doing step: 459/500
IIDs left: 5
IIDs right: 5
Doing step: 460/500
IIDs left: 5
IIDs right: 5
Doing step: 461/500
IIDs left: 5
IIDs right: 5
Doing step: 462/500
IIDs left: 5
IIDs right: 5
Doing step: 463/500
IIDs left: 5
IIDs right: 5
Doing step: 464/500
IIDs left: 5
IIDs right: 5
Doing step: 465/500
IIDs left: 5
IIDs right: 5
Doing step: 466/500
IIDs left: 5
IIDs right: 5
Doing step: 467/500
IIDs left: 5
IIDs right: 5
Doing step: 468/500
IIDs left: 5
IIDs right: 5
Doing step: 469/500
IIDs left: 5
IIDs right: 5
Doing step: 470/500
IIDs left: 5
IIDs right: 5
Doing step: 471/500
IIDs left: 5
IIDs right: 5
Doing step: 472/500
IIDs left: 5
IIDs right: 5
Doing step: 473/500
IIDs left: 5
IIDs right: 5
Doing step: 474/500
IIDs left: 5
IIDs right: 5
Doing step: 475/500
IIDs left: 5
IIDs right: 5
Doing step: 476/500
IIDs left: 5
IIDs right: 5
Doing step: 477/500
IIDs left: 5
IIDs right: 5
Doing step: 478/500
IIDs left: 5
IIDs right: 5
Doing step: 479/500
IIDs left: 5
IIDs right: 5
Doing step: 480/500
IIDs left: 5
IIDs right: 5
Doing step: 481/500
IIDs left: 5
IIDs right: 5
Doing step: 482/500
IIDs left: 5
IIDs right: 5
Doing step: 483/500
IIDs left: 5
IIDs right: 5
Doing step: 484/500
IIDs left: 5
IIDs right: 5
Doing step: 485/500
IIDs left: 5
IIDs right: 5
Doing step: 486/500
IIDs left: 5
IIDs right: 5
Doing step: 487/500
IIDs left: 5
IIDs right: 5
Doing step: 488/500
IIDs left: 5
IIDs right: 5
Doing step: 489/500
IIDs left: 5
IIDs right: 5
Doing step: 490/500
IIDs left: 5
IIDs right: 5
Doing step: 491/500
IIDs left: 5
IIDs right: 5
Doing step: 492/500
IIDs left: 5
IIDs right: 5
Doing step: 493/500
IIDs left: 4
IIDs right: 4
Doing step: 494/500
IIDs left: 4
IIDs right: 4
Doing step: 495/500
IIDs left: 4
IIDs right: 4
Doing step: 496/500
IIDs left: 4
IIDs right: 4
Doing step: 497/500
IIDs left: 4
IIDs right: 4
Doing step: 498/500
IIDs left: 4
IIDs right: 4
Doing step: 499/500
IIDs left: 4
IIDs right: 4
Time elapsed: 199.753 seconds
IBD Blocks found: 15523
Length of Reduced Start List: 24
Total Block Nr. for Analysis: 12927
Initializing MLE-Object with Start Parameters: 
[100, 100, 0.5, 0.5, 0.5]
Barrier Pos.:
[100, 100]
Barrier Angle:
0
Transformed Position List:
[[ 98 102]
 [106 102]
 [ 94  94]
 [ 98 106]
 [110 106]
 [ 90  98]
 [110  98]
 [110  94]
 [ 94 106]
 [ 94 102]
 [106  94]
 [102 102]
 [ 98  94]
 [ 94  98]
 [ 90  94]
 [ 90 106]
 [110 102]
 [106 106]
 [102 106]
 [102  94]
 [102  98]
 [ 98  98]
 [ 90 102]
 [106  98]]
Step: 0.8432
L: 44.0000
Barycentric Coordinates:
  (1075, 0)	0.2335714762339999
  (1076, 0)	0.3946023267290085
  (1119, 0)	0.1382547208029917
  (1120, 0)	0.2335714762339999
  (1085, 1)	0.5556331772240176
  (1086, 1)	0.07254062573899074
  (1129, 1)	0.3288882316650084
  (1130, 1)	0.042937965371983175
  (630, 2)	0.013335305004975503
  (631, 2)	0.10214328610599842
  (674, 2)	0.10214328610599842
  (675, 2)	0.7823781227830277
  (1295, 3)	0.3288882316650084
  (1296, 3)	0.5556331772240176
  (1339, 3)	0.042937965371983175
  (1340, 3)	0.07254062573899074
  (1309, 4)	0.1246016594530116
  (1310, 4)	0.7599197494360145
  (1353, 4)	0.016267355362032165
  (1354, 4)	0.09921123574894175
  (846, 5)	0.31944740697796625
  (847, 5)	0.052378790059025356
  (890, 5)	0.53968357820699
  (891, 5)	0.08849022475601842
  (869, 6)	0.052378790059025356
  :	:
  (1350, 17)	0.013335305004975503
  (1300, 18)	0.5556331772240176
  (1301, 18)	0.3288882316650084
  (1344, 18)	0.07254062573899074
  (1345, 18)	0.042937965371983175
  (640, 19)	0.07254062573899074
  (641, 19)	0.042937965371983175
  (684, 19)	0.5556331772240176
  (685, 19)	0.3288882316650084
  (860, 20)	0.2335714762339999
  (861, 20)	0.1382547208029917
  (904, 20)	0.3946023267290085
  (905, 20)	0.2335714762339999
  (855, 21)	0.1382547208029917
  (856, 21)	0.2335714762339999
  (899, 21)	0.2335714762339999
  (900, 21)	0.3946023267290085
  (1066, 22)	0.53968357820699
  (1067, 22)	0.08849022475601842
  (1110, 22)	0.31944740697796625
  (1111, 22)	0.052378790059025356
  (865, 23)	0.3288882316650084
  (866, 23)	0.042937965371983175
  (909, 23)	0.5556331772240176
  (910, 23)	0.07254062573899074
Doing fit...
nl: 100.0000
nr: 100.0000
sigma_l: 0.5000
sigma_r: 0.5000
beta: 0.5000
Time for calculation: 0.9417
Total log likelihood: -71027.2879
nl: 105.0000
nr: 100.0000
sigma_l: 0.5000
sigma_r: 0.5000
beta: 0.5000
Time for calculation: 0.9914
Total log likelihood: -71005.2432
nl: 100.0000
nr: 105.0000
sigma_l: 0.5000
sigma_r: 0.5000
beta: 0.5000
Time for calculation: 0.9968
Total log likelihood: -71015.7171
nl: 100.0000
nr: 100.0000
sigma_l: 0.5250
sigma_r: 0.5000
beta: 0.5000
Time for calculation: 0.9941
Total log likelihood: -70818.0669
nl: 100.0000
nr: 100.0000
sigma_l: 0.5000
sigma_r: 0.5250
beta: 0.5000
Time for calculation: 0.9591
Total log likelihood: -70781.9874
nl: 100.0000
nr: 100.0000
sigma_l: 0.5000
sigma_r: 0.5000
beta: 0.5250
Time for calculation: 0.8958
Total log likelihood: -71145.1823
nl: 102.0000
nr: 102.0000
sigma_l: 0.5100
sigma_r: 0.5100
beta: 0.4750
Time for calculation: 0.8807
Total log likelihood: -70809.2233
nl: 102.8000
nr: 102.8000
sigma_l: 0.5140
sigma_r: 0.5140
beta: 0.4900
Time for calculation: 0.8646
Total log likelihood: -70723.7037
nl: 104.2000
nr: 104.2000
sigma_l: 0.5210
sigma_r: 0.5210
beta: 0.4850
Time for calculation: 0.8697
Total log likelihood: -70597.4421
nl: 104.4800
nr: 97.4800
sigma_l: 0.5224
sigma_r: 0.5224
beta: 0.4840
Time for calculation: 0.8691
Total log likelihood: -70580.6957
nl: 106.7200
nr: 93.7200
sigma_l: 0.5336
sigma_r: 0.5336
beta: 0.4760
Time for calculation: 0.8762
Total log likelihood: -70414.6824
nl: 100.1680
nr: 99.9680
sigma_l: 0.5358
sigma_r: 0.5358
beta: 0.4744
Time for calculation: 0.8935
Total log likelihood: -70359.9494
nl: 97.7520
nr: 99.9520
sigma_l: 0.5538
sigma_r: 0.5538
beta: 0.4616
Time for calculation: 0.8859
Total log likelihood: -70113.8326
nl: 104.2688
nr: 99.9488
sigma_l: 0.5223
sigma_r: 0.5573
beta: 0.4590
Time for calculation: 0.8708
Total log likelihood: -70334.8839
nl: 103.1763
nr: 97.1283
sigma_l: 0.5423
sigma_r: 0.5663
beta: 0.4777
Time for calculation: 0.8818
Total log likelihood: -70096.3332
nl: 103.7645
nr: 94.6925
sigma_l: 0.5584
sigma_r: 0.5944
beta: 0.4790
Time for calculation: 0.8757
Total log likelihood: -69836.7840
nl: 106.6821
nr: 97.0053
sigma_l: 0.5757
sigma_r: 0.5791
beta: 0.4442
Time for calculation: 0.8683
Total log likelihood: -69891.2872
nl: 103.4750
nr: 89.9274
sigma_l: 0.5765
sigma_r: 0.6063
beta: 0.4429
Time for calculation: 1.0734
Total log likelihood: -69724.0445
nl: 103.1124
nr: 82.7912
sigma_l: 0.6043
sigma_r: 0.6489
beta: 0.4219
Time for calculation: 1.0699
Total log likelihood: -69516.9609
nl: 99.5119
nr: 96.0359
sigma_l: 0.5922
sigma_r: 0.6398
beta: 0.4303
Time for calculation: 1.0739
Total log likelihood: -69544.6724
nl: 100.0604
nr: 88.2419
sigma_l: 0.6314
sigma_r: 0.6490
beta: 0.4358
Time for calculation: 1.0591
Total log likelihood: -69328.4906
nl: 97.9562
nr: 82.3885
sigma_l: 0.6859
sigma_r: 0.6949
beta: 0.4242
Time for calculation: 1.1013
Total log likelihood: -69113.5483
nl: 106.6589
nr: 81.2133
sigma_l: 0.6528
sigma_r: 0.7091
beta: 0.4183
Time for calculation: 1.0752
Total log likelihood: -69294.2999
nl: 97.7194
nr: 77.8432
sigma_l: 0.6618
sigma_r: 0.7358
beta: 0.4252
Time for calculation: 1.0984
Total log likelihood: -69181.3164
nl: 98.2191
nr: 73.4164
sigma_l: 0.7203
sigma_r: 0.7769
beta: 0.3690
Time for calculation: 1.0892
Total log likelihood: -69232.9928
nl: 101.9545
nr: 63.0252
sigma_l: 0.7378
sigma_r: 0.7864
beta: 0.3931
Time for calculation: 1.0885
Total log likelihood: -69437.4069
nl: 97.8908
nr: 68.3635
sigma_l: 0.7792
sigma_r: 0.8323
beta: 0.3900
Time for calculation: 1.3426
Total log likelihood: -69186.3161
nl: 97.4233
nr: 90.2648
sigma_l: 0.6621
sigma_r: 0.7132
beta: 0.4175
Time for calculation: 1.0640
Total log likelihood: -69164.1777
nl: 89.0246
nr: 75.6972
sigma_l: 0.7509
sigma_r: 0.7922
beta: 0.3921
Time for calculation: 1.0655
Total log likelihood: -68988.8645
nl: 80.2075
nr: 72.9392
sigma_l: 0.8000
sigma_r: 0.8337
beta: 0.3790
Time for calculation: 1.3178
Total log likelihood: -68940.2554
nl: 90.2598
nr: 83.3033
sigma_l: 0.7152
sigma_r: 0.7470
beta: 0.4454
Time for calculation: 1.0758
Total log likelihood: -68961.1625
nl: 87.5357
nr: 94.3321
sigma_l: 0.6308
sigma_r: 0.6575
beta: 0.4466
Time for calculation: 1.0752
Total log likelihood: -69270.4132
nl: 95.3020
nr: 74.8557
sigma_l: 0.7421
sigma_r: 0.7886
beta: 0.4041
Time for calculation: 1.0793
Total log likelihood: -69046.0865
nl: 86.7401
nr: 83.6574
sigma_l: 0.7804
sigma_r: 0.7752
beta: 0.4028
Time for calculation: 1.0722
Total log likelihood: -68948.9033
nl: 82.7629
nr: 68.5928
sigma_l: 0.8273
sigma_r: 0.8226
beta: 0.4047
Time for calculation: 1.3537
Total log likelihood: -68965.6204
nl: 76.1527
nr: 70.9508
sigma_l: 0.8601
sigma_r: 0.8920
beta: 0.3902
Time for calculation: 1.3467
Total log likelihood: -68953.2264
nl: 71.1472
nr: 76.9217
sigma_l: 0.8511
sigma_r: 0.8396
beta: 0.4047
Time for calculation: 1.3292
Total log likelihood: -68921.4598
nl: 59.0698
nr: 77.9548
sigma_l: 0.9056
sigma_r: 0.8650
beta: 0.4050
Time for calculation: 1.3327
Total log likelihood: -69269.3604
nl: 79.0400
nr: 86.5162
sigma_l: 0.7754
sigma_r: 0.8124
beta: 0.4042
Time for calculation: 1.3465
Total log likelihood: -68925.1102
nl: 67.0552
nr: 73.0908
sigma_l: 0.9116
sigma_r: 0.9141
beta: 0.3470
Time for calculation: 1.3218
Total log likelihood: -69120.2099
nl: 84.4586
nr: 80.7502
sigma_l: 0.7643
sigma_r: 0.7888
beta: 0.4208
Time for calculation: 1.0694
Total log likelihood: -68887.9848
nl: 84.4846
nr: 89.3631
sigma_l: 0.7284
sigma_r: 0.7279
beta: 0.4144
Time for calculation: 1.0937
Total log likelihood: -68985.6868
nl: 78.2357
nr: 75.5539
sigma_l: 0.8272
sigma_r: 0.8509
beta: 0.3963
Time for calculation: 1.3222
Total log likelihood: -68907.9757
nl: 70.4956
nr: 73.4151
sigma_l: 0.8268
sigma_r: 0.8750
beta: 0.3991
Time for calculation: 1.3273
Total log likelihood: -68908.2894
nl: 73.1433
nr: 84.3237
sigma_l: 0.8180
sigma_r: 0.8329
beta: 0.4311
Time for calculation: 1.3287
Total log likelihood: -68950.2534
nl: 78.4415
nr: 75.7853
sigma_l: 0.8045
sigma_r: 0.8335
beta: 0.3920
Time for calculation: 1.3305
Total log likelihood: -68900.8319
nl: 74.0715
nr: 66.4543
sigma_l: 0.8541
sigma_r: 0.8627
beta: 0.4010
Time for calculation: 1.3301
Total log likelihood: -68965.0030
nl: 77.7978
nr: 81.5007
sigma_l: 0.7951
sigma_r: 0.8250
beta: 0.4034
Time for calculation: 1.3408
Total log likelihood: -68894.4770
nl: 84.6245
nr: 77.8803
sigma_l: 0.7561
sigma_r: 0.8297
beta: 0.3999
Time for calculation: 1.3297
Total log likelihood: -68935.0297
nl: 74.5165
nr: 77.1614
sigma_l: 0.8273
sigma_r: 0.8371
beta: 0.4035
Time for calculation: 1.3314
Total log likelihood: -68891.4152
nl: 86.8845
nr: 82.8855
sigma_l: 0.7805
sigma_r: 0.7791
beta: 0.4073
Time for calculation: 1.0877
Total log likelihood: -68928.5947
nl: 74.5928
nr: 75.7827
sigma_l: 0.8153
sigma_r: 0.8510
beta: 0.4012
Time for calculation: 1.3339
Total log likelihood: -68888.3542
nl: 77.6872
nr: 80.8382
sigma_l: 0.7754
sigma_r: 0.8032
beta: 0.4121
Time for calculation: 1.3656
Total log likelihood: -68880.0438
nl: 77.4130
nr: 83.4804
sigma_l: 0.7496
sigma_r: 0.7793
beta: 0.4200
Time for calculation: 1.0912
Total log likelihood: -68902.6496
nl: 77.1798
nr: 82.6280
sigma_l: 0.7865
sigma_r: 0.8085
beta: 0.4244
Time for calculation: 1.3549
Total log likelihood: -68888.5874
nl: 77.5761
nr: 77.3635
sigma_l: 0.7924
sigma_r: 0.8105
beta: 0.4214
Time for calculation: 1.3458
Total log likelihood: -68887.5714
nl: 82.0813
nr: 81.7837
sigma_l: 0.7462
sigma_r: 0.7877
beta: 0.4284
Time for calculation: 1.0908
Total log likelihood: -68892.7240
nl: 76.4077
nr: 78.3170
sigma_l: 0.8071
sigma_r: 0.8248
beta: 0.4097
Time for calculation: 1.3551
Total log likelihood: -68880.4598
nl: 79.1092
nr: 74.5926
sigma_l: 0.7953
sigma_r: 0.8228
beta: 0.4017
Time for calculation: 1.3592
Total log likelihood: -68887.7543
nl: 83.5028
nr: 80.9619
sigma_l: 0.7586
sigma_r: 0.7690
beta: 0.4251
Time for calculation: 1.1236
Total log likelihood: -68893.9123
nl: 76.8203
nr: 77.0775
sigma_l: 0.8011
sigma_r: 0.8305
beta: 0.4071
Time for calculation: 1.3533
Total log likelihood: -68879.1313
nl: 70.5816
nr: 74.5253
sigma_l: 0.8242
sigma_r: 0.8479
beta: 0.4000
Time for calculation: 1.3501
Total log likelihood: -68899.4990
nl: 80.9894
nr: 79.1940
sigma_l: 0.7793
sigma_r: 0.8036
beta: 0.4156
Time for calculation: 1.3712
Total log likelihood: -68878.5113
nl: 76.6830
nr: 82.5234
sigma_l: 0.7868
sigma_r: 0.8062
beta: 0.4247
Time for calculation: 1.3468
Total log likelihood: -68892.5767
nl: 78.5027
nr: 76.5753
sigma_l: 0.7932
sigma_r: 0.8186
beta: 0.4074
Time for calculation: 1.3629
Total log likelihood: -68878.8549
nl: 78.5868
nr: 79.4373
sigma_l: 0.7900
sigma_r: 0.8218
beta: 0.3994
Time for calculation: 1.3551
Total log likelihood: -68892.2436
nl: 77.8288
nr: 77.8820
sigma_l: 0.7918
sigma_r: 0.8133
beta: 0.4159
Time for calculation: 1.3553
Total log likelihood: -68878.5282
nl: 80.3236
nr: 78.3099
sigma_l: 0.7693
sigma_r: 0.8029
beta: 0.4135
Time for calculation: 1.3443
Total log likelihood: -68881.1335
nl: 77.3867
nr: 78.3152
sigma_l: 0.7976
sigma_r: 0.8193
beta: 0.4107
Time for calculation: 1.3523
Total log likelihood: -68877.2188
nl: 78.9239
nr: 74.7793
sigma_l: 0.8098
sigma_r: 0.8309
beta: 0.4106
Time for calculation: 1.3403
Total log likelihood: -68889.6683
nl: 77.9964
nr: 79.3235
sigma_l: 0.7840
sigma_r: 0.8101
beta: 0.4117
Time for calculation: 1.3556
Total log likelihood: -68876.4820
nl: 80.2613
nr: 79.4385
sigma_l: 0.7773
sigma_r: 0.7955
beta: 0.4174
Time for calculation: 1.1053
Total log likelihood: -68878.7053
nl: 79.2823
nr: 81.0859
sigma_l: 0.7788
sigma_r: 0.7981
beta: 0.4211
Time for calculation: 1.1124
Total log likelihood: -68879.2535
nl: 78.6976
nr: 77.7030
sigma_l: 0.7896
sigma_r: 0.8135
beta: 0.4108
Time for calculation: 1.3441
Total log likelihood: -68876.8880
nl: 76.8983
nr: 77.5286
sigma_l: 0.7997
sigma_r: 0.8285
beta: 0.4085
Time for calculation: 1.3664
Total log likelihood: -68878.4552
nl: 78.9585
nr: 78.9437
sigma_l: 0.7882
sigma_r: 0.8167
beta: 0.4071
Time for calculation: 1.3498
Total log likelihood: -68879.7198
nl: 78.1112
nr: 78.1474
sigma_l: 0.7909
sigma_r: 0.8142
beta: 0.4137
Time for calculation: 1.3506
Total log likelihood: -68876.6907
nl: 74.6467
nr: 77.2131
sigma_l: 0.8054
sigma_r: 0.8307
beta: 0.4066
Time for calculation: 1.3581
Total log likelihood: -68881.9846
nl: 79.4037
nr: 78.6988
sigma_l: 0.7858
sigma_r: 0.8103
beta: 0.4133
Time for calculation: 1.3536
Total log likelihood: -68876.5521
nl: 79.7400
nr: 79.3466
sigma_l: 0.7795
sigma_r: 0.7985
beta: 0.4156
Time for calculation: 1.0877
Total log likelihood: -68877.6687
nl: 79.0296
nr: 78.8921
sigma_l: 0.7846
sigma_r: 0.8060
beta: 0.4138
Time for calculation: 1.3585
Total log likelihood: -68876.3861
nl: 79.9087
nr: 78.7907
sigma_l: 0.7764
sigma_r: 0.8024
beta: 0.4147
Time for calculation: 1.3534
Total log likelihood: -68878.1034
nl: 78.0172
nr: 78.4341
sigma_l: 0.7923
sigma_r: 0.8151
beta: 0.4117
Time for calculation: 1.3543
Total log likelihood: -68876.3351
nl: 78.3256
nr: 79.6953
sigma_l: 0.7855
sigma_r: 0.8088
beta: 0.4149
Time for calculation: 1.3556
Total log likelihood: -68876.5195
nl: 78.9978
nr: 79.8701
sigma_l: 0.7819
sigma_r: 0.8060
beta: 0.4125
Time for calculation: 1.3611
Total log likelihood: -68877.0168
nl: 78.3329
nr: 78.5781
sigma_l: 0.7887
sigma_r: 0.8121
beta: 0.4134
Time for calculation: 1.3510
Total log likelihood: -68876.2055
nl: 77.2769
nr: 79.2705
sigma_l: 0.7882
sigma_r: 0.8105
beta: 0.4128
Time for calculation: 1.3619
Total log likelihood: -68877.3068
nl: 78.8720
nr: 78.8417
sigma_l: 0.7864
sigma_r: 0.8104
beta: 0.4132
Time for calculation: 1.3507
Total log likelihood: -68876.1477
nl: 78.5736
nr: 77.9324
sigma_l: 0.7889
sigma_r: 0.8127
beta: 0.4107
Time for calculation: 1.3600
Total log likelihood: -68876.5606
nl: 78.3876
nr: 79.2546
sigma_l: 0.7863
sigma_r: 0.8098
beta: 0.4138
Time for calculation: 1.3420
Total log likelihood: -68876.1972
nl: 79.0593
nr: 78.2767
sigma_l: 0.7913
sigma_r: 0.8112
beta: 0.4146
Time for calculation: 1.3707
Total log likelihood: -68876.7732
nl: 78.2621
nr: 79.0618
sigma_l: 0.7858
sigma_r: 0.8104
beta: 0.4124
Time for calculation: 1.3512
Total log likelihood: -68876.1666
nl: 77.7192
nr: 78.7760
sigma_l: 0.7913
sigma_r: 0.8171
beta: 0.4120
Time for calculation: 1.3478
Total log likelihood: -68876.4552
nl: 78.7020
nr: 78.8631
sigma_l: 0.7862
sigma_r: 0.8088
beta: 0.4134
Time for calculation: 1.3587
Total log likelihood: -68876.1593
nl: 79.0054
nr: 79.4056
sigma_l: 0.7811
sigma_r: 0.8055
beta: 0.4148
Time for calculation: 1.3819
Total log likelihood: -68876.4737
nl: 78.2643
nr: 78.6770
sigma_l: 0.7895
sigma_r: 0.8127
beta: 0.4125
Time for calculation: 1.3616
Total log likelihood: -68876.1409
nl: 78.6623
nr: 79.3012
sigma_l: 0.7851
sigma_r: 0.8087
beta: 0.4127
Time for calculation: 1.3508
Total log likelihood: -68876.2649
nl: 78.4152
nr: 78.7588
sigma_l: 0.7878
sigma_r: 0.8113
beta: 0.4132
Time for calculation: 1.3500
Total log likelihood: -68876.1152
nl: 78.6186
nr: 78.4263
sigma_l: 0.7880
sigma_r: 0.8116
beta: 0.4121
Time for calculation: 1.3631
Total log likelihood: -68876.2272
nl: 78.4454
nr: 79.0475
sigma_l: 0.7867
sigma_r: 0.8102
beta: 0.4134
Time for calculation: 1.3721
Total log likelihood: -68876.1152
nl: 78.8174
nr: 78.6134
sigma_l: 0.7888
sigma_r: 0.8109
beta: 0.4138
Time for calculation: 1.3528
Total log likelihood: -68876.2419
nl: 78.4009
nr: 78.9497
sigma_l: 0.7866
sigma_r: 0.8105
beta: 0.4128
Time for calculation: 1.3468
Total log likelihood: -68876.1042
nl: 78.2572
nr: 78.8468
sigma_l: 0.7886
sigma_r: 0.8133
beta: 0.4127
Time for calculation: 1.3573
Total log likelihood: -68876.1102
nl: 77.8412
nr: 78.8703
sigma_l: 0.7893
sigma_r: 0.8128
beta: 0.4126
Time for calculation: 1.3732
Total log likelihood: -68876.3202
nl: 78.6143
nr: 78.8488
sigma_l: 0.7871
sigma_r: 0.8110
beta: 0.4131
Time for calculation: 1.3647
Total log likelihood: -68876.0875
nl: 78.5889
nr: 79.1038
sigma_l: 0.7852
sigma_r: 0.8098
beta: 0.4136
Time for calculation: 1.3585
Total log likelihood: -68876.1039
nl: 78.4653
nr: 78.7557
sigma_l: 0.7874
sigma_r: 0.8121
beta: 0.4127
Time for calculation: 1.3542
Total log likelihood: -68876.0811
nl: 78.4752
nr: 78.6097
sigma_l: 0.7877
sigma_r: 0.8131
beta: 0.4124
Time for calculation: 1.3648
Total log likelihood: -68876.1191
nl: 78.5154
nr: 79.0431
sigma_l: 0.7862
sigma_r: 0.8114
beta: 0.4127
Time for calculation: 1.3470
Total log likelihood: -68876.0915
nl: 78.7768
nr: 79.0336
sigma_l: 0.7844
sigma_r: 0.8087
beta: 0.4133
Time for calculation: 1.3587
Total log likelihood: -68876.1687
nl: 78.3871
nr: 78.8935
sigma_l: 0.7875
sigma_r: 0.8121
beta: 0.4128
Time for calculation: 1.3508
Total log likelihood: -68876.0778
nl: 78.6275
nr: 78.9082
sigma_l: 0.7868
sigma_r: 0.8121
beta: 0.4132
Time for calculation: 1.3652
Total log likelihood: -68876.0646
nl: 78.7407
nr: 78.8875
sigma_l: 0.7869
sigma_r: 0.8128
beta: 0.4134
Time for calculation: 1.3487
Total log likelihood: -68876.0850
nl: 78.4549
nr: 78.6760
sigma_l: 0.7888
sigma_r: 0.8136
beta: 0.4122
Time for calculation: 1.3641
Total log likelihood: -68876.1420
nl: 78.5554
nr: 78.9968
sigma_l: 0.7861
sigma_r: 0.8108
beta: 0.4132
Time for calculation: 1.3655
Total log likelihood: -68876.0735
nl: 78.5444
nr: 78.7181
sigma_l: 0.7878
sigma_r: 0.8118
beta: 0.4133
Time for calculation: 1.3484
Total log likelihood: -68876.1122
nl: 78.5227
nr: 78.9618
sigma_l: 0.7866
sigma_r: 0.8115
beta: 0.4129
Time for calculation: 1.3672
Total log likelihood: -68876.0724
nl: 78.4089
nr: 78.9576
sigma_l: 0.7866
sigma_r: 0.8124
beta: 0.4129
Time for calculation: 1.3534
Total log likelihood: -68876.0622
nl: 78.3061
nr: 79.0120
sigma_l: 0.7864
sigma_r: 0.8132
beta: 0.4128
Time for calculation: 1.3560
Total log likelihood: -68876.0750
nl: 78.5353
nr: 79.1315
sigma_l: 0.7861
sigma_r: 0.8115
beta: 0.4132
Time for calculation: 1.3405
Total log likelihood: -68876.0685
nl: 78.6728
nr: 79.0889
sigma_l: 0.7853
sigma_r: 0.8112
beta: 0.4133
Time for calculation: 1.3581
Total log likelihood: -68876.0659
nl: 78.5514
nr: 79.0224
sigma_l: 0.7864
sigma_r: 0.8127
beta: 0.4130
Time for calculation: 1.3521
Total log likelihood: -68876.0629
nl: 78.5957
nr: 79.0816
sigma_l: 0.7859
sigma_r: 0.8124
beta: 0.4134
Time for calculation: 1.3534
Total log likelihood: -68876.0446
nl: 78.6322
nr: 79.1415
sigma_l: 0.7856
sigma_r: 0.8129
beta: 0.4136
Time for calculation: 1.3669
Total log likelihood: -68876.0371
nl: 78.6218
nr: 78.9159
sigma_l: 0.7862
sigma_r: 0.8130
beta: 0.4132
Time for calculation: 1.3888
Total log likelihood: -68876.0657
nl: 78.4639
nr: 78.8894
sigma_l: 0.7873
sigma_r: 0.8140
beta: 0.4130
Time for calculation: 1.3730
Total log likelihood: -68876.0723
nl: 78.6206
nr: 79.0390
sigma_l: 0.7858
sigma_r: 0.8119
beta: 0.4133
Time for calculation: 1.3527
Total log likelihood: -68876.0543
nl: 78.5144
nr: 79.1116
sigma_l: 0.7863
sigma_r: 0.8117
beta: 0.4132
Time for calculation: 1.3528
Total log likelihood: -68876.0649
nl: 78.5413
nr: 79.0627
sigma_l: 0.7863
sigma_r: 0.8121
beta: 0.4132
Time for calculation: 1.3552
Total log likelihood: -68876.0543
nl: 78.4743
nr: 79.1810
sigma_l: 0.7855
sigma_r: 0.8127
beta: 0.4132
Time for calculation: 1.3678
Total log likelihood: -68876.0665
nl: 78.5892
nr: 78.9764
sigma_l: 0.7865
sigma_r: 0.8122
beta: 0.4132
Time for calculation: 1.3557
Total log likelihood: -68876.0540
nl: 78.5654
nr: 79.0485
sigma_l: 0.7859
sigma_r: 0.8119
beta: 0.4135
Time for calculation: 1.3552
Total log likelihood: -68876.0476
nl: 78.7706
nr: 79.1496
sigma_l: 0.7854
sigma_r: 0.8119
beta: 0.4138
Time for calculation: 1.3716
Total log likelihood: -68876.0425
nl: 78.7299
nr: 79.0793
sigma_l: 0.7854
sigma_r: 0.8123
beta: 0.4138
Time for calculation: 1.3536
Total log likelihood: -68876.0464
nl: 78.6943
nr: 79.1191
sigma_l: 0.7857
sigma_r: 0.8126
beta: 0.4139
Time for calculation: 1.3648
Total log likelihood: -68876.0347
nl: 78.7312
nr: 79.1592
sigma_l: 0.7856
sigma_r: 0.8129
beta: 0.4142
Time for calculation: 1.3594
Total log likelihood: -68876.0327
nl: 78.7826
nr: 79.2548
sigma_l: 0.7847
sigma_r: 0.8125
beta: 0.4144
Time for calculation: 1.3553
Total log likelihood: -68876.0344
nl: 78.8932
nr: 79.2653
sigma_l: 0.7848
sigma_r: 0.8131
beta: 0.4145
Time for calculation: 1.3576
Total log likelihood: -68876.0381
nl: 78.7940
nr: 79.3089
sigma_l: 0.7850
sigma_r: 0.8131
beta: 0.4145
Time for calculation: 1.3588
Total log likelihood: -68876.0227
nl: 78.8260
nr: 79.4236
sigma_l: 0.7848
sigma_r: 0.8135
beta: 0.4148
Time for calculation: 1.3553
Total log likelihood: -68876.0186
nl: 78.7755
nr: 79.3482
sigma_l: 0.7848
sigma_r: 0.8140
beta: 0.4148
Time for calculation: 1.3567
Total log likelihood: -68876.0343
nl: 78.6058
nr: 79.2656
sigma_l: 0.7854
sigma_r: 0.8132
beta: 0.4143
Time for calculation: 1.3454
Total log likelihood: -68876.0370
nl: 78.8562
nr: 79.4391
sigma_l: 0.7845
sigma_r: 0.8136
beta: 0.4154
Time for calculation: 1.3467
Total log likelihood: -68876.0392
nl: 78.6882
nr: 79.2159
sigma_l: 0.7853
sigma_r: 0.8130
beta: 0.4141
Time for calculation: 1.3488
Total log likelihood: -68876.0290
nl: 78.9156
nr: 79.2951
sigma_l: 0.7847
sigma_r: 0.8132
beta: 0.4146
Time for calculation: 1.3666
Total log likelihood: -68876.0366
nl: 78.8381
nr: 79.2877
sigma_l: 0.7848
sigma_r: 0.8132
beta: 0.4145
Time for calculation: 1.3541
Total log likelihood: -68876.0289
nl: 78.7610
nr: 79.3190
sigma_l: 0.7855
sigma_r: 0.8141
beta: 0.4146
Time for calculation: 1.3460
Total log likelihood: -68876.0266
nl: 78.7624
nr: 79.2140
sigma_l: 0.7856
sigma_r: 0.8127
beta: 0.4141
Time for calculation: 1.3548
Total log likelihood: -68876.0259
nl: 78.8191
nr: 79.4249
sigma_l: 0.7849
sigma_r: 0.8137
beta: 0.4146
Time for calculation: 1.3611
Total log likelihood: -68876.0226
nl: 78.9145
nr: 79.4518
sigma_l: 0.7849
sigma_r: 0.8138
beta: 0.4150
Time for calculation: 1.3598
Total log likelihood: -68876.0157
nl: 79.0276
nr: 79.5698
sigma_l: 0.7847
sigma_r: 0.8142
beta: 0.4154
Time for calculation: 1.3516
Total log likelihood: -68876.0135
nl: 78.8403
nr: 79.4928
sigma_l: 0.7853
sigma_r: 0.8141
beta: 0.4149
Time for calculation: 1.3713
Total log likelihood: -68876.0172
nl: 78.9491
nr: 79.5310
sigma_l: 0.7847
sigma_r: 0.8131
beta: 0.4150
Time for calculation: 1.3676
Total log likelihood: -68876.0121
nl: 79.0432
nr: 79.6371
sigma_l: 0.7843
sigma_r: 0.8126
beta: 0.4151
Time for calculation: 1.3566
Total log likelihood: -68876.0163
nl: 79.0225
nr: 79.7629
sigma_l: 0.7841
sigma_r: 0.8147
beta: 0.4158
Time for calculation: 1.3571
Total log likelihood: -68876.0261
nl: 78.8274
nr: 79.3512
sigma_l: 0.7853
sigma_r: 0.8132
beta: 0.4145
Time for calculation: 1.3577
Total log likelihood: -68876.0170
nl: 78.9691
nr: 79.5225
sigma_l: 0.7851
sigma_r: 0.8135
beta: 0.4152
Time for calculation: 1.3488
Total log likelihood: -68876.0039
nl: 79.0441
nr: 79.5713
sigma_l: 0.7852
sigma_r: 0.8135
beta: 0.4156
Time for calculation: 1.3550
Total log likelihood: -68875.9964
nl: 79.0494
nr: 79.5829
sigma_l: 0.7853
sigma_r: 0.8137
beta: 0.4153
Time for calculation: 1.3490
Total log likelihood: -68876.0019
nl: 79.1187
nr: 79.5497
sigma_l: 0.7847
sigma_r: 0.8130
beta: 0.4154
Time for calculation: 1.3490
Total log likelihood: -68876.0058
nl: 79.2481
nr: 79.7706
sigma_l: 0.7846
sigma_r: 0.8138
beta: 0.4162
Time for calculation: 1.3475
Total log likelihood: -68875.9929
nl: 79.4585
nr: 79.9804
sigma_l: 0.7842
sigma_r: 0.8141
beta: 0.4170
Time for calculation: 1.3464
Total log likelihood: -68875.9872
nl: 79.2203
nr: 79.7163
sigma_l: 0.7849
sigma_r: 0.8128
beta: 0.4159
Time for calculation: 1.3456
Total log likelihood: -68875.9863
nl: 79.3167
nr: 79.7895
sigma_l: 0.7850
sigma_r: 0.8121
beta: 0.4161
Time for calculation: 1.3410
Total log likelihood: -68875.9824
nl: 79.4458
nr: 79.8584
sigma_l: 0.7850
sigma_r: 0.8134
beta: 0.4168
Time for calculation: 1.3602
Total log likelihood: -68875.9757
nl: 79.6942
nr: 80.0221
sigma_l: 0.7852
sigma_r: 0.8136
beta: 0.4177
Time for calculation: 1.3565
Total log likelihood: -68875.9712
nl: 79.5064
nr: 80.0288
sigma_l: 0.7852
sigma_r: 0.8138
beta: 0.4172
Time for calculation: 1.3463
Total log likelihood: -68875.9603
nl: 79.7003
nr: 80.2684
sigma_l: 0.7855
sigma_r: 0.8142
beta: 0.4181
Time for calculation: 1.3510
Total log likelihood: -68875.9469
nl: 79.8361
nr: 80.2698
sigma_l: 0.7848
sigma_r: 0.8133
beta: 0.4185
Time for calculation: 1.3814
Total log likelihood: -68875.9413
nl: 80.2294
nr: 80.6133
sigma_l: 0.7845
sigma_r: 0.8130
beta: 0.4200
Time for calculation: 1.3635
Total log likelihood: -68875.9237
nl: 80.3156
nr: 80.6982
sigma_l: 0.7846
sigma_r: 0.8134
beta: 0.4200
Time for calculation: 1.3572
Total log likelihood: -68875.9206
nl: 80.9513
nr: 81.2616
sigma_l: 0.7843
sigma_r: 0.8133
beta: 0.4222
Time for calculation: 1.3531
Total log likelihood: -68875.9034
nl: 80.4982
nr: 80.8017
sigma_l: 0.7856
sigma_r: 0.8124
beta: 0.4207
Time for calculation: 1.3499
Total log likelihood: -68875.8976
nl: 81.0181
nr: 81.2123
sigma_l: 0.7863
sigma_r: 0.8115
beta: 0.4225
Time for calculation: 1.3619
Total log likelihood: -68875.8846
nl: 81.3206
nr: 81.5616
sigma_l: 0.7854
sigma_r: 0.8142
beta: 0.4242
Time for calculation: 1.3647
Total log likelihood: -68875.9177
nl: 81.5937
nr: 81.9447
sigma_l: 0.7852
sigma_r: 0.8129
beta: 0.4251
Time for calculation: 1.3445
Total log likelihood: -68875.8430
nl: 82.5435
nr: 82.9060
sigma_l: 0.7852
sigma_r: 0.8125
beta: 0.4288
Time for calculation: 1.3598
Total log likelihood: -68875.8118
nl: 82.7249
nr: 82.7536
sigma_l: 0.7848
sigma_r: 0.8116
beta: 0.4290
Time for calculation: 1.3495
Total log likelihood: -68875.8887
nl: 83.1940
nr: 83.2647
sigma_l: 0.7859
sigma_r: 0.8122
beta: 0.4307
Time for calculation: 1.3833
Total log likelihood: -68875.8648
nl: 82.8521
nr: 82.9977
sigma_l: 0.7852
sigma_r: 0.8103
beta: 0.4291
Time for calculation: 1.3515
Total log likelihood: -68875.8310
nl: 83.9817
nr: 83.9921
sigma_l: 0.7866
sigma_r: 0.8099
beta: 0.4338
Time for calculation: 1.3487
Total log likelihood: -68875.8854
nl: 82.7108
nr: 82.9956
sigma_l: 0.7869
sigma_r: 0.8110
beta: 0.4290
Time for calculation: 1.3523
Total log likelihood: -68875.8260
nl: 80.9457
nr: 81.3584
sigma_l: 0.7852
sigma_r: 0.8130
beta: 0.4222
Time for calculation: 1.3721
Total log likelihood: -68875.8773
nl: 83.8803
nr: 84.1967
sigma_l: 0.7850
sigma_r: 0.8121
beta: 0.4334
Time for calculation: 1.3486
Total log likelihood: -68875.8085
nl: 85.3115
nr: 85.6889
sigma_l: 0.7844
sigma_r: 0.8124
beta: 0.4388
Time for calculation: 1.3633
Total log likelihood: -68875.8449
nl: 85.1266
nr: 85.1859
sigma_l: 0.7861
sigma_r: 0.8101
beta: 0.4381
Time for calculation: 1.3545
Total log likelihood: -68875.8935
nl: 81.9909
nr: 82.3153
sigma_l: 0.7854
sigma_r: 0.8123
beta: 0.4262
Time for calculation: 1.3585
Total log likelihood: -68875.8293
nl: 82.3971
nr: 82.8998
sigma_l: 0.7852
sigma_r: 0.8110
beta: 0.4279
Time for calculation: 1.3696
Total log likelihood: -68875.8044
nl: 81.9987
nr: 82.7174
sigma_l: 0.7849
sigma_r: 0.8105
beta: 0.4265
Time for calculation: 1.3559
Total log likelihood: -68875.8535
nl: 82.5570
nr: 83.1277
sigma_l: 0.7859
sigma_r: 0.8133
beta: 0.4290
Time for calculation: 1.3449
Total log likelihood: -68875.8173
nl: 83.6446
nr: 84.1350
sigma_l: 0.7859
sigma_r: 0.8116
beta: 0.4330
Time for calculation: 1.3626
Total log likelihood: -68875.7949
nl: 84.4714
nr: 85.0449
sigma_l: 0.7861
sigma_r: 0.8113
beta: 0.4364
Time for calculation: 1.3536
Total log likelihood: -68875.8204
nl: 83.2982
nr: 83.9105
sigma_l: 0.7840
sigma_r: 0.8132
beta: 0.4319
Time for calculation: 1.3647
Total log likelihood: -68875.8059
nl: 83.7485
nr: 84.0916
sigma_l: 0.7842
sigma_r: 0.8109
beta: 0.4330
Time for calculation: 1.3543
Total log likelihood: -68875.7929
nl: 84.3443
nr: 84.5736
sigma_l: 0.7834
sigma_r: 0.8097
beta: 0.4350
Time for calculation: 1.3452
Total log likelihood: -68875.8266
nl: 84.2440
nr: 84.7874
sigma_l: 0.7846
sigma_r: 0.8111
beta: 0.4349
Time for calculation: 1.3580
Total log likelihood: -68875.7925
nl: 85.0942
nr: 85.7281
sigma_l: 0.7842
sigma_r: 0.8104
beta: 0.4379
Time for calculation: 1.3505
Total log likelihood: -68875.8260
nl: 83.0526
nr: 83.7331
sigma_l: 0.7845
sigma_r: 0.8111
beta: 0.4309
Time for calculation: 1.3448
Total log likelihood: -68875.7914
nl: 82.6388
nr: 83.5012
sigma_l: 0.7843
sigma_r: 0.8106
beta: 0.4296
Time for calculation: 1.3571
Total log likelihood: -68875.8330
nl: 83.5365
nr: 83.9483
sigma_l: 0.7858
sigma_r: 0.8090
beta: 0.4320
Time for calculation: 1.3461
Total log likelihood: -68875.8236
nl: 83.3578
nr: 83.9199
sigma_l: 0.7844
sigma_r: 0.8122
beta: 0.4319
Time for calculation: 1.4018
Total log likelihood: -68875.7866
nl: 84.8219
nr: 85.3670
sigma_l: 0.7842
sigma_r: 0.8117
beta: 0.4375
Time for calculation: 1.3556
Total log likelihood: -68875.8053
nl: 83.0033
nr: 83.5166
sigma_l: 0.7850
sigma_r: 0.8112
beta: 0.4303
Time for calculation: 1.3517
Total log likelihood: -68875.7877
nl: 83.3179
nr: 83.8844
sigma_l: 0.7832
sigma_r: 0.8110
beta: 0.4314
Time for calculation: 1.3718
Total log likelihood: -68875.7988
nl: 83.5629
nr: 84.0724
sigma_l: 0.7852
sigma_r: 0.8114
beta: 0.4326
Time for calculation: 1.3494
Total log likelihood: -68875.7847
nl: 83.1397
nr: 83.9202
sigma_l: 0.7853
sigma_r: 0.8119
beta: 0.4312
Time for calculation: 1.3429
Total log likelihood: -68875.8171
nl: 83.5963
nr: 84.0487
sigma_l: 0.7845
sigma_r: 0.8111
beta: 0.4325
Time for calculation: 1.3525
Total log likelihood: -68875.7827
nl: 82.3852
nr: 82.9289
sigma_l: 0.7849
sigma_r: 0.8118
beta: 0.4284
Time for calculation: 1.3545
Total log likelihood: -68875.7937
nl: 83.7793
nr: 84.3228
sigma_l: 0.7846
sigma_r: 0.8112
beta: 0.4333
Time for calculation: 1.3552
Total log likelihood: -68875.7848
nl: 83.8672
nr: 84.2191
sigma_l: 0.7850
sigma_r: 0.8118
beta: 0.4334
Time for calculation: 1.3464
Total log likelihood: -68875.7995
nl: 83.2563
nr: 83.8546
sigma_l: 0.7846
sigma_r: 0.8113
beta: 0.4315
Time for calculation: 1.3517
Total log likelihood: -68875.7837
nl: 84.0177
nr: 84.5708
sigma_l: 0.7844
sigma_r: 0.8117
beta: 0.4344
Time for calculation: 1.3681
Total log likelihood: -68875.7855
nl: 83.9272
nr: 84.4277
sigma_l: 0.7849
sigma_r: 0.8105
beta: 0.4338
Time for calculation: 1.3723
Total log likelihood: -68875.7859
nl: 83.7849
nr: 84.3008
sigma_l: 0.7848
sigma_r: 0.8109
beta: 0.4333
Time for calculation: 1.3461
Total log likelihood: -68875.7827
nl: 83.1741
nr: 83.6690
sigma_l: 0.7851
sigma_r: 0.8107
beta: 0.4309
Time for calculation: 1.3637
Total log likelihood: -68875.7894
nl: 83.8068
nr: 84.3453
sigma_l: 0.7846
sigma_r: 0.8115
beta: 0.4335
Time for calculation: 1.3679
Total log likelihood: -68875.7823
nl: 83.4236
nr: 83.9259
sigma_l: 0.7849
sigma_r: 0.8113
beta: 0.4321
Time for calculation: 1.3617
Total log likelihood: -68875.7813
nl: 83.2458
nr: 83.7275
sigma_l: 0.7850
sigma_r: 0.8113
beta: 0.4316
Time for calculation: 1.3468
Total log likelihood: -68875.7846
nl: 83.5842
nr: 84.1178
sigma_l: 0.7841
sigma_r: 0.8110
beta: 0.4326
Time for calculation: 1.3522
Total log likelihood: -68875.7811
nl: 83.5949
nr: 84.1404
sigma_l: 0.7836
sigma_r: 0.8107
beta: 0.4326
Time for calculation: 1.3494
Total log likelihood: -68875.7856
nl: 84.0221
nr: 84.4408
sigma_l: 0.7845
sigma_r: 0.8111
beta: 0.4342
Time for calculation: 1.3532
Total log likelihood: -68875.7866
nl: 83.4477
nr: 84.0011
sigma_l: 0.7846
sigma_r: 0.8112
beta: 0.4322
Time for calculation: 1.3492
Total log likelihood: -68875.7811
nl: 83.3586
nr: 83.8747
sigma_l: 0.7843
sigma_r: 0.8115
beta: 0.4319
Time for calculation: 1.3611
Total log likelihood: -68875.7816
nl: 83.4521
nr: 84.0572
sigma_l: 0.7845
sigma_r: 0.8114
beta: 0.4324
Time for calculation: 1.3635
Total log likelihood: -68875.7813
nl: 83.0997
nr: 83.6454
sigma_l: 0.7844
sigma_r: 0.8111
beta: 0.4310
Time for calculation: 1.3538
Total log likelihood: -68875.7825
nl: 83.6301
nr: 84.1703
sigma_l: 0.7845
sigma_r: 0.8114
beta: 0.4329
Time for calculation: 1.3498
Total log likelihood: -68875.7807
nl: 83.6565
nr: 84.2342
sigma_l: 0.7848
sigma_r: 0.8110
beta: 0.4330
Time for calculation: 1.3680
Total log likelihood: -68875.7827
nl: 83.4331
nr: 83.9646
sigma_l: 0.7844
sigma_r: 0.8114
beta: 0.4322
Time for calculation: 1.3396
Total log likelihood: -68875.7804
nl: 83.5554
nr: 84.0147
sigma_l: 0.7845
sigma_r: 0.8111
beta: 0.4324
Time for calculation: 1.3529
Total log likelihood: -68875.7821
nl: 83.4779
nr: 84.0466
sigma_l: 0.7845
sigma_r: 0.8113
beta: 0.4324
Time for calculation: 1.3552
Total log likelihood: -68875.7804
nl: 83.6056
nr: 84.1942
sigma_l: 0.7840
sigma_r: 0.8112
beta: 0.4327
Time for calculation: 1.3607
Total log likelihood: -68875.7829
nl: 83.4691
nr: 83.9930
sigma_l: 0.7846
sigma_r: 0.8113
beta: 0.4323
Time for calculation: 1.3415
Total log likelihood: -68875.7803
nl: 83.3989
nr: 83.9525
sigma_l: 0.7849
sigma_r: 0.8116
beta: 0.4321
Time for calculation: 1.3482
Total log likelihood: -68875.7825
nl: 83.5379
nr: 84.0764
sigma_l: 0.7843
sigma_r: 0.8111
beta: 0.4325
Time for calculation: 1.3577
Total log likelihood: -68875.7803
nl: 83.5715
nr: 84.0993
sigma_l: 0.7843
sigma_r: 0.8114
beta: 0.4327
Time for calculation: 1.3552
Total log likelihood: -68875.7806
nl: 83.3658
nr: 83.9016
sigma_l: 0.7844
sigma_r: 0.8112
beta: 0.4319
Time for calculation: 1.3485
Total log likelihood: -68875.7805
nl: 83.3420
nr: 83.8937
sigma_l: 0.7845
sigma_r: 0.8112
beta: 0.4318
Time for calculation: 1.3650
Total log likelihood: -68875.7809
nl: 83.5141
nr: 84.0479
sigma_l: 0.7844
sigma_r: 0.8113
beta: 0.4325
Time for calculation: 1.3597
Total log likelihood: -68875.7802
nl: 83.6071
nr: 84.1498
sigma_l: 0.7845
sigma_r: 0.8113
beta: 0.4328
Time for calculation: 1.3462
Total log likelihood: -68875.7807
nl: 83.4261
nr: 83.9637
sigma_l: 0.7844
sigma_r: 0.8112
beta: 0.4322
Time for calculation: 1.3588
Total log likelihood: -68875.7802
nl: 83.5370
nr: 84.0864
sigma_l: 0.7845
sigma_r: 0.8112
beta: 0.4326
Time for calculation: 1.3603
Total log likelihood: -68875.7801
nl: 83.5889
nr: 84.1473
sigma_l: 0.7846
sigma_r: 0.8110
beta: 0.4328
Time for calculation: 1.3493
Total log likelihood: -68875.7805
nl: 83.5158
nr: 84.0204
sigma_l: 0.7844
sigma_r: 0.8111
beta: 0.4324
Time for calculation: 1.3585
Total log likelihood: -68875.7804
nl: 83.4874
nr: 84.0400
sigma_l: 0.7845
sigma_r: 0.8113
beta: 0.4324
Time for calculation: 1.3484
Total log likelihood: -68875.7801
nl: 83.5319
nr: 84.0928
sigma_l: 0.7842
sigma_r: 0.8112
beta: 0.4326
Time for calculation: 1.3613
Total log likelihood: -68875.7804
nl: 83.4848
nr: 84.0179
sigma_l: 0.7845
sigma_r: 0.8112
beta: 0.4324
Time for calculation: 1.3444
Total log likelihood: -68875.7801
nl: 83.4418
nr: 83.9859
sigma_l: 0.7846
sigma_r: 0.8113
beta: 0.4323
Time for calculation: 1.3518
Total log likelihood: -68875.7804
nl: 83.5139
nr: 84.0538
sigma_l: 0.7844
sigma_r: 0.8112
beta: 0.4324
Time for calculation: 1.3504
Total log likelihood: -68875.7801
nl: 83.4655
nr: 84.0169
sigma_l: 0.7845
sigma_r: 0.8111
beta: 0.4323
Time for calculation: 1.3502
Total log likelihood: -68875.7803
nl: 83.5020
nr: 84.0401
sigma_l: 0.7844
sigma_r: 0.8113
beta: 0.4324
Time for calculation: 1.3470
Total log likelihood: -68875.7801
nl: 83.5839
nr: 84.1317
sigma_l: 0.7845
sigma_r: 0.8112
beta: 0.4327
Time for calculation: 1.3475
Total log likelihood: -68875.7802
nl: 83.4655
nr: 84.0057
sigma_l: 0.7844
sigma_r: 0.8112
beta: 0.4323
Time for calculation: 1.3566
Total log likelihood: -68875.7801
nl: 83.5139
nr: 84.0415
sigma_l: 0.7844
sigma_r: 0.8112
beta: 0.4325
Time for calculation: 1.3428
Total log likelihood: -68875.7801
nl: 83.5272
nr: 84.0423
sigma_l: 0.7844
sigma_r: 0.8111
beta: 0.4325
Time for calculation: 1.3491
Total log likelihood: -68875.7802
nl: 83.4551
nr: 83.9772
sigma_l: 0.7844
sigma_r: 0.8113
beta: 0.4322
Time for calculation: 1.3531
Total log likelihood: -68875.7804
nl: 83.5165
nr: 84.0591
sigma_l: 0.7845
sigma_r: 0.8112
beta: 0.4325
Time for calculation: 1.3549
Total log likelihood: -68875.7800
nl: 83.5199
nr: 84.0622
sigma_l: 0.7843
sigma_r: 0.8112
beta: 0.4325
Time for calculation: 1.3551
Total log likelihood: -68875.7801
nl: 83.4932
nr: 84.0296
sigma_l: 0.7845
sigma_r: 0.8112
beta: 0.4324
Time for calculation: 1.3532
Total log likelihood: -68875.7801
nl: 83.4765
nr: 84.0083
sigma_l: 0.7846
sigma_r: 0.8113
beta: 0.4323
Time for calculation: 1.3476
Total log likelihood: -68875.7801
nl: 83.5091
nr: 84.0487
sigma_l: 0.7844
sigma_r: 0.8112
beta: 0.4325
Time for calculation: 1.3469
Total log likelihood: -68875.7800
nl: 83.4973
nr: 84.0337
sigma_l: 0.7845
sigma_r: 0.8111
beta: 0.4324
Time for calculation: 1.3508
Total log likelihood: -68875.7800
nl: 83.5465
nr: 84.0794
sigma_l: 0.7845
sigma_r: 0.8111
beta: 0.4326
Time for calculation: 1.3549
Total log likelihood: -68875.7800
nl: 83.5869
nr: 84.1163
sigma_l: 0.7845
sigma_r: 0.8111
beta: 0.4327
Time for calculation: 1.3684
Total log likelihood: -68875.7801
nl: 83.5112
nr: 84.0587
sigma_l: 0.7845
sigma_r: 0.8112
beta: 0.4325
Time for calculation: 1.3526
Total log likelihood: -68875.7800
nl: 83.5098
nr: 84.0673
sigma_l: 0.7845
sigma_r: 0.8112
beta: 0.4325
Time for calculation: 1.3495
Total log likelihood: -68875.7801
nl: 83.5390
nr: 84.0822
sigma_l: 0.7844
sigma_r: 0.8111
beta: 0.4326
Time for calculation: 1.3594
Total log likelihood: -68875.7801
nl: 83.5047
nr: 84.0428
sigma_l: 0.7845
sigma_r: 0.8112
beta: 0.4325
Time for calculation: 1.3506
Total log likelihood: -68875.7800
nl: 83.5378
nr: 84.0817
sigma_l: 0.7844
sigma_r: 0.8112
beta: 0.4326
Time for calculation: 1.3601
Total log likelihood: -68875.7800
nl: 83.5376
nr: 84.0800
sigma_l: 0.7845
sigma_r: 0.8112
beta: 0.4326
Time for calculation: 1.3782
Total log likelihood: -68875.7801
nl: 83.5162
nr: 84.0565
sigma_l: 0.7844
sigma_r: 0.8112
beta: 0.4325
Time for calculation: 1.3534
Total log likelihood: -68875.7800
nl: 83.5300
nr: 84.0685
sigma_l: 0.7844
sigma_r: 0.8112
beta: 0.4326
Time for calculation: 1.3600
Total log likelihood: -68875.7800
nl: 83.4935
nr: 84.0439
sigma_l: 0.7844
sigma_r: 0.8113
beta: 0.4324
Time for calculation: 1.3491
Total log likelihood: -68875.7801
nl: 83.5332
nr: 84.0705
sigma_l: 0.7844
sigma_r: 0.8112
beta: 0.4326
Time for calculation: 1.3472
Total log likelihood: -68875.7800
nl: 83.5112
nr: 84.0556
sigma_l: 0.7845
sigma_r: 0.8112
beta: 0.4325
Time for calculation: 1.3471
Total log likelihood: -68875.7800
nl: 83.5253
nr: 84.0653
sigma_l: 0.7844
sigma_r: 0.8112
beta: 0.4325
Time for calculation: 1.3428
Total log likelihood: -68875.7800
nl: 83.5357
nr: 84.0681
sigma_l: 0.7844
sigma_r: 0.8112
beta: 0.4326
Time for calculation: 1.3516
Total log likelihood: -68875.7800
nl: 83.5173
nr: 84.0610
sigma_l: 0.7844
sigma_r: 0.8112
beta: 0.4325
Time for calculation: 1.3682
Total log likelihood: -68875.7800
nl: 83.5009
nr: 84.0367
sigma_l: 0.7844
sigma_r: 0.8111
beta: 0.4324
Time for calculation: 1.3534
Total log likelihood: -68875.7800
nl: 83.5286
nr: 84.0705
sigma_l: 0.7844
sigma_r: 0.8112
beta: 0.4325
Time for calculation: 1.3512
Total log likelihood: -68875.7800
nl: 83.5436
nr: 84.0868
sigma_l: 0.7844
sigma_r: 0.8112
beta: 0.4326
Time for calculation: 1.3487
Total log likelihood: -68875.7800
nl: 83.5302
nr: 84.0728
sigma_l: 0.7844
sigma_r: 0.8112
beta: 0.4325
Time for calculation: 1.3751
Total log likelihood: -68875.7800
nl: 83.5450
nr: 84.0881
sigma_l: 0.7845
sigma_r: 0.8112
beta: 0.4326
Time for calculation: 1.3695
Total log likelihood: -68875.7800
nl: 83.5234
nr: 84.0644
sigma_l: 0.7844
sigma_r: 0.8112
beta: 0.4325
Time for calculation: 1.3499
Total log likelihood: -68875.7800
nl: 83.5463
nr: 84.0850
sigma_l: 0.7844
sigma_r: 0.8112
beta: 0.4326
Time for calculation: 1.3535
Total log likelihood: -68875.7800
nl: 83.5398
nr: 84.0780
sigma_l: 0.7844
sigma_r: 0.8112
beta: 0.4326
Time for calculation: 1.3759
Total log likelihood: -68875.7800
nl: 83.5326
nr: 84.0741
sigma_l: 0.7844
sigma_r: 0.8112
beta: 0.4326
Time for calculation: 1.3502
Total log likelihood: -68875.7800
nl: 83.5183
nr: 84.0615
sigma_l: 0.7844
sigma_r: 0.8112
beta: 0.4325
Time for calculation: 1.3643
Total log likelihood: -68875.7800
nl: 83.5393
nr: 84.0791
sigma_l: 0.7844
sigma_r: 0.8112
beta: 0.4326
Time for calculation: 1.3574
Total log likelihood: -68875.7800
nl: 83.5338
nr: 84.0794
sigma_l: 0.7844
sigma_r: 0.8112
beta: 0.4326
Time for calculation: 1.3874
Total log likelihood: -68875.7800
nl: 83.5334
nr: 84.0728
sigma_l: 0.7844
sigma_r: 0.8112
beta: 0.4326
Time for calculation: 1.3509
Total log likelihood: -68875.7800
nl: 83.5193
nr: 84.0576
sigma_l: 0.7845
sigma_r: 0.8112
beta: 0.4325
Time for calculation: 1.3546
Total log likelihood: -68875.7800
nl: 83.5375
nr: 84.0795
sigma_l: 0.7844
sigma_r: 0.8112
beta: 0.4326
Time for calculation: 1.3560
Total log likelihood: -68875.7800
nl: 83.5379
nr: 84.0775
sigma_l: 0.7844
sigma_r: 0.8112
beta: 0.4326
Time for calculation: 1.3509
Total log likelihood: -68875.7800
nl: 83.5309
nr: 84.0722
sigma_l: 0.7844
sigma_r: 0.8112
beta: 0.4326
Time for calculation: 1.3463
Total log likelihood: -68875.7800
nl: 83.5238
nr: 84.0661
sigma_l: 0.7844
sigma_r: 0.8112
beta: 0.4325
Time for calculation: 1.3610
Total log likelihood: -68875.7800
nl: 83.5270
nr: 84.0679
sigma_l: 0.7844
sigma_r: 0.8112
beta: 0.4325
Time for calculation: 1.3591
Total log likelihood: -68875.7800
nl: 83.5312
nr: 84.0726
sigma_l: 0.7844
sigma_r: 0.8112
beta: 0.4325
Time for calculation: 1.3487
Total log likelihood: -68875.7800
nl: 83.5387
nr: 84.0785
sigma_l: 0.7844
sigma_r: 0.8112
beta: 0.4326
Time for calculation: 1.3575
Total log likelihood: -68875.7800
nl: 83.5453
nr: 84.0858
sigma_l: 0.7844
sigma_r: 0.8112
beta: 0.4326
Time for calculation: 1.3521
Total log likelihood: -68875.7800
nl: 83.5289
nr: 84.0698
sigma_l: 0.7844
sigma_r: 0.8112
beta: 0.4325
Time for calculation: 1.3610
Total log likelihood: -68875.7800
nl: 83.5260
nr: 84.0682
sigma_l: 0.7844
sigma_r: 0.8112
beta: 0.4325
Time for calculation: 1.4090
Total log likelihood: -68875.7800
nl: 83.5226
nr: 84.0627
sigma_l: 0.7844
sigma_r: 0.8112
beta: 0.4325
Time for calculation: 1.3468
Total log likelihood: -68875.7800
nl: 83.5259
nr: 84.0662
sigma_l: 0.7844
sigma_r: 0.8112
beta: 0.4325
Time for calculation: 1.3914
Total log likelihood: -68875.7800
nl: 83.5308
nr: 84.0694
sigma_l: 0.7844
sigma_r: 0.8112
beta: 0.4325
Time for calculation: 1.3479
Total log likelihood: -68875.7800
nl: 83.5272
nr: 84.0685
sigma_l: 0.7844
sigma_r: 0.8112
beta: 0.4325
Time for calculation: 1.3600
Total log likelihood: -68875.7800
nl: 83.5360
nr: 84.0772
sigma_l: 0.7844
sigma_r: 0.8112
beta: 0.4326
Time for calculation: 1.3546
Total log likelihood: -68875.7800
nl: 83.5327
nr: 84.0736
sigma_l: 0.7844
sigma_r: 0.8112
beta: 0.4326
Time for calculation: 1.3784
Total log likelihood: -68875.7800
nl: 83.5354
nr: 84.0767
sigma_l: 0.7844
sigma_r: 0.8112
beta: 0.4326
Time for calculation: 1.3525
Total log likelihood: -68875.7800
nl: 83.5283
nr: 84.0688
sigma_l: 0.7844
sigma_r: 0.8112
beta: 0.4325
Time for calculation: 1.3456
Total log likelihood: -68875.7800
nl: 83.5289
nr: 84.0688
sigma_l: 0.7844
sigma_r: 0.8112
beta: 0.4325
Time for calculation: 1.3455
Total log likelihood: -68875.7800
nl: 83.5250
nr: 84.0670
sigma_l: 0.7844
sigma_r: 0.8112
beta: 0.4325
Time for calculation: 1.3622
Total log likelihood: -68875.7800
nl: 83.5313
nr: 84.0713
sigma_l: 0.7844
sigma_r: 0.8112
beta: 0.4325
Time for calculation: 1.3552
Total log likelihood: -68875.7800
nl: 83.5305
nr: 84.0706
sigma_l: 0.7844
sigma_r: 0.8112
beta: 0.4325
Time for calculation: 1.3541
Total log likelihood: -68875.7800
nl: 83.5293
nr: 84.0700
sigma_l: 0.7844
sigma_r: 0.8112
beta: 0.4325
Time for calculation: 1.3673
Total log likelihood: -68875.7800
nl: 83.5330
nr: 84.0725
sigma_l: 0.7844
sigma_r: 0.8112
beta: 0.4326
Time for calculation: 1.3449
Total log likelihood: -68875.7800
nl: 83.5287
nr: 84.0695
sigma_l: 0.7844
sigma_r: 0.8112
beta: 0.4325
Time for calculation: 1.3546
Total log likelihood: -68875.7800
nl: 83.5311
nr: 84.0725
sigma_l: 0.7844
sigma_r: 0.8112
beta: 0.4325
Time for calculation: 1.3604
Total log likelihood: -68875.7800
nl: 83.5295
nr: 84.0697
sigma_l: 0.7844
sigma_r: 0.8112
beta: 0.4325
Time for calculation: 1.3567
Total log likelihood: -68875.7800
nl: 83.5261
nr: 84.0662
sigma_l: 0.7844
sigma_r: 0.8112
beta: 0.4325
Time for calculation: 1.3599
Total log likelihood: -68875.7800
nl: 83.5310
nr: 84.0717
sigma_l: 0.7844
sigma_r: 0.8112
beta: 0.4325
Time for calculation: 1.3581
Total log likelihood: -68875.7800
nl: 83.5316
nr: 84.0721
sigma_l: 0.7844
sigma_r: 0.8112
beta: 0.4326
Time for calculation: 1.3507
Total log likelihood: -68875.7800
nl: 83.5332
nr: 84.0737
sigma_l: 0.7844
sigma_r: 0.8112
beta: 0.4326
Time for calculation: 1.3641
Total log likelihood: -68875.7800
nl: 83.5315
nr: 84.0718
sigma_l: 0.7844
sigma_r: 0.8112
beta: 0.4326
Time for calculation: 1.3497
Total log likelihood: -68875.7800
nl: 83.5298
nr: 84.0704
sigma_l: 0.7844
sigma_r: 0.8112
beta: 0.4325
Time for calculation: 1.3579
Total log likelihood: -68875.7800
nl: 83.5326
nr: 84.0726
sigma_l: 0.7844
sigma_r: 0.8112
beta: 0.4326
Time for calculation: 1.3533
Total log likelihood: -68875.7800
nl: 83.5296
nr: 84.0703
sigma_l: 0.7844
sigma_r: 0.8112
beta: 0.4325
Time for calculation: 1.3473
Total log likelihood: -68875.7800
nl: 83.5319
nr: 84.0726
sigma_l: 0.7844
sigma_r: 0.8112
beta: 0.4326
Time for calculation: 1.3515
Total log likelihood: -68875.7800
nl: 83.5303
nr: 84.0715
sigma_l: 0.7844
sigma_r: 0.8112
beta: 0.4325
Time for calculation: 1.3603
Total log likelihood: -68875.7800
nl: 83.5310
nr: 84.0714
sigma_l: 0.7844
sigma_r: 0.8112
beta: 0.4325
Time for calculation: 1.3561
Total log likelihood: -68875.7800
nl: 83.5306
nr: 84.0710
sigma_l: 0.7844
sigma_r: 0.8112
beta: 0.4325
Time for calculation: 1.3440
Total log likelihood: -68875.7800
nl: 83.5309
nr: 84.0715
sigma_l: 0.7844
sigma_r: 0.8112
beta: 0.4325
Time for calculation: 1.3625
Total log likelihood: -68875.7800
nl: 83.5297
nr: 84.0704
sigma_l: 0.7844
sigma_r: 0.8112
beta: 0.4325
Time for calculation: 1.3544
Total log likelihood: -68875.7800
nl: 83.5311
nr: 84.0717
sigma_l: 0.7844
sigma_r: 0.8112
beta: 0.4325
Time for calculation: 1.3838
Total log likelihood: -68875.7800
nl: 83.5292
nr: 84.0695
sigma_l: 0.7844
sigma_r: 0.8112
beta: 0.4325
Time for calculation: 1.3524
Total log likelihood: -68875.7800
nl: 83.5312
nr: 84.0718
sigma_l: 0.7844
sigma_r: 0.8112
beta: 0.4325
Time for calculation: 1.3449
Total log likelihood: -68875.7800
nl: 83.5317
nr: 84.0723
sigma_l: 0.7844
sigma_r: 0.8112
beta: 0.4326
Time for calculation: 1.3772
Total log likelihood: -68875.7800
nl: 83.5327
nr: 84.0732
sigma_l: 0.7844
sigma_r: 0.8112
beta: 0.4326
Time for calculation: 1.3484
Total log likelihood: -68875.7800
nl: 83.5304
nr: 84.0710
sigma_l: 0.7844
sigma_r: 0.8112
beta: 0.4325
Time for calculation: 1.3842
Total log likelihood: -68875.7800
nl: 83.5313
nr: 84.0717
sigma_l: 0.7844
sigma_r: 0.8112
beta: 0.4325
Time for calculation: 1.3510
Total log likelihood: -68875.7800
nl: 83.5312
nr: 84.0717
sigma_l: 0.7844
sigma_r: 0.8112
beta: 0.4325
Time for calculation: 1.3483
Total log likelihood: -68875.7800
nl: 83.5310
nr: 84.0714
sigma_l: 0.7844
sigma_r: 0.8112
beta: 0.4325
Time for calculation: 1.3519
Total log likelihood: -68875.7800
nl: 83.5311
nr: 84.0717
sigma_l: 0.7844
sigma_r: 0.8112
beta: 0.4325
Time for calculation: 1.3676
Total log likelihood: -68875.7800
nl: 83.5311
nr: 84.0715
sigma_l: 0.7844
sigma_r: 0.8112
beta: 0.4325
Time for calculation: 1.3816
Total log likelihood: -68875.7800
nl: 83.5302
nr: 84.0707
sigma_l: 0.7844
sigma_r: 0.8112
beta: 0.4325
Time for calculation: 1.3701
Total log likelihood: -68875.7800
nl: 83.5295
nr: 84.0699
sigma_l: 0.7844
sigma_r: 0.8112
beta: 0.4325
Time for calculation: 1.3588
Total log likelihood: -68875.7800
nl: 83.5305
nr: 84.0710
sigma_l: 0.7844
sigma_r: 0.8112
beta: 0.4325
Time for calculation: 1.3511
Total log likelihood: -68875.7800
nl: 83.5309
nr: 84.0714
sigma_l: 0.7844
sigma_r: 0.8112
beta: 0.4325
Time for calculation: 1.3574
Total log likelihood: -68875.7800
nl: 83.5305
nr: 84.0712
sigma_l: 0.7844
sigma_r: 0.8112
beta: 0.4325
Time for calculation: 1.3581
Total log likelihood: -68875.7800
nl: 83.5309
nr: 84.0713
sigma_l: 0.7844
sigma_r: 0.8112
beta: 0.4325
Time for calculation: 1.3554
Total log likelihood: -68875.7800
nl: 83.5313
nr: 84.0717
sigma_l: 0.7844
sigma_r: 0.8112
beta: 0.4325
Time for calculation: 1.3660
Total log likelihood: -68875.7800
nl: 83.5306
nr: 84.0711
sigma_l: 0.7844
sigma_r: 0.8112
beta: 0.4325
Time for calculation: 1.3493
Total log likelihood: -68875.7800
nl: 83.5302
nr: 84.0708
sigma_l: 0.7844
sigma_r: 0.8112
beta: 0.4325
Time for calculation: 1.3790
Total log likelihood: -68875.7800
nl: 83.5311
nr: 84.0715
sigma_l: 0.7844
sigma_r: 0.8112
beta: 0.4325
Time for calculation: 1.3738
Total log likelihood: -68875.7800
nl: 83.5304
nr: 84.0707
sigma_l: 0.7844
sigma_r: 0.8112
beta: 0.4325
Time for calculation: 1.3507
Total log likelihood: -68875.7800
nl: 83.5310
nr: 84.0715
sigma_l: 0.7844
sigma_r: 0.8112
beta: 0.4325
Time for calculation: 1.3544
Total log likelihood: -68875.7800
nl: 83.5316
nr: 84.0720
sigma_l: 0.7844
sigma_r: 0.8112
beta: 0.4326
Time for calculation: 1.3680
Total log likelihood: -68875.7800
nl: 83.5306
nr: 84.0710
sigma_l: 0.7844
sigma_r: 0.8112
beta: 0.4325
Time for calculation: 1.3725
Total log likelihood: -68875.7800
nl: 83.5311
nr: 84.0716
sigma_l: 0.7844
sigma_r: 0.8112
beta: 0.4325
Time for calculation: 1.3468
Total log likelihood: -68875.7800
nl: 83.5308
nr: 84.0712
sigma_l: 0.7844
sigma_r: 0.8112
beta: 0.4325
Time for calculation: 1.3495
Total log likelihood: -68875.7800
nl: 83.5308
nr: 84.0712
sigma_l: 0.7844
sigma_r: 0.8112
beta: 0.4325
Time for calculation: 1.3474
Total log likelihood: -68875.7800
nl: 83.5308
nr: 84.0712
sigma_l: 0.7844
sigma_r: 0.8112
beta: 0.4325
Time for calculation: 1.3481
Total log likelihood: -68875.7800
nl: 83.5307
nr: 84.0712
sigma_l: 0.7844
sigma_r: 0.8112
beta: 0.4325
Time for calculation: 1.3662
Total log likelihood: -68875.7800
nl: 83.5312
nr: 84.0716
sigma_l: 0.7844
sigma_r: 0.8112
beta: 0.4325
Time for calculation: 1.3540
Total log likelihood: -68875.7800
nl: 83.5312
nr: 84.0716
sigma_l: 0.7844
sigma_r: 0.8112
beta: 0.4325
Time for calculation: 1.3545
Total log likelihood: -68875.7800
nl: 83.5308
nr: 84.0713
sigma_l: 0.7844
sigma_r: 0.8112
beta: 0.4325
Time for calculation: 1.3479
Total log likelihood: -68875.7800
nl: 83.5312
nr: 84.0716
sigma_l: 0.7844
sigma_r: 0.8112
beta: 0.4325
Time for calculation: 1.3593
Total log likelihood: -68875.7800
nl: 83.5309
nr: 84.0713
sigma_l: 0.7844
sigma_r: 0.8112
beta: 0.4325
Time for calculation: 1.3633
Total log likelihood: -68875.7800
nl: 83.5308
nr: 84.0713
sigma_l: 0.7844
sigma_r: 0.8112
beta: 0.4325
Time for calculation: 1.3441
Total log likelihood: -68875.7800
nl: 83.5310
nr: 84.0714
sigma_l: 0.7844
sigma_r: 0.8112
beta: 0.4325
Time for calculation: 1.3585
Total log likelihood: -68875.7800
nl: 83.5306
nr: 84.0711
sigma_l: 0.7844
sigma_r: 0.8112
beta: 0.4325
Time for calculation: 1.3570
Total log likelihood: -68875.7800
nl: 83.5310
nr: 84.0715
sigma_l: 0.7844
sigma_r: 0.8112
beta: 0.4325
Time for calculation: 1.3648
Total log likelihood: -68875.7800
nl: 83.5311
nr: 84.0716
sigma_l: 0.7844
sigma_r: 0.8112
beta: 0.4325
Time for calculation: 1.3543
Total log likelihood: -68875.7800
nl: 83.5310
nr: 84.0714
sigma_l: 0.7844
sigma_r: 0.8112
beta: 0.4325
Time for calculation: 1.3568
Total log likelihood: -68875.7800
nl: 83.5310
nr: 84.0714
sigma_l: 0.7844
sigma_r: 0.8112
beta: 0.4325
Time for calculation: 1.3449
Total log likelihood: -68875.7800
nl: 83.5308
nr: 84.0712
sigma_l: 0.7844
sigma_r: 0.8112
beta: 0.4325
Time for calculation: 1.3577
Total log likelihood: -68875.7800
nl: 83.5310
nr: 84.0715
sigma_l: 0.7844
sigma_r: 0.8112
beta: 0.4325
Time for calculation: 1.3662
Total log likelihood: -68875.7800
nl: 83.5308
nr: 84.0713
sigma_l: 0.7844
sigma_r: 0.8112
beta: 0.4325
Time for calculation: 1.3594
Total log likelihood: -68875.7800
nl: 83.5307
nr: 84.0712
sigma_l: 0.7844
sigma_r: 0.8112
beta: 0.4325
Time for calculation: 1.3470
Total log likelihood: -68875.7800
nl: 83.5310
nr: 84.0715
sigma_l: 0.7844
sigma_r: 0.8112
beta: 0.4325
Time for calculation: 1.3582
Total log likelihood: -68875.7800
nl: 83.5309
nr: 84.0714
sigma_l: 0.7844
sigma_r: 0.8112
beta: 0.4325
Time for calculation: 1.3496
Total log likelihood: -68875.7800
nl: 83.5308
nr: 84.0713
sigma_l: 0.7844
sigma_r: 0.8112
beta: 0.4325
Time for calculation: 1.3544
Total log likelihood: -68875.7800
nl: 83.5310
nr: 84.0714
sigma_l: 0.7844
sigma_r: 0.8112
beta: 0.4325
Time for calculation: 1.3689
Total log likelihood: -68875.7800
nl: 83.5310
nr: 84.0715
sigma_l: 0.7844
sigma_r: 0.8112
beta: 0.4325
Time for calculation: 1.3595
Total log likelihood: -68875.7800
nl: 83.5309
nr: 84.0714
sigma_l: 0.7844
sigma_r: 0.8112
beta: 0.4325
Time for calculation: 1.3502
Total log likelihood: -68875.7800
nl: 83.5309
nr: 84.0713
sigma_l: 0.7844
sigma_r: 0.8112
beta: 0.4325
Time for calculation: 1.3619
Total log likelihood: -68875.7800
nl: 83.5308
nr: 84.0712
sigma_l: 0.7844
sigma_r: 0.8112
beta: 0.4325
Time for calculation: 1.3497
Total log likelihood: -68875.7800
nl: 83.5309
nr: 84.0714
sigma_l: 0.7844
sigma_r: 0.8112
beta: 0.4325
Time for calculation: 1.3594
Total log likelihood: -68875.7800
nl: 83.5309
nr: 84.0714
sigma_l: 0.7844
sigma_r: 0.8112
beta: 0.4325
Time for calculation: 1.3499
Total log likelihood: -68875.7800
nl: 83.5309
nr: 84.0713
sigma_l: 0.7844
sigma_r: 0.8112
beta: 0.4325
Time for calculation: 1.3501
Total log likelihood: -68875.7800
nl: 83.5309
nr: 84.0714
sigma_l: 0.7844
sigma_r: 0.8112
beta: 0.4325
Time for calculation: 1.3609
Total log likelihood: -68875.7800
nl: 83.5309
nr: 84.0714
sigma_l: 0.7844
sigma_r: 0.8112
beta: 0.4325
Time for calculation: 1.3589
Total log likelihood: -68875.7800
Optimization terminated successfully.
         Current function value: 249.549928
         Iterations: 233
         Function evaluations: 391
nl: 83.5513
nr: 84.0714
sigma_l: 0.7844
sigma_r: 0.8112
beta: 0.4325
Time for calculation: 1.3584
Total log likelihood: -68875.7802
nl: 83.5309
nr: 84.0714
sigma_l: 0.7844
sigma_r: 0.8112
beta: 0.4325
Time for calculation: 1.3703
Total log likelihood: -68875.7800
nl: 83.5309
nr: 84.0714
sigma_l: 0.7844
sigma_r: 0.8112
beta: 0.4325
Time for calculation: 1.3441
Total log likelihood: -68875.7800
nl: 83.5105
nr: 84.0714
sigma_l: 0.7844
sigma_r: 0.8112
beta: 0.4325
Time for calculation: 1.3411
Total log likelihood: -68875.7802
nl: 83.5411
nr: 84.0816
sigma_l: 0.7844
sigma_r: 0.8112
beta: 0.4325
Time for calculation: 1.3599
Total log likelihood: -68875.7801
nl: 83.5411
nr: 84.0611
sigma_l: 0.7844
sigma_r: 0.8112
beta: 0.4325
Time for calculation: 1.3651
Total log likelihood: -68875.7801
nl: 83.5207
nr: 84.0816
sigma_l: 0.7844
sigma_r: 0.8112
beta: 0.4325
Time for calculation: 1.3467
Total log likelihood: -68875.7801
nl: 83.5207
nr: 84.0611
sigma_l: 0.7844
sigma_r: 0.8112
beta: 0.4325
Time for calculation: 1.3533
Total log likelihood: -68875.7801
nl: 83.5411
nr: 84.0714
sigma_l: 0.7845
sigma_r: 0.8112
beta: 0.4325
Time for calculation: 1.3491
Total log likelihood: -68875.7801
nl: 83.5411
nr: 84.0714
sigma_l: 0.7843
sigma_r: 0.8112
beta: 0.4325
Time for calculation: 1.3431
Total log likelihood: -68875.7801
nl: 83.5207
nr: 84.0714
sigma_l: 0.7845
sigma_r: 0.8112
beta: 0.4325
Time for calculation: 1.3489
Total log likelihood: -68875.7801
nl: 83.5207
nr: 84.0714
sigma_l: 0.7843
sigma_r: 0.8112
beta: 0.4325
Time for calculation: 1.3513
Total log likelihood: -68875.7801
nl: 83.5411
nr: 84.0714
sigma_l: 0.7844
sigma_r: 0.8113
beta: 0.4325
Time for calculation: 1.3499
Total log likelihood: -68875.7802
nl: 83.5411
nr: 84.0714
sigma_l: 0.7844
sigma_r: 0.8111
beta: 0.4325
Time for calculation: 1.3586
Total log likelihood: -68875.7801
nl: 83.5207
nr: 84.0714
sigma_l: 0.7844
sigma_r: 0.8113
beta: 0.4325
Time for calculation: 1.3485
Total log likelihood: -68875.7801
nl: 83.5207
nr: 84.0714
sigma_l: 0.7844
sigma_r: 0.8111
beta: 0.4325
Time for calculation: 1.3477
Total log likelihood: -68875.7802
nl: 83.5411
nr: 84.0714
sigma_l: 0.7844
sigma_r: 0.8112
beta: 0.4326
Time for calculation: 1.3559
Total log likelihood: -68875.7801
nl: 83.5411
nr: 84.0714
sigma_l: 0.7844
sigma_r: 0.8112
beta: 0.4325
Time for calculation: 1.3394
Total log likelihood: -68875.7804
nl: 83.5207
nr: 84.0714
sigma_l: 0.7844
sigma_r: 0.8112
beta: 0.4326
Time for calculation: 1.3372
Total log likelihood: -68875.7804
nl: 83.5207
nr: 84.0714
sigma_l: 0.7844
sigma_r: 0.8112
beta: 0.4325
Time for calculation: 1.3450
Total log likelihood: -68875.7801
nl: 83.5309
nr: 84.0919
sigma_l: 0.7844
sigma_r: 0.8112
beta: 0.4325
Time for calculation: 1.3923
Total log likelihood: -68875.7803
nl: 83.5309
nr: 84.0714
sigma_l: 0.7844
sigma_r: 0.8112
beta: 0.4325
Time for calculation: 1.3501
Total log likelihood: -68875.7800
nl: 83.5309
nr: 84.0714
sigma_l: 0.7844
sigma_r: 0.8112
beta: 0.4325
Time for calculation: 1.3504
Total log likelihood: -68875.7800
nl: 83.5309
nr: 84.0508
sigma_l: 0.7844
sigma_r: 0.8112
beta: 0.4325
Time for calculation: 1.3493
Total log likelihood: -68875.7803
nl: 83.5309
nr: 84.0816
sigma_l: 0.7845
sigma_r: 0.8112
beta: 0.4325
Time for calculation: 1.3670
Total log likelihood: -68875.7802
nl: 83.5309
nr: 84.0816
sigma_l: 0.7843
sigma_r: 0.8112
beta: 0.4325
Time for calculation: 1.3537
Total log likelihood: -68875.7801
nl: 83.5309
nr: 84.0611
sigma_l: 0.7845
sigma_r: 0.8112
beta: 0.4325
Time for calculation: 1.3411
Total log likelihood: -68875.7801
nl: 83.5309
nr: 84.0611
sigma_l: 0.7843
sigma_r: 0.8112
beta: 0.4325
Time for calculation: 1.3454
Total log likelihood: -68875.7802
nl: 83.5309
nr: 84.0816
sigma_l: 0.7844
sigma_r: 0.8113
beta: 0.4325
Time for calculation: 1.3376
Total log likelihood: -68875.7801
nl: 83.5309
nr: 84.0816
sigma_l: 0.7844
sigma_r: 0.8111
beta: 0.4325
Time for calculation: 1.3488
Total log likelihood: -68875.7801
nl: 83.5309
nr: 84.0611
sigma_l: 0.7844
sigma_r: 0.8113
beta: 0.4325
Time for calculation: 1.3441
Total log likelihood: -68875.7801
nl: 83.5309
nr: 84.0611
sigma_l: 0.7844
sigma_r: 0.8111
beta: 0.4325
Time for calculation: 1.3501
Total log likelihood: -68875.7801
nl: 83.5309
nr: 84.0816
sigma_l: 0.7844
sigma_r: 0.8112
beta: 0.4326
Time for calculation: 1.3439
Total log likelihood: -68875.7801
nl: 83.5309
nr: 84.0816
sigma_l: 0.7844
sigma_r: 0.8112
beta: 0.4325
Time for calculation: 1.3463
Total log likelihood: -68875.7804
nl: 83.5309
nr: 84.0611
sigma_l: 0.7844
sigma_r: 0.8112
beta: 0.4326
Time for calculation: 1.3546
Total log likelihood: -68875.7804
nl: 83.5309
nr: 84.0611
sigma_l: 0.7844
sigma_r: 0.8112
beta: 0.4325
Time for calculation: 1.3463
Total log likelihood: -68875.7801
nl: 83.5309
nr: 84.0714
sigma_l: 0.7846
sigma_r: 0.8112
beta: 0.4325
Time for calculation: 1.3509
Total log likelihood: -68875.7803
nl: 83.5309
nr: 84.0714
sigma_l: 0.7844
sigma_r: 0.8112
beta: 0.4325
Time for calculation: 1.3453
Total log likelihood: -68875.7800
nl: 83.5309
nr: 84.0714
sigma_l: 0.7844
sigma_r: 0.8112
beta: 0.4325
Time for calculation: 1.3401
Total log likelihood: -68875.7800
nl: 83.5309
nr: 84.0714
sigma_l: 0.7842
sigma_r: 0.8112
beta: 0.4325
Time for calculation: 1.3464
Total log likelihood: -68875.7803
nl: 83.5309
nr: 84.0714
sigma_l: 0.7845
sigma_r: 0.8113
beta: 0.4325
Time for calculation: 1.3520
Total log likelihood: -68875.7801
nl: 83.5309
nr: 84.0714
sigma_l: 0.7845
sigma_r: 0.8111
beta: 0.4325
Time for calculation: 1.3559
Total log likelihood: -68875.7801
nl: 83.5309
nr: 84.0714
sigma_l: 0.7843
sigma_r: 0.8113
beta: 0.4325
Time for calculation: 1.3740
Total log likelihood: -68875.7801
nl: 83.5309
nr: 84.0714
sigma_l: 0.7843
sigma_r: 0.8111
beta: 0.4325
Time for calculation: 1.3583
Total log likelihood: -68875.7801
nl: 83.5309
nr: 84.0714
sigma_l: 0.7845
sigma_r: 0.8112
beta: 0.4326
Time for calculation: 1.3720
Total log likelihood: -68875.7802
nl: 83.5309
nr: 84.0714
sigma_l: 0.7845
sigma_r: 0.8112
beta: 0.4325
Time for calculation: 1.3526
Total log likelihood: -68875.7803
nl: 83.5309
nr: 84.0714
sigma_l: 0.7843
sigma_r: 0.8112
beta: 0.4326
Time for calculation: 1.3620
Total log likelihood: -68875.7803
nl: 83.5309
nr: 84.0714
sigma_l: 0.7843
sigma_r: 0.8112
beta: 0.4325
Time for calculation: 1.3569
Total log likelihood: -68875.7802
nl: 83.5309
nr: 84.0714
sigma_l: 0.7844
sigma_r: 0.8114
beta: 0.4325
Time for calculation: 1.3721
Total log likelihood: -68875.7803
nl: 83.5309
nr: 84.0714
sigma_l: 0.7844
sigma_r: 0.8112
beta: 0.4325
Time for calculation: 1.3539
Total log likelihood: -68875.7800
nl: 83.5309
nr: 84.0714
sigma_l: 0.7844
sigma_r: 0.8112
beta: 0.4325
Time for calculation: 1.3481
Total log likelihood: -68875.7800
nl: 83.5309
nr: 84.0714
sigma_l: 0.7844
sigma_r: 0.8110
beta: 0.4325
Time for calculation: 1.3456
Total log likelihood: -68875.7803
nl: 83.5309
nr: 84.0714
sigma_l: 0.7844
sigma_r: 0.8113
beta: 0.4326
Time for calculation: 1.3490
Total log likelihood: -68875.7802
nl: 83.5309
nr: 84.0714
sigma_l: 0.7844
sigma_r: 0.8113
beta: 0.4325
Time for calculation: 1.3595
Total log likelihood: -68875.7803
nl: 83.5309
nr: 84.0714
sigma_l: 0.7844
sigma_r: 0.8111
beta: 0.4326
Time for calculation: 1.3400
Total log likelihood: -68875.7803
nl: 83.5309
nr: 84.0714
sigma_l: 0.7844
sigma_r: 0.8111
beta: 0.4325
Time for calculation: 1.3573
Total log likelihood: -68875.7802
nl: 83.5309
nr: 84.0714
sigma_l: 0.7844
sigma_r: 0.8112
beta: 0.4327
Time for calculation: 1.3516
Total log likelihood: -68875.7807
nl: 83.5309
nr: 84.0714
sigma_l: 0.7844
sigma_r: 0.8112
beta: 0.4325
Time for calculation: 1.3431
Total log likelihood: -68875.7800
nl: 83.5309
nr: 84.0714
sigma_l: 0.7844
sigma_r: 0.8112
beta: 0.4325
Time for calculation: 1.3658
Total log likelihood: -68875.7800
nl: 83.5309
nr: 84.0714
sigma_l: 0.7844
sigma_r: 0.8112
beta: 0.4324
Time for calculation: 1.3477
Total log likelihood: -68875.7807
nl: 83.5513
nr: 84.0714
sigma_l: 0.7844
sigma_r: 0.8112
beta: 0.4325
Time for calculation: 1.3352
Total log likelihood: -68875.7802
nl: 83.5309
nr: 84.0714
sigma_l: 0.7844
sigma_r: 0.8112
beta: 0.4325
Time for calculation: 1.3245
Total log likelihood: -68875.7800
nl: 83.5309
nr: 84.0714
sigma_l: 0.7844
sigma_r: 0.8112
beta: 0.4325
Time for calculation: 1.3573
Total log likelihood: -68875.7800
nl: 83.5105
nr: 84.0714
sigma_l: 0.7844
sigma_r: 0.8112
beta: 0.4325
Time for calculation: 1.3356
Total log likelihood: -68875.7802
nl: 83.5411
nr: 84.0816
sigma_l: 0.7844
sigma_r: 0.8112
beta: 0.4325
Time for calculation: 1.3200
Total log likelihood: -68875.7801
nl: 83.5411
nr: 84.0611
sigma_l: 0.7844
sigma_r: 0.8112
beta: 0.4325
Time for calculation: 1.3294
Total log likelihood: -68875.7801
nl: 83.5207
nr: 84.0816
sigma_l: 0.7844
sigma_r: 0.8112
beta: 0.4325
Time for calculation: 1.3145
Total log likelihood: -68875.7801
nl: 83.5207
nr: 84.0611
sigma_l: 0.7844
sigma_r: 0.8112
beta: 0.4325
Time for calculation: 1.3439
Total log likelihood: -68875.7801
nl: 83.5411
nr: 84.0714
sigma_l: 0.7845
sigma_r: 0.8112
beta: 0.4325
Time for calculation: 1.3346
Total log likelihood: -68875.7801
nl: 83.5411
nr: 84.0714
sigma_l: 0.7843
sigma_r: 0.8112
beta: 0.4325
Time for calculation: 1.3151
Total log likelihood: -68875.7801
nl: 83.5207
nr: 84.0714
sigma_l: 0.7845
sigma_r: 0.8112
beta: 0.4325
Time for calculation: 1.3139
Total log likelihood: -68875.7801
nl: 83.5207
nr: 84.0714
sigma_l: 0.7843
sigma_r: 0.8112
beta: 0.4325
Time for calculation: 1.3253
Total log likelihood: -68875.7801
nl: 83.5411
nr: 84.0714
sigma_l: 0.7844
sigma_r: 0.8113
beta: 0.4325
Time for calculation: 1.3519
Total log likelihood: -68875.7802
nl: 83.5411
nr: 84.0714
sigma_l: 0.7844
sigma_r: 0.8111
beta: 0.4325
Time for calculation: 1.3407
Total log likelihood: -68875.7801
nl: 83.5207
nr: 84.0714
sigma_l: 0.7844
sigma_r: 0.8113
beta: 0.4325
Time for calculation: 1.3284
Total log likelihood: -68875.7801
nl: 83.5207
nr: 84.0714
sigma_l: 0.7844
sigma_r: 0.8111
beta: 0.4325
Time for calculation: 1.3285
Total log likelihood: -68875.7802
nl: 83.5411
nr: 84.0714
sigma_l: 0.7844
sigma_r: 0.8112
beta: 0.4326
Time for calculation: 1.3199
Total log likelihood: -68875.7801
nl: 83.5411
nr: 84.0714
sigma_l: 0.7844
sigma_r: 0.8112
beta: 0.4325
Time for calculation: 1.3294
Total log likelihood: -68875.7804
nl: 83.5207
nr: 84.0714
sigma_l: 0.7844
sigma_r: 0.8112
beta: 0.4326
Time for calculation: 1.3400
Total log likelihood: -68875.7804
nl: 83.5207
nr: 84.0714
sigma_l: 0.7844
sigma_r: 0.8112
beta: 0.4325
Time for calculation: 1.3237
Total log likelihood: -68875.7801
nl: 83.5309
nr: 84.0919
sigma_l: 0.7844
sigma_r: 0.8112
beta: 0.4325
Time for calculation: 1.3328
Total log likelihood: -68875.7803
nl: 83.5309
nr: 84.0714
sigma_l: 0.7844
sigma_r: 0.8112
beta: 0.4325
Time for calculation: 1.3448
Total log likelihood: -68875.7800
nl: 83.5309
nr: 84.0714
sigma_l: 0.7844
sigma_r: 0.8112
beta: 0.4325
Time for calculation: 1.3169
Total log likelihood: -68875.7800
nl: 83.5309
nr: 84.0508
sigma_l: 0.7844
sigma_r: 0.8112
beta: 0.4325
Time for calculation: 1.3299
Total log likelihood: -68875.7803
nl: 83.5309
nr: 84.0816
sigma_l: 0.7845
sigma_r: 0.8112
beta: 0.4325
Time for calculation: 1.3682
Total log likelihood: -68875.7802
nl: 83.5309
nr: 84.0816
sigma_l: 0.7843
sigma_r: 0.8112
beta: 0.4325
Time for calculation: 1.3190
Total log likelihood: -68875.7801
nl: 83.5309
nr: 84.0611
sigma_l: 0.7845
sigma_r: 0.8112
beta: 0.4325
Time for calculation: 1.3711
Total log likelihood: -68875.7801
nl: 83.5309
nr: 84.0611
sigma_l: 0.7843
sigma_r: 0.8112
beta: 0.4325
Time for calculation: 1.3374
Total log likelihood: -68875.7802
nl: 83.5309
nr: 84.0816
sigma_l: 0.7844
sigma_r: 0.8113
beta: 0.4325
Time for calculation: 1.3433
Total log likelihood: -68875.7801
nl: 83.5309
nr: 84.0816
sigma_l: 0.7844
sigma_r: 0.8111
beta: 0.4325
Time for calculation: 1.3267
Total log likelihood: -68875.7801
nl: 83.5309
nr: 84.0611
sigma_l: 0.7844
sigma_r: 0.8113
beta: 0.4325
Time for calculation: 1.3228
Total log likelihood: -68875.7801
nl: 83.5309
nr: 84.0611
sigma_l: 0.7844
sigma_r: 0.8111
beta: 0.4325
Time for calculation: 1.3165
Total log likelihood: -68875.7801
nl: 83.5309
nr: 84.0816
sigma_l: 0.7844
sigma_r: 0.8112
beta: 0.4326
Time for calculation: 1.3609
Total log likelihood: -68875.7801
nl: 83.5309
nr: 84.0816
sigma_l: 0.7844
sigma_r: 0.8112
beta: 0.4325
Time for calculation: 1.3306
Total log likelihood: -68875.7804
nl: 83.5309
nr: 84.0611
sigma_l: 0.7844
sigma_r: 0.8112
beta: 0.4326
Time for calculation: 1.3267
Total log likelihood: -68875.7804
nl: 83.5309
nr: 84.0611
sigma_l: 0.7844
sigma_r: 0.8112
beta: 0.4325
Time for calculation: 1.3287
Total log likelihood: -68875.7801
nl: 83.5309
nr: 84.0714
sigma_l: 0.7846
sigma_r: 0.8112
beta: 0.4325
Time for calculation: 1.3458
Total log likelihood: -68875.7803
nl: 83.5309
nr: 84.0714
sigma_l: 0.7844
sigma_r: 0.8112
beta: 0.4325
Time for calculation: 1.3350
Total log likelihood: -68875.7800
nl: 83.5309
nr: 84.0714
sigma_l: 0.7844
sigma_r: 0.8112
beta: 0.4325
Time for calculation: 1.3366
Total log likelihood: -68875.7800
nl: 83.5309
nr: 84.0714
sigma_l: 0.7842
sigma_r: 0.8112
beta: 0.4325
Time for calculation: 1.3352
Total log likelihood: -68875.7803
nl: 83.5309
nr: 84.0714
sigma_l: 0.7845
sigma_r: 0.8113
beta: 0.4325
Time for calculation: 1.3726
Total log likelihood: -68875.7801
nl: 83.5309
nr: 84.0714
sigma_l: 0.7845
sigma_r: 0.8111
beta: 0.4325
Time for calculation: 1.3272
Total log likelihood: -68875.7801
nl: 83.5309
nr: 84.0714
sigma_l: 0.7843
sigma_r: 0.8113
beta: 0.4325
Time for calculation: 1.3478
Total log likelihood: -68875.7801
nl: 83.5309
nr: 84.0714
sigma_l: 0.7843
sigma_r: 0.8111
beta: 0.4325
Time for calculation: 1.3262
Total log likelihood: -68875.7801
nl: 83.5309
nr: 84.0714
sigma_l: 0.7845
sigma_r: 0.8112
beta: 0.4326
Time for calculation: 1.3427
Total log likelihood: -68875.7802
nl: 83.5309
nr: 84.0714
sigma_l: 0.7845
sigma_r: 0.8112
beta: 0.4325
Time for calculation: 1.3414
Total log likelihood: -68875.7803
nl: 83.5309
nr: 84.0714
sigma_l: 0.7843
sigma_r: 0.8112
beta: 0.4326
Time for calculation: 1.3171
Total log likelihood: -68875.7803
nl: 83.5309
nr: 84.0714
sigma_l: 0.7843
sigma_r: 0.8112
beta: 0.4325
Time for calculation: 1.3357
Total log likelihood: -68875.7802
nl: 83.5309
nr: 84.0714
sigma_l: 0.7844
sigma_r: 0.8114
beta: 0.4325
Time for calculation: 1.3312
Total log likelihood: -68875.7803
nl: 83.5309
nr: 84.0714
sigma_l: 0.7844
sigma_r: 0.8112
beta: 0.4325
Time for calculation: 1.3213
Total log likelihood: -68875.7800
nl: 83.5309
nr: 84.0714
sigma_l: 0.7844
sigma_r: 0.8112
beta: 0.4325
Time for calculation: 1.3193
Total log likelihood: -68875.7800
nl: 83.5309
nr: 84.0714
sigma_l: 0.7844
sigma_r: 0.8110
beta: 0.4325
Time for calculation: 1.3481
Total log likelihood: -68875.7803
nl: 83.5309
nr: 84.0714
sigma_l: 0.7844
sigma_r: 0.8113
beta: 0.4326
Time for calculation: 1.3637
Total log likelihood: -68875.7802
nl: 83.5309
nr: 84.0714
sigma_l: 0.7844
sigma_r: 0.8113
beta: 0.4325
Time for calculation: 1.3296
Total log likelihood: -68875.7803
nl: 83.5309
nr: 84.0714
sigma_l: 0.7844
sigma_r: 0.8111
beta: 0.4326
Time for calculation: 1.3412
Total log likelihood: -68875.7803
nl: 83.5309
nr: 84.0714
sigma_l: 0.7844
sigma_r: 0.8111
beta: 0.4325
Time for calculation: 1.3332
Total log likelihood: -68875.7802
nl: 83.5309
nr: 84.0714
sigma_l: 0.7844
sigma_r: 0.8112
beta: 0.4327
Time for calculation: 1.3429
Total log likelihood: -68875.7807
nl: 83.5309
nr: 84.0714
sigma_l: 0.7844
sigma_r: 0.8112
beta: 0.4325
Time for calculation: 1.3334
Total log likelihood: -68875.7800
nl: 83.5309
nr: 84.0714
sigma_l: 0.7844
sigma_r: 0.8112
beta: 0.4325
Time for calculation: 1.3183
Total log likelihood: -68875.7800
nl: 83.5309
nr: 84.0714
sigma_l: 0.7844
sigma_r: 0.8112
beta: 0.4324
Time for calculation: 1.3531
Total log likelihood: -68875.7807
[[ 1.          0.9818336  -0.23182191 -0.29281332  0.98883875]
 [ 0.9818336   1.         -0.28450418 -0.23604592  0.990254  ]
 [-0.23182191 -0.28450418  1.          0.07029663 -0.24069314]
 [-0.29281332 -0.23604592  0.07029663  1.         -0.24340316]
 [ 0.98883875  0.990254   -0.24069314 -0.24340316  1.        ]]
nl: 83.5309
nr: 84.0714
sigma_l: 0.7844
sigma_r: 0.8112
beta: 0.4325
Time for calculation: 1.3480
Total log likelihood: -68875.7800
                          MLE_Estim_Barrier Results                           
==============================================================================
Dep. Variable:                      y   Log-Likelihood:                -68876.
Model:              MLE_Estim_Barrier   AIC:                         1.378e+05
Method:            Maximum Likelihood   BIC:                         1.378e+05
Date:                Mon, 29 May 2023                                         
Time:                        18:11:39                                         
No. Observations:                 276                                         
Df Residuals:                     275                                         
Df Model:                           0                                         
==============================================================================
                 coef    std err          z      P>|z|      [0.025      0.975]
------------------------------------------------------------------------------
const         83.5309      7.172     11.647      0.000      69.474      97.588
par0          84.0714      7.213     11.655      0.000      69.933      98.209
par1           0.7844      0.009     83.565      0.000       0.766       0.803
par2           0.8112      0.010     84.479      0.000       0.792       0.830
par3           0.4325      0.026     16.342      0.000       0.381       0.484
==============================================================================

MLE Estimates:
Parameter 0: 83.530909
Parameter 1: 84.071371
Parameter 2: 0.784436
Parameter 3: 0.811173
Parameter 4: 0.432548
Saving Results to: /mnt/archgen/users/hringbauer/git/IBD-Analysis/ibd_analysis/blocksim/output/varyNe/scenario8/data_set_nr_15.tsv
[[83.53090905 69.47381465 97.58800344]
 [84.07137072 69.93328615 98.2094553 ]
 [ 0.78443641  0.76603795  0.80283488]
 [ 0.81117275  0.79235305  0.82999245]
 [ 0.43254806  0.38067014  0.48442597]]
Results have been successfully saved.
Run Complete. GOOD JOB!
Finished IBD simulation and estimation. Good Job!
Simulation Finished!
