Running Task 205
bionode46
/mnt/archgen/users/hringbauer/git/IBD-Analysis/ibd_analysis/blocksim
CPU Count: 32
Doing Complete Simulation run...
Loaded migration Matrix type: isotropic
Runtime Migration Matrix: 2.4157 
Size of Migration Matrix: 246016
Doing Pre-Calculations for cumulative Sums
Nr of total entries in precalculated cum-sums:
1228096
Runtime Pre-Calculations: 45.8621
Gridsize: 200
Loaded migration Matrix type: isotropic
Runtime Migration Matrix: 0.3849 
Size of Migration Matrix: 40000
Doing Pre-Calculations for cumulative Sums
Nr of total entries in precalculated cum-sums:
516004
Runtime Pre-Calculations: 7.4827
Simulated Sigmas: 
[0.8 0.8]
Simulated Initial Deme Ne: 
[100 100]
Simulated Beta:
0.5
Simulated Barrier Position: 100
Nr. Samples set: 240
Doing step: 0/500
IIDs left: 100
IIDs right: 100
Doing step: 1/500
IIDs left: 71
IIDs right: 71
Doing step: 2/500
IIDs left: 58
IIDs right: 58
Doing step: 3/500
IIDs left: 50
IIDs right: 50
Doing step: 4/500
IIDs left: 45
IIDs right: 45
Doing step: 5/500
IIDs left: 41
IIDs right: 41
Doing step: 6/500
IIDs left: 38
IIDs right: 38
Doing step: 7/500
IIDs left: 35
IIDs right: 35
Doing step: 8/500
IIDs left: 33
IIDs right: 33
Doing step: 9/500
IIDs left: 32
IIDs right: 32
Doing step: 10/500
IIDs left: 30
IIDs right: 30
Doing step: 11/500
IIDs left: 29
IIDs right: 29
Doing step: 12/500
IIDs left: 28
IIDs right: 28
Doing step: 13/500
IIDs left: 27
IIDs right: 27
Doing step: 14/500
IIDs left: 26
IIDs right: 26
Doing step: 15/500
IIDs left: 25
IIDs right: 25
Doing step: 16/500
IIDs left: 24
IIDs right: 24
Doing step: 17/500
IIDs left: 24
IIDs right: 24
Doing step: 18/500
IIDs left: 23
IIDs right: 23
Doing step: 19/500
IIDs left: 22
IIDs right: 22
Doing step: 20/500
IIDs left: 22
IIDs right: 22
Doing step: 21/500
IIDs left: 21
IIDs right: 21
Doing step: 22/500
IIDs left: 21
IIDs right: 21
Doing step: 23/500
IIDs left: 20
IIDs right: 20
Doing step: 24/500
IIDs left: 20
IIDs right: 20
Doing step: 25/500
IIDs left: 20
IIDs right: 20
Doing step: 26/500
IIDs left: 19
IIDs right: 19
Doing step: 27/500
IIDs left: 19
IIDs right: 19
Doing step: 28/500
IIDs left: 19
IIDs right: 19
Doing step: 29/500
IIDs left: 18
IIDs right: 18
Doing step: 30/500
IIDs left: 18
IIDs right: 18
Doing step: 31/500
IIDs left: 18
IIDs right: 18
Doing step: 32/500
IIDs left: 17
IIDs right: 17
Doing step: 33/500
IIDs left: 17
IIDs right: 17
Doing step: 34/500
IIDs left: 17
IIDs right: 17
Doing step: 35/500
IIDs left: 17
IIDs right: 17
Doing step: 36/500
IIDs left: 16
IIDs right: 16
Doing step: 37/500
IIDs left: 16
IIDs right: 16
Doing step: 38/500
IIDs left: 16
IIDs right: 16
Doing step: 39/500
IIDs left: 16
IIDs right: 16
Doing step: 40/500
IIDs left: 16
IIDs right: 16
Doing step: 41/500
IIDs left: 15
IIDs right: 15
Doing step: 42/500
IIDs left: 15
IIDs right: 15
Doing step: 43/500
IIDs left: 15
IIDs right: 15
Doing step: 44/500
IIDs left: 15
IIDs right: 15
Doing step: 45/500
IIDs left: 15
IIDs right: 15
Doing step: 46/500
IIDs left: 15
IIDs right: 15
Doing step: 47/500
IIDs left: 14
IIDs right: 14
Doing step: 48/500
IIDs left: 14
IIDs right: 14
Doing step: 49/500
IIDs left: 14
IIDs right: 14
Doing step: 50/500
IIDs left: 14
IIDs right: 14
Doing step: 51/500
IIDs left: 14
IIDs right: 14
Doing step: 52/500
IIDs left: 14
IIDs right: 14
Doing step: 53/500
IIDs left: 14
IIDs right: 14
Doing step: 54/500
IIDs left: 13
IIDs right: 13
Doing step: 55/500
IIDs left: 13
IIDs right: 13
Doing step: 56/500
IIDs left: 13
IIDs right: 13
Doing step: 57/500
IIDs left: 13
IIDs right: 13
Doing step: 58/500
IIDs left: 13
IIDs right: 13
Doing step: 59/500
IIDs left: 13
IIDs right: 13
Doing step: 60/500
IIDs left: 13
IIDs right: 13
Doing step: 61/500
IIDs left: 13
IIDs right: 13
Doing step: 62/500
IIDs left: 13
IIDs right: 13
Doing step: 63/500
IIDs left: 12
IIDs right: 12
Doing step: 64/500
IIDs left: 12
IIDs right: 12
Doing step: 65/500
IIDs left: 12
IIDs right: 12
Doing step: 66/500
IIDs left: 12
IIDs right: 12
Doing step: 67/500
IIDs left: 12
IIDs right: 12
Doing step: 68/500
IIDs left: 12
IIDs right: 12
Doing step: 69/500
IIDs left: 12
IIDs right: 12
Doing step: 70/500
IIDs left: 12
IIDs right: 12
Doing step: 71/500
IIDs left: 12
IIDs right: 12
Doing step: 72/500
IIDs left: 12
IIDs right: 12
Doing step: 73/500
IIDs left: 12
IIDs right: 12
Doing step: 74/500
IIDs left: 12
IIDs right: 12
Doing step: 75/500
IIDs left: 11
IIDs right: 11
Doing step: 76/500
IIDs left: 11
IIDs right: 11
Doing step: 77/500
IIDs left: 11
IIDs right: 11
Doing step: 78/500
IIDs left: 11
IIDs right: 11
Doing step: 79/500
IIDs left: 11
IIDs right: 11
Doing step: 80/500
IIDs left: 11
IIDs right: 11
Doing step: 81/500
IIDs left: 11
IIDs right: 11
Doing step: 82/500
IIDs left: 11
IIDs right: 11
Doing step: 83/500
IIDs left: 11
IIDs right: 11
Doing step: 84/500
IIDs left: 11
IIDs right: 11
Doing step: 85/500
IIDs left: 11
IIDs right: 11
Doing step: 86/500
IIDs left: 11
IIDs right: 11
Doing step: 87/500
IIDs left: 11
IIDs right: 11
Doing step: 88/500
IIDs left: 11
IIDs right: 11
Doing step: 89/500
IIDs left: 11
IIDs right: 11
Doing step: 90/500
IIDs left: 10
IIDs right: 10
Doing step: 91/500
IIDs left: 10
IIDs right: 10
Doing step: 92/500
IIDs left: 10
IIDs right: 10
Doing step: 93/500
IIDs left: 10
IIDs right: 10
Doing step: 94/500
IIDs left: 10
IIDs right: 10
Doing step: 95/500
IIDs left: 10
IIDs right: 10
Doing step: 96/500
IIDs left: 10
IIDs right: 10
Doing step: 97/500
IIDs left: 10
IIDs right: 10
Doing step: 98/500
IIDs left: 10
IIDs right: 10
Doing step: 99/500
IIDs left: 10
IIDs right: 10
Doing step: 100/500
IIDs left: 10
IIDs right: 10
Doing step: 101/500
IIDs left: 10
IIDs right: 10
Doing step: 102/500
IIDs left: 10
IIDs right: 10
Doing step: 103/500
IIDs left: 10
IIDs right: 10
Doing step: 104/500
IIDs left: 10
IIDs right: 10
Doing step: 105/500
IIDs left: 10
IIDs right: 10
Doing step: 106/500
IIDs left: 10
IIDs right: 10
Doing step: 107/500
IIDs left: 10
IIDs right: 10
Doing step: 108/500
IIDs left: 10
IIDs right: 10
Doing step: 109/500
IIDs left: 10
IIDs right: 10
Doing step: 110/500
IIDs left: 9
IIDs right: 9
Doing step: 111/500
IIDs left: 9
IIDs right: 9
Doing step: 112/500
IIDs left: 9
IIDs right: 9
Doing step: 113/500
IIDs left: 9
IIDs right: 9
Doing step: 114/500
IIDs left: 9
IIDs right: 9
Doing step: 115/500
IIDs left: 9
IIDs right: 9
Doing step: 116/500
IIDs left: 9
IIDs right: 9
Doing step: 117/500
IIDs left: 9
IIDs right: 9
Doing step: 118/500
IIDs left: 9
IIDs right: 9
Doing step: 119/500
IIDs left: 9
IIDs right: 9
Doing step: 120/500
IIDs left: 9
IIDs right: 9
Doing step: 121/500
IIDs left: 9
IIDs right: 9
Doing step: 122/500
IIDs left: 9
IIDs right: 9
Doing step: 123/500
IIDs left: 9
IIDs right: 9
Doing step: 124/500
IIDs left: 9
IIDs right: 9
Doing step: 125/500
IIDs left: 9
IIDs right: 9
Doing step: 126/500
IIDs left: 9
IIDs right: 9
Doing step: 127/500
IIDs left: 9
IIDs right: 9
Doing step: 128/500
IIDs left: 9
IIDs right: 9
Doing step: 129/500
IIDs left: 9
IIDs right: 9
Doing step: 130/500
IIDs left: 9
IIDs right: 9
Doing step: 131/500
IIDs left: 9
IIDs right: 9
Doing step: 132/500
IIDs left: 9
IIDs right: 9
Doing step: 133/500
IIDs left: 9
IIDs right: 9
Doing step: 134/500
IIDs left: 9
IIDs right: 9
Doing step: 135/500
IIDs left: 9
IIDs right: 9
Doing step: 136/500
IIDs left: 9
IIDs right: 9
Doing step: 137/500
IIDs left: 9
IIDs right: 9
Doing step: 138/500
IIDs left: 8
IIDs right: 8
Doing step: 139/500
IIDs left: 8
IIDs right: 8
Doing step: 140/500
IIDs left: 8
IIDs right: 8
Doing step: 141/500
IIDs left: 8
IIDs right: 8
Doing step: 142/500
IIDs left: 8
IIDs right: 8
Doing step: 143/500
IIDs left: 8
IIDs right: 8
Doing step: 144/500
IIDs left: 8
IIDs right: 8
Doing step: 145/500
IIDs left: 8
IIDs right: 8
Doing step: 146/500
IIDs left: 8
IIDs right: 8
Doing step: 147/500
IIDs left: 8
IIDs right: 8
Doing step: 148/500
IIDs left: 8
IIDs right: 8
Doing step: 149/500
IIDs left: 8
IIDs right: 8
Doing step: 150/500
IIDs left: 8
IIDs right: 8
Doing step: 151/500
IIDs left: 8
IIDs right: 8
Doing step: 152/500
IIDs left: 8
IIDs right: 8
Doing step: 153/500
IIDs left: 8
IIDs right: 8
Doing step: 154/500
IIDs left: 8
IIDs right: 8
Doing step: 155/500
IIDs left: 8
IIDs right: 8
Doing step: 156/500
IIDs left: 8
IIDs right: 8
Doing step: 157/500
IIDs left: 8
IIDs right: 8
Doing step: 158/500
IIDs left: 8
IIDs right: 8
Doing step: 159/500
IIDs left: 8
IIDs right: 8
Doing step: 160/500
IIDs left: 8
IIDs right: 8
Doing step: 161/500
IIDs left: 8
IIDs right: 8
Doing step: 162/500
IIDs left: 8
IIDs right: 8
Doing step: 163/500
IIDs left: 8
IIDs right: 8
Doing step: 164/500
IIDs left: 8
IIDs right: 8
Doing step: 165/500
IIDs left: 8
IIDs right: 8
Doing step: 166/500
IIDs left: 8
IIDs right: 8
Doing step: 167/500
IIDs left: 8
IIDs right: 8
Doing step: 168/500
IIDs left: 8
IIDs right: 8
Doing step: 169/500
IIDs left: 8
IIDs right: 8
Doing step: 170/500
IIDs left: 8
IIDs right: 8
Doing step: 171/500
IIDs left: 8
IIDs right: 8
Doing step: 172/500
IIDs left: 8
IIDs right: 8
Doing step: 173/500
IIDs left: 8
IIDs right: 8
Doing step: 174/500
IIDs left: 8
IIDs right: 8
Doing step: 175/500
IIDs left: 8
IIDs right: 8
Doing step: 176/500
IIDs left: 8
IIDs right: 8
Doing step: 177/500
IIDs left: 7
IIDs right: 7
Doing step: 178/500
IIDs left: 7
IIDs right: 7
Doing step: 179/500
IIDs left: 7
IIDs right: 7
Doing step: 180/500
IIDs left: 7
IIDs right: 7
Doing step: 181/500
IIDs left: 7
IIDs right: 7
Doing step: 182/500
IIDs left: 7
IIDs right: 7
Doing step: 183/500
IIDs left: 7
IIDs right: 7
Doing step: 184/500
IIDs left: 7
IIDs right: 7
Doing step: 185/500
IIDs left: 7
IIDs right: 7
Doing step: 186/500
IIDs left: 7
IIDs right: 7
Doing step: 187/500
IIDs left: 7
IIDs right: 7
Doing step: 188/500
IIDs left: 7
IIDs right: 7
Doing step: 189/500
IIDs left: 7
IIDs right: 7
Doing step: 190/500
IIDs left: 7
IIDs right: 7
Doing step: 191/500
IIDs left: 7
IIDs right: 7
Doing step: 192/500
IIDs left: 7
IIDs right: 7
Doing step: 193/500
IIDs left: 7
IIDs right: 7
Doing step: 194/500
IIDs left: 7
IIDs right: 7
Doing step: 195/500
IIDs left: 7
IIDs right: 7
Doing step: 196/500
IIDs left: 7
IIDs right: 7
Doing step: 197/500
IIDs left: 7
IIDs right: 7
Doing step: 198/500
IIDs left: 7
IIDs right: 7
Doing step: 199/500
IIDs left: 7
IIDs right: 7
Doing step: 200/500
IIDs left: 7
IIDs right: 7
Doing step: 201/500
IIDs left: 7
IIDs right: 7
Doing step: 202/500
IIDs left: 7
IIDs right: 7
Doing step: 203/500
IIDs left: 7
IIDs right: 7
Doing step: 204/500
IIDs left: 7
IIDs right: 7
Doing step: 205/500
IIDs left: 7
IIDs right: 7
Doing step: 206/500
IIDs left: 7
IIDs right: 7
Doing step: 207/500
IIDs left: 7
IIDs right: 7
Doing step: 208/500
IIDs left: 7
IIDs right: 7
Doing step: 209/500
IIDs left: 7
IIDs right: 7
Doing step: 210/500
IIDs left: 7
IIDs right: 7
Doing step: 211/500
IIDs left: 7
IIDs right: 7
Doing step: 212/500
IIDs left: 7
IIDs right: 7
Doing step: 213/500
IIDs left: 7
IIDs right: 7
Doing step: 214/500
IIDs left: 7
IIDs right: 7
Doing step: 215/500
IIDs left: 7
IIDs right: 7
Doing step: 216/500
IIDs left: 7
IIDs right: 7
Doing step: 217/500
IIDs left: 7
IIDs right: 7
Doing step: 218/500
IIDs left: 7
IIDs right: 7
Doing step: 219/500
IIDs left: 7
IIDs right: 7
Doing step: 220/500
IIDs left: 7
IIDs right: 7
Doing step: 221/500
IIDs left: 7
IIDs right: 7
Doing step: 222/500
IIDs left: 7
IIDs right: 7
Doing step: 223/500
IIDs left: 7
IIDs right: 7
Doing step: 224/500
IIDs left: 7
IIDs right: 7
Doing step: 225/500
IIDs left: 7
IIDs right: 7
Doing step: 226/500
IIDs left: 7
IIDs right: 7
Doing step: 227/500
IIDs left: 7
IIDs right: 7
Doing step: 228/500
IIDs left: 7
IIDs right: 7
Doing step: 229/500
IIDs left: 7
IIDs right: 7
Doing step: 230/500
IIDs left: 7
IIDs right: 7
Doing step: 231/500
IIDs left: 7
IIDs right: 7
Doing step: 232/500
IIDs left: 7
IIDs right: 7
Doing step: 233/500
IIDs left: 7
IIDs right: 7
Doing step: 234/500
IIDs left: 7
IIDs right: 7
Doing step: 235/500
IIDs left: 7
IIDs right: 7
Doing step: 236/500
IIDs left: 6
IIDs right: 6
Doing step: 237/500
IIDs left: 6
IIDs right: 6
Doing step: 238/500
IIDs left: 6
IIDs right: 6
Doing step: 239/500
IIDs left: 6
IIDs right: 6
Doing step: 240/500
IIDs left: 6
IIDs right: 6
Doing step: 241/500
IIDs left: 6
IIDs right: 6
Doing step: 242/500
IIDs left: 6
IIDs right: 6
Doing step: 243/500
IIDs left: 6
IIDs right: 6
Doing step: 244/500
IIDs left: 6
IIDs right: 6
Doing step: 245/500
IIDs left: 6
IIDs right: 6
Doing step: 246/500
IIDs left: 6
IIDs right: 6
Doing step: 247/500
IIDs left: 6
IIDs right: 6
Doing step: 248/500
IIDs left: 6
IIDs right: 6
Doing step: 249/500
IIDs left: 6
IIDs right: 6
Doing step: 250/500
IIDs left: 6
IIDs right: 6
Doing step: 251/500
IIDs left: 6
IIDs right: 6
Doing step: 252/500
IIDs left: 6
IIDs right: 6
Doing step: 253/500
IIDs left: 6
IIDs right: 6
Doing step: 254/500
IIDs left: 6
IIDs right: 6
Doing step: 255/500
IIDs left: 6
IIDs right: 6
Doing step: 256/500
IIDs left: 6
IIDs right: 6
Doing step: 257/500
IIDs left: 6
IIDs right: 6
Doing step: 258/500
IIDs left: 6
IIDs right: 6
Doing step: 259/500
IIDs left: 6
IIDs right: 6
Doing step: 260/500
IIDs left: 6
IIDs right: 6
Doing step: 261/500
IIDs left: 6
IIDs right: 6
Doing step: 262/500
IIDs left: 6
IIDs right: 6
Doing step: 263/500
IIDs left: 6
IIDs right: 6
Doing step: 264/500
IIDs left: 6
IIDs right: 6
Doing step: 265/500
IIDs left: 6
IIDs right: 6
Doing step: 266/500
IIDs left: 6
IIDs right: 6
Doing step: 267/500
IIDs left: 6
IIDs right: 6
Doing step: 268/500
IIDs left: 6
IIDs right: 6
Doing step: 269/500
IIDs left: 6
IIDs right: 6
Doing step: 270/500
IIDs left: 6
IIDs right: 6
Doing step: 271/500
IIDs left: 6
IIDs right: 6
Doing step: 272/500
IIDs left: 6
IIDs right: 6
Doing step: 273/500
IIDs left: 6
IIDs right: 6
Doing step: 274/500
IIDs left: 6
IIDs right: 6
Doing step: 275/500
IIDs left: 6
IIDs right: 6
Doing step: 276/500
IIDs left: 6
IIDs right: 6
Doing step: 277/500
IIDs left: 6
IIDs right: 6
Doing step: 278/500
IIDs left: 6
IIDs right: 6
Doing step: 279/500
IIDs left: 6
IIDs right: 6
Doing step: 280/500
IIDs left: 6
IIDs right: 6
Doing step: 281/500
IIDs left: 6
IIDs right: 6
Doing step: 282/500
IIDs left: 6
IIDs right: 6
Doing step: 283/500
IIDs left: 6
IIDs right: 6
Doing step: 284/500
IIDs left: 6
IIDs right: 6
Doing step: 285/500
IIDs left: 6
IIDs right: 6
Doing step: 286/500
IIDs left: 6
IIDs right: 6
Doing step: 287/500
IIDs left: 6
IIDs right: 6
Doing step: 288/500
IIDs left: 6
IIDs right: 6
Doing step: 289/500
IIDs left: 6
IIDs right: 6
Doing step: 290/500
IIDs left: 6
IIDs right: 6
Doing step: 291/500
IIDs left: 6
IIDs right: 6
Doing step: 292/500
IIDs left: 6
IIDs right: 6
Doing step: 293/500
IIDs left: 6
IIDs right: 6
Doing step: 294/500
IIDs left: 6
IIDs right: 6
Doing step: 295/500
IIDs left: 6
IIDs right: 6
Doing step: 296/500
IIDs left: 6
IIDs right: 6
Doing step: 297/500
IIDs left: 6
IIDs right: 6
Doing step: 298/500
IIDs left: 6
IIDs right: 6
Doing step: 299/500
IIDs left: 6
IIDs right: 6
Doing step: 300/500
IIDs left: 6
IIDs right: 6
Doing step: 301/500
IIDs left: 6
IIDs right: 6
Doing step: 302/500
IIDs left: 6
IIDs right: 6
Doing step: 303/500
IIDs left: 6
IIDs right: 6
Doing step: 304/500
IIDs left: 6
IIDs right: 6
Doing step: 305/500
IIDs left: 6
IIDs right: 6
Doing step: 306/500
IIDs left: 6
IIDs right: 6
Doing step: 307/500
IIDs left: 6
IIDs right: 6
Doing step: 308/500
IIDs left: 6
IIDs right: 6
Doing step: 309/500
IIDs left: 6
IIDs right: 6
Doing step: 310/500
IIDs left: 6
IIDs right: 6
Doing step: 311/500
IIDs left: 6
IIDs right: 6
Doing step: 312/500
IIDs left: 6
IIDs right: 6
Doing step: 313/500
IIDs left: 6
IIDs right: 6
Doing step: 314/500
IIDs left: 6
IIDs right: 6
Doing step: 315/500
IIDs left: 6
IIDs right: 6
Doing step: 316/500
IIDs left: 6
IIDs right: 6
Doing step: 317/500
IIDs left: 6
IIDs right: 6
Doing step: 318/500
IIDs left: 6
IIDs right: 6
Doing step: 319/500
IIDs left: 6
IIDs right: 6
Doing step: 320/500
IIDs left: 6
IIDs right: 6
Doing step: 321/500
IIDs left: 6
IIDs right: 6
Doing step: 322/500
IIDs left: 6
IIDs right: 6
Doing step: 323/500
IIDs left: 6
IIDs right: 6
Doing step: 324/500
IIDs left: 6
IIDs right: 6
Doing step: 325/500
IIDs left: 6
IIDs right: 6
Doing step: 326/500
IIDs left: 6
IIDs right: 6
Doing step: 327/500
IIDs left: 6
IIDs right: 6
Doing step: 328/500
IIDs left: 6
IIDs right: 6
Doing step: 329/500
IIDs left: 6
IIDs right: 6
Doing step: 330/500
IIDs left: 5
IIDs right: 5
Doing step: 331/500
IIDs left: 5
IIDs right: 5
Doing step: 332/500
IIDs left: 5
IIDs right: 5
Doing step: 333/500
IIDs left: 5
IIDs right: 5
Doing step: 334/500
IIDs left: 5
IIDs right: 5
Doing step: 335/500
IIDs left: 5
IIDs right: 5
Doing step: 336/500
IIDs left: 5
IIDs right: 5
Doing step: 337/500
IIDs left: 5
IIDs right: 5
Doing step: 338/500
IIDs left: 5
IIDs right: 5
Doing step: 339/500
IIDs left: 5
IIDs right: 5
Doing step: 340/500
IIDs left: 5
IIDs right: 5
Doing step: 341/500
IIDs left: 5
IIDs right: 5
Doing step: 342/500
IIDs left: 5
IIDs right: 5
Doing step: 343/500
IIDs left: 5
IIDs right: 5
Doing step: 344/500
IIDs left: 5
IIDs right: 5
Doing step: 345/500
IIDs left: 5
IIDs right: 5
Doing step: 346/500
IIDs left: 5
IIDs right: 5
Doing step: 347/500
IIDs left: 5
IIDs right: 5
Doing step: 348/500
IIDs left: 5
IIDs right: 5
Doing step: 349/500
IIDs left: 5
IIDs right: 5
Doing step: 350/500
IIDs left: 5
IIDs right: 5
Doing step: 351/500
IIDs left: 5
IIDs right: 5
Doing step: 352/500
IIDs left: 5
IIDs right: 5
Doing step: 353/500
IIDs left: 5
IIDs right: 5
Doing step: 354/500
IIDs left: 5
IIDs right: 5
Doing step: 355/500
IIDs left: 5
IIDs right: 5
Doing step: 356/500
IIDs left: 5
IIDs right: 5
Doing step: 357/500
IIDs left: 5
IIDs right: 5
Doing step: 358/500
IIDs left: 5
IIDs right: 5
Doing step: 359/500
IIDs left: 5
IIDs right: 5
Doing step: 360/500
IIDs left: 5
IIDs right: 5
Doing step: 361/500
IIDs left: 5
IIDs right: 5
Doing step: 362/500
IIDs left: 5
IIDs right: 5
Doing step: 363/500
IIDs left: 5
IIDs right: 5
Doing step: 364/500
IIDs left: 5
IIDs right: 5
Doing step: 365/500
IIDs left: 5
IIDs right: 5
Doing step: 366/500
IIDs left: 5
IIDs right: 5
Doing step: 367/500
IIDs left: 5
IIDs right: 5
Doing step: 368/500
IIDs left: 5
IIDs right: 5
Doing step: 369/500
IIDs left: 5
IIDs right: 5
Doing step: 370/500
IIDs left: 5
IIDs right: 5
Doing step: 371/500
IIDs left: 5
IIDs right: 5
Doing step: 372/500
IIDs left: 5
IIDs right: 5
Doing step: 373/500
IIDs left: 5
IIDs right: 5
Doing step: 374/500
IIDs left: 5
IIDs right: 5
Doing step: 375/500
IIDs left: 5
IIDs right: 5
Doing step: 376/500
IIDs left: 5
IIDs right: 5
Doing step: 377/500
IIDs left: 5
IIDs right: 5
Doing step: 378/500
IIDs left: 5
IIDs right: 5
Doing step: 379/500
IIDs left: 5
IIDs right: 5
Doing step: 380/500
IIDs left: 5
IIDs right: 5
Doing step: 381/500
IIDs left: 5
IIDs right: 5
Doing step: 382/500
IIDs left: 5
IIDs right: 5
Doing step: 383/500
IIDs left: 5
IIDs right: 5
Doing step: 384/500
IIDs left: 5
IIDs right: 5
Doing step: 385/500
IIDs left: 5
IIDs right: 5
Doing step: 386/500
IIDs left: 5
IIDs right: 5
Doing step: 387/500
IIDs left: 5
IIDs right: 5
Doing step: 388/500
IIDs left: 5
IIDs right: 5
Doing step: 389/500
IIDs left: 5
IIDs right: 5
Doing step: 390/500
IIDs left: 5
IIDs right: 5
Doing step: 391/500
IIDs left: 5
IIDs right: 5
Doing step: 392/500
IIDs left: 5
IIDs right: 5
Doing step: 393/500
IIDs left: 5
IIDs right: 5
Doing step: 394/500
IIDs left: 5
IIDs right: 5
Doing step: 395/500
IIDs left: 5
IIDs right: 5
Doing step: 396/500
IIDs left: 5
IIDs right: 5
Doing step: 397/500
IIDs left: 5
IIDs right: 5
Doing step: 398/500
IIDs left: 5
IIDs right: 5
Doing step: 399/500
IIDs left: 5
IIDs right: 5
Doing step: 400/500
IIDs left: 5
IIDs right: 5
Doing step: 401/500
IIDs left: 5
IIDs right: 5
Doing step: 402/500
IIDs left: 5
IIDs right: 5
Doing step: 403/500
IIDs left: 5
IIDs right: 5
Doing step: 404/500
IIDs left: 5
IIDs right: 5
Doing step: 405/500
IIDs left: 5
IIDs right: 5
Doing step: 406/500
IIDs left: 5
IIDs right: 5
Doing step: 407/500
IIDs left: 5
IIDs right: 5
Doing step: 408/500
IIDs left: 5
IIDs right: 5
Doing step: 409/500
IIDs left: 5
IIDs right: 5
Doing step: 410/500
IIDs left: 5
IIDs right: 5
Doing step: 411/500
IIDs left: 5
IIDs right: 5
Doing step: 412/500
IIDs left: 5
IIDs right: 5
Doing step: 413/500
IIDs left: 5
IIDs right: 5
Doing step: 414/500
IIDs left: 5
IIDs right: 5
Doing step: 415/500
IIDs left: 5
IIDs right: 5
Doing step: 416/500
IIDs left: 5
IIDs right: 5
Doing step: 417/500
IIDs left: 5
IIDs right: 5
Doing step: 418/500
IIDs left: 5
IIDs right: 5
Doing step: 419/500
IIDs left: 5
IIDs right: 5
Doing step: 420/500
IIDs left: 5
IIDs right: 5
Doing step: 421/500
IIDs left: 5
IIDs right: 5
Doing step: 422/500
IIDs left: 5
IIDs right: 5
Doing step: 423/500
IIDs left: 5
IIDs right: 5
Doing step: 424/500
IIDs left: 5
IIDs right: 5
Doing step: 425/500
IIDs left: 5
IIDs right: 5
Doing step: 426/500
IIDs left: 5
IIDs right: 5
Doing step: 427/500
IIDs left: 5
IIDs right: 5
Doing step: 428/500
IIDs left: 5
IIDs right: 5
Doing step: 429/500
IIDs left: 5
IIDs right: 5
Doing step: 430/500
IIDs left: 5
IIDs right: 5
Doing step: 431/500
IIDs left: 5
IIDs right: 5
Doing step: 432/500
IIDs left: 5
IIDs right: 5
Doing step: 433/500
IIDs left: 5
IIDs right: 5
Doing step: 434/500
IIDs left: 5
IIDs right: 5
Doing step: 435/500
IIDs left: 5
IIDs right: 5
Doing step: 436/500
IIDs left: 5
IIDs right: 5
Doing step: 437/500
IIDs left: 5
IIDs right: 5
Doing step: 438/500
IIDs left: 5
IIDs right: 5
Doing step: 439/500
IIDs left: 5
IIDs right: 5
Doing step: 440/500
IIDs left: 5
IIDs right: 5
Doing step: 441/500
IIDs left: 5
IIDs right: 5
Doing step: 442/500
IIDs left: 5
IIDs right: 5
Doing step: 443/500
IIDs left: 5
IIDs right: 5
Doing step: 444/500
IIDs left: 5
IIDs right: 5
Doing step: 445/500
IIDs left: 5
IIDs right: 5
Doing step: 446/500
IIDs left: 5
IIDs right: 5
Doing step: 447/500
IIDs left: 5
IIDs right: 5
Doing step: 448/500
IIDs left: 5
IIDs right: 5
Doing step: 449/500
IIDs left: 5
IIDs right: 5
Doing step: 450/500
IIDs left: 5
IIDs right: 5
Doing step: 451/500
IIDs left: 5
IIDs right: 5
Doing step: 452/500
IIDs left: 5
IIDs right: 5
Doing step: 453/500
IIDs left: 5
IIDs right: 5
Doing step: 454/500
IIDs left: 5
IIDs right: 5
Doing step: 455/500
IIDs left: 5
IIDs right: 5
Doing step: 456/500
IIDs left: 5
IIDs right: 5
Doing step: 457/500
IIDs left: 5
IIDs right: 5
Doing step: 458/500
IIDs left: 5
IIDs right: 5
Doing step: 459/500
IIDs left: 5
IIDs right: 5
Doing step: 460/500
IIDs left: 5
IIDs right: 5
Doing step: 461/500
IIDs left: 5
IIDs right: 5
Doing step: 462/500
IIDs left: 5
IIDs right: 5
Doing step: 463/500
IIDs left: 5
IIDs right: 5
Doing step: 464/500
IIDs left: 5
IIDs right: 5
Doing step: 465/500
IIDs left: 5
IIDs right: 5
Doing step: 466/500
IIDs left: 5
IIDs right: 5
Doing step: 467/500
IIDs left: 5
IIDs right: 5
Doing step: 468/500
IIDs left: 5
IIDs right: 5
Doing step: 469/500
IIDs left: 5
IIDs right: 5
Doing step: 470/500
IIDs left: 5
IIDs right: 5
Doing step: 471/500
IIDs left: 5
IIDs right: 5
Doing step: 472/500
IIDs left: 5
IIDs right: 5
Doing step: 473/500
IIDs left: 5
IIDs right: 5
Doing step: 474/500
IIDs left: 5
IIDs right: 5
Doing step: 475/500
IIDs left: 5
IIDs right: 5
Doing step: 476/500
IIDs left: 5
IIDs right: 5
Doing step: 477/500
IIDs left: 5
IIDs right: 5
Doing step: 478/500
IIDs left: 5
IIDs right: 5
Doing step: 479/500
IIDs left: 5
IIDs right: 5
Doing step: 480/500
IIDs left: 5
IIDs right: 5
Doing step: 481/500
IIDs left: 5
IIDs right: 5
Doing step: 482/500
IIDs left: 5
IIDs right: 5
Doing step: 483/500
IIDs left: 5
IIDs right: 5
Doing step: 484/500
IIDs left: 5
IIDs right: 5
Doing step: 485/500
IIDs left: 5
IIDs right: 5
Doing step: 486/500
IIDs left: 5
IIDs right: 5
Doing step: 487/500
IIDs left: 5
IIDs right: 5
Doing step: 488/500
IIDs left: 5
IIDs right: 5
Doing step: 489/500
IIDs left: 5
IIDs right: 5
Doing step: 490/500
IIDs left: 5
IIDs right: 5
Doing step: 491/500
IIDs left: 5
IIDs right: 5
Doing step: 492/500
IIDs left: 5
IIDs right: 5
Doing step: 493/500
IIDs left: 4
IIDs right: 4
Doing step: 494/500
IIDs left: 4
IIDs right: 4
Doing step: 495/500
IIDs left: 4
IIDs right: 4
Doing step: 496/500
IIDs left: 4
IIDs right: 4
Doing step: 497/500
IIDs left: 4
IIDs right: 4
Doing step: 498/500
IIDs left: 4
IIDs right: 4
Doing step: 499/500
IIDs left: 4
IIDs right: 4
Time elapsed: 203.570 seconds
IBD Blocks found: 15828
Length of Reduced Start List: 24
Total Block Nr. for Analysis: 13310
Initializing MLE-Object with Start Parameters: 
[100, 100, 0.5, 0.5, 0.5]
Barrier Pos.:
[100, 100]
Barrier Angle:
0
Transformed Position List:
[[ 98 102]
 [106 102]
 [ 94  94]
 [ 98 106]
 [110 106]
 [ 90  98]
 [110  98]
 [110  94]
 [ 94 106]
 [ 94 102]
 [106  94]
 [102 102]
 [ 98  94]
 [ 94  98]
 [ 90  94]
 [ 90 106]
 [110 102]
 [106 106]
 [102 106]
 [102  94]
 [102  98]
 [ 98  98]
 [ 90 102]
 [106  98]]
Step: 0.8432
L: 44.0000
Barycentric Coordinates:
  (1075, 0)	0.2335714762339999
  (1076, 0)	0.3946023267290085
  (1119, 0)	0.1382547208029917
  (1120, 0)	0.2335714762339999
  (1085, 1)	0.5556331772240176
  (1086, 1)	0.07254062573899074
  (1129, 1)	0.3288882316650084
  (1130, 1)	0.042937965371983175
  (630, 2)	0.013335305004975503
  (631, 2)	0.10214328610599842
  (674, 2)	0.10214328610599842
  (675, 2)	0.7823781227830277
  (1295, 3)	0.3288882316650084
  (1296, 3)	0.5556331772240176
  (1339, 3)	0.042937965371983175
  (1340, 3)	0.07254062573899074
  (1309, 4)	0.1246016594530116
  (1310, 4)	0.7599197494360145
  (1353, 4)	0.016267355362032165
  (1354, 4)	0.09921123574894175
  (846, 5)	0.31944740697796625
  (847, 5)	0.052378790059025356
  (890, 5)	0.53968357820699
  (891, 5)	0.08849022475601842
  (869, 6)	0.052378790059025356
  :	:
  (1350, 17)	0.013335305004975503
  (1300, 18)	0.5556331772240176
  (1301, 18)	0.3288882316650084
  (1344, 18)	0.07254062573899074
  (1345, 18)	0.042937965371983175
  (640, 19)	0.07254062573899074
  (641, 19)	0.042937965371983175
  (684, 19)	0.5556331772240176
  (685, 19)	0.3288882316650084
  (860, 20)	0.2335714762339999
  (861, 20)	0.1382547208029917
  (904, 20)	0.3946023267290085
  (905, 20)	0.2335714762339999
  (855, 21)	0.1382547208029917
  (856, 21)	0.2335714762339999
  (899, 21)	0.2335714762339999
  (900, 21)	0.3946023267290085
  (1066, 22)	0.53968357820699
  (1067, 22)	0.08849022475601842
  (1110, 22)	0.31944740697796625
  (1111, 22)	0.052378790059025356
  (865, 23)	0.3288882316650084
  (866, 23)	0.042937965371983175
  (909, 23)	0.5556331772240176
  (910, 23)	0.07254062573899074
Doing fit...
nl: 100.0000
nr: 100.0000
sigma_l: 0.5000
sigma_r: 0.5000
beta: 0.5000
Time for calculation: 0.8575
Total log likelihood: -72898.3551
nl: 105.0000
nr: 100.0000
sigma_l: 0.5000
sigma_r: 0.5000
beta: 0.5000
Time for calculation: 0.8864
Total log likelihood: -72895.6159
nl: 100.0000
nr: 105.0000
sigma_l: 0.5000
sigma_r: 0.5000
beta: 0.5000
Time for calculation: 0.8840
Total log likelihood: -72886.4282
nl: 100.0000
nr: 100.0000
sigma_l: 0.5250
sigma_r: 0.5000
beta: 0.5000
Time for calculation: 0.8818
Total log likelihood: -72652.1008
nl: 100.0000
nr: 100.0000
sigma_l: 0.5000
sigma_r: 0.5250
beta: 0.5000
Time for calculation: 0.8863
Total log likelihood: -72655.7627
nl: 100.0000
nr: 100.0000
sigma_l: 0.5000
sigma_r: 0.5000
beta: 0.5250
Time for calculation: 0.8953
Total log likelihood: -72979.1228
nl: 102.0000
nr: 102.0000
sigma_l: 0.5100
sigma_r: 0.5100
beta: 0.4750
Time for calculation: 0.9018
Total log likelihood: -72710.7633
nl: 102.8000
nr: 102.8000
sigma_l: 0.5140
sigma_r: 0.5140
beta: 0.4900
Time for calculation: 0.8944
Total log likelihood: -72600.6973
nl: 104.2000
nr: 104.2000
sigma_l: 0.5210
sigma_r: 0.5210
beta: 0.4850
Time for calculation: 0.8964
Total log likelihood: -72477.9680
nl: 97.4800
nr: 104.4800
sigma_l: 0.5224
sigma_r: 0.5224
beta: 0.4840
Time for calculation: 0.8996
Total log likelihood: -72448.9193
nl: 93.7200
nr: 106.7200
sigma_l: 0.5336
sigma_r: 0.5336
beta: 0.4760
Time for calculation: 0.8959
Total log likelihood: -72276.6400
nl: 99.9680
nr: 100.1680
sigma_l: 0.5358
sigma_r: 0.5358
beta: 0.4744
Time for calculation: 0.8769
Total log likelihood: -72221.6760
nl: 99.9520
nr: 97.7520
sigma_l: 0.5538
sigma_r: 0.5538
beta: 0.4616
Time for calculation: 0.8820
Total log likelihood: -71968.6950
nl: 97.1488
nr: 101.4688
sigma_l: 0.5433
sigma_r: 0.5433
beta: 0.4940
Time for calculation: 0.8798
Total log likelihood: -72096.9240
nl: 98.0083
nr: 104.0563
sigma_l: 0.5707
sigma_r: 0.5357
beta: 0.4667
Time for calculation: 0.8952
Total log likelihood: -72001.4147
nl: 97.2116
nr: 105.6788
sigma_l: 0.5640
sigma_r: 0.5750
beta: 0.4533
Time for calculation: 0.8926
Total log likelihood: -71809.3010
nl: 95.8175
nr: 108.5183
sigma_l: 0.5834
sigma_r: 0.6124
beta: 0.4300
Time for calculation: 1.1133
Total log likelihood: -71652.7350
nl: 89.6586
nr: 103.2062
sigma_l: 0.5929
sigma_r: 0.5905
beta: 0.4463
Time for calculation: 0.8855
Total log likelihood: -71530.9095
nl: 82.3880
nr: 102.7092
sigma_l: 0.6289
sigma_r: 0.6253
beta: 0.4270
Time for calculation: 1.1096
Total log likelihood: -71284.5966
nl: 95.6058
nr: 99.0819
sigma_l: 0.6184
sigma_r: 0.6146
beta: 0.4357
Time for calculation: 1.0700
Total log likelihood: -71343.9935
nl: 91.5598
nr: 103.3783
sigma_l: 0.6387
sigma_r: 0.6334
beta: 0.3943
Time for calculation: 1.0893
Total log likelihood: -71522.2937
nl: 88.1209
nr: 100.5195
sigma_l: 0.6386
sigma_r: 0.6801
beta: 0.3928
Time for calculation: 1.0894
Total log likelihood: -71313.8988
nl: 81.4448
nr: 107.9309
sigma_l: 0.6895
sigma_r: 0.7126
beta: 0.3703
Time for calculation: 1.0714
Total log likelihood: -71362.7973
nl: 79.8302
nr: 96.9296
sigma_l: 0.7022
sigma_r: 0.6939
beta: 0.3780
Time for calculation: 1.0911
Total log likelihood: -71105.6669
nl: 71.8366
nr: 91.1353
sigma_l: 0.7616
sigma_r: 0.7347
beta: 0.3521
Time for calculation: 1.1036
Total log likelihood: -71023.3184
nl: 76.1986
nr: 97.1724
sigma_l: 0.6961
sigma_r: 0.7135
beta: 0.3968
Time for calculation: 1.0775
Total log likelihood: -70934.5435
nl: 68.5180
nr: 94.0695
sigma_l: 0.7248
sigma_r: 0.7536
beta: 0.3980
Time for calculation: 1.0985
Total log likelihood: -70836.7993
nl: 81.1429
nr: 87.0753
sigma_l: 0.6595
sigma_r: 0.6508
beta: 0.4319
Time for calculation: 1.1103
Total log likelihood: -70983.2276
nl: 61.1968
nr: 91.1217
sigma_l: 0.7469
sigma_r: 0.7632
beta: 0.3650
Time for calculation: 1.1070
Total log likelihood: -70932.7180
nl: 57.9120
nr: 85.9249
sigma_l: 0.7701
sigma_r: 0.7309
beta: 0.3968
Time for calculation: 1.1027
Total log likelihood: -71078.3922
nl: 53.8546
nr: 77.0215
sigma_l: 0.8363
sigma_r: 0.8280
beta: 0.3506
Time for calculation: 1.3518
Total log likelihood: -70851.1419
nl: 76.7076
nr: 90.2444
sigma_l: 0.7216
sigma_r: 0.7612
beta: 0.3622
Time for calculation: 1.0804
Total log likelihood: -71001.1349
nl: 64.7313
nr: 84.6777
sigma_l: 0.7139
sigma_r: 0.7680
beta: 0.4110
Time for calculation: 1.0779
Total log likelihood: -70806.7784
nl: 61.1787
nr: 81.4489
sigma_l: 0.6901
sigma_r: 0.7846
beta: 0.4405
Time for calculation: 1.0820
Total log likelihood: -71117.4981
nl: 55.0699
nr: 83.3419
sigma_l: 0.7510
sigma_r: 0.7442
beta: 0.4204
Time for calculation: 1.0933
Total log likelihood: -71405.4525
nl: 71.2981
nr: 88.5188
sigma_l: 0.7289
sigma_r: 0.7569
beta: 0.3768
Time for calculation: 1.0857
Total log likelihood: -70819.0706
nl: 46.6966
nr: 87.0884
sigma_l: 0.8409
sigma_r: 0.8971
beta: 0.3286
Time for calculation: 1.3694
Total log likelihood: -71348.0924
nl: 72.5314
nr: 87.0786
sigma_l: 0.7048
sigma_r: 0.7123
beta: 0.4061
Time for calculation: 1.0707
Total log likelihood: -70796.3558
nl: 71.1766
nr: 81.4247
sigma_l: 0.7366
sigma_r: 0.7644
beta: 0.4120
Time for calculation: 1.0828
Total log likelihood: -70669.9257
nl: 76.1665
nr: 76.5762
sigma_l: 0.7314
sigma_r: 0.7650
beta: 0.4355
Time for calculation: 1.0754
Total log likelihood: -70712.1266
nl: 85.4476
nr: 97.2862
sigma_l: 0.6074
sigma_r: 0.6741
beta: 0.4510
Time for calculation: 1.1072
Total log likelihood: -71103.0395
nl: 61.7528
nr: 82.0877
sigma_l: 0.7790
sigma_r: 0.7895
beta: 0.3757
Time for calculation: 1.0852
Total log likelihood: -70748.2727
nl: 68.0781
nr: 75.4454
sigma_l: 0.7405
sigma_r: 0.7628
beta: 0.3946
Time for calculation: 1.1009
Total log likelihood: -70662.2166
nl: 67.8581
nr: 66.1334
sigma_l: 0.7484
sigma_r: 0.7675
beta: 0.3929
Time for calculation: 1.0714
Total log likelihood: -70700.1688
nl: 64.0099
nr: 75.7668
sigma_l: 0.7410
sigma_r: 0.7619
beta: 0.4230
Time for calculation: 1.1235
Total log likelihood: -70838.7242
nl: 69.4761
nr: 85.3308
sigma_l: 0.7320
sigma_r: 0.7582
beta: 0.3883
Time for calculation: 1.0946
Total log likelihood: -70736.1858
nl: 72.4747
nr: 79.8692
sigma_l: 0.7632
sigma_r: 0.7469
beta: 0.3796
Time for calculation: 1.0760
Total log likelihood: -70698.1402
nl: 64.6520
nr: 74.5845
sigma_l: 0.7957
sigma_r: 0.8164
beta: 0.3740
Time for calculation: 1.3224
Total log likelihood: -70633.2594
nl: 60.7123
nr: 68.3375
sigma_l: 0.8412
sigma_r: 0.8684
beta: 0.3579
Time for calculation: 1.3469
Total log likelihood: -70642.9463
nl: 76.5901
nr: 76.5742
sigma_l: 0.7282
sigma_r: 0.7500
beta: 0.4037
Time for calculation: 1.0857
Total log likelihood: -70677.1066
nl: 71.7125
nr: 69.8284
sigma_l: 0.7737
sigma_r: 0.7780
beta: 0.3973
Time for calculation: 1.1249
Total log likelihood: -70633.0812
nl: 72.8307
nr: 62.0773
sigma_l: 0.7946
sigma_r: 0.7879
beta: 0.4017
Time for calculation: 1.0863
Total log likelihood: -70773.1662
nl: 68.4090
nr: 71.2737
sigma_l: 0.7467
sigma_r: 0.8017
beta: 0.4130
Time for calculation: 1.3329
Total log likelihood: -70698.0264
nl: 69.4254
nr: 73.4226
sigma_l: 0.7508
sigma_r: 0.7880
beta: 0.4047
Time for calculation: 1.0865
Total log likelihood: -70647.6075
nl: 61.4277
nr: 73.3081
sigma_l: 0.7908
sigma_r: 0.8139
beta: 0.3893
Time for calculation: 1.3561
Total log likelihood: -70673.3106
nl: 65.2183
nr: 74.1246
sigma_l: 0.7751
sigma_r: 0.7979
beta: 0.3929
Time for calculation: 1.0921
Total log likelihood: -70638.1245
nl: 64.4579
nr: 65.5375
sigma_l: 0.7978
sigma_r: 0.8129
beta: 0.3734
Time for calculation: 1.3431
Total log likelihood: -70615.2759
nl: 61.0986
nr: 57.5940
sigma_l: 0.8284
sigma_r: 0.8371
beta: 0.3540
Time for calculation: 1.3364
Total log likelihood: -70655.6227
nl: 66.1084
nr: 67.5537
sigma_l: 0.8167
sigma_r: 0.8344
beta: 0.3823
Time for calculation: 1.3451
Total log likelihood: -70611.9684
nl: 65.1235
nr: 63.6078
sigma_l: 0.8548
sigma_r: 0.8702
beta: 0.3761
Time for calculation: 1.3228
Total log likelihood: -70646.4377
nl: 63.4342
nr: 67.2289
sigma_l: 0.8328
sigma_r: 0.8278
beta: 0.3633
Time for calculation: 1.3336
Total log likelihood: -70609.2752
nl: 60.4385
nr: 64.1321
sigma_l: 0.8738
sigma_r: 0.8477
beta: 0.3426
Time for calculation: 1.3271
Total log likelihood: -70641.0318
nl: 66.9277
nr: 63.7686
sigma_l: 0.8316
sigma_r: 0.8299
beta: 0.3632
Time for calculation: 1.3373
Total log likelihood: -70624.2143
nl: 68.4043
nr: 58.9823
sigma_l: 0.8253
sigma_r: 0.8168
beta: 0.3777
Time for calculation: 1.3389
Total log likelihood: -70718.6790
nl: 65.5900
nr: 70.6840
sigma_l: 0.8031
sigma_r: 0.8165
beta: 0.3749
Time for calculation: 1.3394
Total log likelihood: -70608.3397
nl: 58.8948
nr: 64.0807
sigma_l: 0.8591
sigma_r: 0.8706
beta: 0.3455
Time for calculation: 1.3242
Total log likelihood: -70641.8166
nl: 68.5081
nr: 68.3915
sigma_l: 0.7951
sigma_r: 0.8012
beta: 0.3843
Time for calculation: 1.3419
Total log likelihood: -70610.4550
nl: 64.3118
nr: 71.9896
sigma_l: 0.7866
sigma_r: 0.8072
beta: 0.3881
Time for calculation: 1.3245
Total log likelihood: -70628.9164
nl: 66.2737
nr: 65.8239
sigma_l: 0.8203
sigma_r: 0.8242
beta: 0.3694
Time for calculation: 1.3499
Total log likelihood: -70609.5023
nl: 67.5078
nr: 70.3352
sigma_l: 0.8294
sigma_r: 0.8288
beta: 0.3763
Time for calculation: 1.3296
Total log likelihood: -70609.4501
nl: 66.4171
nr: 69.4317
sigma_l: 0.8156
sigma_r: 0.8050
beta: 0.3650
Time for calculation: 1.3526
Total log likelihood: -70613.5727
nl: 66.1856
nr: 68.0232
sigma_l: 0.8164
sigma_r: 0.8271
beta: 0.3780
Time for calculation: 1.3247
Total log likelihood: -70605.7341
nl: 63.0885
nr: 68.4466
sigma_l: 0.8458
sigma_r: 0.8486
beta: 0.3604
Time for calculation: 1.3487
Total log likelihood: -70628.9149
nl: 67.1532
nr: 68.4053
sigma_l: 0.8077
sigma_r: 0.8130
beta: 0.3784
Time for calculation: 1.3282
Total log likelihood: -70603.9578
nl: 65.6746
nr: 72.0468
sigma_l: 0.8155
sigma_r: 0.8210
beta: 0.3789
Time for calculation: 1.3454
Total log likelihood: -70610.5419
nl: 66.1239
nr: 67.3796
sigma_l: 0.8191
sigma_r: 0.8234
beta: 0.3718
Time for calculation: 1.3214
Total log likelihood: -70605.4738
nl: 63.8869
nr: 66.3532
sigma_l: 0.8023
sigma_r: 0.8144
beta: 0.3702
Time for calculation: 1.3511
Total log likelihood: -70608.6397
nl: 68.1417
nr: 69.1092
sigma_l: 0.7867
sigma_r: 0.8099
beta: 0.3860
Time for calculation: 1.3438
Total log likelihood: -70613.7827
nl: 64.6111
nr: 67.6990
sigma_l: 0.8213
sigma_r: 0.8233
beta: 0.3689
Time for calculation: 1.3372
Total log likelihood: -70605.1485
nl: 67.9786
nr: 70.5233
sigma_l: 0.8248
sigma_r: 0.8270
beta: 0.3786
Time for calculation: 1.3343
Total log likelihood: -70607.3917
nl: 67.2309
nr: 66.1281
sigma_l: 0.8326
sigma_r: 0.8290
beta: 0.3753
Time for calculation: 1.3433
Total log likelihood: -70611.3219
nl: 66.0003
nr: 69.5450
sigma_l: 0.8105
sigma_r: 0.8196
beta: 0.3750
Time for calculation: 1.3422
Total log likelihood: -70604.9092
nl: 64.0510
nr: 65.8976
sigma_l: 0.8052
sigma_r: 0.8156
beta: 0.3702
Time for calculation: 1.3481
Total log likelihood: -70608.7291
nl: 66.9967
nr: 69.3668
sigma_l: 0.8199
sigma_r: 0.8241
beta: 0.3765
Time for calculation: 1.3330
Total log likelihood: -70604.7984
nl: 66.1685
nr: 68.9351
sigma_l: 0.8150
sigma_r: 0.8144
beta: 0.3703
Time for calculation: 1.3487
Total log likelihood: -70605.7126
nl: 66.1727
nr: 68.7071
sigma_l: 0.8154
sigma_r: 0.8175
beta: 0.3722
Time for calculation: 1.3523
Total log likelihood: -70604.4351
nl: 66.2496
nr: 70.1097
sigma_l: 0.8108
sigma_r: 0.8156
beta: 0.3766
Time for calculation: 1.3484
Total log likelihood: -70604.2510
nl: 68.4179
nr: 70.7546
sigma_l: 0.8044
sigma_r: 0.8126
beta: 0.3825
Time for calculation: 1.3324
Total log likelihood: -70603.4347
nl: 70.3214
nr: 72.2824
sigma_l: 0.7960
sigma_r: 0.8073
beta: 0.3893
Time for calculation: 1.3539
Total log likelihood: -70604.4619
nl: 67.9958
nr: 69.3924
sigma_l: 0.8128
sigma_r: 0.8135
beta: 0.3795
Time for calculation: 1.3404
Total log likelihood: -70602.7472
nl: 68.9936
nr: 69.3161
sigma_l: 0.8140
sigma_r: 0.8105
beta: 0.3817
Time for calculation: 1.3581
Total log likelihood: -70603.0836
nl: 67.3990
nr: 69.5808
sigma_l: 0.8005
sigma_r: 0.8048
beta: 0.3792
Time for calculation: 1.3325
Total log likelihood: -70603.8867
nl: 68.7135
nr: 70.5900
sigma_l: 0.7992
sigma_r: 0.8063
beta: 0.3863
Time for calculation: 1.3456
Total log likelihood: -70603.5498
nl: 69.6221
nr: 69.3795
sigma_l: 0.7991
sigma_r: 0.8045
beta: 0.3857
Time for calculation: 1.3337
Total log likelihood: -70607.2069
nl: 67.0928
nr: 69.9271
sigma_l: 0.8079
sigma_r: 0.8128
beta: 0.3789
Time for calculation: 1.3360
Total log likelihood: -70602.9759
nl: 68.6944
nr: 71.6927
sigma_l: 0.8022
sigma_r: 0.8070
beta: 0.3842
Time for calculation: 1.3341
Total log likelihood: -70603.2611
nl: 68.9667
nr: 71.3619
sigma_l: 0.8101
sigma_r: 0.8161
beta: 0.3854
Time for calculation: 1.3345
Total log likelihood: -70602.4874
nl: 69.7506
nr: 72.2525
sigma_l: 0.8148
sigma_r: 0.8218
beta: 0.3885
Time for calculation: 1.3199
Total log likelihood: -70603.2173
nl: 67.7536
nr: 70.6615
sigma_l: 0.8158
sigma_r: 0.8186
beta: 0.3779
Time for calculation: 1.3539
Total log likelihood: -70605.4127
nl: 68.4735
nr: 70.6079
sigma_l: 0.8033
sigma_r: 0.8094
beta: 0.3842
Time for calculation: 1.3501
Total log likelihood: -70602.6746
nl: 68.0714
nr: 70.4382
sigma_l: 0.8100
sigma_r: 0.8110
beta: 0.3823
Time for calculation: 1.3339
Total log likelihood: -70601.7046
nl: 67.8981
nr: 70.2800
sigma_l: 0.8129
sigma_r: 0.8101
beta: 0.3822
Time for calculation: 1.3361
Total log likelihood: -70601.0760
nl: 67.4763
nr: 68.9350
sigma_l: 0.8166
sigma_r: 0.8178
beta: 0.3798
Time for calculation: 1.3456
Total log likelihood: -70602.6256
nl: 69.2314
nr: 70.3037
sigma_l: 0.8144
sigma_r: 0.8139
beta: 0.3855
Time for calculation: 1.3540
Total log likelihood: -70601.7823
nl: 68.8226
nr: 71.2030
sigma_l: 0.8101
sigma_r: 0.8134
beta: 0.3874
Time for calculation: 1.3395
Total log likelihood: -70601.1341
nl: 68.4846
nr: 70.2256
sigma_l: 0.8222
sigma_r: 0.8192
beta: 0.3839
Time for calculation: 1.3163
Total log likelihood: -70601.7418
nl: 69.8851
nr: 72.4147
sigma_l: 0.8113
sigma_r: 0.8113
beta: 0.3899
Time for calculation: 1.3435
Total log likelihood: -70600.6226
nl: 71.0894
nr: 74.1545
sigma_l: 0.8086
sigma_r: 0.8081
beta: 0.3949
Time for calculation: 1.3391
Total log likelihood: -70600.4634
nl: 69.2437
nr: 71.1048
sigma_l: 0.8172
sigma_r: 0.8098
beta: 0.3882
Time for calculation: 1.3357
Total log likelihood: -70599.5592
nl: 69.3822
nr: 70.9763
sigma_l: 0.8208
sigma_r: 0.8066
beta: 0.3896
Time for calculation: 1.3614
Total log likelihood: -70598.8692
nl: 69.0394
nr: 72.4321
sigma_l: 0.8154
sigma_r: 0.8090
beta: 0.3897
Time for calculation: 1.3334
Total log likelihood: -70600.0391
nl: 70.0081
nr: 73.3927
sigma_l: 0.8049
sigma_r: 0.7997
beta: 0.3936
Time for calculation: 1.3179
Total log likelihood: -70600.5801
nl: 70.1443
nr: 73.2912
sigma_l: 0.8149
sigma_r: 0.8000
beta: 0.3926
Time for calculation: 1.3350
Total log likelihood: -70599.3054
nl: 71.9673
nr: 75.4187
sigma_l: 0.8130
sigma_r: 0.7993
beta: 0.4020
Time for calculation: 1.3499
Total log likelihood: -70598.2054
nl: 74.0019
nr: 77.9881
sigma_l: 0.8131
sigma_r: 0.7938
beta: 0.4119
Time for calculation: 1.3414
Total log likelihood: -70597.9069
nl: 71.4547
nr: 74.1441
sigma_l: 0.8243
sigma_r: 0.8073
beta: 0.3979
Time for calculation: 1.3241
Total log likelihood: -70598.1174
nl: 70.5195
nr: 73.3782
sigma_l: 0.8268
sigma_r: 0.7986
beta: 0.3977
Time for calculation: 1.3443
Total log likelihood: -70598.2737
nl: 73.1617
nr: 75.4791
sigma_l: 0.8245
sigma_r: 0.7935
beta: 0.4062
Time for calculation: 1.3231
Total log likelihood: -70596.6132
nl: 75.2228
nr: 77.0027
sigma_l: 0.8291
sigma_r: 0.7858
beta: 0.4145
Time for calculation: 1.3500
Total log likelihood: -70596.6763
nl: 73.2637
nr: 75.4952
sigma_l: 0.8288
sigma_r: 0.7999
beta: 0.4087
Time for calculation: 1.3604
Total log likelihood: -70596.3515
nl: 74.8235
nr: 76.5971
sigma_l: 0.8358
sigma_r: 0.7998
beta: 0.4168
Time for calculation: 1.3442
Total log likelihood: -70596.7434
nl: 75.5784
nr: 79.6176
sigma_l: 0.8262
sigma_r: 0.7907
beta: 0.4194
Time for calculation: 1.3267
Total log likelihood: -70597.8963
nl: 76.4646
nr: 79.7114
sigma_l: 0.8200
sigma_r: 0.7955
beta: 0.4199
Time for calculation: 1.3443
Total log likelihood: -70595.5609
nl: 79.4372
nr: 82.8780
sigma_l: 0.8166
sigma_r: 0.7940
beta: 0.4309
Time for calculation: 1.3259
Total log likelihood: -70594.7933
nl: 78.7224
nr: 82.4391
sigma_l: 0.8194
sigma_r: 0.7815
beta: 0.4329
Time for calculation: 1.3443
Total log likelihood: -70597.7024
nl: 78.0635
nr: 80.3755
sigma_l: 0.8331
sigma_r: 0.7900
beta: 0.4274
Time for calculation: 1.3177
Total log likelihood: -70595.4228
nl: 77.4810
nr: 79.0492
sigma_l: 0.8228
sigma_r: 0.7928
beta: 0.4231
Time for calculation: 1.3582
Total log likelihood: -70594.3620
nl: 78.4323
nr: 78.7649
sigma_l: 0.8210
sigma_r: 0.7939
beta: 0.4250
Time for calculation: 1.3326
Total log likelihood: -70594.8411
nl: 73.8405
nr: 74.8717
sigma_l: 0.8309
sigma_r: 0.8066
beta: 0.4056
Time for calculation: 1.3437
Total log likelihood: -70597.1354
nl: 75.0609
nr: 76.7636
sigma_l: 0.8280
sigma_r: 0.8003
beta: 0.4124
Time for calculation: 1.3315
Total log likelihood: -70595.4931
nl: 80.1609
nr: 82.3454
sigma_l: 0.8272
sigma_r: 0.7973
beta: 0.4349
Time for calculation: 1.3512
Total log likelihood: -70593.4074
nl: 83.6605
nr: 85.7786
sigma_l: 0.8286
sigma_r: 0.7992
beta: 0.4492
Time for calculation: 1.3311
Total log likelihood: -70592.7135
nl: 84.2175
nr: 86.4428
sigma_l: 0.8228
sigma_r: 0.7906
beta: 0.4485
Time for calculation: 1.3339
Total log likelihood: -70592.4592
nl: 89.6944
nr: 91.9166
sigma_l: 0.8198
sigma_r: 0.7860
beta: 0.4684
Time for calculation: 1.3348
Total log likelihood: -70591.6802
nl: 88.2737
nr: 91.2356
sigma_l: 0.8203
sigma_r: 0.7845
beta: 0.4672
Time for calculation: 1.3365
Total log likelihood: -70592.9836
nl: 89.3552
nr: 91.9677
sigma_l: 0.8100
sigma_r: 0.7926
beta: 0.4681
Time for calculation: 1.3146
Total log likelihood: -70591.6567
nl: 95.0011
nr: 97.7638
sigma_l: 0.7985
sigma_r: 0.7940
beta: 0.4885
Time for calculation: 1.0807
Total log likelihood: -70592.8892
nl: 91.9488
nr: 93.1010
sigma_l: 0.8240
sigma_r: 0.7881
beta: 0.4795
Time for calculation: 1.3287
Total log likelihood: -70592.8842
nl: 99.6920
nr: 102.5506
sigma_l: 0.8183
sigma_r: 0.7873
beta: 0.5098
Time for calculation: 1.3532
Total log likelihood: -70595.7190
nl: 83.0338
nr: 84.9245
sigma_l: 0.8216
sigma_r: 0.7915
beta: 0.4448
Time for calculation: 1.3317
Total log likelihood: -70592.5223
nl: 86.8033
nr: 87.8398
sigma_l: 0.8213
sigma_r: 0.7985
beta: 0.4568
Time for calculation: 1.3359
Total log likelihood: -70592.0908
nl: 81.0701
nr: 83.8699
sigma_l: 0.8165
sigma_r: 0.7990
beta: 0.4355
Time for calculation: 1.3351
Total log likelihood: -70594.0201
nl: 89.2291
nr: 90.7932
sigma_l: 0.8221
sigma_r: 0.7908
beta: 0.4685
Time for calculation: 1.3368
Total log likelihood: -70591.7069
nl: 91.5859
nr: 93.1981
sigma_l: 0.8094
sigma_r: 0.7846
beta: 0.4735
Time for calculation: 1.3422
Total log likelihood: -70591.9592
nl: 95.6334
nr: 97.3616
sigma_l: 0.8114
sigma_r: 0.7895
beta: 0.4893
Time for calculation: 1.3308
Total log likelihood: -70591.4364
nl: 101.9332
nr: 103.5802
sigma_l: 0.8063
sigma_r: 0.7886
beta: 0.5116
Time for calculation: 1.3149
Total log likelihood: -70593.6903
nl: 95.3958
nr: 98.2551
sigma_l: 0.8078
sigma_r: 0.7789
beta: 0.4903
Time for calculation: 1.3339
Total log likelihood: -70593.2799
nl: 88.9515
nr: 90.4436
sigma_l: 0.8179
sigma_r: 0.7936
beta: 0.4652
Time for calculation: 1.3248
Total log likelihood: -70591.3857
nl: 89.5596
nr: 91.7950
sigma_l: 0.8231
sigma_r: 0.7965
beta: 0.4703
Time for calculation: 1.3614
Total log likelihood: -70591.5170
nl: 92.0485
nr: 94.6006
sigma_l: 0.8108
sigma_r: 0.7925
beta: 0.4761
Time for calculation: 1.3251
Total log likelihood: -70591.2955
nl: 93.4583
nr: 96.5042
sigma_l: 0.8051
sigma_r: 0.7933
beta: 0.4799
Time for calculation: 1.3382
Total log likelihood: -70592.0643
nl: 92.5249
nr: 94.5508
sigma_l: 0.8095
sigma_r: 0.7999
beta: 0.4792
Time for calculation: 1.3311
Total log likelihood: -70591.9562
nl: 90.4020
nr: 92.5751
sigma_l: 0.8172
sigma_r: 0.7895
beta: 0.4711
Time for calculation: 1.3461
Total log likelihood: -70591.2392
nl: 93.2828
nr: 94.7427
sigma_l: 0.8222
sigma_r: 0.7920
beta: 0.4807
Time for calculation: 1.3279
Total log likelihood: -70591.1107
nl: 95.2466
nr: 96.1302
sigma_l: 0.8282
sigma_r: 0.7917
beta: 0.4870
Time for calculation: 1.3408
Total log likelihood: -70591.7361
nl: 94.5677
nr: 96.0945
sigma_l: 0.8087
sigma_r: 0.7864
beta: 0.4826
Time for calculation: 1.3168
Total log likelihood: -70591.5982
nl: 90.8116
nr: 92.8698
sigma_l: 0.8195
sigma_r: 0.7939
beta: 0.4734
Time for calculation: 1.3335
Total log likelihood: -70591.1425
nl: 86.5652
nr: 88.7311
sigma_l: 0.8236
sigma_r: 0.7951
beta: 0.4573
Time for calculation: 1.3276
Total log likelihood: -70591.8070
nl: 93.3663
nr: 95.2040
sigma_l: 0.8145
sigma_r: 0.7909
beta: 0.4813
Time for calculation: 1.3348
Total log likelihood: -70591.0806
nl: 95.0131
nr: 97.5533
sigma_l: 0.8157
sigma_r: 0.7899
beta: 0.4879
Time for calculation: 1.3343
Total log likelihood: -70591.0339
nl: 98.0439
nr: 101.1081
sigma_l: 0.8146
sigma_r: 0.7881
beta: 0.4992
Time for calculation: 1.3415
Total log likelihood: -70591.5406
nl: 93.1018
nr: 94.5774
sigma_l: 0.8248
sigma_r: 0.7900
beta: 0.4817
Time for calculation: 1.3391
Total log likelihood: -70591.6231
nl: 92.3119
nr: 94.5948
sigma_l: 0.8143
sigma_r: 0.7919
beta: 0.4775
Time for calculation: 1.3434
Total log likelihood: -70591.0313
nl: 95.5122
nr: 97.4107
sigma_l: 0.8172
sigma_r: 0.7940
beta: 0.4892
Time for calculation: 1.3196
Total log likelihood: -70591.0729
nl: 96.9829
nr: 98.9323
sigma_l: 0.8140
sigma_r: 0.7895
beta: 0.4932
Time for calculation: 1.3427
Total log likelihood: -70591.0114
nl: 100.0685
nr: 101.9636
sigma_l: 0.8113
sigma_r: 0.7873
beta: 0.5031
Time for calculation: 1.3227
Total log likelihood: -70591.3806
nl: 95.9918
nr: 98.7354
sigma_l: 0.8081
sigma_r: 0.7905
beta: 0.4909
Time for calculation: 1.3355
Total log likelihood: -70591.3702
nl: 93.9600
nr: 95.7408
sigma_l: 0.8187
sigma_r: 0.7916
beta: 0.4833
Time for calculation: 1.3253
Total log likelihood: -70590.9581
nl: 96.1457
nr: 98.4888
sigma_l: 0.8175
sigma_r: 0.7919
beta: 0.4911
Time for calculation: 1.3319
Total log likelihood: -70590.9064
nl: 97.5354
nr: 100.1312
sigma_l: 0.8190
sigma_r: 0.7923
beta: 0.4960
Time for calculation: 1.3167
Total log likelihood: -70591.0179
nl: 94.2532
nr: 96.7133
sigma_l: 0.8148
sigma_r: 0.7879
beta: 0.4840
Time for calculation: 1.3428
Total log likelihood: -70591.0599
nl: 94.5679
nr: 96.8877
sigma_l: 0.8154
sigma_r: 0.7895
beta: 0.4853
Time for calculation: 1.3201
Total log likelihood: -70590.9433
nl: 94.5743
nr: 96.3045
sigma_l: 0.8163
sigma_r: 0.7918
beta: 0.4843
Time for calculation: 1.3460
Total log likelihood: -70590.9028
nl: 94.3549
nr: 95.6801
sigma_l: 0.8165
sigma_r: 0.7927
beta: 0.4825
Time for calculation: 1.3206
Total log likelihood: -70591.0583
nl: 98.1805
nr: 99.9468
sigma_l: 0.8185
sigma_r: 0.7898
beta: 0.4974
Time for calculation: 1.3430
Total log likelihood: -70591.0906
nl: 93.7790
nr: 95.9328
sigma_l: 0.8153
sigma_r: 0.7914
beta: 0.4825
Time for calculation: 1.3239
Total log likelihood: -70590.9174
nl: 92.2279
nr: 94.4095
sigma_l: 0.8192
sigma_r: 0.7929
beta: 0.4773
Time for calculation: 1.3398
Total log likelihood: -70590.9801
nl: 93.4166
nr: 95.5402
sigma_l: 0.8179
sigma_r: 0.7921
beta: 0.4813
Time for calculation: 1.3330
Total log likelihood: -70590.9030
nl: 95.0334
nr: 97.5207
sigma_l: 0.8143
sigma_r: 0.7910
beta: 0.4865
Time for calculation: 1.3493
Total log likelihood: -70590.9085
nl: 94.6117
nr: 96.6271
sigma_l: 0.8171
sigma_r: 0.7938
beta: 0.4850
Time for calculation: 1.3217
Total log likelihood: -70590.8858
nl: 94.6336
nr: 96.4969
sigma_l: 0.8180
sigma_r: 0.7959
beta: 0.4848
Time for calculation: 1.3379
Total log likelihood: -70591.0053
nl: 95.7337
nr: 97.8597
sigma_l: 0.8179
sigma_r: 0.7928
beta: 0.4888
Time for calculation: 1.3224
Total log likelihood: -70590.8514
nl: 96.7110
nr: 98.8232
sigma_l: 0.8192
sigma_r: 0.7936
beta: 0.4920
Time for calculation: 1.3401
Total log likelihood: -70590.9041
nl: 94.7594
nr: 96.4074
sigma_l: 0.8204
sigma_r: 0.7939
beta: 0.4857
Time for calculation: 1.3427
Total log likelihood: -70591.0079
nl: 94.9649
nr: 97.2424
sigma_l: 0.8158
sigma_r: 0.7917
beta: 0.4863
Time for calculation: 1.3435
Total log likelihood: -70590.8568
nl: 93.1748
nr: 94.9408
sigma_l: 0.8165
sigma_r: 0.7930
beta: 0.4792
Time for calculation: 1.3307
Total log likelihood: -70590.9795
nl: 95.4030
nr: 97.6018
sigma_l: 0.8173
sigma_r: 0.7922
beta: 0.4881
Time for calculation: 1.3311
Total log likelihood: -70590.8587
nl: 96.6984
nr: 98.7140
sigma_l: 0.8158
sigma_r: 0.7929
beta: 0.4917
Time for calculation: 1.3166
Total log likelihood: -70590.8672
nl: 96.3903
nr: 98.9135
sigma_l: 0.8173
sigma_r: 0.7935
beta: 0.4917
Time for calculation: 1.3457
Total log likelihood: -70590.9001
nl: 95.9363
nr: 98.2613
sigma_l: 0.8171
sigma_r: 0.7931
beta: 0.4898
Time for calculation: 1.3198
Total log likelihood: -70590.8598
nl: 96.8828
nr: 99.2445
sigma_l: 0.8165
sigma_r: 0.7913
beta: 0.4929
Time for calculation: 1.3303
Total log likelihood: -70590.8590
nl: 94.8699
nr: 97.3699
sigma_l: 0.8180
sigma_r: 0.7916
beta: 0.4867
Time for calculation: 1.3194
Total log likelihood: -70590.9115
nl: 96.2412
nr: 98.3780
sigma_l: 0.8164
sigma_r: 0.7925
beta: 0.4904
Time for calculation: 1.3455
Total log likelihood: -70590.8450
nl: 95.7539
nr: 97.8693
sigma_l: 0.8165
sigma_r: 0.7911
beta: 0.4888
Time for calculation: 1.3348
Total log likelihood: -70590.8406
nl: 95.6627
nr: 97.6733
sigma_l: 0.8162
sigma_r: 0.7901
beta: 0.4883
Time for calculation: 1.3324
Total log likelihood: -70590.8578
nl: 94.3559
nr: 96.3359
sigma_l: 0.8171
sigma_r: 0.7929
beta: 0.4841
Time for calculation: 1.3204
Total log likelihood: -70590.8744
nl: 96.2511
nr: 98.5174
sigma_l: 0.8166
sigma_r: 0.7917
beta: 0.4907
Time for calculation: 1.3361
Total log likelihood: -70590.8431
nl: 96.1750
nr: 98.3449
sigma_l: 0.8160
sigma_r: 0.7918
beta: 0.4899
Time for calculation: 1.3258
Total log likelihood: -70590.8329
nl: 96.5610
nr: 98.7165
sigma_l: 0.8154
sigma_r: 0.7916
beta: 0.4908
Time for calculation: 1.3546
Total log likelihood: -70590.8434
nl: 97.0971
nr: 99.1453
sigma_l: 0.8175
sigma_r: 0.7923
beta: 0.4932
Time for calculation: 1.3370
Total log likelihood: -70590.8578
nl: 95.4979
nr: 97.7181
sigma_l: 0.8163
sigma_r: 0.7919
beta: 0.4880
Time for calculation: 1.3359
Total log likelihood: -70590.8406
nl: 96.2340
nr: 98.4713
sigma_l: 0.8148
sigma_r: 0.7908
beta: 0.4903
Time for calculation: 1.3260
Total log likelihood: -70590.8574
nl: 95.8588
nr: 98.0126
sigma_l: 0.8171
sigma_r: 0.7923
beta: 0.4892
Time for calculation: 1.3335
Total log likelihood: -70590.8386
nl: 95.5734
nr: 97.8070
sigma_l: 0.8166
sigma_r: 0.7910
beta: 0.4882
Time for calculation: 1.3223
Total log likelihood: -70590.8429
nl: 95.2925
nr: 97.3834
sigma_l: 0.8164
sigma_r: 0.7916
beta: 0.4869
Time for calculation: 1.3385
Total log likelihood: -70590.8401
nl: 95.8578
nr: 97.9244
sigma_l: 0.8163
sigma_r: 0.7925
beta: 0.4889
Time for calculation: 1.3222
Total log likelihood: -70590.8434
nl: 95.6445
nr: 97.8363
sigma_l: 0.8166
sigma_r: 0.7914
beta: 0.4884
Time for calculation: 1.3455
Total log likelihood: -70590.8363
nl: 95.6336
nr: 97.8489
sigma_l: 0.8165
sigma_r: 0.7924
beta: 0.4882
Time for calculation: 1.3412
Total log likelihood: -70590.8414
nl: 95.7238
nr: 97.8642
sigma_l: 0.8165
sigma_r: 0.7915
beta: 0.4886
Time for calculation: 1.3394
Total log likelihood: -70590.8357
nl: 95.9799
nr: 98.0584
sigma_l: 0.8168
sigma_r: 0.7915
beta: 0.4892
Time for calculation: 1.3223
Total log likelihood: -70590.8300
nl: 96.2209
nr: 98.2286
sigma_l: 0.8170
sigma_r: 0.7914
beta: 0.4898
Time for calculation: 1.3324
Total log likelihood: -70590.8307
nl: 96.4603
nr: 98.6632
sigma_l: 0.8168
sigma_r: 0.7918
beta: 0.4912
Time for calculation: 1.3188
Total log likelihood: -70590.8366
nl: 96.1346
nr: 98.2942
sigma_l: 0.8159
sigma_r: 0.7909
beta: 0.4897
Time for calculation: 1.3437
Total log likelihood: -70590.8350
nl: 95.4029
nr: 97.4960
sigma_l: 0.8159
sigma_r: 0.7910
beta: 0.4872
Time for calculation: 1.3279
Total log likelihood: -70590.8459
nl: 96.1959
nr: 98.3714
sigma_l: 0.8166
sigma_r: 0.7916
beta: 0.4902
Time for calculation: 1.3283
Total log likelihood: -70590.8317
nl: 96.4392
nr: 98.5369
sigma_l: 0.8162
sigma_r: 0.7916
beta: 0.4907
Time for calculation: 1.3347
Total log likelihood: -70590.8309
nl: 96.6460
nr: 98.7782
sigma_l: 0.8161
sigma_r: 0.7915
beta: 0.4912
Time for calculation: 1.3417
Total log likelihood: -70590.8313
nl: 96.4397
nr: 98.5418
sigma_l: 0.8167
sigma_r: 0.7923
beta: 0.4907
Time for calculation: 1.3335
Total log likelihood: -70590.8363
nl: 96.2109
nr: 98.3561
sigma_l: 0.8161
sigma_r: 0.7912
beta: 0.4900
Time for calculation: 1.3319
Total log likelihood: -70590.8309
nl: 96.4138
nr: 98.4955
sigma_l: 0.8167
sigma_r: 0.7912
beta: 0.4906
Time for calculation: 1.3233
Total log likelihood: -70590.8289
nl: 96.5332
nr: 98.5708
sigma_l: 0.8170
sigma_r: 0.7909
beta: 0.4910
Time for calculation: 1.3407
Total log likelihood: -70590.8316
nl: 96.4800
nr: 98.5187
sigma_l: 0.8162
sigma_r: 0.7912
beta: 0.4905
Time for calculation: 1.3202
Total log likelihood: -70590.8328
nl: 96.2669
nr: 98.4082
sigma_l: 0.8165
sigma_r: 0.7915
beta: 0.4903
Time for calculation: 1.3481
Total log likelihood: -70590.8296
nl: 95.8783
nr: 97.9639
sigma_l: 0.8168
sigma_r: 0.7913
beta: 0.4891
Time for calculation: 1.3339
Total log likelihood: -70590.8337
nl: 96.4541
nr: 98.5746
sigma_l: 0.8163
sigma_r: 0.7915
beta: 0.4907
Time for calculation: 1.3386
Total log likelihood: -70590.8294
nl: 96.0911
nr: 98.2202
sigma_l: 0.8168
sigma_r: 0.7912
beta: 0.4896
Time for calculation: 1.3343
Total log likelihood: -70590.8297
nl: 96.2714
nr: 98.3467
sigma_l: 0.8171
sigma_r: 0.7915
beta: 0.4902
Time for calculation: 1.3392
Total log likelihood: -70590.8294
nl: 96.6190
nr: 98.7597
sigma_l: 0.8165
sigma_r: 0.7912
beta: 0.4914
Time for calculation: 1.3350
Total log likelihood: -70590.8292
nl: 96.7190
nr: 98.8137
sigma_l: 0.8164
sigma_r: 0.7915
beta: 0.4916
Time for calculation: 1.3298
Total log likelihood: -70590.8306
nl: 96.2481
nr: 98.3686
sigma_l: 0.8167
sigma_r: 0.7913
beta: 0.4901
Time for calculation: 1.3298
Total log likelihood: -70590.8287
nl: 96.5356
nr: 98.6098
sigma_l: 0.8168
sigma_r: 0.7911
beta: 0.4909
Time for calculation: 1.3428
Total log likelihood: -70590.8286
nl: 96.6699
nr: 98.7106
sigma_l: 0.8170
sigma_r: 0.7910
beta: 0.4913
Time for calculation: 1.3444
Total log likelihood: -70590.8301
nl: 96.6368
nr: 98.7766
sigma_l: 0.8161
sigma_r: 0.7910
beta: 0.4913
Time for calculation: 1.3343
Total log likelihood: -70590.8305
nl: 96.3627
nr: 98.4542
sigma_l: 0.8168
sigma_r: 0.7914
beta: 0.4905
Time for calculation: 1.3366
Total log likelihood: -70590.8285
nl: 96.4176
nr: 98.5005
sigma_l: 0.8171
sigma_r: 0.7910
beta: 0.4907
Time for calculation: 1.3493
Total log likelihood: -70590.8309
nl: 96.4450
nr: 98.5561
sigma_l: 0.8165
sigma_r: 0.7914
beta: 0.4907
Time for calculation: 1.3400
Total log likelihood: -70590.8285
nl: 96.1830
nr: 98.2340
sigma_l: 0.8169
sigma_r: 0.7913
beta: 0.4898
Time for calculation: 1.3430
Total log likelihood: -70590.8292
nl: 96.2920
nr: 98.3654
sigma_l: 0.8168
sigma_r: 0.7913
beta: 0.4902
Time for calculation: 1.3239
Total log likelihood: -70590.8286
nl: 96.3396
nr: 98.4461
sigma_l: 0.8168
sigma_r: 0.7914
beta: 0.4903
Time for calculation: 1.3490
Total log likelihood: -70590.8284
nl: 96.3024
nr: 98.4214
sigma_l: 0.8168
sigma_r: 0.7915
beta: 0.4902
Time for calculation: 1.3495
Total log likelihood: -70590.8291
nl: 96.5419
nr: 98.6041
sigma_l: 0.8168
sigma_r: 0.7913
beta: 0.4909
Time for calculation: 1.3429
Total log likelihood: -70590.8289
nl: 96.3215
nr: 98.4274
sigma_l: 0.8167
sigma_r: 0.7913
beta: 0.4903
Time for calculation: 1.3261
Total log likelihood: -70590.8284
nl: 96.1687
nr: 98.2899
sigma_l: 0.8166
sigma_r: 0.7916
beta: 0.4899
Time for calculation: 1.3375
Total log likelihood: -70590.8290
nl: 96.4439
nr: 98.5298
sigma_l: 0.8168
sigma_r: 0.7912
beta: 0.4907
Time for calculation: 1.3232
Total log likelihood: -70590.8283
nl: 96.4730
nr: 98.6000
sigma_l: 0.8166
sigma_r: 0.7914
beta: 0.4908
Time for calculation: 1.3330
Total log likelihood: -70590.8283
nl: 96.4464
nr: 98.5696
sigma_l: 0.8165
sigma_r: 0.7913
beta: 0.4907
Time for calculation: 1.3504
Total log likelihood: -70590.8284
nl: 96.3648
nr: 98.4731
sigma_l: 0.8169
sigma_r: 0.7913
beta: 0.4904
Time for calculation: 1.3335
Total log likelihood: -70590.8284
nl: 96.3307
nr: 98.4210
sigma_l: 0.8170
sigma_r: 0.7914
beta: 0.4904
Time for calculation: 1.3314
Total log likelihood: -70590.8287
nl: 96.4175
nr: 98.5325
sigma_l: 0.8166
sigma_r: 0.7913
beta: 0.4906
Time for calculation: 1.3288
Total log likelihood: -70590.8282
nl: 96.4334
nr: 98.5412
sigma_l: 0.8165
sigma_r: 0.7914
beta: 0.4907
Time for calculation: 1.3260
Total log likelihood: -70590.8284
nl: 96.4162
nr: 98.5242
sigma_l: 0.8166
sigma_r: 0.7913
beta: 0.4906
Time for calculation: 1.3440
Total log likelihood: -70590.8283
nl: 96.4893
nr: 98.5995
sigma_l: 0.8166
sigma_r: 0.7912
beta: 0.4909
Time for calculation: 1.3462
Total log likelihood: -70590.8285
nl: 96.3770
nr: 98.4845
sigma_l: 0.8167
sigma_r: 0.7914
beta: 0.4905
Time for calculation: 1.3444
Total log likelihood: -70590.8282
nl: 96.5295
nr: 98.6409
sigma_l: 0.8166
sigma_r: 0.7914
beta: 0.4909
Time for calculation: 1.3191
Total log likelihood: -70590.8284
nl: 96.3735
nr: 98.4808
sigma_l: 0.8167
sigma_r: 0.7913
beta: 0.4905
Time for calculation: 1.3404
Total log likelihood: -70590.8282
nl: 96.3382
nr: 98.4207
sigma_l: 0.8167
sigma_r: 0.7913
beta: 0.4903
Time for calculation: 1.3339
Total log likelihood: -70590.8284
nl: 96.4393
nr: 98.5552
sigma_l: 0.8167
sigma_r: 0.7914
beta: 0.4907
Time for calculation: 1.3561
Total log likelihood: -70590.8282
nl: 96.3655
nr: 98.5010
sigma_l: 0.8166
sigma_r: 0.7914
beta: 0.4905
Time for calculation: 1.3306
Total log likelihood: -70590.8285
nl: 96.4243
nr: 98.5226
sigma_l: 0.8167
sigma_r: 0.7913
beta: 0.4906
Time for calculation: 1.3348
Total log likelihood: -70590.8282
nl: 96.3964
nr: 98.5060
sigma_l: 0.8167
sigma_r: 0.7913
beta: 0.4905
Time for calculation: 1.3236
Total log likelihood: -70590.8282
nl: 96.3867
nr: 98.4872
sigma_l: 0.8168
sigma_r: 0.7913
beta: 0.4905
Time for calculation: 1.3280
Total log likelihood: -70590.8283
nl: 96.4098
nr: 98.5211
sigma_l: 0.8167
sigma_r: 0.7913
beta: 0.4906
Time for calculation: 1.3171
Total log likelihood: -70590.8282
nl: 96.4452
nr: 98.5550
sigma_l: 0.8167
sigma_r: 0.7913
beta: 0.4907
Time for calculation: 1.3333
Total log likelihood: -70590.8282
nl: 96.3914
nr: 98.4994
sigma_l: 0.8167
sigma_r: 0.7913
beta: 0.4905
Time for calculation: 1.3504
Total log likelihood: -70590.8282
nl: 96.3603
nr: 98.4582
sigma_l: 0.8168
sigma_r: 0.7913
beta: 0.4904
Time for calculation: 1.3398
Total log likelihood: -70590.8283
nl: 96.4196
nr: 98.5310
sigma_l: 0.8167
sigma_r: 0.7913
beta: 0.4906
Time for calculation: 1.3306
Total log likelihood: -70590.8282
nl: 96.4396
nr: 98.5476
sigma_l: 0.8167
sigma_r: 0.7913
beta: 0.4907
Time for calculation: 1.3319
Total log likelihood: -70590.8282
nl: 96.4375
nr: 98.5426
sigma_l: 0.8166
sigma_r: 0.7913
beta: 0.4907
Time for calculation: 1.3201
Total log likelihood: -70590.8282
nl: 96.4067
nr: 98.5152
sigma_l: 0.8167
sigma_r: 0.7913
beta: 0.4906
Time for calculation: 1.3487
Total log likelihood: -70590.8282
nl: 96.3811
nr: 98.4881
sigma_l: 0.8167
sigma_r: 0.7914
beta: 0.4905
Time for calculation: 1.3504
Total log likelihood: -70590.8282
nl: 96.4250
nr: 98.5327
sigma_l: 0.8167
sigma_r: 0.7913
beta: 0.4906
Time for calculation: 1.3538
Total log likelihood: -70590.8282
nl: 96.4427
nr: 98.5497
sigma_l: 0.8167
sigma_r: 0.7913
beta: 0.4907
Time for calculation: 1.3335
Total log likelihood: -70590.8282
nl: 96.4683
nr: 98.5749
sigma_l: 0.8167
sigma_r: 0.7913
beta: 0.4908
Time for calculation: 1.3329
Total log likelihood: -70590.8282
nl: 96.4375
nr: 98.5393
sigma_l: 0.8167
sigma_r: 0.7913
beta: 0.4907
Time for calculation: 1.3234
Total log likelihood: -70590.8282
nl: 96.4167
nr: 98.5257
sigma_l: 0.8167
sigma_r: 0.7913
beta: 0.4906
Time for calculation: 1.3368
Total log likelihood: -70590.8282
nl: 96.4200
nr: 98.5391
sigma_l: 0.8167
sigma_r: 0.7913
beta: 0.4906
Time for calculation: 1.3180
Total log likelihood: -70590.8282
nl: 96.4232
nr: 98.5267
sigma_l: 0.8167
sigma_r: 0.7913
beta: 0.4906
Time for calculation: 1.3376
Total log likelihood: -70590.8282
nl: 96.4262
nr: 98.5291
sigma_l: 0.8167
sigma_r: 0.7913
beta: 0.4906
Time for calculation: 1.3246
Total log likelihood: -70590.8282
nl: 96.4468
nr: 98.5504
sigma_l: 0.8167
sigma_r: 0.7913
beta: 0.4907
Time for calculation: 1.3283
Total log likelihood: -70590.8282
nl: 96.4356
nr: 98.5450
sigma_l: 0.8167
sigma_r: 0.7913
beta: 0.4907
Time for calculation: 1.3313
Total log likelihood: -70590.8282
nl: 96.4285
nr: 98.5331
sigma_l: 0.8167
sigma_r: 0.7913
beta: 0.4906
Time for calculation: 1.3439
Total log likelihood: -70590.8282
nl: 96.4076
nr: 98.5168
sigma_l: 0.8167
sigma_r: 0.7913
beta: 0.4906
Time for calculation: 1.3248
Total log likelihood: -70590.8282
nl: 96.4370
nr: 98.5420
sigma_l: 0.8167
sigma_r: 0.7913
beta: 0.4907
Time for calculation: 1.3439
Total log likelihood: -70590.8282
nl: 96.4343
nr: 98.5381
sigma_l: 0.8167
sigma_r: 0.7913
beta: 0.4906
Time for calculation: 1.3348
Total log likelihood: -70590.8282
nl: 96.4132
nr: 98.5165
sigma_l: 0.8167
sigma_r: 0.7913
beta: 0.4906
Time for calculation: 1.3374
Total log likelihood: -70590.8282
nl: 96.4378
nr: 98.5369
sigma_l: 0.8167
sigma_r: 0.7913
beta: 0.4907
Time for calculation: 1.3267
Total log likelihood: -70590.8282
nl: 96.4220
nr: 98.5285
sigma_l: 0.8167
sigma_r: 0.7913
beta: 0.4906
Time for calculation: 1.3533
Total log likelihood: -70590.8282
nl: 96.4153
nr: 98.5206
sigma_l: 0.8167
sigma_r: 0.7913
beta: 0.4906
Time for calculation: 1.3254
Total log likelihood: -70590.8282
nl: 96.4295
nr: 98.5338
sigma_l: 0.8167
sigma_r: 0.7913
beta: 0.4906
Time for calculation: 1.3362
Total log likelihood: -70590.8282
nl: 96.4429
nr: 98.5491
sigma_l: 0.8167
sigma_r: 0.7913
beta: 0.4907
Time for calculation: 1.3411
Total log likelihood: -70590.8282
nl: 96.4206
nr: 98.5247
sigma_l: 0.8167
sigma_r: 0.7913
beta: 0.4906
Time for calculation: 1.3624
Total log likelihood: -70590.8282
nl: 96.4244
nr: 98.5292
sigma_l: 0.8167
sigma_r: 0.7913
beta: 0.4906
Time for calculation: 1.3450
Total log likelihood: -70590.8282
nl: 96.4109
nr: 98.5152
sigma_l: 0.8167
sigma_r: 0.7913
beta: 0.4906
Time for calculation: 1.3404
Total log likelihood: -70590.8282
nl: 96.4305
nr: 98.5353
sigma_l: 0.8167
sigma_r: 0.7913
beta: 0.4906
Time for calculation: 1.3191
Total log likelihood: -70590.8282
nl: 96.4276
nr: 98.5338
sigma_l: 0.8167
sigma_r: 0.7913
beta: 0.4906
Time for calculation: 1.3327
Total log likelihood: -70590.8282
nl: 96.4265
nr: 98.5321
sigma_l: 0.8167
sigma_r: 0.7913
beta: 0.4906
Time for calculation: 1.3263
Total log likelihood: -70590.8282
nl: 96.4272
nr: 98.5325
sigma_l: 0.8167
sigma_r: 0.7913
beta: 0.4906
Time for calculation: 1.3356
Total log likelihood: -70590.8282
nl: 96.4251
nr: 98.5300
sigma_l: 0.8167
sigma_r: 0.7913
beta: 0.4906
Time for calculation: 1.3208
Total log likelihood: -70590.8282
nl: 96.4328
nr: 98.5392
sigma_l: 0.8167
sigma_r: 0.7913
beta: 0.4906
Time for calculation: 1.3340
Total log likelihood: -70590.8282
nl: 96.4237
nr: 98.5283
sigma_l: 0.8167
sigma_r: 0.7913
beta: 0.4906
Time for calculation: 1.3408
Total log likelihood: -70590.8282
nl: 96.4322
nr: 98.5353
sigma_l: 0.8167
sigma_r: 0.7913
beta: 0.4906
Time for calculation: 1.3501
Total log likelihood: -70590.8282
nl: 96.4245
nr: 98.5302
sigma_l: 0.8167
sigma_r: 0.7913
beta: 0.4906
Time for calculation: 1.3329
Total log likelihood: -70590.8282
nl: 96.4226
nr: 98.5286
sigma_l: 0.8167
sigma_r: 0.7913
beta: 0.4906
Time for calculation: 1.3440
Total log likelihood: -70590.8282
nl: 96.4278
nr: 98.5325
sigma_l: 0.8167
sigma_r: 0.7913
beta: 0.4906
Time for calculation: 1.3246
Total log likelihood: -70590.8282
nl: 96.4206
nr: 98.5259
sigma_l: 0.8167
sigma_r: 0.7913
beta: 0.4906
Time for calculation: 1.3309
Total log likelihood: -70590.8282
nl: 96.4280
nr: 98.5329
sigma_l: 0.8167
sigma_r: 0.7913
beta: 0.4906
Time for calculation: 1.3513
Total log likelihood: -70590.8282
nl: 96.4251
nr: 98.5295
sigma_l: 0.8167
sigma_r: 0.7913
beta: 0.4906
Time for calculation: 1.3313
Total log likelihood: -70590.8282
nl: 96.4265
nr: 98.5313
sigma_l: 0.8167
sigma_r: 0.7913
beta: 0.4906
Time for calculation: 1.3234
Total log likelihood: -70590.8282
nl: 96.4255
nr: 98.5304
sigma_l: 0.8167
sigma_r: 0.7913
beta: 0.4906
Time for calculation: 1.3343
Total log likelihood: -70590.8282
nl: 96.4267
nr: 98.5322
sigma_l: 0.8167
sigma_r: 0.7913
beta: 0.4906
Time for calculation: 1.3184
Total log likelihood: -70590.8282
nl: 96.4255
nr: 98.5302
sigma_l: 0.8167
sigma_r: 0.7913
beta: 0.4906
Time for calculation: 1.3284
Total log likelihood: -70590.8282
nl: 96.4289
nr: 98.5342
sigma_l: 0.8167
sigma_r: 0.7913
beta: 0.4906
Time for calculation: 1.3332
Total log likelihood: -70590.8282
nl: 96.4249
nr: 98.5300
sigma_l: 0.8167
sigma_r: 0.7913
beta: 0.4906
Time for calculation: 1.3383
Total log likelihood: -70590.8282
nl: 96.4233
nr: 98.5285
sigma_l: 0.8167
sigma_r: 0.7913
beta: 0.4906
Time for calculation: 1.3257
Total log likelihood: -70590.8282
nl: 96.4285
nr: 98.5327
sigma_l: 0.8167
sigma_r: 0.7913
beta: 0.4906
Time for calculation: 1.3440
Total log likelihood: -70590.8282
nl: 96.4255
nr: 98.5308
sigma_l: 0.8167
sigma_r: 0.7913
beta: 0.4906
Time for calculation: 1.3207
Total log likelihood: -70590.8282
nl: 96.4243
nr: 98.5297
sigma_l: 0.8167
sigma_r: 0.7913
beta: 0.4906
Time for calculation: 1.3328
Total log likelihood: -70590.8282
nl: 96.4269
nr: 98.5318
sigma_l: 0.8167
sigma_r: 0.7913
beta: 0.4906
Time for calculation: 1.3287
Total log likelihood: -70590.8282
nl: 96.4225
nr: 98.5271
sigma_l: 0.8167
sigma_r: 0.7913
beta: 0.4906
Time for calculation: 1.3298
Total log likelihood: -70590.8282
nl: 96.4273
nr: 98.5324
sigma_l: 0.8167
sigma_r: 0.7913
beta: 0.4906
Time for calculation: 1.3335
Total log likelihood: -70590.8282
nl: 96.4266
nr: 98.5317
sigma_l: 0.8167
sigma_r: 0.7913
beta: 0.4906
Time for calculation: 1.3457
Total log likelihood: -70590.8282
nl: 96.4269
nr: 98.5325
sigma_l: 0.8167
sigma_r: 0.7913
beta: 0.4906
Time for calculation: 1.3320
Total log likelihood: -70590.8282
nl: 96.4259
nr: 98.5308
sigma_l: 0.8167
sigma_r: 0.7913
beta: 0.4906
Time for calculation: 1.3422
Total log likelihood: -70590.8282
nl: 96.4256
nr: 98.5306
sigma_l: 0.8167
sigma_r: 0.7913
beta: 0.4906
Time for calculation: 1.3321
Total log likelihood: -70590.8282
nl: 96.4263
nr: 98.5314
sigma_l: 0.8167
sigma_r: 0.7913
beta: 0.4906
Time for calculation: 1.3569
Total log likelihood: -70590.8282
nl: 96.4279
nr: 98.5329
sigma_l: 0.8167
sigma_r: 0.7913
beta: 0.4906
Time for calculation: 1.3382
Total log likelihood: -70590.8282
nl: 96.4256
nr: 98.5307
sigma_l: 0.8167
sigma_r: 0.7913
beta: 0.4906
Time for calculation: 1.3493
Total log likelihood: -70590.8282
nl: 96.4273
nr: 98.5320
sigma_l: 0.8167
sigma_r: 0.7913
beta: 0.4906
Time for calculation: 1.3435
Total log likelihood: -70590.8282
nl: 96.4260
nr: 98.5311
sigma_l: 0.8167
sigma_r: 0.7913
beta: 0.4906
Time for calculation: 1.3330
Total log likelihood: -70590.8282
nl: 96.4256
nr: 98.5308
sigma_l: 0.8167
sigma_r: 0.7913
beta: 0.4906
Time for calculation: 1.3249
Total log likelihood: -70590.8282
nl: 96.4252
nr: 98.5300
sigma_l: 0.8167
sigma_r: 0.7913
beta: 0.4906
Time for calculation: 1.3453
Total log likelihood: -70590.8282
nl: 96.4243
nr: 98.5296
sigma_l: 0.8167
sigma_r: 0.7913
beta: 0.4906
Time for calculation: 1.3378
Total log likelihood: -70590.8282
nl: 96.4265
nr: 98.5314
sigma_l: 0.8167
sigma_r: 0.7913
beta: 0.4906
Time for calculation: 1.3579
Total log likelihood: -70590.8282
nl: 96.4254
nr: 98.5302
sigma_l: 0.8167
sigma_r: 0.7913
beta: 0.4906
Time for calculation: 1.3318
Total log likelihood: -70590.8282
nl: 96.4260
nr: 98.5307
sigma_l: 0.8167
sigma_r: 0.7913
beta: 0.4906
Time for calculation: 1.3450
Total log likelihood: -70590.8282
nl: 96.4267
nr: 98.5317
sigma_l: 0.8167
sigma_r: 0.7913
beta: 0.4906
Time for calculation: 1.3387
Total log likelihood: -70590.8282
nl: 96.4263
nr: 98.5312
sigma_l: 0.8167
sigma_r: 0.7913
beta: 0.4906
Time for calculation: 1.3368
Total log likelihood: -70590.8282
nl: 96.4261
nr: 98.5312
sigma_l: 0.8167
sigma_r: 0.7913
beta: 0.4906
Time for calculation: 1.3288
Total log likelihood: -70590.8282
nl: 96.4260
nr: 98.5308
sigma_l: 0.8167
sigma_r: 0.7913
beta: 0.4906
Time for calculation: 1.3338
Total log likelihood: -70590.8282
nl: 96.4253
nr: 98.5303
sigma_l: 0.8167
sigma_r: 0.7913
beta: 0.4906
Time for calculation: 1.3201
Total log likelihood: -70590.8282
nl: 96.4262
nr: 98.5311
sigma_l: 0.8167
sigma_r: 0.7913
beta: 0.4906
Time for calculation: 1.3581
Total log likelihood: -70590.8282
nl: 96.4268
nr: 98.5318
sigma_l: 0.8167
sigma_r: 0.7913
beta: 0.4906
Time for calculation: 1.3325
Total log likelihood: -70590.8282
nl: 96.4267
nr: 98.5317
sigma_l: 0.8167
sigma_r: 0.7913
beta: 0.4906
Time for calculation: 1.3408
Total log likelihood: -70590.8282
nl: 96.4265
nr: 98.5315
sigma_l: 0.8167
sigma_r: 0.7913
beta: 0.4906
Time for calculation: 1.3278
Total log likelihood: -70590.8282
nl: 96.4263
nr: 98.5313
sigma_l: 0.8167
sigma_r: 0.7913
beta: 0.4906
Time for calculation: 1.3423
Total log likelihood: -70590.8282
nl: 96.4263
nr: 98.5313
sigma_l: 0.8167
sigma_r: 0.7913
beta: 0.4906
Time for calculation: 1.3359
Total log likelihood: -70590.8282
nl: 96.4267
nr: 98.5315
sigma_l: 0.8167
sigma_r: 0.7913
beta: 0.4906
Time for calculation: 1.3330
Total log likelihood: -70590.8282
nl: 96.4262
nr: 98.5312
sigma_l: 0.8167
sigma_r: 0.7913
beta: 0.4906
Time for calculation: 1.3397
Total log likelihood: -70590.8282
nl: 96.4257
nr: 98.5305
sigma_l: 0.8167
sigma_r: 0.7913
beta: 0.4906
Time for calculation: 1.3465
Total log likelihood: -70590.8282
nl: 96.4265
nr: 98.5315
sigma_l: 0.8167
sigma_r: 0.7913
beta: 0.4906
Time for calculation: 1.3252
Total log likelihood: -70590.8282
nl: 96.4267
nr: 98.5318
sigma_l: 0.8167
sigma_r: 0.7913
beta: 0.4906
Time for calculation: 1.3330
Total log likelihood: -70590.8282
nl: 96.4262
nr: 98.5311
sigma_l: 0.8167
sigma_r: 0.7913
beta: 0.4906
Time for calculation: 1.3480
Total log likelihood: -70590.8282
nl: 96.4265
nr: 98.5315
sigma_l: 0.8167
sigma_r: 0.7913
beta: 0.4906
Time for calculation: 1.3353
Total log likelihood: -70590.8282
nl: 96.4262
nr: 98.5312
sigma_l: 0.8167
sigma_r: 0.7913
beta: 0.4906
Time for calculation: 1.3251
Total log likelihood: -70590.8282
nl: 96.4263
nr: 98.5313
sigma_l: 0.8167
sigma_r: 0.7913
beta: 0.4906
Time for calculation: 1.3379
Total log likelihood: -70590.8282
nl: 96.4263
nr: 98.5313
sigma_l: 0.8167
sigma_r: 0.7913
beta: 0.4906
Time for calculation: 1.3218
Total log likelihood: -70590.8282
nl: 96.4265
nr: 98.5315
sigma_l: 0.8167
sigma_r: 0.7913
beta: 0.4906
Time for calculation: 1.3439
Total log likelihood: -70590.8282
nl: 96.4263
nr: 98.5312
sigma_l: 0.8167
sigma_r: 0.7913
beta: 0.4906
Time for calculation: 1.3422
Total log likelihood: -70590.8282
nl: 96.4260
nr: 98.5310
sigma_l: 0.8167
sigma_r: 0.7913
beta: 0.4906
Time for calculation: 1.3334
Total log likelihood: -70590.8282
nl: 96.4259
nr: 98.5309
sigma_l: 0.8167
sigma_r: 0.7913
beta: 0.4906
Time for calculation: 1.3231
Total log likelihood: -70590.8282
nl: 96.4261
nr: 98.5312
sigma_l: 0.8167
sigma_r: 0.7913
beta: 0.4906
Time for calculation: 1.3386
Total log likelihood: -70590.8282
nl: 96.4262
nr: 98.5311
sigma_l: 0.8167
sigma_r: 0.7913
beta: 0.4906
Time for calculation: 1.3214
Total log likelihood: -70590.8282
nl: 96.4261
nr: 98.5310
sigma_l: 0.8167
sigma_r: 0.7913
beta: 0.4906
Time for calculation: 1.3587
Total log likelihood: -70590.8282
nl: 96.4262
nr: 98.5312
sigma_l: 0.8167
sigma_r: 0.7913
beta: 0.4906
Time for calculation: 1.3383
Total log likelihood: -70590.8282
nl: 96.4264
nr: 98.5315
sigma_l: 0.8167
sigma_r: 0.7913
beta: 0.4906
Time for calculation: 1.3345
Total log likelihood: -70590.8282
nl: 96.4261
nr: 98.5310
sigma_l: 0.8167
sigma_r: 0.7913
beta: 0.4906
Time for calculation: 1.3275
Total log likelihood: -70590.8282
nl: 96.4263
nr: 98.5313
sigma_l: 0.8167
sigma_r: 0.7913
beta: 0.4906
Time for calculation: 1.3457
Total log likelihood: -70590.8282
nl: 96.4261
nr: 98.5311
sigma_l: 0.8167
sigma_r: 0.7913
beta: 0.4906
Time for calculation: 1.3230
Total log likelihood: -70590.8282
nl: 96.4260
nr: 98.5310
sigma_l: 0.8167
sigma_r: 0.7913
beta: 0.4906
Time for calculation: 1.3576
Total log likelihood: -70590.8282
nl: 96.4261
nr: 98.5311
sigma_l: 0.8167
sigma_r: 0.7913
beta: 0.4906
Time for calculation: 1.3368
Total log likelihood: -70590.8282
nl: 96.4261
nr: 98.5312
sigma_l: 0.8167
sigma_r: 0.7913
beta: 0.4906
Time for calculation: 1.3362
Total log likelihood: -70590.8282
nl: 96.4262
nr: 98.5311
sigma_l: 0.8167
sigma_r: 0.7913
beta: 0.4906
Time for calculation: 1.3371
Total log likelihood: -70590.8282
nl: 96.4261
nr: 98.5311
sigma_l: 0.8167
sigma_r: 0.7913
beta: 0.4906
Time for calculation: 1.3531
Total log likelihood: -70590.8282
nl: 96.4261
nr: 98.5311
sigma_l: 0.8167
sigma_r: 0.7913
beta: 0.4906
Time for calculation: 1.3444
Total log likelihood: -70590.8282
nl: 96.4259
nr: 98.5308
sigma_l: 0.8167
sigma_r: 0.7913
beta: 0.4906
Time for calculation: 1.3510
Total log likelihood: -70590.8282
nl: 96.4262
nr: 98.5312
sigma_l: 0.8167
sigma_r: 0.7913
beta: 0.4906
Time for calculation: 1.3405
Total log likelihood: -70590.8282
nl: 96.4262
nr: 98.5312
sigma_l: 0.8167
sigma_r: 0.7913
beta: 0.4906
Time for calculation: 1.3366
Total log likelihood: -70590.8282
nl: 96.4262
nr: 98.5312
sigma_l: 0.8167
sigma_r: 0.7913
beta: 0.4906
Time for calculation: 1.3280
Total log likelihood: -70590.8282
nl: 96.4261
nr: 98.5311
sigma_l: 0.8167
sigma_r: 0.7913
beta: 0.4906
Time for calculation: 1.3439
Total log likelihood: -70590.8282
nl: 96.4262
nr: 98.5312
sigma_l: 0.8167
sigma_r: 0.7913
beta: 0.4906
Time for calculation: 1.3310
Total log likelihood: -70590.8282
nl: 96.4261
nr: 98.5311
sigma_l: 0.8167
sigma_r: 0.7913
beta: 0.4906
Time for calculation: 1.3380
Total log likelihood: -70590.8282
nl: 96.4262
nr: 98.5312
sigma_l: 0.8167
sigma_r: 0.7913
beta: 0.4906
Time for calculation: 1.3141
Total log likelihood: -70590.8282
nl: 96.4261
nr: 98.5311
sigma_l: 0.8167
sigma_r: 0.7913
beta: 0.4906
Time for calculation: 1.3365
Total log likelihood: -70590.8282
nl: 96.4261
nr: 98.5311
sigma_l: 0.8167
sigma_r: 0.7913
beta: 0.4906
Time for calculation: 1.3187
Total log likelihood: -70590.8282
nl: 96.4261
nr: 98.5312
sigma_l: 0.8167
sigma_r: 0.7913
beta: 0.4906
Time for calculation: 1.3497
Total log likelihood: -70590.8282
Optimization terminated successfully.
         Current function value: 255.763870
         Iterations: 229
         Function evaluations: 385
nl: 96.4497
nr: 98.5312
sigma_l: 0.8167
sigma_r: 0.7913
beta: 0.4906
Time for calculation: 1.3088
Total log likelihood: -70590.8284
nl: 96.4261
nr: 98.5312
sigma_l: 0.8167
sigma_r: 0.7913
beta: 0.4906
Time for calculation: 1.3242
Total log likelihood: -70590.8282
nl: 96.4261
nr: 98.5312
sigma_l: 0.8167
sigma_r: 0.7913
beta: 0.4906
Time for calculation: 1.2931
Total log likelihood: -70590.8282
nl: 96.4026
nr: 98.5312
sigma_l: 0.8167
sigma_r: 0.7913
beta: 0.4906
Time for calculation: 1.3154
Total log likelihood: -70590.8284
nl: 96.4379
nr: 98.5432
sigma_l: 0.8167
sigma_r: 0.7913
beta: 0.4906
Time for calculation: 1.3112
Total log likelihood: -70590.8283
nl: 96.4379
nr: 98.5191
sigma_l: 0.8167
sigma_r: 0.7913
beta: 0.4906
Time for calculation: 1.3272
Total log likelihood: -70590.8283
nl: 96.4144
nr: 98.5432
sigma_l: 0.8167
sigma_r: 0.7913
beta: 0.4906
Time for calculation: 1.3092
Total log likelihood: -70590.8283
nl: 96.4144
nr: 98.5191
sigma_l: 0.8167
sigma_r: 0.7913
beta: 0.4906
Time for calculation: 1.3284
Total log likelihood: -70590.8283
nl: 96.4379
nr: 98.5312
sigma_l: 0.8168
sigma_r: 0.7913
beta: 0.4906
Time for calculation: 1.2971
Total log likelihood: -70590.8283
nl: 96.4379
nr: 98.5312
sigma_l: 0.8166
sigma_r: 0.7913
beta: 0.4906
Time for calculation: 1.3061
Total log likelihood: -70590.8283
nl: 96.4144
nr: 98.5312
sigma_l: 0.8168
sigma_r: 0.7913
beta: 0.4906
Time for calculation: 1.2947
Total log likelihood: -70590.8283
nl: 96.4144
nr: 98.5312
sigma_l: 0.8166
sigma_r: 0.7913
beta: 0.4906
Time for calculation: 1.3205
Total log likelihood: -70590.8283
nl: 96.4379
nr: 98.5312
sigma_l: 0.8167
sigma_r: 0.7914
beta: 0.4906
Time for calculation: 1.3073
Total log likelihood: -70590.8284
nl: 96.4379
nr: 98.5312
sigma_l: 0.8167
sigma_r: 0.7912
beta: 0.4906
Time for calculation: 1.3163
Total log likelihood: -70590.8283
nl: 96.4144
nr: 98.5312
sigma_l: 0.8167
sigma_r: 0.7914
beta: 0.4906
Time for calculation: 1.3035
Total log likelihood: -70590.8283
nl: 96.4144
nr: 98.5312
sigma_l: 0.8167
sigma_r: 0.7912
beta: 0.4906
Time for calculation: 1.3293
Total log likelihood: -70590.8284
nl: 96.4379
nr: 98.5312
sigma_l: 0.8167
sigma_r: 0.7913
beta: 0.4907
Time for calculation: 1.2976
Total log likelihood: -70590.8283
nl: 96.4379
nr: 98.5312
sigma_l: 0.8167
sigma_r: 0.7913
beta: 0.4906
Time for calculation: 1.3309
Total log likelihood: -70590.8287
nl: 96.4144
nr: 98.5312
sigma_l: 0.8167
sigma_r: 0.7913
beta: 0.4907
Time for calculation: 1.3144
Total log likelihood: -70590.8287
nl: 96.4144
nr: 98.5312
sigma_l: 0.8167
sigma_r: 0.7913
beta: 0.4906
Time for calculation: 1.3033
Total log likelihood: -70590.8283
nl: 96.4261
nr: 98.5552
sigma_l: 0.8167
sigma_r: 0.7913
beta: 0.4906
Time for calculation: 1.3145
Total log likelihood: -70590.8284
nl: 96.4261
nr: 98.5312
sigma_l: 0.8167
sigma_r: 0.7913
beta: 0.4906
Time for calculation: 1.3153
Total log likelihood: -70590.8282
nl: 96.4261
nr: 98.5312
sigma_l: 0.8167
sigma_r: 0.7913
beta: 0.4906
Time for calculation: 1.3065
Total log likelihood: -70590.8282
nl: 96.4261
nr: 98.5071
sigma_l: 0.8167
sigma_r: 0.7913
beta: 0.4906
Time for calculation: 1.3102
Total log likelihood: -70590.8284
nl: 96.4261
nr: 98.5432
sigma_l: 0.8168
sigma_r: 0.7913
beta: 0.4906
Time for calculation: 1.3060
Total log likelihood: -70590.8284
nl: 96.4261
nr: 98.5432
sigma_l: 0.8166
sigma_r: 0.7913
beta: 0.4906
Time for calculation: 1.3493
Total log likelihood: -70590.8283
nl: 96.4261
nr: 98.5191
sigma_l: 0.8168
sigma_r: 0.7913
beta: 0.4906
Time for calculation: 1.3072
Total log likelihood: -70590.8283
nl: 96.4261
nr: 98.5191
sigma_l: 0.8166
sigma_r: 0.7913
beta: 0.4906
Time for calculation: 1.3056
Total log likelihood: -70590.8284
nl: 96.4261
nr: 98.5432
sigma_l: 0.8167
sigma_r: 0.7914
beta: 0.4906
Time for calculation: 1.3083
Total log likelihood: -70590.8283
nl: 96.4261
nr: 98.5432
sigma_l: 0.8167
sigma_r: 0.7912
beta: 0.4906
Time for calculation: 1.3258
Total log likelihood: -70590.8283
nl: 96.4261
nr: 98.5191
sigma_l: 0.8167
sigma_r: 0.7914
beta: 0.4906
Time for calculation: 1.3103
Total log likelihood: -70590.8283
nl: 96.4261
nr: 98.5191
sigma_l: 0.8167
sigma_r: 0.7912
beta: 0.4906
Time for calculation: 1.3182
Total log likelihood: -70590.8283
nl: 96.4261
nr: 98.5432
sigma_l: 0.8167
sigma_r: 0.7913
beta: 0.4907
Time for calculation: 1.3091
Total log likelihood: -70590.8284
nl: 96.4261
nr: 98.5432
sigma_l: 0.8167
sigma_r: 0.7913
beta: 0.4906
Time for calculation: 1.3311
Total log likelihood: -70590.8286
nl: 96.4261
nr: 98.5191
sigma_l: 0.8167
sigma_r: 0.7913
beta: 0.4907
Time for calculation: 1.3048
Total log likelihood: -70590.8286
nl: 96.4261
nr: 98.5191
sigma_l: 0.8167
sigma_r: 0.7913
beta: 0.4906
Time for calculation: 1.3024
Total log likelihood: -70590.8284
nl: 96.4261
nr: 98.5312
sigma_l: 0.8169
sigma_r: 0.7913
beta: 0.4906
Time for calculation: 1.2989
Total log likelihood: -70590.8284
nl: 96.4261
nr: 98.5312
sigma_l: 0.8167
sigma_r: 0.7913
beta: 0.4906
Time for calculation: 1.3137
Total log likelihood: -70590.8282
nl: 96.4261
nr: 98.5312
sigma_l: 0.8167
sigma_r: 0.7913
beta: 0.4906
Time for calculation: 1.3107
Total log likelihood: -70590.8282
nl: 96.4261
nr: 98.5312
sigma_l: 0.8165
sigma_r: 0.7913
beta: 0.4906
Time for calculation: 1.3141
Total log likelihood: -70590.8284
nl: 96.4261
nr: 98.5312
sigma_l: 0.8168
sigma_r: 0.7914
beta: 0.4906
Time for calculation: 1.2985
Total log likelihood: -70590.8283
nl: 96.4261
nr: 98.5312
sigma_l: 0.8168
sigma_r: 0.7912
beta: 0.4906
Time for calculation: 1.3148
Total log likelihood: -70590.8283
nl: 96.4261
nr: 98.5312
sigma_l: 0.8166
sigma_r: 0.7914
beta: 0.4906
Time for calculation: 1.3136
Total log likelihood: -70590.8283
nl: 96.4261
nr: 98.5312
sigma_l: 0.8166
sigma_r: 0.7912
beta: 0.4906
Time for calculation: 1.3262
Total log likelihood: -70590.8283
nl: 96.4261
nr: 98.5312
sigma_l: 0.8168
sigma_r: 0.7913
beta: 0.4907
Time for calculation: 1.3075
Total log likelihood: -70590.8285
nl: 96.4261
nr: 98.5312
sigma_l: 0.8168
sigma_r: 0.7913
beta: 0.4906
Time for calculation: 1.3047
Total log likelihood: -70590.8286
nl: 96.4261
nr: 98.5312
sigma_l: 0.8166
sigma_r: 0.7913
beta: 0.4907
Time for calculation: 1.3039
Total log likelihood: -70590.8286
nl: 96.4261
nr: 98.5312
sigma_l: 0.8166
sigma_r: 0.7913
beta: 0.4906
Time for calculation: 1.3100
Total log likelihood: -70590.8285
nl: 96.4261
nr: 98.5312
sigma_l: 0.8167
sigma_r: 0.7915
beta: 0.4906
Time for calculation: 1.2962
Total log likelihood: -70590.8285
nl: 96.4261
nr: 98.5312
sigma_l: 0.8167
sigma_r: 0.7913
beta: 0.4906
Time for calculation: 1.3179
Total log likelihood: -70590.8282
nl: 96.4261
nr: 98.5312
sigma_l: 0.8167
sigma_r: 0.7913
beta: 0.4906
Time for calculation: 1.3162
Total log likelihood: -70590.8282
nl: 96.4261
nr: 98.5312
sigma_l: 0.8167
sigma_r: 0.7911
beta: 0.4906
Time for calculation: 1.3204
Total log likelihood: -70590.8285
nl: 96.4261
nr: 98.5312
sigma_l: 0.8167
sigma_r: 0.7914
beta: 0.4907
Time for calculation: 1.3231
Total log likelihood: -70590.8285
nl: 96.4261
nr: 98.5312
sigma_l: 0.8167
sigma_r: 0.7914
beta: 0.4906
Time for calculation: 1.3176
Total log likelihood: -70590.8286
nl: 96.4261
nr: 98.5312
sigma_l: 0.8167
sigma_r: 0.7912
beta: 0.4907
Time for calculation: 1.3040
Total log likelihood: -70590.8286
nl: 96.4261
nr: 98.5312
sigma_l: 0.8167
sigma_r: 0.7912
beta: 0.4906
Time for calculation: 1.3060
Total log likelihood: -70590.8285
nl: 96.4261
nr: 98.5312
sigma_l: 0.8167
sigma_r: 0.7913
beta: 0.4907
Time for calculation: 1.3033
Total log likelihood: -70590.8292
nl: 96.4261
nr: 98.5312
sigma_l: 0.8167
sigma_r: 0.7913
beta: 0.4906
Time for calculation: 1.3370
Total log likelihood: -70590.8282
nl: 96.4261
nr: 98.5312
sigma_l: 0.8167
sigma_r: 0.7913
beta: 0.4906
Time for calculation: 1.2982
Total log likelihood: -70590.8282
nl: 96.4261
nr: 98.5312
sigma_l: 0.8167
sigma_r: 0.7913
beta: 0.4905
Time for calculation: 1.3133
Total log likelihood: -70590.8292
nl: 96.4497
nr: 98.5312
sigma_l: 0.8167
sigma_r: 0.7913
beta: 0.4906
Time for calculation: 1.4009
Total log likelihood: -70590.8284
nl: 96.4261
nr: 98.5312
sigma_l: 0.8167
sigma_r: 0.7913
beta: 0.4906
Time for calculation: 1.3237
Total log likelihood: -70590.8282
nl: 96.4261
nr: 98.5312
sigma_l: 0.8167
sigma_r: 0.7913
beta: 0.4906
Time for calculation: 1.3037
Total log likelihood: -70590.8282
nl: 96.4026
nr: 98.5312
sigma_l: 0.8167
sigma_r: 0.7913
beta: 0.4906
Time for calculation: 1.3161
Total log likelihood: -70590.8284
nl: 96.4379
nr: 98.5432
sigma_l: 0.8167
sigma_r: 0.7913
beta: 0.4906
Time for calculation: 1.3024
Total log likelihood: -70590.8283
nl: 96.4379
nr: 98.5191
sigma_l: 0.8167
sigma_r: 0.7913
beta: 0.4906
Time for calculation: 1.3147
Total log likelihood: -70590.8283
nl: 96.4144
nr: 98.5432
sigma_l: 0.8167
sigma_r: 0.7913
beta: 0.4906
Time for calculation: 1.2955
Total log likelihood: -70590.8283
nl: 96.4144
nr: 98.5191
sigma_l: 0.8167
sigma_r: 0.7913
beta: 0.4906
Time for calculation: 1.3466
Total log likelihood: -70590.8283
nl: 96.4379
nr: 98.5312
sigma_l: 0.8168
sigma_r: 0.7913
beta: 0.4906
Time for calculation: 1.3218
Total log likelihood: -70590.8283
nl: 96.4379
nr: 98.5312
sigma_l: 0.8166
sigma_r: 0.7913
beta: 0.4906
Time for calculation: 1.3282
Total log likelihood: -70590.8283
nl: 96.4144
nr: 98.5312
sigma_l: 0.8168
sigma_r: 0.7913
beta: 0.4906
Time for calculation: 1.3204
Total log likelihood: -70590.8283
nl: 96.4144
nr: 98.5312
sigma_l: 0.8166
sigma_r: 0.7913
beta: 0.4906
Time for calculation: 1.3243
Total log likelihood: -70590.8283
nl: 96.4379
nr: 98.5312
sigma_l: 0.8167
sigma_r: 0.7914
beta: 0.4906
Time for calculation: 1.2981
Total log likelihood: -70590.8284
nl: 96.4379
nr: 98.5312
sigma_l: 0.8167
sigma_r: 0.7912
beta: 0.4906
Time for calculation: 1.3408
Total log likelihood: -70590.8283
nl: 96.4144
nr: 98.5312
sigma_l: 0.8167
sigma_r: 0.7914
beta: 0.4906
Time for calculation: 1.3178
Total log likelihood: -70590.8283
nl: 96.4144
nr: 98.5312
sigma_l: 0.8167
sigma_r: 0.7912
beta: 0.4906
Time for calculation: 1.3452
Total log likelihood: -70590.8284
nl: 96.4379
nr: 98.5312
sigma_l: 0.8167
sigma_r: 0.7913
beta: 0.4907
Time for calculation: 1.3275
Total log likelihood: -70590.8283
nl: 96.4379
nr: 98.5312
sigma_l: 0.8167
sigma_r: 0.7913
beta: 0.4906
Time for calculation: 1.3539
Total log likelihood: -70590.8287
nl: 96.4144
nr: 98.5312
sigma_l: 0.8167
sigma_r: 0.7913
beta: 0.4907
Time for calculation: 1.3016
Total log likelihood: -70590.8287
nl: 96.4144
nr: 98.5312
sigma_l: 0.8167
sigma_r: 0.7913
beta: 0.4906
Time for calculation: 1.3080
Total log likelihood: -70590.8283
nl: 96.4261
nr: 98.5552
sigma_l: 0.8167
sigma_r: 0.7913
beta: 0.4906
Time for calculation: 1.3397
Total log likelihood: -70590.8284
nl: 96.4261
nr: 98.5312
sigma_l: 0.8167
sigma_r: 0.7913
beta: 0.4906
Time for calculation: 1.3300
Total log likelihood: -70590.8282
nl: 96.4261
nr: 98.5312
sigma_l: 0.8167
sigma_r: 0.7913
beta: 0.4906
Time for calculation: 1.3114
Total log likelihood: -70590.8282
nl: 96.4261
nr: 98.5071
sigma_l: 0.8167
sigma_r: 0.7913
beta: 0.4906
Time for calculation: 1.3274
Total log likelihood: -70590.8284
nl: 96.4261
nr: 98.5432
sigma_l: 0.8168
sigma_r: 0.7913
beta: 0.4906
Time for calculation: 1.3012
Total log likelihood: -70590.8284
nl: 96.4261
nr: 98.5432
sigma_l: 0.8166
sigma_r: 0.7913
beta: 0.4906
Time for calculation: 1.3304
Total log likelihood: -70590.8283
nl: 96.4261
nr: 98.5191
sigma_l: 0.8168
sigma_r: 0.7913
beta: 0.4906
Time for calculation: 1.3244
Total log likelihood: -70590.8283
nl: 96.4261
nr: 98.5191
sigma_l: 0.8166
sigma_r: 0.7913
beta: 0.4906
Time for calculation: 1.3411
Total log likelihood: -70590.8284
nl: 96.4261
nr: 98.5432
sigma_l: 0.8167
sigma_r: 0.7914
beta: 0.4906
Time for calculation: 1.3033
Total log likelihood: -70590.8283
nl: 96.4261
nr: 98.5432
sigma_l: 0.8167
sigma_r: 0.7912
beta: 0.4906
Time for calculation: 1.3223
Total log likelihood: -70590.8283
nl: 96.4261
nr: 98.5191
sigma_l: 0.8167
sigma_r: 0.7914
beta: 0.4906
Time for calculation: 1.3225
Total log likelihood: -70590.8283
nl: 96.4261
nr: 98.5191
sigma_l: 0.8167
sigma_r: 0.7912
beta: 0.4906
Time for calculation: 1.3353
Total log likelihood: -70590.8283
nl: 96.4261
nr: 98.5432
sigma_l: 0.8167
sigma_r: 0.7913
beta: 0.4907
Time for calculation: 1.3167
Total log likelihood: -70590.8284
nl: 96.4261
nr: 98.5432
sigma_l: 0.8167
sigma_r: 0.7913
beta: 0.4906
Time for calculation: 1.3346
Total log likelihood: -70590.8286
nl: 96.4261
nr: 98.5191
sigma_l: 0.8167
sigma_r: 0.7913
beta: 0.4907
Time for calculation: 1.3389
Total log likelihood: -70590.8286
nl: 96.4261
nr: 98.5191
sigma_l: 0.8167
sigma_r: 0.7913
beta: 0.4906
Time for calculation: 1.3108
Total log likelihood: -70590.8284
nl: 96.4261
nr: 98.5312
sigma_l: 0.8169
sigma_r: 0.7913
beta: 0.4906
Time for calculation: 1.3198
Total log likelihood: -70590.8284
nl: 96.4261
nr: 98.5312
sigma_l: 0.8167
sigma_r: 0.7913
beta: 0.4906
Time for calculation: 1.3289
Total log likelihood: -70590.8282
nl: 96.4261
nr: 98.5312
sigma_l: 0.8167
sigma_r: 0.7913
beta: 0.4906
Time for calculation: 1.3016
Total log likelihood: -70590.8282
nl: 96.4261
nr: 98.5312
sigma_l: 0.8165
sigma_r: 0.7913
beta: 0.4906
Time for calculation: 1.3367
Total log likelihood: -70590.8284
nl: 96.4261
nr: 98.5312
sigma_l: 0.8168
sigma_r: 0.7914
beta: 0.4906
Time for calculation: 1.2958
Total log likelihood: -70590.8283
nl: 96.4261
nr: 98.5312
sigma_l: 0.8168
sigma_r: 0.7912
beta: 0.4906
Time for calculation: 1.3156
Total log likelihood: -70590.8283
nl: 96.4261
nr: 98.5312
sigma_l: 0.8166
sigma_r: 0.7914
beta: 0.4906
Time for calculation: 1.3206
Total log likelihood: -70590.8283
nl: 96.4261
nr: 98.5312
sigma_l: 0.8166
sigma_r: 0.7912
beta: 0.4906
Time for calculation: 1.3273
Total log likelihood: -70590.8283
nl: 96.4261
nr: 98.5312
sigma_l: 0.8168
sigma_r: 0.7913
beta: 0.4907
Time for calculation: 1.3101
Total log likelihood: -70590.8285
nl: 96.4261
nr: 98.5312
sigma_l: 0.8168
sigma_r: 0.7913
beta: 0.4906
Time for calculation: 1.3101
Total log likelihood: -70590.8286
nl: 96.4261
nr: 98.5312
sigma_l: 0.8166
sigma_r: 0.7913
beta: 0.4907
Time for calculation: 1.3051
Total log likelihood: -70590.8286
nl: 96.4261
nr: 98.5312
sigma_l: 0.8166
sigma_r: 0.7913
beta: 0.4906
Time for calculation: 1.3176
Total log likelihood: -70590.8285
nl: 96.4261
nr: 98.5312
sigma_l: 0.8167
sigma_r: 0.7915
beta: 0.4906
Time for calculation: 1.3228
Total log likelihood: -70590.8285
nl: 96.4261
nr: 98.5312
sigma_l: 0.8167
sigma_r: 0.7913
beta: 0.4906
Time for calculation: 1.3314
Total log likelihood: -70590.8282
nl: 96.4261
nr: 98.5312
sigma_l: 0.8167
sigma_r: 0.7913
beta: 0.4906
Time for calculation: 1.3131
Total log likelihood: -70590.8282
nl: 96.4261
nr: 98.5312
sigma_l: 0.8167
sigma_r: 0.7911
beta: 0.4906
Time for calculation: 1.3298
Total log likelihood: -70590.8285
nl: 96.4261
nr: 98.5312
sigma_l: 0.8167
sigma_r: 0.7914
beta: 0.4907
Time for calculation: 1.3405
Total log likelihood: -70590.8285
nl: 96.4261
nr: 98.5312
sigma_l: 0.8167
sigma_r: 0.7914
beta: 0.4906
Time for calculation: 1.3251
Total log likelihood: -70590.8286
nl: 96.4261
nr: 98.5312
sigma_l: 0.8167
sigma_r: 0.7912
beta: 0.4907
Time for calculation: 1.3019
Total log likelihood: -70590.8286
nl: 96.4261
nr: 98.5312
sigma_l: 0.8167
sigma_r: 0.7912
beta: 0.4906
Time for calculation: 1.3386
Total log likelihood: -70590.8285
nl: 96.4261
nr: 98.5312
sigma_l: 0.8167
sigma_r: 0.7913
beta: 0.4907
Time for calculation: 1.3033
Total log likelihood: -70590.8292
nl: 96.4261
nr: 98.5312
sigma_l: 0.8167
sigma_r: 0.7913
beta: 0.4906
Time for calculation: 1.3275
Total log likelihood: -70590.8282
nl: 96.4261
nr: 98.5312
sigma_l: 0.8167
sigma_r: 0.7913
beta: 0.4906
Time for calculation: 1.2964
Total log likelihood: -70590.8282
nl: 96.4261
nr: 98.5312
sigma_l: 0.8167
sigma_r: 0.7913
beta: 0.4905
Time for calculation: 1.3322
Total log likelihood: -70590.8292
[[ 1.          0.98257899 -0.22761883 -0.3022033   0.99012798]
 [ 0.98257899  1.         -0.27852492 -0.24894818  0.98957329]
 [-0.22761883 -0.27852492  1.          0.08097726 -0.23096504]
 [-0.3022033  -0.24894818  0.08097726  1.         -0.25668351]
 [ 0.99012798  0.98957329 -0.23096504 -0.25668351  1.        ]]
nl: 96.4261
nr: 98.5312
sigma_l: 0.8167
sigma_r: 0.7913
beta: 0.4906
Time for calculation: 1.3202
Total log likelihood: -70590.8282
                          MLE_Estim_Barrier Results                           
==============================================================================
Dep. Variable:                      y   Log-Likelihood:                -70591.
Model:              MLE_Estim_Barrier   AIC:                         1.412e+05
Method:            Maximum Likelihood   BIC:                         1.412e+05
Date:                Mon, 29 May 2023                                         
Time:                        18:11:25                                         
No. Observations:                 276                                         
Df Residuals:                     275                                         
Df Model:                           0                                         
==============================================================================
                 coef    std err          z      P>|z|      [0.025      0.975]
------------------------------------------------------------------------------
const         96.4261      8.265     11.666      0.000      80.226     112.626
par0          98.5312      8.443     11.670      0.000      81.982     115.080
par1           0.8167      0.010     82.627      0.000       0.797       0.836
par2           0.7913      0.009     88.085      0.000       0.774       0.809
par3           0.4906      0.026     18.697      0.000       0.439       0.542
==============================================================================

MLE Estimates:
Parameter 0: 96.426150
Parameter 1: 98.531153
Parameter 2: 0.816689
Parameter 3: 0.791303
Parameter 4: 0.490629
Saving Results to: /mnt/archgen/users/hringbauer/git/IBD-Analysis/ibd_analysis/blocksim/output/varyNe/scenario8/data_set_nr_04.tsv
[[ 96.42614969  80.22627407 112.62602532]
 [ 98.53115326  81.98229967 115.08000685]
 [  0.81668871   0.79731628   0.83606115]
 [  0.79130349   0.77369637   0.80891061]
 [  0.49062853   0.43919746   0.5420596 ]]
Results have been successfully saved.
Run Complete. GOOD JOB!
Finished IBD simulation and estimation. Good Job!
Simulation Finished!
